[0.397s] Invoking command in '/home/a01004/Desktop/Calra-autoware_interface/bridge_ws/build/carla_autoware_type_bridge': CMAKE_PREFIX_PATH=${CMAKE_PREFIX_PATH}:/home/a01004/autoware/install/autoware_carla_interface:/home/a01004/autoware/install/ros2agnocast:/home/a01004/autoware/install/autoware_adapi_visualizers:/home/a01004/msg_ws/install/autoware_auto_msgs:/home/a01004/msg_ws/install/autoware_auto_vehicle_msgs:/home/a01004/msg_ws/install/autoware_auto_system_msgs:/home/a01004/msg_ws/install/autoware_auto_planning_msgs:/home/a01004/msg_ws/install/autoware_auto_perception_msgs:/home/a01004/msg_ws/install/autoware_auto_mapping_msgs:/home/a01004/msg_ws/install/autoware_auto_geometry_msgs:/home/a01004/msg_ws/install/autoware_auto_control_msgs:/mnt/hdd/Workspace/ros-bridge/install/rqt_carla_control:/mnt/hdd/Workspace/ros-bridge/install/carla_waypoint_publisher:/mnt/hdd/Workspace/ros-bridge/install/carla_ackermann_control:/mnt/hdd/Workspace/ros-bridge/install/carla_ros_bridge:/mnt/hdd/Workspace/ros-bridge/install/carla_spawn_objects:/mnt/hdd/Workspace/ros-bridge/install/carla_manual_control:/mnt/hdd/Workspace/ros-bridge/install/carla_ad_agent:/mnt/hdd/Workspace/ros-bridge/install/ros_compatibility:/mnt/hdd/Workspace/ros-bridge/install/carla_walker_agent:/mnt/hdd/Workspace/ros-bridge/install/carla_twist_to_control:/mnt/hdd/Workspace/ros-bridge/install/carla_ros_scenario_runner:/mnt/hdd/Workspace/ros-bridge/install/carla_common:/opt/ros/humble /usr/bin/cmake /home/a01004/Desktop/Calra-autoware_interface/bridge_ws/src/carla_autoware_type_bridge -Dautoware_auto_vehicle_msgs_DIR=/home/a01004/Desktop/Calra-autoware_interface/msg_ws/install/autoware_auto_vehicle_msgs/share/autoware_auto_vehicle_msgs/cmake -DCMAKE_INSTALL_PREFIX=/home/a01004/Desktop/Calra-autoware_interface/bridge_ws/install/carla_autoware_type_bridge
[0.532s] -- The C compiler identification is GNU 11.4.0
[0.624s] -- The CXX compiler identification is GNU 11.4.0
[0.644s] -- Detecting C compiler ABI info
[0.810s] -- Detecting C compiler ABI info - done
[0.819s] -- Check for working C compiler: /usr/lib/ccache/gcc - skipped
[0.819s] -- Detecting C compile features
[0.819s] -- Detecting C compile features - done
[0.823s] -- Detecting CXX compiler ABI info
[0.996s] -- Detecting CXX compiler ABI info - done
[1.001s] -- Check for working CXX compiler: /usr/lib/ccache/g++ - skipped
[1.001s] -- Detecting CXX compile features
[1.002s] -- Detecting CXX compile features - done
[1.029s] -- Found ament_cmake: 1.3.12 (/opt/ros/humble/share/ament_cmake/cmake)
[1.458s] -- Found Python3: /usr/bin/python3 (found version "3.10.12") found components: Interpreter 
[1.945s] -- Found rclcpp: 16.0.17 (/opt/ros/humble/share/rclcpp/cmake)
[2.266s] -- Found rosidl_generator_c: 3.1.8 (/opt/ros/humble/share/rosidl_generator_c/cmake)
[2.321s] -- Found rosidl_adapter: 3.1.8 (/opt/ros/humble/share/rosidl_adapter/cmake)
[2.377s] -- Found rosidl_generator_cpp: 3.1.8 (/opt/ros/humble/share/rosidl_generator_cpp/cmake)
[2.480s] -- Using all available rosidl_typesupport_c: rosidl_typesupport_fastrtps_c;rosidl_typesupport_introspection_c
[2.611s] -- Using all available rosidl_typesupport_cpp: rosidl_typesupport_fastrtps_cpp;rosidl_typesupport_introspection_cpp
[2.950s] -- Found rmw_implementation_cmake: 6.1.2 (/opt/ros/humble/share/rmw_implementation_cmake/cmake)
[3.031s] -- Found rmw_cyclonedds_cpp: 1.3.4 (/opt/ros/humble/share/rmw_cyclonedds_cpp/cmake)
[3.255s] -- Using RMW implementation 'rmw_cyclonedds_cpp' as default
[3.335s] -- Looking for pthread.h
[3.492s] -- Looking for pthread.h - found
[3.492s] -- Performing Test CMAKE_HAVE_LIBC_PTHREAD
[3.650s] -- Performing Test CMAKE_HAVE_LIBC_PTHREAD - Success
[3.651s] -- Found Threads: TRUE  
[3.791s] -- Found autoware_auto_control_msgs: 1.0.0 (/home/a01004/Desktop/Calra-autoware_interface/msg_ws/install/autoware_auto_control_msgs/share/autoware_auto_control_msgs/cmake)
[3.822s] -- Found autoware_control_msgs: 1.11.0 (/home/a01004/autoware/install/autoware_control_msgs/share/autoware_control_msgs/cmake)
[3.831s] -- Found autoware_auto_vehicle_msgs: 1.0.0 (/home/a01004/Desktop/Calra-autoware_interface/msg_ws/install/autoware_auto_vehicle_msgs/share/autoware_auto_vehicle_msgs/cmake)
[4.064s] -- Found autoware_vehicle_msgs: 1.11.0 (/home/a01004/autoware/install/autoware_vehicle_msgs/share/autoware_vehicle_msgs/cmake)
[4.398s] -- Configuring done
[4.412s] -- Generating done
[4.416s] -- Build files have been written to: /home/a01004/Desktop/Calra-autoware_interface/bridge_ws/build/carla_autoware_type_bridge
[4.423s] Invoked command in '/home/a01004/Desktop/Calra-autoware_interface/bridge_ws/build/carla_autoware_type_bridge' returned '0': CMAKE_PREFIX_PATH=${CMAKE_PREFIX_PATH}:/home/a01004/autoware/install/autoware_carla_interface:/home/a01004/autoware/install/ros2agnocast:/home/a01004/autoware/install/autoware_adapi_visualizers:/home/a01004/msg_ws/install/autoware_auto_msgs:/home/a01004/msg_ws/install/autoware_auto_vehicle_msgs:/home/a01004/msg_ws/install/autoware_auto_system_msgs:/home/a01004/msg_ws/install/autoware_auto_planning_msgs:/home/a01004/msg_ws/install/autoware_auto_perception_msgs:/home/a01004/msg_ws/install/autoware_auto_mapping_msgs:/home/a01004/msg_ws/install/autoware_auto_geometry_msgs:/home/a01004/msg_ws/install/autoware_auto_control_msgs:/mnt/hdd/Workspace/ros-bridge/install/rqt_carla_control:/mnt/hdd/Workspace/ros-bridge/install/carla_waypoint_publisher:/mnt/hdd/Workspace/ros-bridge/install/carla_ackermann_control:/mnt/hdd/Workspace/ros-bridge/install/carla_ros_bridge:/mnt/hdd/Workspace/ros-bridge/install/carla_spawn_objects:/mnt/hdd/Workspace/ros-bridge/install/carla_manual_control:/mnt/hdd/Workspace/ros-bridge/install/carla_ad_agent:/mnt/hdd/Workspace/ros-bridge/install/ros_compatibility:/mnt/hdd/Workspace/ros-bridge/install/carla_walker_agent:/mnt/hdd/Workspace/ros-bridge/install/carla_twist_to_control:/mnt/hdd/Workspace/ros-bridge/install/carla_ros_scenario_runner:/mnt/hdd/Workspace/ros-bridge/install/carla_common:/opt/ros/humble /usr/bin/cmake /home/a01004/Desktop/Calra-autoware_interface/bridge_ws/src/carla_autoware_type_bridge -Dautoware_auto_vehicle_msgs_DIR=/home/a01004/Desktop/Calra-autoware_interface/msg_ws/install/autoware_auto_vehicle_msgs/share/autoware_auto_vehicle_msgs/cmake -DCMAKE_INSTALL_PREFIX=/home/a01004/Desktop/Calra-autoware_interface/bridge_ws/install/carla_autoware_type_bridge
[4.424s] Invoking command in '/home/a01004/Desktop/Calra-autoware_interface/bridge_ws/build/carla_autoware_type_bridge': CMAKE_PREFIX_PATH=${CMAKE_PREFIX_PATH}:/home/a01004/autoware/install/autoware_carla_interface:/home/a01004/autoware/install/ros2agnocast:/home/a01004/autoware/install/autoware_adapi_visualizers:/home/a01004/msg_ws/install/autoware_auto_msgs:/home/a01004/msg_ws/install/autoware_auto_vehicle_msgs:/home/a01004/msg_ws/install/autoware_auto_system_msgs:/home/a01004/msg_ws/install/autoware_auto_planning_msgs:/home/a01004/msg_ws/install/autoware_auto_perception_msgs:/home/a01004/msg_ws/install/autoware_auto_mapping_msgs:/home/a01004/msg_ws/install/autoware_auto_geometry_msgs:/home/a01004/msg_ws/install/autoware_auto_control_msgs:/mnt/hdd/Workspace/ros-bridge/install/rqt_carla_control:/mnt/hdd/Workspace/ros-bridge/install/carla_waypoint_publisher:/mnt/hdd/Workspace/ros-bridge/install/carla_ackermann_control:/mnt/hdd/Workspace/ros-bridge/install/carla_ros_bridge:/mnt/hdd/Workspace/ros-bridge/install/carla_spawn_objects:/mnt/hdd/Workspace/ros-bridge/install/carla_manual_control:/mnt/hdd/Workspace/ros-bridge/install/carla_ad_agent:/mnt/hdd/Workspace/ros-bridge/install/ros_compatibility:/mnt/hdd/Workspace/ros-bridge/install/carla_walker_agent:/mnt/hdd/Workspace/ros-bridge/install/carla_twist_to_control:/mnt/hdd/Workspace/ros-bridge/install/carla_ros_scenario_runner:/mnt/hdd/Workspace/ros-bridge/install/carla_common:/opt/ros/humble /usr/bin/cmake --build /home/a01004/Desktop/Calra-autoware_interface/bridge_ws/build/carla_autoware_type_bridge -- -j16 -l16
[4.564s] [35m[1mConsolidate compiler generated dependencies of target control_cmd_bridge_node[0m
[4.564s] [35m[1mConsolidate compiler generated dependencies of target vehicle_status_bridge_node[0m
[4.607s] [ 25%] [32mBuilding CXX object CMakeFiles/vehicle_status_bridge_node.dir/src/vehicle_status_bridge_node.cpp.o[0m
[4.607s] [ 50%] [32mBuilding CXX object CMakeFiles/control_cmd_bridge_node.dir/src/control_cmd_bridge_node.cpp.o[0m
[4.715s] [ 75%] [32m[1mLinking CXX executable control_cmd_bridge_node[0m
[4.728s] [100%] [32m[1mLinking CXX executable vehicle_status_bridge_node[0m
[5.081s] [100%] Built target control_cmd_bridge_node
[5.521s] [100%] Built target vehicle_status_bridge_node
[5.550s] Invoked command in '/home/a01004/Desktop/Calra-autoware_interface/bridge_ws/build/carla_autoware_type_bridge' returned '0': CMAKE_PREFIX_PATH=${CMAKE_PREFIX_PATH}:/home/a01004/autoware/install/autoware_carla_interface:/home/a01004/autoware/install/ros2agnocast:/home/a01004/autoware/install/autoware_adapi_visualizers:/home/a01004/msg_ws/install/autoware_auto_msgs:/home/a01004/msg_ws/install/autoware_auto_vehicle_msgs:/home/a01004/msg_ws/install/autoware_auto_system_msgs:/home/a01004/msg_ws/install/autoware_auto_planning_msgs:/home/a01004/msg_ws/install/autoware_auto_perception_msgs:/home/a01004/msg_ws/install/autoware_auto_mapping_msgs:/home/a01004/msg_ws/install/autoware_auto_geometry_msgs:/home/a01004/msg_ws/install/autoware_auto_control_msgs:/mnt/hdd/Workspace/ros-bridge/install/rqt_carla_control:/mnt/hdd/Workspace/ros-bridge/install/carla_waypoint_publisher:/mnt/hdd/Workspace/ros-bridge/install/carla_ackermann_control:/mnt/hdd/Workspace/ros-bridge/install/carla_ros_bridge:/mnt/hdd/Workspace/ros-bridge/install/carla_spawn_objects:/mnt/hdd/Workspace/ros-bridge/install/carla_manual_control:/mnt/hdd/Workspace/ros-bridge/install/carla_ad_agent:/mnt/hdd/Workspace/ros-bridge/install/ros_compatibility:/mnt/hdd/Workspace/ros-bridge/install/carla_walker_agent:/mnt/hdd/Workspace/ros-bridge/install/carla_twist_to_control:/mnt/hdd/Workspace/ros-bridge/install/carla_ros_scenario_runner:/mnt/hdd/Workspace/ros-bridge/install/carla_common:/opt/ros/humble /usr/bin/cmake --build /home/a01004/Desktop/Calra-autoware_interface/bridge_ws/build/carla_autoware_type_bridge -- -j16 -l16
[5.580s] Invoking command in '/home/a01004/Desktop/Calra-autoware_interface/bridge_ws/build/carla_autoware_type_bridge': CMAKE_PREFIX_PATH=${CMAKE_PREFIX_PATH}:/home/a01004/autoware/install/autoware_carla_interface:/home/a01004/autoware/install/ros2agnocast:/home/a01004/autoware/install/autoware_adapi_visualizers:/home/a01004/msg_ws/install/autoware_auto_msgs:/home/a01004/msg_ws/install/autoware_auto_vehicle_msgs:/home/a01004/msg_ws/install/autoware_auto_system_msgs:/home/a01004/msg_ws/install/autoware_auto_planning_msgs:/home/a01004/msg_ws/install/autoware_auto_perception_msgs:/home/a01004/msg_ws/install/autoware_auto_mapping_msgs:/home/a01004/msg_ws/install/autoware_auto_geometry_msgs:/home/a01004/msg_ws/install/autoware_auto_control_msgs:/mnt/hdd/Workspace/ros-bridge/install/rqt_carla_control:/mnt/hdd/Workspace/ros-bridge/install/carla_waypoint_publisher:/mnt/hdd/Workspace/ros-bridge/install/carla_ackermann_control:/mnt/hdd/Workspace/ros-bridge/install/carla_ros_bridge:/mnt/hdd/Workspace/ros-bridge/install/carla_spawn_objects:/mnt/hdd/Workspace/ros-bridge/install/carla_manual_control:/mnt/hdd/Workspace/ros-bridge/install/carla_ad_agent:/mnt/hdd/Workspace/ros-bridge/install/ros_compatibility:/mnt/hdd/Workspace/ros-bridge/install/carla_walker_agent:/mnt/hdd/Workspace/ros-bridge/install/carla_twist_to_control:/mnt/hdd/Workspace/ros-bridge/install/carla_ros_scenario_runner:/mnt/hdd/Workspace/ros-bridge/install/carla_common:/opt/ros/humble /usr/bin/cmake --install /home/a01004/Desktop/Calra-autoware_interface/bridge_ws/build/carla_autoware_type_bridge
[5.607s] -- Install configuration: ""
[5.607s] -- Installing: /home/a01004/Desktop/Calra-autoware_interface/bridge_ws/install/carla_autoware_type_bridge/lib/carla_autoware_type_bridge/vehicle_status_bridge_node
[5.612s] -- Set runtime path of "/home/a01004/Desktop/Calra-autoware_interface/bridge_ws/install/carla_autoware_type_bridge/lib/carla_autoware_type_bridge/vehicle_status_bridge_node" to ""
[5.612s] -- Installing: /home/a01004/Desktop/Calra-autoware_interface/bridge_ws/install/carla_autoware_type_bridge/lib/carla_autoware_type_bridge/control_cmd_bridge_node
[5.614s] -- Set runtime path of "/home/a01004/Desktop/Calra-autoware_interface/bridge_ws/install/carla_autoware_type_bridge/lib/carla_autoware_type_bridge/control_cmd_bridge_node" to ""
[5.615s] -- Up-to-date: /home/a01004/Desktop/Calra-autoware_interface/bridge_ws/install/carla_autoware_type_bridge/share/carla_autoware_type_bridge/launch
[5.615s] -- Up-to-date: /home/a01004/Desktop/Calra-autoware_interface/bridge_ws/install/carla_autoware_type_bridge/share/carla_autoware_type_bridge/launch/bridges.launch.py
[5.615s] -- Up-to-date: /home/a01004/Desktop/Calra-autoware_interface/bridge_ws/install/carla_autoware_type_bridge/share/ament_index/resource_index/package_run_dependencies/carla_autoware_type_bridge
[5.615s] -- Up-to-date: /home/a01004/Desktop/Calra-autoware_interface/bridge_ws/install/carla_autoware_type_bridge/share/ament_index/resource_index/parent_prefix_path/carla_autoware_type_bridge
[5.615s] -- Installing: /home/a01004/Desktop/Calra-autoware_interface/bridge_ws/install/carla_autoware_type_bridge/share/carla_autoware_type_bridge/environment/ament_prefix_path.sh
[5.615s] -- Installing: /home/a01004/Desktop/Calra-autoware_interface/bridge_ws/install/carla_autoware_type_bridge/share/carla_autoware_type_bridge/environment/ament_prefix_path.dsv
[5.615s] -- Installing: /home/a01004/Desktop/Calra-autoware_interface/bridge_ws/install/carla_autoware_type_bridge/share/carla_autoware_type_bridge/environment/path.sh
[5.615s] -- Installing: /home/a01004/Desktop/Calra-autoware_interface/bridge_ws/install/carla_autoware_type_bridge/share/carla_autoware_type_bridge/environment/path.dsv
[5.615s] -- Up-to-date: /home/a01004/Desktop/Calra-autoware_interface/bridge_ws/install/carla_autoware_type_bridge/share/carla_autoware_type_bridge/local_setup.bash
[5.615s] -- Up-to-date: /home/a01004/Desktop/Calra-autoware_interface/bridge_ws/install/carla_autoware_type_bridge/share/carla_autoware_type_bridge/local_setup.sh
[5.615s] -- Up-to-date: /home/a01004/Desktop/Calra-autoware_interface/bridge_ws/install/carla_autoware_type_bridge/share/carla_autoware_type_bridge/local_setup.zsh
[5.615s] -- Installing: /home/a01004/Desktop/Calra-autoware_interface/bridge_ws/install/carla_autoware_type_bridge/share/carla_autoware_type_bridge/local_setup.dsv
[5.615s] -- Installing: /home/a01004/Desktop/Calra-autoware_interface/bridge_ws/install/carla_autoware_type_bridge/share/carla_autoware_type_bridge/package.dsv
[5.615s] -- Up-to-date: /home/a01004/Desktop/Calra-autoware_interface/bridge_ws/install/carla_autoware_type_bridge/share/ament_index/resource_index/packages/carla_autoware_type_bridge
[5.615s] -- Up-to-date: /home/a01004/Desktop/Calra-autoware_interface/bridge_ws/install/carla_autoware_type_bridge/share/carla_autoware_type_bridge/cmake/carla_autoware_type_bridgeConfig.cmake
[5.615s] -- Up-to-date: /home/a01004/Desktop/Calra-autoware_interface/bridge_ws/install/carla_autoware_type_bridge/share/carla_autoware_type_bridge/cmake/carla_autoware_type_bridgeConfig-version.cmake
[5.616s] -- Up-to-date: /home/a01004/Desktop/Calra-autoware_interface/bridge_ws/install/carla_autoware_type_bridge/share/carla_autoware_type_bridge/package.xml
[5.617s] Invoked command in '/home/a01004/Desktop/Calra-autoware_interface/bridge_ws/build/carla_autoware_type_bridge' returned '0': CMAKE_PREFIX_PATH=${CMAKE_PREFIX_PATH}:/home/a01004/autoware/install/autoware_carla_interface:/home/a01004/autoware/install/ros2agnocast:/home/a01004/autoware/install/autoware_adapi_visualizers:/home/a01004/msg_ws/install/autoware_auto_msgs:/home/a01004/msg_ws/install/autoware_auto_vehicle_msgs:/home/a01004/msg_ws/install/autoware_auto_system_msgs:/home/a01004/msg_ws/install/autoware_auto_planning_msgs:/home/a01004/msg_ws/install/autoware_auto_perception_msgs:/home/a01004/msg_ws/install/autoware_auto_mapping_msgs:/home/a01004/msg_ws/install/autoware_auto_geometry_msgs:/home/a01004/msg_ws/install/autoware_auto_control_msgs:/mnt/hdd/Workspace/ros-bridge/install/rqt_carla_control:/mnt/hdd/Workspace/ros-bridge/install/carla_waypoint_publisher:/mnt/hdd/Workspace/ros-bridge/install/carla_ackermann_control:/mnt/hdd/Workspace/ros-bridge/install/carla_ros_bridge:/mnt/hdd/Workspace/ros-bridge/install/carla_spawn_objects:/mnt/hdd/Workspace/ros-bridge/install/carla_manual_control:/mnt/hdd/Workspace/ros-bridge/install/carla_ad_agent:/mnt/hdd/Workspace/ros-bridge/install/ros_compatibility:/mnt/hdd/Workspace/ros-bridge/install/carla_walker_agent:/mnt/hdd/Workspace/ros-bridge/install/carla_twist_to_control:/mnt/hdd/Workspace/ros-bridge/install/carla_ros_scenario_runner:/mnt/hdd/Workspace/ros-bridge/install/carla_common:/opt/ros/humble /usr/bin/cmake --install /home/a01004/Desktop/Calra-autoware_interface/bridge_ws/build/carla_autoware_type_bridge
