[0mCMake Error: The current CMakeCache.txt directory /home/a01004/msg_ws2/build/autoware_auto_mapping_msgs/CMakeCache.txt is different than the directory /home/a01004/msg_ws/build/autoware_auto_mapping_msgs where CMakeCache.txt was created. This may result in binaries being created in the wrong place. If you are not sure, reedit the CMakeCache.txt[0m
-- Found ament_cmake_auto: 1.3.12 (/opt/ros/humble/share/ament_cmake_auto/cmake)
-- Override CMake install command with custom implementation using symlinks instead of copying resources
-- Using all available rosidl_typesupport_c: rosidl_typesupport_fastrtps_c;rosidl_typesupport_introspection_c
-- Found rosidl_adapter: 3.1.8 (/opt/ros/humble/share/rosidl_adapter/cmake)
-- Using all available rosidl_typesupport_cpp: rosidl_typesupport_fastrtps_cpp;rosidl_typesupport_introspection_cpp
-- Found ament_cmake_cppcheck: 0.12.14 (/opt/ros/humble/share/ament_cmake_cppcheck/cmake)
-- Found ament_cmake_cpplint: 0.12.14 (/opt/ros/humble/share/ament_cmake_cpplint/cmake)
-- Found ament_cmake_uncrustify: 0.12.14 (/opt/ros/humble/share/ament_cmake_uncrustify/cmake)
-- Found ament_cmake_ros: 0.10.0 (/opt/ros/humble/share/ament_cmake_ros/cmake)
-- Using all available rosidl_typesupport_c: rosidl_typesupport_fastrtps_c;rosidl_typesupport_introspection_c
-- Using all available rosidl_typesupport_cpp: rosidl_typesupport_fastrtps_cpp;rosidl_typesupport_introspection_cpp
-- Found python_cmake_module: 0.10.0 (/opt/ros/humble/share/python_cmake_module/cmake)
-- Using PYTHON_EXECUTABLE: /usr/bin/python3
-- Using PYTHON_INCLUDE_DIRS: /usr/include/python3.10
-- Using PYTHON_LIBRARIES: /usr/lib/x86_64-linux-gnu/libpython3.10.so
-- Found ament_cmake_flake8: 0.12.14 (/opt/ros/humble/share/ament_cmake_flake8/cmake)
-- Found ament_cmake_pep257: 0.12.14 (/opt/ros/humble/share/ament_cmake_pep257/cmake)
-- Found ament_lint_auto: 0.12.14 (/opt/ros/humble/share/ament_lint_auto/cmake)
-- Added test 'copyright' to check source files copyright and LICENSE
-- Added test 'lint_cmake' to check CMake code style
-- Added test 'xmllint' to check XML markup files
-- Configuring done
-- Generating done
-- Build files have been written to: /home/a01004/msg_ws/build/autoware_auto_mapping_msgs
[35m[1mConsolidate compiler generated dependencies of target autoware_auto_mapping_msgs__rosidl_generator_c[0m
[  0%] Built target ament_cmake_python_symlink_autoware_auto_mapping_msgs
[  1%] Built target autoware_auto_mapping_msgs__cpp
[  3%] [32mBuilding C object CMakeFiles/autoware_auto_mapping_msgs__rosidl_generator_c.dir/rosidl_generator_c/autoware_auto_mapping_msgs/msg/detail/had_map_segment__functions.c.o[0m
[  5%] [32mBuilding C object CMakeFiles/autoware_auto_mapping_msgs__rosidl_generator_c.dir/rosidl_generator_c/autoware_auto_mapping_msgs/msg/detail/had_map_bin__functions.c.o[0m
[  7%] [32mBuilding C object CMakeFiles/autoware_auto_mapping_msgs__rosidl_generator_c.dir/rosidl_generator_c/autoware_auto_mapping_msgs/msg/detail/map_primitive__functions.c.o[0m
[  9%] [32mBuilding C object CMakeFiles/autoware_auto_mapping_msgs__rosidl_generator_c.dir/rosidl_generator_c/autoware_auto_mapping_msgs/srv/detail/had_map_service__functions.c.o[0m
[ 10%] [34m[1mGenerating C++ type support for eProsima Fast-RTPS[0m
[ 12%] [34m[1mGenerating C++ type support dispatch for ROS interfaces[0m
[35m[1mConsolidate compiler generated dependencies of target autoware_auto_mapping_msgs__rosidl_typesupport_introspection_cpp[0m
[ 14%] [32mBuilding CXX object CMakeFiles/autoware_auto_mapping_msgs__rosidl_typesupport_introspection_cpp.dir/rosidl_typesupport_introspection_cpp/autoware_auto_mapping_msgs/srv/detail/had_map_service__type_support.cpp.o[0m
[ 16%] [32mBuilding CXX object CMakeFiles/autoware_auto_mapping_msgs__rosidl_typesupport_introspection_cpp.dir/rosidl_typesupport_introspection_cpp/autoware_auto_mapping_msgs/msg/detail/map_primitive__type_support.cpp.o[0m
[ 18%] [32mBuilding CXX object CMakeFiles/autoware_auto_mapping_msgs__rosidl_typesupport_introspection_cpp.dir/rosidl_typesupport_introspection_cpp/autoware_auto_mapping_msgs/msg/detail/had_map_bin__type_support.cpp.o[0m
[ 20%] [32mBuilding CXX object CMakeFiles/autoware_auto_mapping_msgs__rosidl_typesupport_introspection_cpp.dir/rosidl_typesupport_introspection_cpp/autoware_auto_mapping_msgs/msg/detail/had_map_segment__type_support.cpp.o[0m
[ 21%] [32m[1mLinking C shared library libautoware_auto_mapping_msgs__rosidl_generator_c.so[0m
running egg_info
writing autoware_auto_mapping_msgs.egg-info/PKG-INFO
writing dependency_links to autoware_auto_mapping_msgs.egg-info/dependency_links.txt
writing top-level names to autoware_auto_mapping_msgs.egg-info/top_level.txt
reading manifest file 'autoware_auto_mapping_msgs.egg-info/SOURCES.txt'
writing manifest file 'autoware_auto_mapping_msgs.egg-info/SOURCES.txt'
[ 23%] Built target autoware_auto_mapping_msgs__rosidl_generator_c
[ 23%] Built target ament_cmake_python_build_autoware_auto_mapping_msgs_egg
[ 25%] [34m[1mGenerating C type support dispatch for ROS interfaces[0m
[35m[1mConsolidate compiler generated dependencies of target autoware_auto_mapping_msgs__rosidl_typesupport_fastrtps_c[0m
[35m[1mConsolidate compiler generated dependencies of target autoware_auto_mapping_msgs__rosidl_typesupport_introspection_c[0m
[35m[1mConsolidate compiler generated dependencies of target autoware_auto_mapping_msgs__rosidl_typesupport_cpp[0m
[ 27%] [32mBuilding CXX object CMakeFiles/autoware_auto_mapping_msgs__rosidl_typesupport_fastrtps_c.dir/rosidl_typesupport_fastrtps_c/autoware_auto_mapping_msgs/srv/detail/had_map_service__type_support_c.cpp.o[0m
[ 29%] [32mBuilding C object CMakeFiles/autoware_auto_mapping_msgs__rosidl_typesupport_introspection_c.dir/rosidl_typesupport_introspection_c/autoware_auto_mapping_msgs/msg/detail/had_map_segment__type_support.c.o[0m
[ 30%] [32mBuilding C object CMakeFiles/autoware_auto_mapping_msgs__rosidl_typesupport_introspection_c.dir/rosidl_typesupport_introspection_c/autoware_auto_mapping_msgs/msg/detail/had_map_bin__type_support.c.o[0m
[ 32%] [32mBuilding CXX object CMakeFiles/autoware_auto_mapping_msgs__rosidl_typesupport_fastrtps_c.dir/rosidl_typesupport_fastrtps_c/autoware_auto_mapping_msgs/msg/detail/map_primitive__type_support_c.cpp.o[0m
[ 32%] [34m[1mGenerating C++ type support dispatch for ROS interfaces[0m
[ 34%] [32mBuilding CXX object CMakeFiles/autoware_auto_mapping_msgs__rosidl_typesupport_fastrtps_c.dir/rosidl_typesupport_fastrtps_c/autoware_auto_mapping_msgs/msg/detail/had_map_segment__type_support_c.cpp.o[0m
[ 36%] [32mBuilding CXX object CMakeFiles/autoware_auto_mapping_msgs__rosidl_typesupport_fastrtps_c.dir/rosidl_typesupport_fastrtps_c/autoware_auto_mapping_msgs/msg/detail/had_map_bin__type_support_c.cpp.o[0m
[ 38%] [32mBuilding C object CMakeFiles/autoware_auto_mapping_msgs__rosidl_typesupport_introspection_c.dir/rosidl_typesupport_introspection_c/autoware_auto_mapping_msgs/msg/detail/map_primitive__type_support.c.o[0m
[ 40%] [32mBuilding C object CMakeFiles/autoware_auto_mapping_msgs__rosidl_typesupport_introspection_c.dir/rosidl_typesupport_introspection_c/autoware_auto_mapping_msgs/srv/detail/had_map_service__type_support.c.o[0m
[35m[1mConsolidate compiler generated dependencies of target autoware_auto_mapping_msgs__rosidl_typesupport_fastrtps_cpp[0m
[ 40%] [34m[1mGenerating C++ type support for eProsima Fast-RTPS[0m
[ 41%] [32m[1mLinking C shared library libautoware_auto_mapping_msgs__rosidl_typesupport_introspection_c.so[0m
[ 43%] [32m[1mLinking CXX shared library libautoware_auto_mapping_msgs__rosidl_typesupport_introspection_cpp.so[0m
[ 45%] Built target autoware_auto_mapping_msgs__rosidl_typesupport_introspection_c
[35m[1mConsolidate compiler generated dependencies of target autoware_auto_mapping_msgs__rosidl_typesupport_c[0m
[ 45%] [34m[1mGenerating C type support dispatch for ROS interfaces[0m
[ 47%] Built target autoware_auto_mapping_msgs__rosidl_typesupport_introspection_cpp
[ 49%] [32m[1mLinking CXX shared library libautoware_auto_mapping_msgs__rosidl_typesupport_fastrtps_c.so[0m
[ 58%] Built target autoware_auto_mapping_msgs__rosidl_typesupport_cpp
[ 67%] Built target autoware_auto_mapping_msgs__rosidl_typesupport_fastrtps_cpp
[ 69%] Built target autoware_auto_mapping_msgs__rosidl_typesupport_fastrtps_c
[ 70%] [32m[1mLinking CXX shared library libautoware_auto_mapping_msgs__rosidl_typesupport_c.so[0m
[ 78%] Built target autoware_auto_mapping_msgs__rosidl_typesupport_c
[ 78%] Built target autoware_auto_mapping_msgs
[ 80%] Built target autoware_auto_mapping_msgs__py
[35m[1mConsolidate compiler generated dependencies of target autoware_auto_mapping_msgs__rosidl_generator_py[0m
[ 81%] [32mBuilding C object CMakeFiles/autoware_auto_mapping_msgs__rosidl_generator_py.dir/rosidl_generator_py/autoware_auto_mapping_msgs/msg/_had_map_segment_s.c.o[0m
[ 83%] [32mBuilding C object CMakeFiles/autoware_auto_mapping_msgs__rosidl_generator_py.dir/rosidl_generator_py/autoware_auto_mapping_msgs/msg/_had_map_bin_s.c.o[0m
[ 85%] [32mBuilding C object CMakeFiles/autoware_auto_mapping_msgs__rosidl_generator_py.dir/rosidl_generator_py/autoware_auto_mapping_msgs/srv/_had_map_service_s.c.o[0m
[ 87%] [32mBuilding C object CMakeFiles/autoware_auto_mapping_msgs__rosidl_generator_py.dir/rosidl_generator_py/autoware_auto_mapping_msgs/msg/_map_primitive_s.c.o[0m
[ 89%] [32m[1mLinking C shared library rosidl_generator_py/autoware_auto_mapping_msgs/libautoware_auto_mapping_msgs__rosidl_generator_py.so[0m
[ 89%] Built target autoware_auto_mapping_msgs__rosidl_generator_py
[35m[1mConsolidate compiler generated dependencies of target autoware_auto_mapping_msgs__rosidl_typesupport_c__pyext[0m
[35m[1mConsolidate compiler generated dependencies of target autoware_auto_mapping_msgs__rosidl_typesupport_fastrtps_c__pyext[0m
[35m[1mConsolidate compiler generated dependencies of target autoware_auto_mapping_msgs__rosidl_typesupport_introspection_c__pyext[0m
[ 90%] [32mBuilding C object CMakeFiles/autoware_auto_mapping_msgs__rosidl_typesupport_introspection_c__pyext.dir/rosidl_generator_py/autoware_auto_mapping_msgs/_autoware_auto_mapping_msgs_s.ep.rosidl_typesupport_introspection_c.c.o[0m
[ 92%] [32mBuilding C object CMakeFiles/autoware_auto_mapping_msgs__rosidl_typesupport_c__pyext.dir/rosidl_generator_py/autoware_auto_mapping_msgs/_autoware_auto_mapping_msgs_s.ep.rosidl_typesupport_c.c.o[0m
[ 94%] [32mBuilding C object CMakeFiles/autoware_auto_mapping_msgs__rosidl_typesupport_fastrtps_c__pyext.dir/rosidl_generator_py/autoware_auto_mapping_msgs/_autoware_auto_mapping_msgs_s.ep.rosidl_typesupport_fastrtps_c.c.o[0m
[ 96%] [32m[1mLinking C shared library rosidl_generator_py/autoware_auto_mapping_msgs/autoware_auto_mapping_msgs_s__rosidl_typesupport_introspection_c.cpython-310-x86_64-linux-gnu.so[0m
[100%] [32m[1mLinking C shared library rosidl_generator_py/autoware_auto_mapping_msgs/autoware_auto_mapping_msgs_s__rosidl_typesupport_c.cpython-310-x86_64-linux-gnu.so[0m
[100%] [32m[1mLinking C shared library rosidl_generator_py/autoware_auto_mapping_msgs/autoware_auto_mapping_msgs_s__rosidl_typesupport_fastrtps_c.cpython-310-x86_64-linux-gnu.so[0m
[100%] Built target autoware_auto_mapping_msgs__rosidl_typesupport_c__pyext
[100%] Built target autoware_auto_mapping_msgs__rosidl_typesupport_fastrtps_c__pyext
[100%] Built target autoware_auto_mapping_msgs__rosidl_typesupport_introspection_c__pyext
-- Install configuration: ""
-- Execute custom install script
-- Up-to-date symlink: /home/a01004/msg_ws/install/autoware_auto_mapping_msgs/share/ament_index/resource_index/rosidl_interfaces/autoware_auto_mapping_msgs
-- Up-to-date symlink: /home/a01004/msg_ws/install/autoware_auto_mapping_msgs/include/autoware_auto_mapping_msgs/autoware_auto_mapping_msgs/msg/detail/had_map_bin__functions.h
-- Up-to-date symlink: /home/a01004/msg_ws/install/autoware_auto_mapping_msgs/include/autoware_auto_mapping_msgs/autoware_auto_mapping_msgs/msg/detail/had_map_bin__struct.h
-- Up-to-date symlink: /home/a01004/msg_ws/install/autoware_auto_mapping_msgs/include/autoware_auto_mapping_msgs/autoware_auto_mapping_msgs/msg/detail/had_map_bin__type_support.h
-- Up-to-date symlink: /home/a01004/msg_ws/install/autoware_auto_mapping_msgs/include/autoware_auto_mapping_msgs/autoware_auto_mapping_msgs/msg/detail/had_map_segment__functions.h
-- Up-to-date symlink: /home/a01004/msg_ws/install/autoware_auto_mapping_msgs/include/autoware_auto_mapping_msgs/autoware_auto_mapping_msgs/msg/detail/had_map_segment__struct.h
-- Up-to-date symlink: /home/a01004/msg_ws/install/autoware_auto_mapping_msgs/include/autoware_auto_mapping_msgs/autoware_auto_mapping_msgs/msg/detail/had_map_segment__type_support.h
-- Up-to-date symlink: /home/a01004/msg_ws/install/autoware_auto_mapping_msgs/include/autoware_auto_mapping_msgs/autoware_auto_mapping_msgs/msg/detail/map_primitive__functions.h
-- Up-to-date symlink: /home/a01004/msg_ws/install/autoware_auto_mapping_msgs/include/autoware_auto_mapping_msgs/autoware_auto_mapping_msgs/msg/detail/map_primitive__struct.h
-- Up-to-date symlink: /home/a01004/msg_ws/install/autoware_auto_mapping_msgs/include/autoware_auto_mapping_msgs/autoware_auto_mapping_msgs/msg/detail/map_primitive__type_support.h
-- Up-to-date symlink: /home/a01004/msg_ws/install/autoware_auto_mapping_msgs/include/autoware_auto_mapping_msgs/autoware_auto_mapping_msgs/msg/had_map_bin.h
-- Up-to-date symlink: /home/a01004/msg_ws/install/autoware_auto_mapping_msgs/include/autoware_auto_mapping_msgs/autoware_auto_mapping_msgs/msg/had_map_segment.h
-- Up-to-date symlink: /home/a01004/msg_ws/install/autoware_auto_mapping_msgs/include/autoware_auto_mapping_msgs/autoware_auto_mapping_msgs/msg/map_primitive.h
-- Up-to-date symlink: /home/a01004/msg_ws/install/autoware_auto_mapping_msgs/include/autoware_auto_mapping_msgs/autoware_auto_mapping_msgs/msg/rosidl_generator_c__visibility_control.h
-- Up-to-date symlink: /home/a01004/msg_ws/install/autoware_auto_mapping_msgs/include/autoware_auto_mapping_msgs/autoware_auto_mapping_msgs/srv/detail/had_map_service__functions.h
-- Up-to-date symlink: /home/a01004/msg_ws/install/autoware_auto_mapping_msgs/include/autoware_auto_mapping_msgs/autoware_auto_mapping_msgs/srv/detail/had_map_service__struct.h
-- Up-to-date symlink: /home/a01004/msg_ws/install/autoware_auto_mapping_msgs/include/autoware_auto_mapping_msgs/autoware_auto_mapping_msgs/srv/detail/had_map_service__type_support.h
-- Up-to-date symlink: /home/a01004/msg_ws/install/autoware_auto_mapping_msgs/include/autoware_auto_mapping_msgs/autoware_auto_mapping_msgs/srv/had_map_service.h
-- Up-to-date symlink: /home/a01004/msg_ws/install/autoware_auto_mapping_msgs/share/autoware_auto_mapping_msgs/environment/library_path.sh
-- Up-to-date symlink: /home/a01004/msg_ws/install/autoware_auto_mapping_msgs/share/autoware_auto_mapping_msgs/environment/library_path.dsv
-- Up-to-date symlink: /home/a01004/msg_ws/install/autoware_auto_mapping_msgs/include/autoware_auto_mapping_msgs/autoware_auto_mapping_msgs/msg/detail/had_map_bin__rosidl_typesupport_fastrtps_c.h
-- Up-to-date symlink: /home/a01004/msg_ws/install/autoware_auto_mapping_msgs/include/autoware_auto_mapping_msgs/autoware_auto_mapping_msgs/msg/detail/had_map_segment__rosidl_typesupport_fastrtps_c.h
-- Up-to-date symlink: /home/a01004/msg_ws/install/autoware_auto_mapping_msgs/include/autoware_auto_mapping_msgs/autoware_auto_mapping_msgs/msg/detail/map_primitive__rosidl_typesupport_fastrtps_c.h
-- Up-to-date symlink: /home/a01004/msg_ws/install/autoware_auto_mapping_msgs/include/autoware_auto_mapping_msgs/autoware_auto_mapping_msgs/msg/rosidl_typesupport_fastrtps_c__visibility_control.h
-- Up-to-date symlink: /home/a01004/msg_ws/install/autoware_auto_mapping_msgs/include/autoware_auto_mapping_msgs/autoware_auto_mapping_msgs/srv/detail/had_map_service__rosidl_typesupport_fastrtps_c.h
-- Up-to-date symlink: /home/a01004/msg_ws/install/autoware_auto_mapping_msgs/include/autoware_auto_mapping_msgs/autoware_auto_mapping_msgs/msg/detail/had_map_bin__rosidl_typesupport_introspection_c.h
-- Up-to-date symlink: /home/a01004/msg_ws/install/autoware_auto_mapping_msgs/include/autoware_auto_mapping_msgs/autoware_auto_mapping_msgs/msg/detail/had_map_segment__rosidl_typesupport_introspection_c.h
-- Up-to-date symlink: /home/a01004/msg_ws/install/autoware_auto_mapping_msgs/include/autoware_auto_mapping_msgs/autoware_auto_mapping_msgs/msg/detail/map_primitive__rosidl_typesupport_introspection_c.h
-- Up-to-date symlink: /home/a01004/msg_ws/install/autoware_auto_mapping_msgs/include/autoware_auto_mapping_msgs/autoware_auto_mapping_msgs/msg/rosidl_typesupport_introspection_c__visibility_control.h
-- Up-to-date symlink: /home/a01004/msg_ws/install/autoware_auto_mapping_msgs/include/autoware_auto_mapping_msgs/autoware_auto_mapping_msgs/srv/detail/had_map_service__rosidl_typesupport_introspection_c.h
-- Up-to-date symlink: /home/a01004/msg_ws/install/autoware_auto_mapping_msgs/include/autoware_auto_mapping_msgs/autoware_auto_mapping_msgs/msg/detail/had_map_bin__builder.hpp
-- Up-to-date symlink: /home/a01004/msg_ws/install/autoware_auto_mapping_msgs/include/autoware_auto_mapping_msgs/autoware_auto_mapping_msgs/msg/detail/had_map_bin__struct.hpp
-- Up-to-date symlink: /home/a01004/msg_ws/install/autoware_auto_mapping_msgs/include/autoware_auto_mapping_msgs/autoware_auto_mapping_msgs/msg/detail/had_map_bin__traits.hpp
-- Up-to-date symlink: /home/a01004/msg_ws/install/autoware_auto_mapping_msgs/include/autoware_auto_mapping_msgs/autoware_auto_mapping_msgs/msg/detail/had_map_bin__type_support.hpp
-- Up-to-date symlink: /home/a01004/msg_ws/install/autoware_auto_mapping_msgs/include/autoware_auto_mapping_msgs/autoware_auto_mapping_msgs/msg/detail/had_map_segment__builder.hpp
-- Up-to-date symlink: /home/a01004/msg_ws/install/autoware_auto_mapping_msgs/include/autoware_auto_mapping_msgs/autoware_auto_mapping_msgs/msg/detail/had_map_segment__struct.hpp
-- Up-to-date symlink: /home/a01004/msg_ws/install/autoware_auto_mapping_msgs/include/autoware_auto_mapping_msgs/autoware_auto_mapping_msgs/msg/detail/had_map_segment__traits.hpp
-- Up-to-date symlink: /home/a01004/msg_ws/install/autoware_auto_mapping_msgs/include/autoware_auto_mapping_msgs/autoware_auto_mapping_msgs/msg/detail/had_map_segment__type_support.hpp
-- Up-to-date symlink: /home/a01004/msg_ws/install/autoware_auto_mapping_msgs/include/autoware_auto_mapping_msgs/autoware_auto_mapping_msgs/msg/detail/map_primitive__builder.hpp
-- Up-to-date symlink: /home/a01004/msg_ws/install/autoware_auto_mapping_msgs/include/autoware_auto_mapping_msgs/autoware_auto_mapping_msgs/msg/detail/map_primitive__struct.hpp
-- Up-to-date symlink: /home/a01004/msg_ws/install/autoware_auto_mapping_msgs/include/autoware_auto_mapping_msgs/autoware_auto_mapping_msgs/msg/detail/map_primitive__traits.hpp
-- Up-to-date symlink: /home/a01004/msg_ws/install/autoware_auto_mapping_msgs/include/autoware_auto_mapping_msgs/autoware_auto_mapping_msgs/msg/detail/map_primitive__type_support.hpp
-- Up-to-date symlink: /home/a01004/msg_ws/install/autoware_auto_mapping_msgs/include/autoware_auto_mapping_msgs/autoware_auto_mapping_msgs/msg/had_map_bin.hpp
-- Up-to-date symlink: /home/a01004/msg_ws/install/autoware_auto_mapping_msgs/include/autoware_auto_mapping_msgs/autoware_auto_mapping_msgs/msg/had_map_segment.hpp
-- Up-to-date symlink: /home/a01004/msg_ws/install/autoware_auto_mapping_msgs/include/autoware_auto_mapping_msgs/autoware_auto_mapping_msgs/msg/map_primitive.hpp
-- Up-to-date symlink: /home/a01004/msg_ws/install/autoware_auto_mapping_msgs/include/autoware_auto_mapping_msgs/autoware_auto_mapping_msgs/msg/rosidl_generator_cpp__visibility_control.hpp
-- Up-to-date symlink: /home/a01004/msg_ws/install/autoware_auto_mapping_msgs/include/autoware_auto_mapping_msgs/autoware_auto_mapping_msgs/srv/detail/had_map_service__builder.hpp
-- Up-to-date symlink: /home/a01004/msg_ws/install/autoware_auto_mapping_msgs/include/autoware_auto_mapping_msgs/autoware_auto_mapping_msgs/srv/detail/had_map_service__struct.hpp
-- Up-to-date symlink: /home/a01004/msg_ws/install/autoware_auto_mapping_msgs/include/autoware_auto_mapping_msgs/autoware_auto_mapping_msgs/srv/detail/had_map_service__traits.hpp
-- Up-to-date symlink: /home/a01004/msg_ws/install/autoware_auto_mapping_msgs/include/autoware_auto_mapping_msgs/autoware_auto_mapping_msgs/srv/detail/had_map_service__type_support.hpp
-- Up-to-date symlink: /home/a01004/msg_ws/install/autoware_auto_mapping_msgs/include/autoware_auto_mapping_msgs/autoware_auto_mapping_msgs/srv/had_map_service.hpp
-- Up-to-date symlink: /home/a01004/msg_ws/install/autoware_auto_mapping_msgs/include/autoware_auto_mapping_msgs/autoware_auto_mapping_msgs/msg/detail/had_map_bin__rosidl_typesupport_fastrtps_cpp.hpp
-- Up-to-date symlink: /home/a01004/msg_ws/install/autoware_auto_mapping_msgs/include/autoware_auto_mapping_msgs/autoware_auto_mapping_msgs/msg/detail/had_map_segment__rosidl_typesupport_fastrtps_cpp.hpp
-- Up-to-date symlink: /home/a01004/msg_ws/install/autoware_auto_mapping_msgs/include/autoware_auto_mapping_msgs/autoware_auto_mapping_msgs/msg/detail/map_primitive__rosidl_typesupport_fastrtps_cpp.hpp
-- Up-to-date symlink: /home/a01004/msg_ws/install/autoware_auto_mapping_msgs/include/autoware_auto_mapping_msgs/autoware_auto_mapping_msgs/msg/rosidl_typesupport_fastrtps_cpp__visibility_control.h
-- Up-to-date symlink: /home/a01004/msg_ws/install/autoware_auto_mapping_msgs/include/autoware_auto_mapping_msgs/autoware_auto_mapping_msgs/srv/detail/had_map_service__rosidl_typesupport_fastrtps_cpp.hpp
-- Up-to-date symlink: /home/a01004/msg_ws/install/autoware_auto_mapping_msgs/include/autoware_auto_mapping_msgs/autoware_auto_mapping_msgs/msg/detail/had_map_bin__rosidl_typesupport_introspection_cpp.hpp
-- Up-to-date symlink: /home/a01004/msg_ws/install/autoware_auto_mapping_msgs/include/autoware_auto_mapping_msgs/autoware_auto_mapping_msgs/msg/detail/had_map_segment__rosidl_typesupport_introspection_cpp.hpp
-- Up-to-date symlink: /home/a01004/msg_ws/install/autoware_auto_mapping_msgs/include/autoware_auto_mapping_msgs/autoware_auto_mapping_msgs/msg/detail/map_primitive__rosidl_typesupport_introspection_cpp.hpp
-- Up-to-date symlink: /home/a01004/msg_ws/install/autoware_auto_mapping_msgs/include/autoware_auto_mapping_msgs/autoware_auto_mapping_msgs/srv/detail/had_map_service__rosidl_typesupport_introspection_cpp.hpp
-- Up-to-date symlink: /home/a01004/msg_ws/install/autoware_auto_mapping_msgs/share/autoware_auto_mapping_msgs/environment/pythonpath.sh
-- Up-to-date symlink: /home/a01004/msg_ws/install/autoware_auto_mapping_msgs/share/autoware_auto_mapping_msgs/environment/pythonpath.dsv
-- Up-to-date symlink: /home/a01004/msg_ws/install/autoware_auto_mapping_msgs/local/lib/python3.10/dist-packages/autoware_auto_mapping_msgs-1.0.0-py3.10.egg-info/PKG-INFO
-- Up-to-date symlink: /home/a01004/msg_ws/install/autoware_auto_mapping_msgs/local/lib/python3.10/dist-packages/autoware_auto_mapping_msgs-1.0.0-py3.10.egg-info/SOURCES.txt
-- Up-to-date symlink: /home/a01004/msg_ws/install/autoware_auto_mapping_msgs/local/lib/python3.10/dist-packages/autoware_auto_mapping_msgs-1.0.0-py3.10.egg-info/dependency_links.txt
-- Up-to-date symlink: /home/a01004/msg_ws/install/autoware_auto_mapping_msgs/local/lib/python3.10/dist-packages/autoware_auto_mapping_msgs-1.0.0-py3.10.egg-info/top_level.txt
-- Up-to-date symlink: /home/a01004/msg_ws/install/autoware_auto_mapping_msgs/local/lib/python3.10/dist-packages/autoware_auto_mapping_msgs/__init__.py
-- Up-to-date symlink: /home/a01004/msg_ws/install/autoware_auto_mapping_msgs/local/lib/python3.10/dist-packages/autoware_auto_mapping_msgs/_autoware_auto_mapping_msgs_s.ep.rosidl_typesupport_c.c
-- Up-to-date symlink: /home/a01004/msg_ws/install/autoware_auto_mapping_msgs/local/lib/python3.10/dist-packages/autoware_auto_mapping_msgs/_autoware_auto_mapping_msgs_s.ep.rosidl_typesupport_fastrtps_c.c
-- Up-to-date symlink: /home/a01004/msg_ws/install/autoware_auto_mapping_msgs/local/lib/python3.10/dist-packages/autoware_auto_mapping_msgs/_autoware_auto_mapping_msgs_s.ep.rosidl_typesupport_introspection_c.c
-- Up-to-date symlink: /home/a01004/msg_ws/install/autoware_auto_mapping_msgs/local/lib/python3.10/dist-packages/autoware_auto_mapping_msgs/autoware_auto_mapping_msgs_s__rosidl_typesupport_c.cpython-310-x86_64-linux-gnu.so
-- Up-to-date symlink: /home/a01004/msg_ws/install/autoware_auto_mapping_msgs/local/lib/python3.10/dist-packages/autoware_auto_mapping_msgs/autoware_auto_mapping_msgs_s__rosidl_typesupport_fastrtps_c.cpython-310-x86_64-linux-gnu.so
-- Up-to-date symlink: /home/a01004/msg_ws/install/autoware_auto_mapping_msgs/local/lib/python3.10/dist-packages/autoware_auto_mapping_msgs/autoware_auto_mapping_msgs_s__rosidl_typesupport_introspection_c.cpython-310-x86_64-linux-gnu.so
-- Up-to-date symlink: /home/a01004/msg_ws/install/autoware_auto_mapping_msgs/local/lib/python3.10/dist-packages/autoware_auto_mapping_msgs/libautoware_auto_mapping_msgs__rosidl_generator_py.so
-- Up-to-date symlink: /home/a01004/msg_ws/install/autoware_auto_mapping_msgs/local/lib/python3.10/dist-packages/autoware_auto_mapping_msgs/msg/__init__.py
-- Up-to-date symlink: /home/a01004/msg_ws/install/autoware_auto_mapping_msgs/local/lib/python3.10/dist-packages/autoware_auto_mapping_msgs/msg/_had_map_bin.py
-- Up-to-date symlink: /home/a01004/msg_ws/install/autoware_auto_mapping_msgs/local/lib/python3.10/dist-packages/autoware_auto_mapping_msgs/msg/_had_map_bin_s.c
-- Up-to-date symlink: /home/a01004/msg_ws/install/autoware_auto_mapping_msgs/local/lib/python3.10/dist-packages/autoware_auto_mapping_msgs/msg/_had_map_segment.py
-- Up-to-date symlink: /home/a01004/msg_ws/install/autoware_auto_mapping_msgs/local/lib/python3.10/dist-packages/autoware_auto_mapping_msgs/msg/_had_map_segment_s.c
-- Up-to-date symlink: /home/a01004/msg_ws/install/autoware_auto_mapping_msgs/local/lib/python3.10/dist-packages/autoware_auto_mapping_msgs/msg/_map_primitive.py
-- Up-to-date symlink: /home/a01004/msg_ws/install/autoware_auto_mapping_msgs/local/lib/python3.10/dist-packages/autoware_auto_mapping_msgs/msg/_map_primitive_s.c
-- Up-to-date symlink: /home/a01004/msg_ws/install/autoware_auto_mapping_msgs/local/lib/python3.10/dist-packages/autoware_auto_mapping_msgs/srv/__init__.py
-- Up-to-date symlink: /home/a01004/msg_ws/install/autoware_auto_mapping_msgs/local/lib/python3.10/dist-packages/autoware_auto_mapping_msgs/srv/_had_map_service.py
-- Up-to-date symlink: /home/a01004/msg_ws/install/autoware_auto_mapping_msgs/local/lib/python3.10/dist-packages/autoware_auto_mapping_msgs/srv/_had_map_service_s.c
-- Up-to-date symlink: /home/a01004/msg_ws/install/autoware_auto_mapping_msgs/local/lib/python3.10/dist-packages/autoware_auto_mapping_msgs/autoware_auto_mapping_msgs_s__rosidl_typesupport_fastrtps_c.cpython-310-x86_64-linux-gnu.so
-- Up-to-date symlink: /home/a01004/msg_ws/install/autoware_auto_mapping_msgs/local/lib/python3.10/dist-packages/autoware_auto_mapping_msgs/autoware_auto_mapping_msgs_s__rosidl_typesupport_introspection_c.cpython-310-x86_64-linux-gnu.so
-- Up-to-date symlink: /home/a01004/msg_ws/install/autoware_auto_mapping_msgs/local/lib/python3.10/dist-packages/autoware_auto_mapping_msgs/autoware_auto_mapping_msgs_s__rosidl_typesupport_c.cpython-310-x86_64-linux-gnu.so
-- Up-to-date symlink: /home/a01004/msg_ws/install/autoware_auto_mapping_msgs/share/autoware_auto_mapping_msgs/msg/HADMapBin.idl
-- Up-to-date symlink: /home/a01004/msg_ws/install/autoware_auto_mapping_msgs/share/autoware_auto_mapping_msgs/msg/HADMapSegment.idl
-- Up-to-date symlink: /home/a01004/msg_ws/install/autoware_auto_mapping_msgs/share/autoware_auto_mapping_msgs/msg/MapPrimitive.idl
-- Up-to-date symlink: /home/a01004/msg_ws/install/autoware_auto_mapping_msgs/share/autoware_auto_mapping_msgs/srv/HADMapService.idl
-- Up-to-date symlink: /home/a01004/msg_ws/install/autoware_auto_mapping_msgs/share/ament_index/resource_index/package_run_dependencies/autoware_auto_mapping_msgs
-- Up-to-date symlink: /home/a01004/msg_ws/install/autoware_auto_mapping_msgs/share/ament_index/resource_index/parent_prefix_path/autoware_auto_mapping_msgs
-- Up-to-date symlink: /home/a01004/msg_ws/install/autoware_auto_mapping_msgs/share/autoware_auto_mapping_msgs/environment/ament_prefix_path.sh
-- Up-to-date symlink: /home/a01004/msg_ws/install/autoware_auto_mapping_msgs/share/autoware_auto_mapping_msgs/environment/ament_prefix_path.dsv
-- Up-to-date symlink: /home/a01004/msg_ws/install/autoware_auto_mapping_msgs/share/autoware_auto_mapping_msgs/environment/path.sh
-- Up-to-date symlink: /home/a01004/msg_ws/install/autoware_auto_mapping_msgs/share/autoware_auto_mapping_msgs/environment/path.dsv
-- Up-to-date symlink: /home/a01004/msg_ws/install/autoware_auto_mapping_msgs/share/autoware_auto_mapping_msgs/local_setup.bash
-- Up-to-date symlink: /home/a01004/msg_ws/install/autoware_auto_mapping_msgs/share/autoware_auto_mapping_msgs/local_setup.sh
-- Up-to-date symlink: /home/a01004/msg_ws/install/autoware_auto_mapping_msgs/share/autoware_auto_mapping_msgs/local_setup.zsh
-- Up-to-date symlink: /home/a01004/msg_ws/install/autoware_auto_mapping_msgs/share/autoware_auto_mapping_msgs/local_setup.dsv
-- Symlinking: /home/a01004/msg_ws/install/autoware_auto_mapping_msgs/share/autoware_auto_mapping_msgs/package.dsv
-- Up-to-date symlink: /home/a01004/msg_ws/install/autoware_auto_mapping_msgs/share/ament_index/resource_index/packages/autoware_auto_mapping_msgs
-- Up-to-date symlink: /home/a01004/msg_ws/install/autoware_auto_mapping_msgs/share/autoware_auto_mapping_msgs/cmake/rosidl_cmake-extras.cmake
-- Up-to-date symlink: /home/a01004/msg_ws/install/autoware_auto_mapping_msgs/share/autoware_auto_mapping_msgs/cmake/ament_cmake_export_dependencies-extras.cmake
-- Up-to-date symlink: /home/a01004/msg_ws/install/autoware_auto_mapping_msgs/share/autoware_auto_mapping_msgs/cmake/ament_cmake_export_include_directories-extras.cmake
-- Up-to-date symlink: /home/a01004/msg_ws/install/autoware_auto_mapping_msgs/share/autoware_auto_mapping_msgs/cmake/ament_cmake_export_libraries-extras.cmake
-- Up-to-date symlink: /home/a01004/msg_ws/install/autoware_auto_mapping_msgs/share/autoware_auto_mapping_msgs/cmake/ament_cmake_export_targets-extras.cmake
-- Up-to-date symlink: /home/a01004/msg_ws/install/autoware_auto_mapping_msgs/share/autoware_auto_mapping_msgs/cmake/rosidl_cmake_export_typesupport_targets-extras.cmake
-- Up-to-date symlink: /home/a01004/msg_ws/install/autoware_auto_mapping_msgs/share/autoware_auto_mapping_msgs/cmake/rosidl_cmake_export_typesupport_libraries-extras.cmake
-- Up-to-date symlink: /home/a01004/msg_ws/install/autoware_auto_mapping_msgs/share/autoware_auto_mapping_msgs/cmake/autoware_auto_mapping_msgsConfig.cmake
-- Up-to-date symlink: /home/a01004/msg_ws/install/autoware_auto_mapping_msgs/share/autoware_auto_mapping_msgs/cmake/autoware_auto_mapping_msgsConfig-version.cmake
-- Up-to-date symlink: /home/a01004/msg_ws/install/autoware_auto_mapping_msgs/share/autoware_auto_mapping_msgs/package.xml
-- Up-to-date: /home/a01004/msg_ws/install/autoware_auto_mapping_msgs/lib/libautoware_auto_mapping_msgs__rosidl_generator_c.so
-- Up-to-date: /home/a01004/msg_ws/install/autoware_auto_mapping_msgs/lib/libautoware_auto_mapping_msgs__rosidl_typesupport_fastrtps_c.so
-- Up-to-date: /home/a01004/msg_ws/install/autoware_auto_mapping_msgs/lib/libautoware_auto_mapping_msgs__rosidl_typesupport_introspection_c.so
-- Up-to-date: /home/a01004/msg_ws/install/autoware_auto_mapping_msgs/lib/libautoware_auto_mapping_msgs__rosidl_typesupport_c.so
-- Up-to-date: /home/a01004/msg_ws/install/autoware_auto_mapping_msgs/lib/libautoware_auto_mapping_msgs__rosidl_typesupport_fastrtps_cpp.so
-- Up-to-date: /home/a01004/msg_ws/install/autoware_auto_mapping_msgs/lib/libautoware_auto_mapping_msgs__rosidl_typesupport_introspection_cpp.so
-- Up-to-date: /home/a01004/msg_ws/install/autoware_auto_mapping_msgs/lib/libautoware_auto_mapping_msgs__rosidl_typesupport_cpp.so
Listing '/home/a01004/msg_ws/install/autoware_auto_mapping_msgs/local/lib/python3.10/dist-packages/autoware_auto_mapping_msgs'...
Compiling '/home/a01004/msg_ws/install/autoware_auto_mapping_msgs/local/lib/python3.10/dist-packages/autoware_auto_mapping_msgs/__init__.py'...
Listing '/home/a01004/msg_ws/install/autoware_auto_mapping_msgs/local/lib/python3.10/dist-packages/autoware_auto_mapping_msgs/msg'...
Compiling '/home/a01004/msg_ws/install/autoware_auto_mapping_msgs/local/lib/python3.10/dist-packages/autoware_auto_mapping_msgs/msg/__init__.py'...
Compiling '/home/a01004/msg_ws/install/autoware_auto_mapping_msgs/local/lib/python3.10/dist-packages/autoware_auto_mapping_msgs/msg/_had_map_bin.py'...
Compiling '/home/a01004/msg_ws/install/autoware_auto_mapping_msgs/local/lib/python3.10/dist-packages/autoware_auto_mapping_msgs/msg/_had_map_segment.py'...
Compiling '/home/a01004/msg_ws/install/autoware_auto_mapping_msgs/local/lib/python3.10/dist-packages/autoware_auto_mapping_msgs/msg/_map_primitive.py'...
Listing '/home/a01004/msg_ws/install/autoware_auto_mapping_msgs/local/lib/python3.10/dist-packages/autoware_auto_mapping_msgs/srv'...
Compiling '/home/a01004/msg_ws/install/autoware_auto_mapping_msgs/local/lib/python3.10/dist-packages/autoware_auto_mapping_msgs/srv/__init__.py'...
Compiling '/home/a01004/msg_ws/install/autoware_auto_mapping_msgs/local/lib/python3.10/dist-packages/autoware_auto_mapping_msgs/srv/_had_map_service.py'...
-- Installing: /home/a01004/msg_ws/install/autoware_auto_mapping_msgs/lib/libautoware_auto_mapping_msgs__rosidl_generator_py.so
-- Set runtime path of "/home/a01004/msg_ws/install/autoware_auto_mapping_msgs/lib/libautoware_auto_mapping_msgs__rosidl_generator_py.so" to ""
-- Up-to-date: /home/a01004/msg_ws/install/autoware_auto_mapping_msgs/share/autoware_auto_mapping_msgs/cmake/export_autoware_auto_mapping_msgs__rosidl_generator_cExport.cmake
-- Up-to-date: /home/a01004/msg_ws/install/autoware_auto_mapping_msgs/share/autoware_auto_mapping_msgs/cmake/export_autoware_auto_mapping_msgs__rosidl_generator_cExport-noconfig.cmake
-- Up-to-date: /home/a01004/msg_ws/install/autoware_auto_mapping_msgs/share/autoware_auto_mapping_msgs/cmake/export_autoware_auto_mapping_msgs__rosidl_typesupport_fastrtps_cExport.cmake
-- Up-to-date: /home/a01004/msg_ws/install/autoware_auto_mapping_msgs/share/autoware_auto_mapping_msgs/cmake/export_autoware_auto_mapping_msgs__rosidl_typesupport_fastrtps_cExport-noconfig.cmake
-- Up-to-date: /home/a01004/msg_ws/install/autoware_auto_mapping_msgs/share/autoware_auto_mapping_msgs/cmake/autoware_auto_mapping_msgs__rosidl_typesupport_introspection_cExport.cmake
-- Up-to-date: /home/a01004/msg_ws/install/autoware_auto_mapping_msgs/share/autoware_auto_mapping_msgs/cmake/autoware_auto_mapping_msgs__rosidl_typesupport_introspection_cExport-noconfig.cmake
-- Up-to-date: /home/a01004/msg_ws/install/autoware_auto_mapping_msgs/share/autoware_auto_mapping_msgs/cmake/autoware_auto_mapping_msgs__rosidl_typesupport_cExport.cmake
-- Up-to-date: /home/a01004/msg_ws/install/autoware_auto_mapping_msgs/share/autoware_auto_mapping_msgs/cmake/autoware_auto_mapping_msgs__rosidl_typesupport_cExport-noconfig.cmake
-- Up-to-date: /home/a01004/msg_ws/install/autoware_auto_mapping_msgs/share/autoware_auto_mapping_msgs/cmake/export_autoware_auto_mapping_msgs__rosidl_generator_cppExport.cmake
-- Up-to-date: /home/a01004/msg_ws/install/autoware_auto_mapping_msgs/share/autoware_auto_mapping_msgs/cmake/export_autoware_auto_mapping_msgs__rosidl_typesupport_fastrtps_cppExport.cmake
-- Up-to-date: /home/a01004/msg_ws/install/autoware_auto_mapping_msgs/share/autoware_auto_mapping_msgs/cmake/export_autoware_auto_mapping_msgs__rosidl_typesupport_fastrtps_cppExport-noconfig.cmake
-- Up-to-date: /home/a01004/msg_ws/install/autoware_auto_mapping_msgs/share/autoware_auto_mapping_msgs/cmake/autoware_auto_mapping_msgs__rosidl_typesupport_introspection_cppExport.cmake
-- Up-to-date: /home/a01004/msg_ws/install/autoware_auto_mapping_msgs/share/autoware_auto_mapping_msgs/cmake/autoware_auto_mapping_msgs__rosidl_typesupport_introspection_cppExport-noconfig.cmake
-- Up-to-date: /home/a01004/msg_ws/install/autoware_auto_mapping_msgs/share/autoware_auto_mapping_msgs/cmake/autoware_auto_mapping_msgs__rosidl_typesupport_cppExport.cmake
-- Up-to-date: /home/a01004/msg_ws/install/autoware_auto_mapping_msgs/share/autoware_auto_mapping_msgs/cmake/autoware_auto_mapping_msgs__rosidl_typesupport_cppExport-noconfig.cmake
-- Up-to-date: /home/a01004/msg_ws/install/autoware_auto_mapping_msgs/share/autoware_auto_mapping_msgs/cmake/export_autoware_auto_mapping_msgs__rosidl_generator_pyExport.cmake
-- Up-to-date: /home/a01004/msg_ws/install/autoware_auto_mapping_msgs/share/autoware_auto_mapping_msgs/cmake/export_autoware_auto_mapping_msgs__rosidl_generator_pyExport-noconfig.cmake
