[0.057s] Invoking command in '/home/a01004/msg_ws2/build/autoware_auto_system_msgs': CMAKE_PREFIX_PATH=${CMAKE_PREFIX_PATH}:/home/a01004/autoware/install/autoware_carla_interface:/home/a01004/autoware/install/ros2agnocast:/home/a01004/autoware/install/autoware_adapi_visualizers:/mnt/hdd/Workspace/ros-bridge/install/rqt_carla_control:/mnt/hdd/Workspace/ros-bridge/install/carla_waypoint_publisher:/mnt/hdd/Workspace/ros-bridge/install/carla_ackermann_control:/mnt/hdd/Workspace/ros-bridge/install/carla_ros_bridge:/mnt/hdd/Workspace/ros-bridge/install/carla_spawn_objects:/mnt/hdd/Workspace/ros-bridge/install/carla_manual_control:/mnt/hdd/Workspace/ros-bridge/install/carla_ad_agent:/mnt/hdd/Workspace/ros-bridge/install/ros_compatibility:/mnt/hdd/Workspace/ros-bridge/install/carla_walker_agent:/mnt/hdd/Workspace/ros-bridge/install/carla_twist_to_control:/mnt/hdd/Workspace/ros-bridge/install/carla_ros_scenario_runner:/mnt/hdd/Workspace/ros-bridge/install/carla_common:/opt/ros/humble /usr/bin/cmake --build /home/a01004/msg_ws2/build/autoware_auto_system_msgs -- -j16 -l16
[0.121s] [0mCMake Error: The current CMakeCache.txt directory /home/a01004/msg_ws2/build/autoware_auto_system_msgs/CMakeCache.txt is different than the directory /home/a01004/msg_ws/build/autoware_auto_system_msgs where CMakeCache.txt was created. This may result in binaries being created in the wrong place. If you are not sure, reedit the CMakeCache.txt[0m
[0.202s] -- Found ament_cmake_auto: 1.3.12 (/opt/ros/humble/share/ament_cmake_auto/cmake)
[0.433s] -- Override CMake install command with custom implementation using symlinks instead of copying resources
[0.713s] -- Using all available rosidl_typesupport_c: rosidl_typesupport_fastrtps_c;rosidl_typesupport_introspection_c
[0.716s] -- Found rosidl_adapter: 3.1.8 (/opt/ros/humble/share/rosidl_adapter/cmake)
[0.802s] -- Using all available rosidl_typesupport_cpp: rosidl_typesupport_fastrtps_cpp;rosidl_typesupport_introspection_cpp
[1.054s] -- Found ament_cmake_cppcheck: 0.12.14 (/opt/ros/humble/share/ament_cmake_cppcheck/cmake)
[1.055s] -- Found ament_cmake_cpplint: 0.12.14 (/opt/ros/humble/share/ament_cmake_cpplint/cmake)
[1.056s] -- Found ament_cmake_uncrustify: 0.12.14 (/opt/ros/humble/share/ament_cmake_uncrustify/cmake)
[1.057s] -- Found ament_cmake_ros: 0.10.0 (/opt/ros/humble/share/ament_cmake_ros/cmake)
[1.507s] -- Using all available rosidl_typesupport_c: rosidl_typesupport_fastrtps_c;rosidl_typesupport_introspection_c
[2.071s] -- Using all available rosidl_typesupport_cpp: rosidl_typesupport_fastrtps_cpp;rosidl_typesupport_introspection_cpp
[2.126s] -- Found python_cmake_module: 0.10.0 (/opt/ros/humble/share/python_cmake_module/cmake)
[2.181s] -- Using PYTHON_EXECUTABLE: /usr/bin/python3
[2.181s] -- Using PYTHON_INCLUDE_DIRS: /usr/include/python3.10
[2.182s] -- Using PYTHON_LIBRARIES: /usr/lib/x86_64-linux-gnu/libpython3.10.so
[3.075s] -- Found ament_cmake_flake8: 0.12.14 (/opt/ros/humble/share/ament_cmake_flake8/cmake)
[3.076s] -- Found ament_cmake_pep257: 0.12.14 (/opt/ros/humble/share/ament_cmake_pep257/cmake)
[3.078s] -- Found ament_lint_auto: 0.12.14 (/opt/ros/humble/share/ament_lint_auto/cmake)
[3.100s] -- Added test 'copyright' to check source files copyright and LICENSE
[3.100s] -- Added test 'lint_cmake' to check CMake code style
[3.101s] -- Added test 'xmllint' to check XML markup files
[3.109s] -- Configuring done
[3.224s] -- Generating done
[3.239s] -- Build files have been written to: /home/a01004/msg_ws/build/autoware_auto_system_msgs
[3.459s] [35m[1mConsolidate compiler generated dependencies of target autoware_auto_system_msgs__rosidl_generator_c[0m
[3.548s] [  0%] Built target ament_cmake_python_symlink_autoware_auto_system_msgs
[3.585s] [  1%] [32mBuilding C object CMakeFiles/autoware_auto_system_msgs__rosidl_generator_c.dir/rosidl_generator_c/autoware_auto_system_msgs/msg/detail/autoware_state__functions.c.o[0m
[3.589s] [  2%] [32mBuilding C object CMakeFiles/autoware_auto_system_msgs__rosidl_generator_c.dir/rosidl_generator_c/autoware_auto_system_msgs/msg/detail/diagnostic_header__functions.c.o[0m
[3.594s] [  3%] [32mBuilding C object CMakeFiles/autoware_auto_system_msgs__rosidl_generator_c.dir/rosidl_generator_c/autoware_auto_system_msgs/msg/detail/hazard_status__functions.c.o[0m
[3.608s] [  5%] [32mBuilding C object CMakeFiles/autoware_auto_system_msgs__rosidl_generator_c.dir/rosidl_generator_c/autoware_auto_system_msgs/msg/detail/control_diagnostic__functions.c.o[0m
[3.609s] [  6%] [32mBuilding C object CMakeFiles/autoware_auto_system_msgs__rosidl_generator_c.dir/rosidl_generator_c/autoware_auto_system_msgs/msg/detail/driving_capability__functions.c.o[0m
[3.636s] [  7%] [32mBuilding C object CMakeFiles/autoware_auto_system_msgs__rosidl_generator_c.dir/rosidl_generator_c/autoware_auto_system_msgs/msg/detail/emergency_state__functions.c.o[0m
[3.641s] [  8%] [32mBuilding C object CMakeFiles/autoware_auto_system_msgs__rosidl_generator_c.dir/rosidl_generator_c/autoware_auto_system_msgs/msg/detail/hazard_status_stamped__functions.c.o[0m
[3.646s] [ 10%] Built target autoware_auto_system_msgs__cpp
[3.783s] [ 11%] [34m[1mGenerating C++ type support for eProsima Fast-RTPS[0m
[3.790s] [ 12%] [34m[1mGenerating C++ type support dispatch for ROS interfaces[0m
[4.025s] [35m[1mConsolidate compiler generated dependencies of target autoware_auto_system_msgs__rosidl_typesupport_introspection_cpp[0m
[4.104s] [ 13%] [32m[1mLinking C shared library libautoware_auto_system_msgs__rosidl_generator_c.so[0m
[4.122s] [ 15%] [32mBuilding CXX object CMakeFiles/autoware_auto_system_msgs__rosidl_typesupport_introspection_cpp.dir/rosidl_typesupport_introspection_cpp/autoware_auto_system_msgs/msg/detail/emergency_state__type_support.cpp.o[0m
[4.157s] [ 16%] [32mBuilding CXX object CMakeFiles/autoware_auto_system_msgs__rosidl_typesupport_introspection_cpp.dir/rosidl_typesupport_introspection_cpp/autoware_auto_system_msgs/msg/detail/autoware_state__type_support.cpp.o[0m
[4.157s] [ 17%] [32mBuilding CXX object CMakeFiles/autoware_auto_system_msgs__rosidl_typesupport_introspection_cpp.dir/rosidl_typesupport_introspection_cpp/autoware_auto_system_msgs/msg/detail/driving_capability__type_support.cpp.o[0m
[4.166s] [ 18%] [32mBuilding CXX object CMakeFiles/autoware_auto_system_msgs__rosidl_typesupport_introspection_cpp.dir/rosidl_typesupport_introspection_cpp/autoware_auto_system_msgs/msg/detail/hazard_status_stamped__type_support.cpp.o[0m
[4.166s] [ 20%] [32mBuilding CXX object CMakeFiles/autoware_auto_system_msgs__rosidl_typesupport_introspection_cpp.dir/rosidl_typesupport_introspection_cpp/autoware_auto_system_msgs/msg/detail/control_diagnostic__type_support.cpp.o[0m
[4.170s] [ 21%] [32mBuilding CXX object CMakeFiles/autoware_auto_system_msgs__rosidl_typesupport_introspection_cpp.dir/rosidl_typesupport_introspection_cpp/autoware_auto_system_msgs/msg/detail/hazard_status__type_support.cpp.o[0m
[4.171s] [ 22%] [32mBuilding CXX object CMakeFiles/autoware_auto_system_msgs__rosidl_typesupport_introspection_cpp.dir/rosidl_typesupport_introspection_cpp/autoware_auto_system_msgs/msg/detail/diagnostic_header__type_support.cpp.o[0m
[4.350s] running egg_info
[4.352s] writing autoware_auto_system_msgs.egg-info/PKG-INFO
[4.352s] writing dependency_links to autoware_auto_system_msgs.egg-info/dependency_links.txt
[4.352s] writing top-level names to autoware_auto_system_msgs.egg-info/top_level.txt
[4.371s] reading manifest file 'autoware_auto_system_msgs.egg-info/SOURCES.txt'
[4.371s] writing manifest file 'autoware_auto_system_msgs.egg-info/SOURCES.txt'
[4.415s] [ 24%] Built target autoware_auto_system_msgs__rosidl_generator_c
[4.613s] [ 24%] Built target ament_cmake_python_build_autoware_auto_system_msgs_egg
[4.623s] [ 25%] [34m[1mGenerating C type support dispatch for ROS interfaces[0m
[4.948s] [35m[1mConsolidate compiler generated dependencies of target autoware_auto_system_msgs__rosidl_typesupport_introspection_c[0m
[4.981s] [35m[1mConsolidate compiler generated dependencies of target autoware_auto_system_msgs__rosidl_typesupport_fastrtps_c[0m
[5.074s] [ 26%] [32mBuilding CXX object CMakeFiles/autoware_auto_system_msgs__rosidl_typesupport_fastrtps_c.dir/rosidl_typesupport_fastrtps_c/autoware_auto_system_msgs/msg/detail/autoware_state__type_support_c.cpp.o[0m
[5.089s] [ 27%] [32mBuilding C object CMakeFiles/autoware_auto_system_msgs__rosidl_typesupport_introspection_c.dir/rosidl_typesupport_introspection_c/autoware_auto_system_msgs/msg/detail/emergency_state__type_support.c.o[0m
[5.093s] [ 29%] [32mBuilding C object CMakeFiles/autoware_auto_system_msgs__rosidl_typesupport_introspection_c.dir/rosidl_typesupport_introspection_c/autoware_auto_system_msgs/msg/detail/control_diagnostic__type_support.c.o[0m
[5.098s] [ 30%] [32mBuilding C object CMakeFiles/autoware_auto_system_msgs__rosidl_typesupport_introspection_c.dir/rosidl_typesupport_introspection_c/autoware_auto_system_msgs/msg/detail/diagnostic_header__type_support.c.o[0m
[5.106s] [ 31%] [32mBuilding C object CMakeFiles/autoware_auto_system_msgs__rosidl_typesupport_introspection_c.dir/rosidl_typesupport_introspection_c/autoware_auto_system_msgs/msg/detail/autoware_state__type_support.c.o[0m
[5.139s] [ 32%] [32mBuilding C object CMakeFiles/autoware_auto_system_msgs__rosidl_typesupport_introspection_c.dir/rosidl_typesupport_introspection_c/autoware_auto_system_msgs/msg/detail/driving_capability__type_support.c.o[0m
[5.164s] [35m[1mConsolidate compiler generated dependencies of target autoware_auto_system_msgs__rosidl_typesupport_cpp[0m
[5.314s] [ 34%] [32mBuilding C object CMakeFiles/autoware_auto_system_msgs__rosidl_typesupport_introspection_c.dir/rosidl_typesupport_introspection_c/autoware_auto_system_msgs/msg/detail/hazard_status__type_support.c.o[0m
[5.345s] [ 34%] [34m[1mGenerating C++ type support dispatch for ROS interfaces[0m
[5.420s] [ 35%] [32mBuilding CXX object CMakeFiles/autoware_auto_system_msgs__rosidl_typesupport_fastrtps_c.dir/rosidl_typesupport_fastrtps_c/autoware_auto_system_msgs/msg/detail/control_diagnostic__type_support_c.cpp.o[0m
[5.428s] [ 36%] [32mBuilding CXX object CMakeFiles/autoware_auto_system_msgs__rosidl_typesupport_fastrtps_c.dir/rosidl_typesupport_fastrtps_c/autoware_auto_system_msgs/msg/detail/diagnostic_header__type_support_c.cpp.o[0m
[5.450s] [ 37%] [32mBuilding CXX object CMakeFiles/autoware_auto_system_msgs__rosidl_typesupport_fastrtps_c.dir/rosidl_typesupport_fastrtps_c/autoware_auto_system_msgs/msg/detail/driving_capability__type_support_c.cpp.o[0m
[5.462s] [ 39%] [32mBuilding C object CMakeFiles/autoware_auto_system_msgs__rosidl_typesupport_introspection_c.dir/rosidl_typesupport_introspection_c/autoware_auto_system_msgs/msg/detail/hazard_status_stamped__type_support.c.o[0m
[5.514s] [ 40%] [32mBuilding CXX object CMakeFiles/autoware_auto_system_msgs__rosidl_typesupport_fastrtps_c.dir/rosidl_typesupport_fastrtps_c/autoware_auto_system_msgs/msg/detail/emergency_state__type_support_c.cpp.o[0m
[5.537s] [ 41%] [32mBuilding CXX object CMakeFiles/autoware_auto_system_msgs__rosidl_typesupport_fastrtps_c.dir/rosidl_typesupport_fastrtps_c/autoware_auto_system_msgs/msg/detail/hazard_status_stamped__type_support_c.cpp.o[0m
[5.560s] [ 43%] [32mBuilding CXX object CMakeFiles/autoware_auto_system_msgs__rosidl_typesupport_fastrtps_c.dir/rosidl_typesupport_fastrtps_c/autoware_auto_system_msgs/msg/detail/hazard_status__type_support_c.cpp.o[0m
[5.683s] [ 44%] [32m[1mLinking CXX shared library libautoware_auto_system_msgs__rosidl_typesupport_introspection_cpp.so[0m
[5.809s] [ 45%] [32m[1mLinking C shared library libautoware_auto_system_msgs__rosidl_typesupport_introspection_c.so[0m
[5.995s] [35m[1mConsolidate compiler generated dependencies of target autoware_auto_system_msgs__rosidl_typesupport_fastrtps_cpp[0m
[6.119s] [ 45%] [34m[1mGenerating C++ type support for eProsima Fast-RTPS[0m
[6.130s] [ 46%] Built target autoware_auto_system_msgs__rosidl_typesupport_introspection_c
[6.155s] [ 48%] Built target autoware_auto_system_msgs__rosidl_typesupport_introspection_cpp
[6.304s] [35m[1mConsolidate compiler generated dependencies of target autoware_auto_system_msgs__rosidl_typesupport_c[0m
[6.372s] [ 48%] [34m[1mGenerating C type support dispatch for ROS interfaces[0m
[6.513s] [ 49%] [32m[1mLinking CXX shared library libautoware_auto_system_msgs__rosidl_typesupport_fastrtps_c.so[0m
[6.682s] [ 59%] Built target autoware_auto_system_msgs__rosidl_typesupport_cpp
[6.791s] [ 60%] Built target autoware_auto_system_msgs__rosidl_typesupport_fastrtps_c
[7.282s] [ 70%] Built target autoware_auto_system_msgs__rosidl_typesupport_fastrtps_cpp
[7.349s] [ 72%] [32m[1mLinking CXX shared library libautoware_auto_system_msgs__rosidl_typesupport_c.so[0m
[7.518s] [ 81%] Built target autoware_auto_system_msgs__rosidl_typesupport_c
[7.617s] [ 81%] Built target autoware_auto_system_msgs
[7.776s] [ 82%] Built target autoware_auto_system_msgs__py
[7.844s] [35m[1mConsolidate compiler generated dependencies of target autoware_auto_system_msgs__rosidl_generator_py[0m
[7.909s] [ 83%] [32mBuilding C object CMakeFiles/autoware_auto_system_msgs__rosidl_generator_py.dir/rosidl_generator_py/autoware_auto_system_msgs/msg/_autoware_state_s.c.o[0m
[7.909s] [ 84%] [32mBuilding C object CMakeFiles/autoware_auto_system_msgs__rosidl_generator_py.dir/rosidl_generator_py/autoware_auto_system_msgs/msg/_control_diagnostic_s.c.o[0m
[7.909s] [ 86%] [32mBuilding C object CMakeFiles/autoware_auto_system_msgs__rosidl_generator_py.dir/rosidl_generator_py/autoware_auto_system_msgs/msg/_hazard_status_s.c.o[0m
[7.912s] [ 88%] [32mBuilding C object CMakeFiles/autoware_auto_system_msgs__rosidl_generator_py.dir/rosidl_generator_py/autoware_auto_system_msgs/msg/_diagnostic_header_s.c.o[0m
[7.913s] [ 88%] [32mBuilding C object CMakeFiles/autoware_auto_system_msgs__rosidl_generator_py.dir/rosidl_generator_py/autoware_auto_system_msgs/msg/_driving_capability_s.c.o[0m
[7.916s] [ 89%] [32mBuilding C object CMakeFiles/autoware_auto_system_msgs__rosidl_generator_py.dir/rosidl_generator_py/autoware_auto_system_msgs/msg/_hazard_status_stamped_s.c.o[0m
[7.918s] [ 91%] [32mBuilding C object CMakeFiles/autoware_auto_system_msgs__rosidl_generator_py.dir/rosidl_generator_py/autoware_auto_system_msgs/msg/_emergency_state_s.c.o[0m
[8.332s] [ 92%] [32m[1mLinking C shared library rosidl_generator_py/autoware_auto_system_msgs/libautoware_auto_system_msgs__rosidl_generator_py.so[0m
[8.551s] [ 92%] Built target autoware_auto_system_msgs__rosidl_generator_py
[8.591s] [35m[1mConsolidate compiler generated dependencies of target autoware_auto_system_msgs__rosidl_typesupport_c__pyext[0m
[8.591s] [35m[1mConsolidate compiler generated dependencies of target autoware_auto_system_msgs__rosidl_typesupport_fastrtps_c__pyext[0m
[8.591s] [35m[1mConsolidate compiler generated dependencies of target autoware_auto_system_msgs__rosidl_typesupport_introspection_c__pyext[0m
[8.630s] [ 96%] [32mBuilding C object CMakeFiles/autoware_auto_system_msgs__rosidl_typesupport_fastrtps_c__pyext.dir/rosidl_generator_py/autoware_auto_system_msgs/_autoware_auto_system_msgs_s.ep.rosidl_typesupport_fastrtps_c.c.o[0m
[8.630s] [ 96%] [32mBuilding C object CMakeFiles/autoware_auto_system_msgs__rosidl_typesupport_c__pyext.dir/rosidl_generator_py/autoware_auto_system_msgs/_autoware_auto_system_msgs_s.ep.rosidl_typesupport_c.c.o[0m
[8.630s] [ 96%] [32mBuilding C object CMakeFiles/autoware_auto_system_msgs__rosidl_typesupport_introspection_c__pyext.dir/rosidl_generator_py/autoware_auto_system_msgs/_autoware_auto_system_msgs_s.ep.rosidl_typesupport_introspection_c.c.o[0m
[8.828s] [100%] [32m[1mLinking C shared library rosidl_generator_py/autoware_auto_system_msgs/autoware_auto_system_msgs_s__rosidl_typesupport_c.cpython-310-x86_64-linux-gnu.so[0m
[8.828s] [100%] [32m[1mLinking C shared library rosidl_generator_py/autoware_auto_system_msgs/autoware_auto_system_msgs_s__rosidl_typesupport_fastrtps_c.cpython-310-x86_64-linux-gnu.so[0m
[8.828s] [100%] [32m[1mLinking C shared library rosidl_generator_py/autoware_auto_system_msgs/autoware_auto_system_msgs_s__rosidl_typesupport_introspection_c.cpython-310-x86_64-linux-gnu.so[0m
[8.928s] [100%] Built target autoware_auto_system_msgs__rosidl_typesupport_c__pyext
[8.928s] [100%] Built target autoware_auto_system_msgs__rosidl_typesupport_introspection_c__pyext
[8.928s] [100%] Built target autoware_auto_system_msgs__rosidl_typesupport_fastrtps_c__pyext
[8.956s] Invoked command in '/home/a01004/msg_ws2/build/autoware_auto_system_msgs' returned '0': CMAKE_PREFIX_PATH=${CMAKE_PREFIX_PATH}:/home/a01004/autoware/install/autoware_carla_interface:/home/a01004/autoware/install/ros2agnocast:/home/a01004/autoware/install/autoware_adapi_visualizers:/mnt/hdd/Workspace/ros-bridge/install/rqt_carla_control:/mnt/hdd/Workspace/ros-bridge/install/carla_waypoint_publisher:/mnt/hdd/Workspace/ros-bridge/install/carla_ackermann_control:/mnt/hdd/Workspace/ros-bridge/install/carla_ros_bridge:/mnt/hdd/Workspace/ros-bridge/install/carla_spawn_objects:/mnt/hdd/Workspace/ros-bridge/install/carla_manual_control:/mnt/hdd/Workspace/ros-bridge/install/carla_ad_agent:/mnt/hdd/Workspace/ros-bridge/install/ros_compatibility:/mnt/hdd/Workspace/ros-bridge/install/carla_walker_agent:/mnt/hdd/Workspace/ros-bridge/install/carla_twist_to_control:/mnt/hdd/Workspace/ros-bridge/install/carla_ros_scenario_runner:/mnt/hdd/Workspace/ros-bridge/install/carla_common:/opt/ros/humble /usr/bin/cmake --build /home/a01004/msg_ws2/build/autoware_auto_system_msgs -- -j16 -l16
[8.958s] Invoking command in '/home/a01004/msg_ws2/build/autoware_auto_system_msgs': CMAKE_PREFIX_PATH=${CMAKE_PREFIX_PATH}:/home/a01004/autoware/install/autoware_carla_interface:/home/a01004/autoware/install/ros2agnocast:/home/a01004/autoware/install/autoware_adapi_visualizers:/mnt/hdd/Workspace/ros-bridge/install/rqt_carla_control:/mnt/hdd/Workspace/ros-bridge/install/carla_waypoint_publisher:/mnt/hdd/Workspace/ros-bridge/install/carla_ackermann_control:/mnt/hdd/Workspace/ros-bridge/install/carla_ros_bridge:/mnt/hdd/Workspace/ros-bridge/install/carla_spawn_objects:/mnt/hdd/Workspace/ros-bridge/install/carla_manual_control:/mnt/hdd/Workspace/ros-bridge/install/carla_ad_agent:/mnt/hdd/Workspace/ros-bridge/install/ros_compatibility:/mnt/hdd/Workspace/ros-bridge/install/carla_walker_agent:/mnt/hdd/Workspace/ros-bridge/install/carla_twist_to_control:/mnt/hdd/Workspace/ros-bridge/install/carla_ros_scenario_runner:/mnt/hdd/Workspace/ros-bridge/install/carla_common:/opt/ros/humble /usr/bin/cmake --install /home/a01004/msg_ws2/build/autoware_auto_system_msgs
[8.984s] -- Install configuration: ""
[8.984s] -- Execute custom install script
[8.985s] -- Up-to-date symlink: /home/a01004/msg_ws/install/autoware_auto_system_msgs/share/ament_index/resource_index/rosidl_interfaces/autoware_auto_system_msgs
[8.986s] -- Up-to-date symlink: /home/a01004/msg_ws/install/autoware_auto_system_msgs/include/autoware_auto_system_msgs/autoware_auto_system_msgs/msg/autoware_state.h
[8.986s] -- Up-to-date symlink: /home/a01004/msg_ws/install/autoware_auto_system_msgs/include/autoware_auto_system_msgs/autoware_auto_system_msgs/msg/control_diagnostic.h
[8.987s] -- Up-to-date symlink: /home/a01004/msg_ws/install/autoware_auto_system_msgs/include/autoware_auto_system_msgs/autoware_auto_system_msgs/msg/detail/autoware_state__functions.h
[8.987s] -- Up-to-date symlink: /home/a01004/msg_ws/install/autoware_auto_system_msgs/include/autoware_auto_system_msgs/autoware_auto_system_msgs/msg/detail/autoware_state__struct.h
[8.987s] -- Up-to-date symlink: /home/a01004/msg_ws/install/autoware_auto_system_msgs/include/autoware_auto_system_msgs/autoware_auto_system_msgs/msg/detail/autoware_state__type_support.h
[8.987s] -- Up-to-date symlink: /home/a01004/msg_ws/install/autoware_auto_system_msgs/include/autoware_auto_system_msgs/autoware_auto_system_msgs/msg/detail/control_diagnostic__functions.h
[8.987s] -- Up-to-date symlink: /home/a01004/msg_ws/install/autoware_auto_system_msgs/include/autoware_auto_system_msgs/autoware_auto_system_msgs/msg/detail/control_diagnostic__struct.h
[8.988s] -- Up-to-date symlink: /home/a01004/msg_ws/install/autoware_auto_system_msgs/include/autoware_auto_system_msgs/autoware_auto_system_msgs/msg/detail/control_diagnostic__type_support.h
[8.988s] -- Up-to-date symlink: /home/a01004/msg_ws/install/autoware_auto_system_msgs/include/autoware_auto_system_msgs/autoware_auto_system_msgs/msg/detail/diagnostic_header__functions.h
[8.988s] -- Up-to-date symlink: /home/a01004/msg_ws/install/autoware_auto_system_msgs/include/autoware_auto_system_msgs/autoware_auto_system_msgs/msg/detail/diagnostic_header__struct.h
[8.988s] -- Up-to-date symlink: /home/a01004/msg_ws/install/autoware_auto_system_msgs/include/autoware_auto_system_msgs/autoware_auto_system_msgs/msg/detail/diagnostic_header__type_support.h
[8.988s] -- Up-to-date symlink: /home/a01004/msg_ws/install/autoware_auto_system_msgs/include/autoware_auto_system_msgs/autoware_auto_system_msgs/msg/detail/driving_capability__functions.h
[8.989s] -- Up-to-date symlink: /home/a01004/msg_ws/install/autoware_auto_system_msgs/include/autoware_auto_system_msgs/autoware_auto_system_msgs/msg/detail/driving_capability__struct.h
[8.989s] -- Up-to-date symlink: /home/a01004/msg_ws/install/autoware_auto_system_msgs/include/autoware_auto_system_msgs/autoware_auto_system_msgs/msg/detail/driving_capability__type_support.h
[8.989s] -- Up-to-date symlink: /home/a01004/msg_ws/install/autoware_auto_system_msgs/include/autoware_auto_system_msgs/autoware_auto_system_msgs/msg/detail/emergency_state__functions.h
[8.989s] -- Up-to-date symlink: /home/a01004/msg_ws/install/autoware_auto_system_msgs/include/autoware_auto_system_msgs/autoware_auto_system_msgs/msg/detail/emergency_state__struct.h
[8.989s] -- Up-to-date symlink: /home/a01004/msg_ws/install/autoware_auto_system_msgs/include/autoware_auto_system_msgs/autoware_auto_system_msgs/msg/detail/emergency_state__type_support.h
[8.990s] -- Up-to-date symlink: /home/a01004/msg_ws/install/autoware_auto_system_msgs/include/autoware_auto_system_msgs/autoware_auto_system_msgs/msg/detail/hazard_status__functions.h
[8.990s] -- Up-to-date symlink: /home/a01004/msg_ws/install/autoware_auto_system_msgs/include/autoware_auto_system_msgs/autoware_auto_system_msgs/msg/detail/hazard_status__struct.h
[8.990s] -- Up-to-date symlink: /home/a01004/msg_ws/install/autoware_auto_system_msgs/include/autoware_auto_system_msgs/autoware_auto_system_msgs/msg/detail/hazard_status__type_support.h
[8.990s] -- Up-to-date symlink: /home/a01004/msg_ws/install/autoware_auto_system_msgs/include/autoware_auto_system_msgs/autoware_auto_system_msgs/msg/detail/hazard_status_stamped__functions.h
[8.991s] -- Up-to-date symlink: /home/a01004/msg_ws/install/autoware_auto_system_msgs/include/autoware_auto_system_msgs/autoware_auto_system_msgs/msg/detail/hazard_status_stamped__struct.h
[8.991s] -- Up-to-date symlink: /home/a01004/msg_ws/install/autoware_auto_system_msgs/include/autoware_auto_system_msgs/autoware_auto_system_msgs/msg/detail/hazard_status_stamped__type_support.h
[8.991s] -- Up-to-date symlink: /home/a01004/msg_ws/install/autoware_auto_system_msgs/include/autoware_auto_system_msgs/autoware_auto_system_msgs/msg/diagnostic_header.h
[8.991s] -- Up-to-date symlink: /home/a01004/msg_ws/install/autoware_auto_system_msgs/include/autoware_auto_system_msgs/autoware_auto_system_msgs/msg/driving_capability.h
[8.991s] -- Up-to-date symlink: /home/a01004/msg_ws/install/autoware_auto_system_msgs/include/autoware_auto_system_msgs/autoware_auto_system_msgs/msg/emergency_state.h
[8.992s] -- Up-to-date symlink: /home/a01004/msg_ws/install/autoware_auto_system_msgs/include/autoware_auto_system_msgs/autoware_auto_system_msgs/msg/hazard_status.h
[8.992s] -- Up-to-date symlink: /home/a01004/msg_ws/install/autoware_auto_system_msgs/include/autoware_auto_system_msgs/autoware_auto_system_msgs/msg/hazard_status_stamped.h
[8.992s] -- Up-to-date symlink: /home/a01004/msg_ws/install/autoware_auto_system_msgs/include/autoware_auto_system_msgs/autoware_auto_system_msgs/msg/rosidl_generator_c__visibility_control.h
[8.992s] -- Up-to-date symlink: /home/a01004/msg_ws/install/autoware_auto_system_msgs/share/autoware_auto_system_msgs/environment/library_path.sh
[8.992s] -- Up-to-date symlink: /home/a01004/msg_ws/install/autoware_auto_system_msgs/share/autoware_auto_system_msgs/environment/library_path.dsv
[8.993s] -- Up-to-date symlink: /home/a01004/msg_ws/install/autoware_auto_system_msgs/include/autoware_auto_system_msgs/autoware_auto_system_msgs/msg/detail/autoware_state__rosidl_typesupport_fastrtps_c.h
[8.993s] -- Up-to-date symlink: /home/a01004/msg_ws/install/autoware_auto_system_msgs/include/autoware_auto_system_msgs/autoware_auto_system_msgs/msg/detail/control_diagnostic__rosidl_typesupport_fastrtps_c.h
[8.993s] -- Up-to-date symlink: /home/a01004/msg_ws/install/autoware_auto_system_msgs/include/autoware_auto_system_msgs/autoware_auto_system_msgs/msg/detail/diagnostic_header__rosidl_typesupport_fastrtps_c.h
[8.994s] -- Up-to-date symlink: /home/a01004/msg_ws/install/autoware_auto_system_msgs/include/autoware_auto_system_msgs/autoware_auto_system_msgs/msg/detail/driving_capability__rosidl_typesupport_fastrtps_c.h
[8.994s] -- Up-to-date symlink: /home/a01004/msg_ws/install/autoware_auto_system_msgs/include/autoware_auto_system_msgs/autoware_auto_system_msgs/msg/detail/emergency_state__rosidl_typesupport_fastrtps_c.h
[8.994s] -- Up-to-date symlink: /home/a01004/msg_ws/install/autoware_auto_system_msgs/include/autoware_auto_system_msgs/autoware_auto_system_msgs/msg/detail/hazard_status__rosidl_typesupport_fastrtps_c.h
[8.994s] -- Up-to-date symlink: /home/a01004/msg_ws/install/autoware_auto_system_msgs/include/autoware_auto_system_msgs/autoware_auto_system_msgs/msg/detail/hazard_status_stamped__rosidl_typesupport_fastrtps_c.h
[8.994s] -- Up-to-date symlink: /home/a01004/msg_ws/install/autoware_auto_system_msgs/include/autoware_auto_system_msgs/autoware_auto_system_msgs/msg/rosidl_typesupport_fastrtps_c__visibility_control.h
[8.995s] -- Up-to-date symlink: /home/a01004/msg_ws/install/autoware_auto_system_msgs/include/autoware_auto_system_msgs/autoware_auto_system_msgs/msg/detail/autoware_state__rosidl_typesupport_introspection_c.h
[8.995s] -- Up-to-date symlink: /home/a01004/msg_ws/install/autoware_auto_system_msgs/include/autoware_auto_system_msgs/autoware_auto_system_msgs/msg/detail/control_diagnostic__rosidl_typesupport_introspection_c.h
[8.995s] -- Up-to-date symlink: /home/a01004/msg_ws/install/autoware_auto_system_msgs/include/autoware_auto_system_msgs/autoware_auto_system_msgs/msg/detail/diagnostic_header__rosidl_typesupport_introspection_c.h
[8.995s] -- Up-to-date symlink: /home/a01004/msg_ws/install/autoware_auto_system_msgs/include/autoware_auto_system_msgs/autoware_auto_system_msgs/msg/detail/driving_capability__rosidl_typesupport_introspection_c.h
[8.996s] -- Up-to-date symlink: /home/a01004/msg_ws/install/autoware_auto_system_msgs/include/autoware_auto_system_msgs/autoware_auto_system_msgs/msg/detail/emergency_state__rosidl_typesupport_introspection_c.h
[8.996s] -- Up-to-date symlink: /home/a01004/msg_ws/install/autoware_auto_system_msgs/include/autoware_auto_system_msgs/autoware_auto_system_msgs/msg/detail/hazard_status__rosidl_typesupport_introspection_c.h
[8.996s] -- Up-to-date symlink: /home/a01004/msg_ws/install/autoware_auto_system_msgs/include/autoware_auto_system_msgs/autoware_auto_system_msgs/msg/detail/hazard_status_stamped__rosidl_typesupport_introspection_c.h
[8.996s] -- Up-to-date symlink: /home/a01004/msg_ws/install/autoware_auto_system_msgs/include/autoware_auto_system_msgs/autoware_auto_system_msgs/msg/rosidl_typesupport_introspection_c__visibility_control.h
[8.997s] -- Up-to-date symlink: /home/a01004/msg_ws/install/autoware_auto_system_msgs/include/autoware_auto_system_msgs/autoware_auto_system_msgs/msg/autoware_state.hpp
[8.997s] -- Up-to-date symlink: /home/a01004/msg_ws/install/autoware_auto_system_msgs/include/autoware_auto_system_msgs/autoware_auto_system_msgs/msg/control_diagnostic.hpp
[8.997s] -- Up-to-date symlink: /home/a01004/msg_ws/install/autoware_auto_system_msgs/include/autoware_auto_system_msgs/autoware_auto_system_msgs/msg/detail/autoware_state__builder.hpp
[8.997s] -- Up-to-date symlink: /home/a01004/msg_ws/install/autoware_auto_system_msgs/include/autoware_auto_system_msgs/autoware_auto_system_msgs/msg/detail/autoware_state__struct.hpp
[8.998s] -- Up-to-date symlink: /home/a01004/msg_ws/install/autoware_auto_system_msgs/include/autoware_auto_system_msgs/autoware_auto_system_msgs/msg/detail/autoware_state__traits.hpp
[8.998s] -- Up-to-date symlink: /home/a01004/msg_ws/install/autoware_auto_system_msgs/include/autoware_auto_system_msgs/autoware_auto_system_msgs/msg/detail/autoware_state__type_support.hpp
[8.998s] -- Up-to-date symlink: /home/a01004/msg_ws/install/autoware_auto_system_msgs/include/autoware_auto_system_msgs/autoware_auto_system_msgs/msg/detail/control_diagnostic__builder.hpp
[8.998s] -- Up-to-date symlink: /home/a01004/msg_ws/install/autoware_auto_system_msgs/include/autoware_auto_system_msgs/autoware_auto_system_msgs/msg/detail/control_diagnostic__struct.hpp
[8.998s] -- Up-to-date symlink: /home/a01004/msg_ws/install/autoware_auto_system_msgs/include/autoware_auto_system_msgs/autoware_auto_system_msgs/msg/detail/control_diagnostic__traits.hpp
[8.999s] -- Up-to-date symlink: /home/a01004/msg_ws/install/autoware_auto_system_msgs/include/autoware_auto_system_msgs/autoware_auto_system_msgs/msg/detail/control_diagnostic__type_support.hpp
[8.999s] -- Up-to-date symlink: /home/a01004/msg_ws/install/autoware_auto_system_msgs/include/autoware_auto_system_msgs/autoware_auto_system_msgs/msg/detail/diagnostic_header__builder.hpp
[8.999s] -- Up-to-date symlink: /home/a01004/msg_ws/install/autoware_auto_system_msgs/include/autoware_auto_system_msgs/autoware_auto_system_msgs/msg/detail/diagnostic_header__struct.hpp
[8.999s] -- Up-to-date symlink: /home/a01004/msg_ws/install/autoware_auto_system_msgs/include/autoware_auto_system_msgs/autoware_auto_system_msgs/msg/detail/diagnostic_header__traits.hpp
[8.999s] -- Up-to-date symlink: /home/a01004/msg_ws/install/autoware_auto_system_msgs/include/autoware_auto_system_msgs/autoware_auto_system_msgs/msg/detail/diagnostic_header__type_support.hpp
[9.000s] -- Up-to-date symlink: /home/a01004/msg_ws/install/autoware_auto_system_msgs/include/autoware_auto_system_msgs/autoware_auto_system_msgs/msg/detail/driving_capability__builder.hpp
[9.000s] -- Up-to-date symlink: /home/a01004/msg_ws/install/autoware_auto_system_msgs/include/autoware_auto_system_msgs/autoware_auto_system_msgs/msg/detail/driving_capability__struct.hpp
[9.000s] -- Up-to-date symlink: /home/a01004/msg_ws/install/autoware_auto_system_msgs/include/autoware_auto_system_msgs/autoware_auto_system_msgs/msg/detail/driving_capability__traits.hpp
[9.000s] -- Up-to-date symlink: /home/a01004/msg_ws/install/autoware_auto_system_msgs/include/autoware_auto_system_msgs/autoware_auto_system_msgs/msg/detail/driving_capability__type_support.hpp
[9.000s] -- Up-to-date symlink: /home/a01004/msg_ws/install/autoware_auto_system_msgs/include/autoware_auto_system_msgs/autoware_auto_system_msgs/msg/detail/emergency_state__builder.hpp
[9.001s] -- Up-to-date symlink: /home/a01004/msg_ws/install/autoware_auto_system_msgs/include/autoware_auto_system_msgs/autoware_auto_system_msgs/msg/detail/emergency_state__struct.hpp
[9.001s] -- Up-to-date symlink: /home/a01004/msg_ws/install/autoware_auto_system_msgs/include/autoware_auto_system_msgs/autoware_auto_system_msgs/msg/detail/emergency_state__traits.hpp
[9.001s] -- Up-to-date symlink: /home/a01004/msg_ws/install/autoware_auto_system_msgs/include/autoware_auto_system_msgs/autoware_auto_system_msgs/msg/detail/emergency_state__type_support.hpp
[9.001s] -- Up-to-date symlink: /home/a01004/msg_ws/install/autoware_auto_system_msgs/include/autoware_auto_system_msgs/autoware_auto_system_msgs/msg/detail/hazard_status__builder.hpp
[9.001s] -- Up-to-date symlink: /home/a01004/msg_ws/install/autoware_auto_system_msgs/include/autoware_auto_system_msgs/autoware_auto_system_msgs/msg/detail/hazard_status__struct.hpp
[9.002s] -- Up-to-date symlink: /home/a01004/msg_ws/install/autoware_auto_system_msgs/include/autoware_auto_system_msgs/autoware_auto_system_msgs/msg/detail/hazard_status__traits.hpp
[9.002s] -- Up-to-date symlink: /home/a01004/msg_ws/install/autoware_auto_system_msgs/include/autoware_auto_system_msgs/autoware_auto_system_msgs/msg/detail/hazard_status__type_support.hpp
[9.002s] -- Up-to-date symlink: /home/a01004/msg_ws/install/autoware_auto_system_msgs/include/autoware_auto_system_msgs/autoware_auto_system_msgs/msg/detail/hazard_status_stamped__builder.hpp
[9.002s] -- Up-to-date symlink: /home/a01004/msg_ws/install/autoware_auto_system_msgs/include/autoware_auto_system_msgs/autoware_auto_system_msgs/msg/detail/hazard_status_stamped__struct.hpp
[9.002s] -- Up-to-date symlink: /home/a01004/msg_ws/install/autoware_auto_system_msgs/include/autoware_auto_system_msgs/autoware_auto_system_msgs/msg/detail/hazard_status_stamped__traits.hpp
[9.003s] -- Up-to-date symlink: /home/a01004/msg_ws/install/autoware_auto_system_msgs/include/autoware_auto_system_msgs/autoware_auto_system_msgs/msg/detail/hazard_status_stamped__type_support.hpp
[9.003s] -- Up-to-date symlink: /home/a01004/msg_ws/install/autoware_auto_system_msgs/include/autoware_auto_system_msgs/autoware_auto_system_msgs/msg/diagnostic_header.hpp
[9.003s] -- Up-to-date symlink: /home/a01004/msg_ws/install/autoware_auto_system_msgs/include/autoware_auto_system_msgs/autoware_auto_system_msgs/msg/driving_capability.hpp
[9.003s] -- Up-to-date symlink: /home/a01004/msg_ws/install/autoware_auto_system_msgs/include/autoware_auto_system_msgs/autoware_auto_system_msgs/msg/emergency_state.hpp
[9.004s] -- Up-to-date symlink: /home/a01004/msg_ws/install/autoware_auto_system_msgs/include/autoware_auto_system_msgs/autoware_auto_system_msgs/msg/hazard_status.hpp
[9.004s] -- Up-to-date symlink: /home/a01004/msg_ws/install/autoware_auto_system_msgs/include/autoware_auto_system_msgs/autoware_auto_system_msgs/msg/hazard_status_stamped.hpp
[9.004s] -- Up-to-date symlink: /home/a01004/msg_ws/install/autoware_auto_system_msgs/include/autoware_auto_system_msgs/autoware_auto_system_msgs/msg/rosidl_generator_cpp__visibility_control.hpp
[9.004s] -- Up-to-date symlink: /home/a01004/msg_ws/install/autoware_auto_system_msgs/include/autoware_auto_system_msgs/autoware_auto_system_msgs/msg/detail/autoware_state__rosidl_typesupport_fastrtps_cpp.hpp
[9.005s] -- Up-to-date symlink: /home/a01004/msg_ws/install/autoware_auto_system_msgs/include/autoware_auto_system_msgs/autoware_auto_system_msgs/msg/detail/control_diagnostic__rosidl_typesupport_fastrtps_cpp.hpp
[9.005s] -- Up-to-date symlink: /home/a01004/msg_ws/install/autoware_auto_system_msgs/include/autoware_auto_system_msgs/autoware_auto_system_msgs/msg/detail/diagnostic_header__rosidl_typesupport_fastrtps_cpp.hpp
[9.005s] -- Up-to-date symlink: /home/a01004/msg_ws/install/autoware_auto_system_msgs/include/autoware_auto_system_msgs/autoware_auto_system_msgs/msg/detail/driving_capability__rosidl_typesupport_fastrtps_cpp.hpp
[9.005s] -- Up-to-date symlink: /home/a01004/msg_ws/install/autoware_auto_system_msgs/include/autoware_auto_system_msgs/autoware_auto_system_msgs/msg/detail/emergency_state__rosidl_typesupport_fastrtps_cpp.hpp
[9.006s] -- Up-to-date symlink: /home/a01004/msg_ws/install/autoware_auto_system_msgs/include/autoware_auto_system_msgs/autoware_auto_system_msgs/msg/detail/hazard_status__rosidl_typesupport_fastrtps_cpp.hpp
[9.006s] -- Up-to-date symlink: /home/a01004/msg_ws/install/autoware_auto_system_msgs/include/autoware_auto_system_msgs/autoware_auto_system_msgs/msg/detail/hazard_status_stamped__rosidl_typesupport_fastrtps_cpp.hpp
[9.006s] -- Up-to-date symlink: /home/a01004/msg_ws/install/autoware_auto_system_msgs/include/autoware_auto_system_msgs/autoware_auto_system_msgs/msg/rosidl_typesupport_fastrtps_cpp__visibility_control.h
[9.006s] -- Up-to-date symlink: /home/a01004/msg_ws/install/autoware_auto_system_msgs/include/autoware_auto_system_msgs/autoware_auto_system_msgs/msg/detail/autoware_state__rosidl_typesupport_introspection_cpp.hpp
[9.007s] -- Up-to-date symlink: /home/a01004/msg_ws/install/autoware_auto_system_msgs/include/autoware_auto_system_msgs/autoware_auto_system_msgs/msg/detail/control_diagnostic__rosidl_typesupport_introspection_cpp.hpp
[9.007s] -- Up-to-date symlink: /home/a01004/msg_ws/install/autoware_auto_system_msgs/include/autoware_auto_system_msgs/autoware_auto_system_msgs/msg/detail/diagnostic_header__rosidl_typesupport_introspection_cpp.hpp
[9.007s] -- Up-to-date symlink: /home/a01004/msg_ws/install/autoware_auto_system_msgs/include/autoware_auto_system_msgs/autoware_auto_system_msgs/msg/detail/driving_capability__rosidl_typesupport_introspection_cpp.hpp
[9.007s] -- Up-to-date symlink: /home/a01004/msg_ws/install/autoware_auto_system_msgs/include/autoware_auto_system_msgs/autoware_auto_system_msgs/msg/detail/emergency_state__rosidl_typesupport_introspection_cpp.hpp
[9.007s] -- Up-to-date symlink: /home/a01004/msg_ws/install/autoware_auto_system_msgs/include/autoware_auto_system_msgs/autoware_auto_system_msgs/msg/detail/hazard_status__rosidl_typesupport_introspection_cpp.hpp
[9.008s] -- Up-to-date symlink: /home/a01004/msg_ws/install/autoware_auto_system_msgs/include/autoware_auto_system_msgs/autoware_auto_system_msgs/msg/detail/hazard_status_stamped__rosidl_typesupport_introspection_cpp.hpp
[9.008s] -- Up-to-date symlink: /home/a01004/msg_ws/install/autoware_auto_system_msgs/share/autoware_auto_system_msgs/environment/pythonpath.sh
[9.008s] -- Up-to-date symlink: /home/a01004/msg_ws/install/autoware_auto_system_msgs/share/autoware_auto_system_msgs/environment/pythonpath.dsv
[9.008s] -- Up-to-date symlink: /home/a01004/msg_ws/install/autoware_auto_system_msgs/local/lib/python3.10/dist-packages/autoware_auto_system_msgs-1.0.0-py3.10.egg-info/PKG-INFO
[9.008s] -- Up-to-date symlink: /home/a01004/msg_ws/install/autoware_auto_system_msgs/local/lib/python3.10/dist-packages/autoware_auto_system_msgs-1.0.0-py3.10.egg-info/SOURCES.txt
[9.009s] -- Up-to-date symlink: /home/a01004/msg_ws/install/autoware_auto_system_msgs/local/lib/python3.10/dist-packages/autoware_auto_system_msgs-1.0.0-py3.10.egg-info/dependency_links.txt
[9.009s] -- Up-to-date symlink: /home/a01004/msg_ws/install/autoware_auto_system_msgs/local/lib/python3.10/dist-packages/autoware_auto_system_msgs-1.0.0-py3.10.egg-info/top_level.txt
[9.010s] -- Up-to-date symlink: /home/a01004/msg_ws/install/autoware_auto_system_msgs/local/lib/python3.10/dist-packages/autoware_auto_system_msgs/__init__.py
[9.010s] -- Up-to-date symlink: /home/a01004/msg_ws/install/autoware_auto_system_msgs/local/lib/python3.10/dist-packages/autoware_auto_system_msgs/_autoware_auto_system_msgs_s.ep.rosidl_typesupport_c.c
[9.010s] -- Up-to-date symlink: /home/a01004/msg_ws/install/autoware_auto_system_msgs/local/lib/python3.10/dist-packages/autoware_auto_system_msgs/_autoware_auto_system_msgs_s.ep.rosidl_typesupport_fastrtps_c.c
[9.010s] -- Up-to-date symlink: /home/a01004/msg_ws/install/autoware_auto_system_msgs/local/lib/python3.10/dist-packages/autoware_auto_system_msgs/_autoware_auto_system_msgs_s.ep.rosidl_typesupport_introspection_c.c
[9.010s] -- Up-to-date symlink: /home/a01004/msg_ws/install/autoware_auto_system_msgs/local/lib/python3.10/dist-packages/autoware_auto_system_msgs/autoware_auto_system_msgs_s__rosidl_typesupport_c.cpython-310-x86_64-linux-gnu.so
[9.011s] -- Up-to-date symlink: /home/a01004/msg_ws/install/autoware_auto_system_msgs/local/lib/python3.10/dist-packages/autoware_auto_system_msgs/autoware_auto_system_msgs_s__rosidl_typesupport_fastrtps_c.cpython-310-x86_64-linux-gnu.so
[9.011s] -- Up-to-date symlink: /home/a01004/msg_ws/install/autoware_auto_system_msgs/local/lib/python3.10/dist-packages/autoware_auto_system_msgs/autoware_auto_system_msgs_s__rosidl_typesupport_introspection_c.cpython-310-x86_64-linux-gnu.so
[9.011s] -- Up-to-date symlink: /home/a01004/msg_ws/install/autoware_auto_system_msgs/local/lib/python3.10/dist-packages/autoware_auto_system_msgs/libautoware_auto_system_msgs__rosidl_generator_py.so
[9.011s] -- Up-to-date symlink: /home/a01004/msg_ws/install/autoware_auto_system_msgs/local/lib/python3.10/dist-packages/autoware_auto_system_msgs/msg/__init__.py
[9.012s] -- Up-to-date symlink: /home/a01004/msg_ws/install/autoware_auto_system_msgs/local/lib/python3.10/dist-packages/autoware_auto_system_msgs/msg/_autoware_state.py
[9.012s] -- Up-to-date symlink: /home/a01004/msg_ws/install/autoware_auto_system_msgs/local/lib/python3.10/dist-packages/autoware_auto_system_msgs/msg/_autoware_state_s.c
[9.012s] -- Up-to-date symlink: /home/a01004/msg_ws/install/autoware_auto_system_msgs/local/lib/python3.10/dist-packages/autoware_auto_system_msgs/msg/_control_diagnostic.py
[9.012s] -- Up-to-date symlink: /home/a01004/msg_ws/install/autoware_auto_system_msgs/local/lib/python3.10/dist-packages/autoware_auto_system_msgs/msg/_control_diagnostic_s.c
[9.012s] -- Up-to-date symlink: /home/a01004/msg_ws/install/autoware_auto_system_msgs/local/lib/python3.10/dist-packages/autoware_auto_system_msgs/msg/_diagnostic_header.py
[9.013s] -- Up-to-date symlink: /home/a01004/msg_ws/install/autoware_auto_system_msgs/local/lib/python3.10/dist-packages/autoware_auto_system_msgs/msg/_diagnostic_header_s.c
[9.013s] -- Up-to-date symlink: /home/a01004/msg_ws/install/autoware_auto_system_msgs/local/lib/python3.10/dist-packages/autoware_auto_system_msgs/msg/_driving_capability.py
[9.013s] -- Up-to-date symlink: /home/a01004/msg_ws/install/autoware_auto_system_msgs/local/lib/python3.10/dist-packages/autoware_auto_system_msgs/msg/_driving_capability_s.c
[9.013s] -- Up-to-date symlink: /home/a01004/msg_ws/install/autoware_auto_system_msgs/local/lib/python3.10/dist-packages/autoware_auto_system_msgs/msg/_emergency_state.py
[9.013s] -- Up-to-date symlink: /home/a01004/msg_ws/install/autoware_auto_system_msgs/local/lib/python3.10/dist-packages/autoware_auto_system_msgs/msg/_emergency_state_s.c
[9.014s] -- Up-to-date symlink: /home/a01004/msg_ws/install/autoware_auto_system_msgs/local/lib/python3.10/dist-packages/autoware_auto_system_msgs/msg/_hazard_status.py
[9.014s] -- Up-to-date symlink: /home/a01004/msg_ws/install/autoware_auto_system_msgs/local/lib/python3.10/dist-packages/autoware_auto_system_msgs/msg/_hazard_status_s.c
[9.014s] -- Up-to-date symlink: /home/a01004/msg_ws/install/autoware_auto_system_msgs/local/lib/python3.10/dist-packages/autoware_auto_system_msgs/msg/_hazard_status_stamped.py
[9.014s] -- Up-to-date symlink: /home/a01004/msg_ws/install/autoware_auto_system_msgs/local/lib/python3.10/dist-packages/autoware_auto_system_msgs/msg/_hazard_status_stamped_s.c
[9.014s] -- Up-to-date symlink: /home/a01004/msg_ws/install/autoware_auto_system_msgs/local/lib/python3.10/dist-packages/autoware_auto_system_msgs/autoware_auto_system_msgs_s__rosidl_typesupport_fastrtps_c.cpython-310-x86_64-linux-gnu.so
[9.015s] -- Up-to-date symlink: /home/a01004/msg_ws/install/autoware_auto_system_msgs/local/lib/python3.10/dist-packages/autoware_auto_system_msgs/autoware_auto_system_msgs_s__rosidl_typesupport_introspection_c.cpython-310-x86_64-linux-gnu.so
[9.015s] -- Up-to-date symlink: /home/a01004/msg_ws/install/autoware_auto_system_msgs/local/lib/python3.10/dist-packages/autoware_auto_system_msgs/autoware_auto_system_msgs_s__rosidl_typesupport_c.cpython-310-x86_64-linux-gnu.so
[9.015s] -- Up-to-date symlink: /home/a01004/msg_ws/install/autoware_auto_system_msgs/share/autoware_auto_system_msgs/msg/AutowareState.idl
[9.015s] -- Up-to-date symlink: /home/a01004/msg_ws/install/autoware_auto_system_msgs/share/autoware_auto_system_msgs/msg/ControlDiagnostic.idl
[9.016s] -- Up-to-date symlink: /home/a01004/msg_ws/install/autoware_auto_system_msgs/share/autoware_auto_system_msgs/msg/DiagnosticHeader.idl
[9.016s] -- Up-to-date symlink: /home/a01004/msg_ws/install/autoware_auto_system_msgs/share/autoware_auto_system_msgs/msg/DrivingCapability.idl
[9.016s] -- Up-to-date symlink: /home/a01004/msg_ws/install/autoware_auto_system_msgs/share/autoware_auto_system_msgs/msg/EmergencyState.idl
[9.016s] -- Up-to-date symlink: /home/a01004/msg_ws/install/autoware_auto_system_msgs/share/autoware_auto_system_msgs/msg/HazardStatus.idl
[9.017s] -- Up-to-date symlink: /home/a01004/msg_ws/install/autoware_auto_system_msgs/share/autoware_auto_system_msgs/msg/HazardStatusStamped.idl
[9.017s] -- Up-to-date symlink: /home/a01004/msg_ws/install/autoware_auto_system_msgs/share/ament_index/resource_index/package_run_dependencies/autoware_auto_system_msgs
[9.017s] -- Up-to-date symlink: /home/a01004/msg_ws/install/autoware_auto_system_msgs/share/ament_index/resource_index/parent_prefix_path/autoware_auto_system_msgs
[9.017s] -- Up-to-date symlink: /home/a01004/msg_ws/install/autoware_auto_system_msgs/share/autoware_auto_system_msgs/environment/ament_prefix_path.sh
[9.018s] -- Up-to-date symlink: /home/a01004/msg_ws/install/autoware_auto_system_msgs/share/autoware_auto_system_msgs/environment/ament_prefix_path.dsv
[9.018s] -- Up-to-date symlink: /home/a01004/msg_ws/install/autoware_auto_system_msgs/share/autoware_auto_system_msgs/environment/path.sh
[9.018s] -- Up-to-date symlink: /home/a01004/msg_ws/install/autoware_auto_system_msgs/share/autoware_auto_system_msgs/environment/path.dsv
[9.018s] -- Up-to-date symlink: /home/a01004/msg_ws/install/autoware_auto_system_msgs/share/autoware_auto_system_msgs/local_setup.bash
[9.019s] -- Up-to-date symlink: /home/a01004/msg_ws/install/autoware_auto_system_msgs/share/autoware_auto_system_msgs/local_setup.sh
[9.019s] -- Up-to-date symlink: /home/a01004/msg_ws/install/autoware_auto_system_msgs/share/autoware_auto_system_msgs/local_setup.zsh
[9.019s] -- Up-to-date symlink: /home/a01004/msg_ws/install/autoware_auto_system_msgs/share/autoware_auto_system_msgs/local_setup.dsv
[9.019s] -- Symlinking: /home/a01004/msg_ws/install/autoware_auto_system_msgs/share/autoware_auto_system_msgs/package.dsv
[9.045s] -- Up-to-date symlink: /home/a01004/msg_ws/install/autoware_auto_system_msgs/share/ament_index/resource_index/packages/autoware_auto_system_msgs
[9.045s] -- Up-to-date symlink: /home/a01004/msg_ws/install/autoware_auto_system_msgs/share/autoware_auto_system_msgs/cmake/rosidl_cmake-extras.cmake
[9.045s] -- Up-to-date symlink: /home/a01004/msg_ws/install/autoware_auto_system_msgs/share/autoware_auto_system_msgs/cmake/ament_cmake_export_dependencies-extras.cmake
[9.045s] -- Up-to-date symlink: /home/a01004/msg_ws/install/autoware_auto_system_msgs/share/autoware_auto_system_msgs/cmake/ament_cmake_export_include_directories-extras.cmake
[9.046s] -- Up-to-date symlink: /home/a01004/msg_ws/install/autoware_auto_system_msgs/share/autoware_auto_system_msgs/cmake/ament_cmake_export_libraries-extras.cmake
[9.046s] -- Up-to-date symlink: /home/a01004/msg_ws/install/autoware_auto_system_msgs/share/autoware_auto_system_msgs/cmake/ament_cmake_export_targets-extras.cmake
[9.046s] -- Up-to-date symlink: /home/a01004/msg_ws/install/autoware_auto_system_msgs/share/autoware_auto_system_msgs/cmake/rosidl_cmake_export_typesupport_targets-extras.cmake
[9.046s] -- Up-to-date symlink: /home/a01004/msg_ws/install/autoware_auto_system_msgs/share/autoware_auto_system_msgs/cmake/rosidl_cmake_export_typesupport_libraries-extras.cmake
[9.047s] -- Up-to-date symlink: /home/a01004/msg_ws/install/autoware_auto_system_msgs/share/autoware_auto_system_msgs/cmake/autoware_auto_system_msgsConfig.cmake
[9.047s] -- Up-to-date symlink: /home/a01004/msg_ws/install/autoware_auto_system_msgs/share/autoware_auto_system_msgs/cmake/autoware_auto_system_msgsConfig-version.cmake
[9.047s] -- Up-to-date symlink: /home/a01004/msg_ws/install/autoware_auto_system_msgs/share/autoware_auto_system_msgs/package.xml
[9.048s] -- Up-to-date: /home/a01004/msg_ws/install/autoware_auto_system_msgs/lib/libautoware_auto_system_msgs__rosidl_generator_c.so
[9.049s] -- Up-to-date: /home/a01004/msg_ws/install/autoware_auto_system_msgs/lib/libautoware_auto_system_msgs__rosidl_typesupport_fastrtps_c.so
[9.049s] -- Up-to-date: /home/a01004/msg_ws/install/autoware_auto_system_msgs/lib/libautoware_auto_system_msgs__rosidl_typesupport_introspection_c.so
[9.050s] -- Up-to-date: /home/a01004/msg_ws/install/autoware_auto_system_msgs/lib/libautoware_auto_system_msgs__rosidl_typesupport_c.so
[9.051s] -- Up-to-date: /home/a01004/msg_ws/install/autoware_auto_system_msgs/lib/libautoware_auto_system_msgs__rosidl_typesupport_fastrtps_cpp.so
[9.051s] -- Up-to-date: /home/a01004/msg_ws/install/autoware_auto_system_msgs/lib/libautoware_auto_system_msgs__rosidl_typesupport_introspection_cpp.so
[9.052s] -- Up-to-date: /home/a01004/msg_ws/install/autoware_auto_system_msgs/lib/libautoware_auto_system_msgs__rosidl_typesupport_cpp.so
[9.130s] Listing '/home/a01004/msg_ws/install/autoware_auto_system_msgs/local/lib/python3.10/dist-packages/autoware_auto_system_msgs'...
[9.130s] Compiling '/home/a01004/msg_ws/install/autoware_auto_system_msgs/local/lib/python3.10/dist-packages/autoware_auto_system_msgs/__init__.py'...
[9.130s] Listing '/home/a01004/msg_ws/install/autoware_auto_system_msgs/local/lib/python3.10/dist-packages/autoware_auto_system_msgs/msg'...
[9.130s] Compiling '/home/a01004/msg_ws/install/autoware_auto_system_msgs/local/lib/python3.10/dist-packages/autoware_auto_system_msgs/msg/__init__.py'...
[9.130s] Compiling '/home/a01004/msg_ws/install/autoware_auto_system_msgs/local/lib/python3.10/dist-packages/autoware_auto_system_msgs/msg/_autoware_state.py'...
[9.131s] Compiling '/home/a01004/msg_ws/install/autoware_auto_system_msgs/local/lib/python3.10/dist-packages/autoware_auto_system_msgs/msg/_control_diagnostic.py'...
[9.131s] Compiling '/home/a01004/msg_ws/install/autoware_auto_system_msgs/local/lib/python3.10/dist-packages/autoware_auto_system_msgs/msg/_diagnostic_header.py'...
[9.131s] Compiling '/home/a01004/msg_ws/install/autoware_auto_system_msgs/local/lib/python3.10/dist-packages/autoware_auto_system_msgs/msg/_driving_capability.py'...
[9.131s] Compiling '/home/a01004/msg_ws/install/autoware_auto_system_msgs/local/lib/python3.10/dist-packages/autoware_auto_system_msgs/msg/_emergency_state.py'...
[9.131s] Compiling '/home/a01004/msg_ws/install/autoware_auto_system_msgs/local/lib/python3.10/dist-packages/autoware_auto_system_msgs/msg/_hazard_status.py'...
[9.131s] Compiling '/home/a01004/msg_ws/install/autoware_auto_system_msgs/local/lib/python3.10/dist-packages/autoware_auto_system_msgs/msg/_hazard_status_stamped.py'...
[9.134s] -- Installing: /home/a01004/msg_ws/install/autoware_auto_system_msgs/lib/libautoware_auto_system_msgs__rosidl_generator_py.so
[9.135s] -- Set runtime path of "/home/a01004/msg_ws/install/autoware_auto_system_msgs/lib/libautoware_auto_system_msgs__rosidl_generator_py.so" to ""
[9.135s] -- Up-to-date: /home/a01004/msg_ws/install/autoware_auto_system_msgs/share/autoware_auto_system_msgs/cmake/export_autoware_auto_system_msgs__rosidl_generator_cExport.cmake
[9.135s] -- Up-to-date: /home/a01004/msg_ws/install/autoware_auto_system_msgs/share/autoware_auto_system_msgs/cmake/export_autoware_auto_system_msgs__rosidl_generator_cExport-noconfig.cmake
[9.136s] -- Up-to-date: /home/a01004/msg_ws/install/autoware_auto_system_msgs/share/autoware_auto_system_msgs/cmake/export_autoware_auto_system_msgs__rosidl_typesupport_fastrtps_cExport.cmake
[9.136s] -- Up-to-date: /home/a01004/msg_ws/install/autoware_auto_system_msgs/share/autoware_auto_system_msgs/cmake/export_autoware_auto_system_msgs__rosidl_typesupport_fastrtps_cExport-noconfig.cmake
[9.136s] -- Up-to-date: /home/a01004/msg_ws/install/autoware_auto_system_msgs/share/autoware_auto_system_msgs/cmake/autoware_auto_system_msgs__rosidl_typesupport_introspection_cExport.cmake
[9.136s] -- Up-to-date: /home/a01004/msg_ws/install/autoware_auto_system_msgs/share/autoware_auto_system_msgs/cmake/autoware_auto_system_msgs__rosidl_typesupport_introspection_cExport-noconfig.cmake
[9.136s] -- Up-to-date: /home/a01004/msg_ws/install/autoware_auto_system_msgs/share/autoware_auto_system_msgs/cmake/autoware_auto_system_msgs__rosidl_typesupport_cExport.cmake
[9.136s] -- Up-to-date: /home/a01004/msg_ws/install/autoware_auto_system_msgs/share/autoware_auto_system_msgs/cmake/autoware_auto_system_msgs__rosidl_typesupport_cExport-noconfig.cmake
[9.136s] -- Up-to-date: /home/a01004/msg_ws/install/autoware_auto_system_msgs/share/autoware_auto_system_msgs/cmake/export_autoware_auto_system_msgs__rosidl_generator_cppExport.cmake
[9.137s] -- Up-to-date: /home/a01004/msg_ws/install/autoware_auto_system_msgs/share/autoware_auto_system_msgs/cmake/export_autoware_auto_system_msgs__rosidl_typesupport_fastrtps_cppExport.cmake
[9.137s] -- Up-to-date: /home/a01004/msg_ws/install/autoware_auto_system_msgs/share/autoware_auto_system_msgs/cmake/export_autoware_auto_system_msgs__rosidl_typesupport_fastrtps_cppExport-noconfig.cmake
[9.137s] -- Up-to-date: /home/a01004/msg_ws/install/autoware_auto_system_msgs/share/autoware_auto_system_msgs/cmake/autoware_auto_system_msgs__rosidl_typesupport_introspection_cppExport.cmake
[9.137s] -- Up-to-date: /home/a01004/msg_ws/install/autoware_auto_system_msgs/share/autoware_auto_system_msgs/cmake/autoware_auto_system_msgs__rosidl_typesupport_introspection_cppExport-noconfig.cmake
[9.137s] -- Up-to-date: /home/a01004/msg_ws/install/autoware_auto_system_msgs/share/autoware_auto_system_msgs/cmake/autoware_auto_system_msgs__rosidl_typesupport_cppExport.cmake
[9.137s] -- Up-to-date: /home/a01004/msg_ws/install/autoware_auto_system_msgs/share/autoware_auto_system_msgs/cmake/autoware_auto_system_msgs__rosidl_typesupport_cppExport-noconfig.cmake
[9.137s] -- Up-to-date: /home/a01004/msg_ws/install/autoware_auto_system_msgs/share/autoware_auto_system_msgs/cmake/export_autoware_auto_system_msgs__rosidl_generator_pyExport.cmake
[9.137s] -- Up-to-date: /home/a01004/msg_ws/install/autoware_auto_system_msgs/share/autoware_auto_system_msgs/cmake/export_autoware_auto_system_msgs__rosidl_generator_pyExport-noconfig.cmake
[9.139s] Invoked command in '/home/a01004/msg_ws2/build/autoware_auto_system_msgs' returned '0': CMAKE_PREFIX_PATH=${CMAKE_PREFIX_PATH}:/home/a01004/autoware/install/autoware_carla_interface:/home/a01004/autoware/install/ros2agnocast:/home/a01004/autoware/install/autoware_adapi_visualizers:/mnt/hdd/Workspace/ros-bridge/install/rqt_carla_control:/mnt/hdd/Workspace/ros-bridge/install/carla_waypoint_publisher:/mnt/hdd/Workspace/ros-bridge/install/carla_ackermann_control:/mnt/hdd/Workspace/ros-bridge/install/carla_ros_bridge:/mnt/hdd/Workspace/ros-bridge/install/carla_spawn_objects:/mnt/hdd/Workspace/ros-bridge/install/carla_manual_control:/mnt/hdd/Workspace/ros-bridge/install/carla_ad_agent:/mnt/hdd/Workspace/ros-bridge/install/ros_compatibility:/mnt/hdd/Workspace/ros-bridge/install/carla_walker_agent:/mnt/hdd/Workspace/ros-bridge/install/carla_twist_to_control:/mnt/hdd/Workspace/ros-bridge/install/carla_ros_scenario_runner:/mnt/hdd/Workspace/ros-bridge/install/carla_common:/opt/ros/humble /usr/bin/cmake --install /home/a01004/msg_ws2/build/autoware_auto_system_msgs
