[0mCMake Error: The current CMakeCache.txt directory /home/a01004/msg_ws2/build/autoware_auto_msgs/CMakeCache.txt is different than the directory /home/a01004/msg_ws/build/autoware_auto_msgs where CMakeCache.txt was created. This may result in binaries being created in the wrong place. If you are not sure, reedit the CMakeCache.txt[0m
-- Found ament_cmake_auto: 1.3.12 (/opt/ros/humble/share/ament_cmake_auto/cmake)
-- Override CMake install command with custom implementation using symlinks instead of copying resources
-- Found ament_lint_auto: 0.12.14 (/opt/ros/humble/share/ament_lint_auto/cmake)
-- Added test 'copyright' to check source files copyright and LICENSE
-- Added test 'lint_cmake' to check CMake code style
-- Added test 'xmllint' to check XML markup files
-- Configuring done
-- Generating done
-- Build files have been written to: /home/a01004/msg_ws/build/autoware_auto_msgs
-- Install configuration: ""
-- Execute custom install script
-- Up-to-date symlink: /home/a01004/msg_ws/install/autoware_auto_msgs/share/ament_index/resource_index/package_run_dependencies/autoware_auto_msgs
-- Up-to-date symlink: /home/a01004/msg_ws/install/autoware_auto_msgs/share/ament_index/resource_index/parent_prefix_path/autoware_auto_msgs
-- Up-to-date symlink: /home/a01004/msg_ws/install/autoware_auto_msgs/share/autoware_auto_msgs/environment/ament_prefix_path.sh
-- Up-to-date symlink: /home/a01004/msg_ws/install/autoware_auto_msgs/share/autoware_auto_msgs/environment/ament_prefix_path.dsv
-- Up-to-date symlink: /home/a01004/msg_ws/install/autoware_auto_msgs/share/autoware_auto_msgs/environment/path.sh
-- Up-to-date symlink: /home/a01004/msg_ws/install/autoware_auto_msgs/share/autoware_auto_msgs/environment/path.dsv
-- Up-to-date symlink: /home/a01004/msg_ws/install/autoware_auto_msgs/share/autoware_auto_msgs/local_setup.bash
-- Up-to-date symlink: /home/a01004/msg_ws/install/autoware_auto_msgs/share/autoware_auto_msgs/local_setup.sh
-- Up-to-date symlink: /home/a01004/msg_ws/install/autoware_auto_msgs/share/autoware_auto_msgs/local_setup.zsh
-- Up-to-date symlink: /home/a01004/msg_ws/install/autoware_auto_msgs/share/autoware_auto_msgs/local_setup.dsv
-- Symlinking: /home/a01004/msg_ws/install/autoware_auto_msgs/share/autoware_auto_msgs/package.dsv
-- Up-to-date symlink: /home/a01004/msg_ws/install/autoware_auto_msgs/share/ament_index/resource_index/packages/autoware_auto_msgs
-- Up-to-date symlink: /home/a01004/msg_ws/install/autoware_auto_msgs/share/autoware_auto_msgs/cmake/autoware_auto_msgsConfig.cmake
-- Up-to-date symlink: /home/a01004/msg_ws/install/autoware_auto_msgs/share/autoware_auto_msgs/cmake/autoware_auto_msgsConfig-version.cmake
-- Up-to-date symlink: /home/a01004/msg_ws/install/autoware_auto_msgs/share/autoware_auto_msgs/package.xml
