[0.141s] DEBUG:colcon:Command line arguments: ['/usr/bin/colcon', 'build', '--packages-select', 'carla_autoware_type_bridge', 'carla_autonomy_bridge', '--cmake-clean-cache', '--cmake-args', '-Dautoware_auto_vehicle_msgs_DIR=/home/a01004/Desktop/Calra-autoware_interface/msg_ws/install/autoware_auto_vehicle_msgs/share/autoware_auto_vehicle_msgs/cmake']
[0.141s] DEBUG:colcon:Parsed command line arguments: Namespace(log_base=None, log_level=None, verb_name='build', build_base='build', install_base='install', merge_install=False, symlink_install=False, test_result_base=None, continue_on_error=False, executor='parallel', parallel_workers=16, event_handlers=None, ignore_user_meta=False, metas=['./colcon.meta'], base_paths=['.'], packages_ignore=None, packages_ignore_regex=None, paths=None, packages_up_to=None, packages_up_to_regex=None, packages_above=None, packages_above_and_dependencies=None, packages_above_depth=None, packages_select_by_dep=None, packages_skip_by_dep=None, packages_skip_up_to=None, packages_select_build_failed=False, packages_skip_build_finished=False, packages_select_test_failures=False, packages_skip_test_passed=False, packages_select=['carla_autoware_type_bridge', 'carla_autonomy_bridge'], packages_skip=None, packages_select_regex=None, packages_skip_regex=None, packages_start=None, packages_end=None, allow_overriding=[], cmake_args=['-Dautoware_auto_vehicle_msgs_DIR=/home/a01004/Desktop/Calra-autoware_interface/msg_ws/install/autoware_auto_vehicle_msgs/share/autoware_auto_vehicle_msgs/cmake'], cmake_target=None, cmake_target_skip_unavailable=False, cmake_clean_cache=True, cmake_clean_first=False, cmake_force_configure=False, ament_cmake_args=None, catkin_cmake_args=None, catkin_skip_building_tests=False, mixin_files=None, mixin=None, verb_parser=<colcon_mixin.mixin.mixin_argument.MixinArgumentDecorator object at 0x7abdb480e3b0>, verb_extension=<colcon_core.verb.build.BuildVerb object at 0x7abdb490b8e0>, main=<bound method BuildVerb.main of <colcon_core.verb.build.BuildVerb object at 0x7abdb490b8e0>>, mixin_verb=('build',))
[0.376s] Level 1:colcon.colcon_core.package_discovery:discover_packages(colcon_meta) check parameters
[0.376s] Level 1:colcon.colcon_core.package_discovery:discover_packages(recursive) check parameters
[0.376s] Level 1:colcon.colcon_core.package_discovery:discover_packages(ignore) check parameters
[0.376s] Level 1:colcon.colcon_core.package_discovery:discover_packages(path) check parameters
[0.376s] Level 1:colcon.colcon_core.package_discovery:discover_packages(colcon_meta) discover
[0.376s] Level 1:colcon.colcon_core.package_discovery:discover_packages(recursive) discover
[0.376s] INFO:colcon.colcon_core.package_discovery:Crawling recursively for packages in '/home/a01004/Desktop/Calra-autoware_interface/bridge_ws'
[0.376s] Level 1:colcon.colcon_core.package_identification:_identify(.) by extensions ['ignore', 'ignore_ament_install']
[0.376s] Level 1:colcon.colcon_core.package_identification:_identify(.) by extension 'ignore'
[0.376s] Level 1:colcon.colcon_core.package_identification:_identify(.) by extension 'ignore_ament_install'
[0.376s] Level 1:colcon.colcon_core.package_identification:_identify(.) by extensions ['colcon_pkg']
[0.376s] Level 1:colcon.colcon_core.package_identification:_identify(.) by extension 'colcon_pkg'
[0.376s] Level 1:colcon.colcon_core.package_identification:_identify(.) by extensions ['colcon_meta']
[0.376s] Level 1:colcon.colcon_core.package_identification:_identify(.) by extension 'colcon_meta'
[0.376s] Level 1:colcon.colcon_core.package_identification:_identify(.) by extensions ['ros']
[0.376s] Level 1:colcon.colcon_core.package_identification:_identify(.) by extension 'ros'
[0.386s] Level 1:colcon.colcon_core.package_identification:_identify(.) by extensions ['cmake', 'python']
[0.386s] Level 1:colcon.colcon_core.package_identification:_identify(.) by extension 'cmake'
[0.386s] Level 1:colcon.colcon_core.package_identification:_identify(.) by extension 'python'
[0.386s] Level 1:colcon.colcon_core.package_identification:_identify(.) by extensions ['python_setup_py']
[0.386s] Level 1:colcon.colcon_core.package_identification:_identify(.) by extension 'python_setup_py'
[0.387s] Level 1:colcon.colcon_core.package_identification:_identify(build) by extensions ['ignore', 'ignore_ament_install']
[0.387s] Level 1:colcon.colcon_core.package_identification:_identify(build) by extension 'ignore'
[0.387s] Level 1:colcon.colcon_core.package_identification:_identify(build) ignored
[0.387s] Level 1:colcon.colcon_core.package_identification:_identify(install) by extensions ['ignore', 'ignore_ament_install']
[0.387s] Level 1:colcon.colcon_core.package_identification:_identify(install) by extension 'ignore'
[0.387s] Level 1:colcon.colcon_core.package_identification:_identify(install) ignored
[0.387s] Level 1:colcon.colcon_core.package_identification:_identify(log) by extensions ['ignore', 'ignore_ament_install']
[0.387s] Level 1:colcon.colcon_core.package_identification:_identify(log) by extension 'ignore'
[0.387s] Level 1:colcon.colcon_core.package_identification:_identify(log) ignored
[0.387s] Level 1:colcon.colcon_core.package_identification:_identify(src) by extensions ['ignore', 'ignore_ament_install']
[0.387s] Level 1:colcon.colcon_core.package_identification:_identify(src) by extension 'ignore'
[0.387s] Level 1:colcon.colcon_core.package_identification:_identify(src) by extension 'ignore_ament_install'
[0.387s] Level 1:colcon.colcon_core.package_identification:_identify(src) by extensions ['colcon_pkg']
[0.387s] Level 1:colcon.colcon_core.package_identification:_identify(src) by extension 'colcon_pkg'
[0.387s] Level 1:colcon.colcon_core.package_identification:_identify(src) by extensions ['colcon_meta']
[0.387s] Level 1:colcon.colcon_core.package_identification:_identify(src) by extension 'colcon_meta'
[0.387s] Level 1:colcon.colcon_core.package_identification:_identify(src) by extensions ['ros']
[0.388s] Level 1:colcon.colcon_core.package_identification:_identify(src) by extension 'ros'
[0.388s] Level 1:colcon.colcon_core.package_identification:_identify(src) by extensions ['cmake', 'python']
[0.388s] Level 1:colcon.colcon_core.package_identification:_identify(src) by extension 'cmake'
[0.388s] Level 1:colcon.colcon_core.package_identification:_identify(src) by extension 'python'
[0.388s] Level 1:colcon.colcon_core.package_identification:_identify(src) by extensions ['python_setup_py']
[0.388s] Level 1:colcon.colcon_core.package_identification:_identify(src) by extension 'python_setup_py'
[0.388s] Level 1:colcon.colcon_core.package_identification:_identify(src/carla_autonomy_bridge) by extensions ['ignore', 'ignore_ament_install']
[0.388s] Level 1:colcon.colcon_core.package_identification:_identify(src/carla_autonomy_bridge) by extension 'ignore'
[0.388s] Level 1:colcon.colcon_core.package_identification:_identify(src/carla_autonomy_bridge) by extension 'ignore_ament_install'
[0.388s] Level 1:colcon.colcon_core.package_identification:_identify(src/carla_autonomy_bridge) by extensions ['colcon_pkg']
[0.388s] Level 1:colcon.colcon_core.package_identification:_identify(src/carla_autonomy_bridge) by extension 'colcon_pkg'
[0.388s] Level 1:colcon.colcon_core.package_identification:_identify(src/carla_autonomy_bridge) by extensions ['colcon_meta']
[0.388s] Level 1:colcon.colcon_core.package_identification:_identify(src/carla_autonomy_bridge) by extension 'colcon_meta'
[0.388s] Level 1:colcon.colcon_core.package_identification:_identify(src/carla_autonomy_bridge) by extensions ['ros']
[0.388s] Level 1:colcon.colcon_core.package_identification:_identify(src/carla_autonomy_bridge) by extension 'ros'
[0.389s] DEBUG:colcon.colcon_core.package_identification:Failed to parse potential ROS package manifest in'src/carla_autonomy_bridge': Error(s) in package 'src/carla_autonomy_bridge/package.xml':
The manifest contains invalid XML:
not well-formed (invalid token): line 5, column 22
[0.389s] Level 1:colcon.colcon_core.package_identification:_identify(src/carla_autonomy_bridge) by extensions ['cmake', 'python']
[0.389s] Level 1:colcon.colcon_core.package_identification:_identify(src/carla_autonomy_bridge) by extension 'cmake'
[0.389s] Level 1:colcon.colcon_core.package_identification:_identify(src/carla_autonomy_bridge) by extension 'python'
[0.389s] DEBUG:colcon.colcon_core.package_identification:Python package in 'src/carla_autonomy_bridge' passes arguments to the setup() function which requires a different identification extension than 'python'
[0.389s] Level 1:colcon.colcon_core.package_identification:_identify(src/carla_autonomy_bridge) by extensions ['python_setup_py']
[0.389s] Level 1:colcon.colcon_core.package_identification:_identify(src/carla_autonomy_bridge) by extension 'python_setup_py'
[0.753s] DEBUG:colcon.colcon_core.package_identification:Package 'src/carla_autonomy_bridge' with type 'python' and name 'carla_autonomy_bridge'
[0.754s] Level 1:colcon.colcon_core.package_identification:_identify(src/carla_autoware_type_bridge) by extensions ['ignore', 'ignore_ament_install']
[0.754s] Level 1:colcon.colcon_core.package_identification:_identify(src/carla_autoware_type_bridge) by extension 'ignore'
[0.754s] Level 1:colcon.colcon_core.package_identification:_identify(src/carla_autoware_type_bridge) by extension 'ignore_ament_install'
[0.754s] Level 1:colcon.colcon_core.package_identification:_identify(src/carla_autoware_type_bridge) by extensions ['colcon_pkg']
[0.754s] Level 1:colcon.colcon_core.package_identification:_identify(src/carla_autoware_type_bridge) by extension 'colcon_pkg'
[0.754s] Level 1:colcon.colcon_core.package_identification:_identify(src/carla_autoware_type_bridge) by extensions ['colcon_meta']
[0.754s] Level 1:colcon.colcon_core.package_identification:_identify(src/carla_autoware_type_bridge) by extension 'colcon_meta'
[0.754s] Level 1:colcon.colcon_core.package_identification:_identify(src/carla_autoware_type_bridge) by extensions ['ros']
[0.754s] Level 1:colcon.colcon_core.package_identification:_identify(src/carla_autoware_type_bridge) by extension 'ros'
[0.756s] DEBUG:colcon.colcon_core.package_identification:Package 'src/carla_autoware_type_bridge' with type 'ros.ament_cmake' and name 'carla_autoware_type_bridge'
[0.756s] Level 1:colcon.colcon_core.package_discovery:discover_packages(recursive) using defaults
[0.756s] Level 1:colcon.colcon_core.package_discovery:discover_packages(ignore) discover
[0.756s] Level 1:colcon.colcon_core.package_discovery:discover_packages(ignore) using defaults
[0.756s] Level 1:colcon.colcon_core.package_discovery:discover_packages(path) discover
[0.756s] Level 1:colcon.colcon_core.package_discovery:discover_packages(path) using defaults
[0.782s] Level 1:colcon.colcon_core.package_discovery:discover_packages(prefix_path) check parameters
[0.782s] Level 1:colcon.colcon_core.package_discovery:discover_packages(prefix_path) discover
[0.796s] DEBUG:colcon.colcon_installed_package_information.package_discovery:Found 8 installed packages in /home/a01004/Desktop/Calra-autoware_interface/msg_ws/install
[0.806s] DEBUG:colcon.colcon_installed_package_information.package_discovery:Found 451 installed packages in /home/a01004/autoware/install
[0.809s] DEBUG:colcon.colcon_installed_package_information.package_discovery:Found 9 installed packages in /home/a01004/autoware_msgs_ws/install
[0.810s] DEBUG:colcon.colcon_installed_package_information.package_discovery:Found 8 installed packages in /home/a01004/msg_ws/install
[0.811s] DEBUG:colcon.colcon_installed_package_information.package_discovery:Found 19 installed packages in /mnt/hdd/Workspace/ros-bridge/install
[0.812s] DEBUG:colcon.colcon_installed_package_information.package_discovery:Found 361 installed packages in /opt/ros/humble
[0.814s] Level 1:colcon.colcon_core.package_discovery:discover_packages(prefix_path) using defaults
[0.887s] Level 5:colcon.colcon_core.verb:set package 'carla_autonomy_bridge' build argument 'cmake_args' from command line to '['-Dautoware_auto_vehicle_msgs_DIR=/home/a01004/Desktop/Calra-autoware_interface/msg_ws/install/autoware_auto_vehicle_msgs/share/autoware_auto_vehicle_msgs/cmake']'
[0.887s] Level 5:colcon.colcon_core.verb:set package 'carla_autonomy_bridge' build argument 'cmake_target' from command line to 'None'
[0.887s] Level 5:colcon.colcon_core.verb:set package 'carla_autonomy_bridge' build argument 'cmake_target_skip_unavailable' from command line to 'False'
[0.887s] Level 5:colcon.colcon_core.verb:set package 'carla_autonomy_bridge' build argument 'cmake_clean_cache' from command line to 'True'
[0.887s] Level 5:colcon.colcon_core.verb:set package 'carla_autonomy_bridge' build argument 'cmake_clean_first' from command line to 'False'
[0.887s] Level 5:colcon.colcon_core.verb:set package 'carla_autonomy_bridge' build argument 'cmake_force_configure' from command line to 'False'
[0.887s] Level 5:colcon.colcon_core.verb:set package 'carla_autonomy_bridge' build argument 'ament_cmake_args' from command line to 'None'
[0.887s] Level 5:colcon.colcon_core.verb:set package 'carla_autonomy_bridge' build argument 'catkin_cmake_args' from command line to 'None'
[0.887s] Level 5:colcon.colcon_core.verb:set package 'carla_autonomy_bridge' build argument 'catkin_skip_building_tests' from command line to 'False'
[0.887s] DEBUG:colcon.colcon_core.verb:Building package 'carla_autonomy_bridge' with the following arguments: {'ament_cmake_args': None, 'build_base': '/home/a01004/Desktop/Calra-autoware_interface/bridge_ws/build/carla_autonomy_bridge', 'catkin_cmake_args': None, 'catkin_skip_building_tests': False, 'cmake_args': ['-Dautoware_auto_vehicle_msgs_DIR=/home/a01004/Desktop/Calra-autoware_interface/msg_ws/install/autoware_auto_vehicle_msgs/share/autoware_auto_vehicle_msgs/cmake'], 'cmake_clean_cache': True, 'cmake_clean_first': False, 'cmake_force_configure': False, 'cmake_target': None, 'cmake_target_skip_unavailable': False, 'install_base': '/home/a01004/Desktop/Calra-autoware_interface/bridge_ws/install/carla_autonomy_bridge', 'merge_install': False, 'path': '/home/a01004/Desktop/Calra-autoware_interface/bridge_ws/src/carla_autonomy_bridge', 'symlink_install': False, 'test_result_base': None}
[0.888s] Level 5:colcon.colcon_core.verb:set package 'carla_autoware_type_bridge' build argument 'cmake_args' from command line to '['-Dautoware_auto_vehicle_msgs_DIR=/home/a01004/Desktop/Calra-autoware_interface/msg_ws/install/autoware_auto_vehicle_msgs/share/autoware_auto_vehicle_msgs/cmake']'
[0.888s] Level 5:colcon.colcon_core.verb:set package 'carla_autoware_type_bridge' build argument 'cmake_target' from command line to 'None'
[0.888s] Level 5:colcon.colcon_core.verb:set package 'carla_autoware_type_bridge' build argument 'cmake_target_skip_unavailable' from command line to 'False'
[0.888s] Level 5:colcon.colcon_core.verb:set package 'carla_autoware_type_bridge' build argument 'cmake_clean_cache' from command line to 'True'
[0.888s] Level 5:colcon.colcon_core.verb:set package 'carla_autoware_type_bridge' build argument 'cmake_clean_first' from command line to 'False'
[0.888s] Level 5:colcon.colcon_core.verb:set package 'carla_autoware_type_bridge' build argument 'cmake_force_configure' from command line to 'False'
[0.888s] Level 5:colcon.colcon_core.verb:set package 'carla_autoware_type_bridge' build argument 'ament_cmake_args' from command line to 'None'
[0.888s] Level 5:colcon.colcon_core.verb:set package 'carla_autoware_type_bridge' build argument 'catkin_cmake_args' from command line to 'None'
[0.888s] Level 5:colcon.colcon_core.verb:set package 'carla_autoware_type_bridge' build argument 'catkin_skip_building_tests' from command line to 'False'
[0.888s] DEBUG:colcon.colcon_core.verb:Building package 'carla_autoware_type_bridge' with the following arguments: {'ament_cmake_args': None, 'build_base': '/home/a01004/Desktop/Calra-autoware_interface/bridge_ws/build/carla_autoware_type_bridge', 'catkin_cmake_args': None, 'catkin_skip_building_tests': False, 'cmake_args': ['-Dautoware_auto_vehicle_msgs_DIR=/home/a01004/Desktop/Calra-autoware_interface/msg_ws/install/autoware_auto_vehicle_msgs/share/autoware_auto_vehicle_msgs/cmake'], 'cmake_clean_cache': True, 'cmake_clean_first': False, 'cmake_force_configure': False, 'cmake_target': None, 'cmake_target_skip_unavailable': False, 'install_base': '/home/a01004/Desktop/Calra-autoware_interface/bridge_ws/install/carla_autoware_type_bridge', 'merge_install': False, 'path': '/home/a01004/Desktop/Calra-autoware_interface/bridge_ws/src/carla_autoware_type_bridge', 'symlink_install': False, 'test_result_base': None}
[0.888s] INFO:colcon.colcon_core.executor:Executing jobs using 'parallel' executor
[0.889s] DEBUG:colcon.colcon_parallel_executor.executor.parallel:run_until_complete
[0.889s] INFO:colcon.colcon_core.task.python.build:Building Python package in '/home/a01004/Desktop/Calra-autoware_interface/bridge_ws/src/carla_autonomy_bridge'
[0.892s] INFO:colcon.colcon_core.plugin_system:Skipping extension 'colcon_core.shell.bat': Not used on non-Windows systems
[0.892s] INFO:colcon.colcon_core.shell:Skip shell extension 'powershell' for command environment: Not usable outside of PowerShell
[0.892s] DEBUG:colcon.colcon_core.shell:Skip shell extension 'dsv' for command environment
[0.919s] INFO:colcon.colcon_ros.task.ament_cmake.build:Building ROS package in '/home/a01004/Desktop/Calra-autoware_interface/bridge_ws/src/carla_autoware_type_bridge' with build type 'ament_cmake'
[0.920s] INFO:colcon.colcon_cmake.task.cmake.build:Building CMake package in '/home/a01004/Desktop/Calra-autoware_interface/bridge_ws/src/carla_autoware_type_bridge'
[0.920s] INFO:colcon.colcon_core.shell:Skip shell extension 'powershell' for command environment: Not usable outside of PowerShell
[0.920s] DEBUG:colcon.colcon_core.shell:Skip shell extension 'dsv' for command environment
[1.385s] DEBUG:colcon.colcon_core.event_handler.log_command:Invoking command in '/home/a01004/Desktop/Calra-autoware_interface/bridge_ws/build/carla_autoware_type_bridge': CMAKE_PREFIX_PATH=${CMAKE_PREFIX_PATH}:/home/a01004/autoware/install/autoware_carla_interface:/home/a01004/autoware/install/ros2agnocast:/home/a01004/autoware/install/autoware_adapi_visualizers:/home/a01004/msg_ws/install/autoware_auto_msgs:/home/a01004/msg_ws/install/autoware_auto_vehicle_msgs:/home/a01004/msg_ws/install/autoware_auto_system_msgs:/home/a01004/msg_ws/install/autoware_auto_planning_msgs:/home/a01004/msg_ws/install/autoware_auto_perception_msgs:/home/a01004/msg_ws/install/autoware_auto_mapping_msgs:/home/a01004/msg_ws/install/autoware_auto_geometry_msgs:/home/a01004/msg_ws/install/autoware_auto_control_msgs:/mnt/hdd/Workspace/ros-bridge/install/rqt_carla_control:/mnt/hdd/Workspace/ros-bridge/install/carla_waypoint_publisher:/mnt/hdd/Workspace/ros-bridge/install/carla_ackermann_control:/mnt/hdd/Workspace/ros-bridge/install/carla_ros_bridge:/mnt/hdd/Workspace/ros-bridge/install/carla_spawn_objects:/mnt/hdd/Workspace/ros-bridge/install/carla_manual_control:/mnt/hdd/Workspace/ros-bridge/install/carla_ad_agent:/mnt/hdd/Workspace/ros-bridge/install/ros_compatibility:/mnt/hdd/Workspace/ros-bridge/install/carla_walker_agent:/mnt/hdd/Workspace/ros-bridge/install/carla_twist_to_control:/mnt/hdd/Workspace/ros-bridge/install/carla_ros_scenario_runner:/mnt/hdd/Workspace/ros-bridge/install/carla_common:/opt/ros/humble /usr/bin/cmake /home/a01004/Desktop/Calra-autoware_interface/bridge_ws/src/carla_autoware_type_bridge -Dautoware_auto_vehicle_msgs_DIR=/home/a01004/Desktop/Calra-autoware_interface/msg_ws/install/autoware_auto_vehicle_msgs/share/autoware_auto_vehicle_msgs/cmake -DCMAKE_INSTALL_PREFIX=/home/a01004/Desktop/Calra-autoware_interface/bridge_ws/install/carla_autoware_type_bridge
[1.992s] DEBUG:colcon.colcon_core.event_handler.log_command:Invoking command in '/home/a01004/Desktop/Calra-autoware_interface/bridge_ws/src/carla_autonomy_bridge': PYTHONPATH=/home/a01004/Desktop/Calra-autoware_interface/bridge_ws/build/carla_autonomy_bridge/prefix_override:/usr/lib/python3/dist-packages/colcon_core/task/python/colcon_distutils_commands:/home/a01004/Desktop/Calra-autoware_interface/bridge_ws/install/carla_autonomy_bridge/lib/python3.10/site-packages:${PYTHONPATH} /usr/bin/python3 -W ignore:setup.py install is deprecated -W ignore:easy_install command is deprecated setup.py egg_info --egg-base ../../build/carla_autonomy_bridge build --build-base /home/a01004/Desktop/Calra-autoware_interface/bridge_ws/build/carla_autonomy_bridge/build install --record /home/a01004/Desktop/Calra-autoware_interface/bridge_ws/build/carla_autonomy_bridge/install.log --single-version-externally-managed install_data
[2.427s] DEBUG:colcon.colcon_core.event_handler.log_command:Invoked command in '/home/a01004/Desktop/Calra-autoware_interface/bridge_ws/src/carla_autonomy_bridge' returned '0': PYTHONPATH=/home/a01004/Desktop/Calra-autoware_interface/bridge_ws/build/carla_autonomy_bridge/prefix_override:/usr/lib/python3/dist-packages/colcon_core/task/python/colcon_distutils_commands:/home/a01004/Desktop/Calra-autoware_interface/bridge_ws/install/carla_autonomy_bridge/lib/python3.10/site-packages:${PYTHONPATH} /usr/bin/python3 -W ignore:setup.py install is deprecated -W ignore:easy_install command is deprecated setup.py egg_info --egg-base ../../build/carla_autonomy_bridge build --build-base /home/a01004/Desktop/Calra-autoware_interface/bridge_ws/build/carla_autonomy_bridge/build install --record /home/a01004/Desktop/Calra-autoware_interface/bridge_ws/build/carla_autonomy_bridge/install.log --single-version-externally-managed install_data
[2.432s] Level 1:colcon.colcon_core.environment:checking '/home/a01004/Desktop/Calra-autoware_interface/bridge_ws/install/carla_autonomy_bridge' for CMake module files
[2.432s] Level 1:colcon.colcon_core.environment:checking '/home/a01004/Desktop/Calra-autoware_interface/bridge_ws/install/carla_autonomy_bridge' for CMake config files
[2.433s] Level 1:colcon.colcon_core.environment:checking '/home/a01004/Desktop/Calra-autoware_interface/bridge_ws/install/carla_autonomy_bridge/lib'
[2.433s] Level 1:colcon.colcon_core.environment:checking '/home/a01004/Desktop/Calra-autoware_interface/bridge_ws/install/carla_autonomy_bridge/bin'
[2.433s] Level 1:colcon.colcon_core.environment:checking '/home/a01004/Desktop/Calra-autoware_interface/bridge_ws/install/carla_autonomy_bridge/lib/pkgconfig/carla_autonomy_bridge.pc'
[2.433s] Level 1:colcon.colcon_core.environment:checking '/home/a01004/Desktop/Calra-autoware_interface/bridge_ws/install/carla_autonomy_bridge/lib/python3.10/site-packages'
[2.433s] Level 1:colcon.colcon_core.shell:create_environment_hook('carla_autonomy_bridge', 'pythonpath')
[2.433s] INFO:colcon.colcon_core.shell:Creating environment hook '/home/a01004/Desktop/Calra-autoware_interface/bridge_ws/install/carla_autonomy_bridge/share/carla_autonomy_bridge/hook/pythonpath.ps1'
[2.434s] INFO:colcon.colcon_core.shell:Creating environment descriptor '/home/a01004/Desktop/Calra-autoware_interface/bridge_ws/install/carla_autonomy_bridge/share/carla_autonomy_bridge/hook/pythonpath.dsv'
[2.434s] INFO:colcon.colcon_core.shell:Creating environment hook '/home/a01004/Desktop/Calra-autoware_interface/bridge_ws/install/carla_autonomy_bridge/share/carla_autonomy_bridge/hook/pythonpath.sh'
[2.435s] Level 1:colcon.colcon_core.environment:checking '/home/a01004/Desktop/Calra-autoware_interface/bridge_ws/install/carla_autonomy_bridge/bin'
[2.435s] Level 1:colcon.colcon_core.environment:create_environment_scripts_only(carla_autonomy_bridge)
[2.435s] INFO:colcon.colcon_core.shell:Creating package script '/home/a01004/Desktop/Calra-autoware_interface/bridge_ws/install/carla_autonomy_bridge/share/carla_autonomy_bridge/package.ps1'
[2.436s] INFO:colcon.colcon_core.shell:Creating package descriptor '/home/a01004/Desktop/Calra-autoware_interface/bridge_ws/install/carla_autonomy_bridge/share/carla_autonomy_bridge/package.dsv'
[2.437s] INFO:colcon.colcon_core.shell:Creating package script '/home/a01004/Desktop/Calra-autoware_interface/bridge_ws/install/carla_autonomy_bridge/share/carla_autonomy_bridge/package.sh'
[2.438s] INFO:colcon.colcon_core.shell:Creating package script '/home/a01004/Desktop/Calra-autoware_interface/bridge_ws/install/carla_autonomy_bridge/share/carla_autonomy_bridge/package.bash'
[2.438s] INFO:colcon.colcon_core.shell:Creating package script '/home/a01004/Desktop/Calra-autoware_interface/bridge_ws/install/carla_autonomy_bridge/share/carla_autonomy_bridge/package.zsh'
[2.439s] Level 1:colcon.colcon_core.environment:create_file_with_runtime_dependencies(/home/a01004/Desktop/Calra-autoware_interface/bridge_ws/install/carla_autonomy_bridge/share/colcon-core/packages/carla_autonomy_bridge)
[6.256s] DEBUG:colcon.colcon_core.event_handler.log_command:Invoked command in '/home/a01004/Desktop/Calra-autoware_interface/bridge_ws/build/carla_autoware_type_bridge' returned '0': CMAKE_PREFIX_PATH=${CMAKE_PREFIX_PATH}:/home/a01004/autoware/install/autoware_carla_interface:/home/a01004/autoware/install/ros2agnocast:/home/a01004/autoware/install/autoware_adapi_visualizers:/home/a01004/msg_ws/install/autoware_auto_msgs:/home/a01004/msg_ws/install/autoware_auto_vehicle_msgs:/home/a01004/msg_ws/install/autoware_auto_system_msgs:/home/a01004/msg_ws/install/autoware_auto_planning_msgs:/home/a01004/msg_ws/install/autoware_auto_perception_msgs:/home/a01004/msg_ws/install/autoware_auto_mapping_msgs:/home/a01004/msg_ws/install/autoware_auto_geometry_msgs:/home/a01004/msg_ws/install/autoware_auto_control_msgs:/mnt/hdd/Workspace/ros-bridge/install/rqt_carla_control:/mnt/hdd/Workspace/ros-bridge/install/carla_waypoint_publisher:/mnt/hdd/Workspace/ros-bridge/install/carla_ackermann_control:/mnt/hdd/Workspace/ros-bridge/install/carla_ros_bridge:/mnt/hdd/Workspace/ros-bridge/install/carla_spawn_objects:/mnt/hdd/Workspace/ros-bridge/install/carla_manual_control:/mnt/hdd/Workspace/ros-bridge/install/carla_ad_agent:/mnt/hdd/Workspace/ros-bridge/install/ros_compatibility:/mnt/hdd/Workspace/ros-bridge/install/carla_walker_agent:/mnt/hdd/Workspace/ros-bridge/install/carla_twist_to_control:/mnt/hdd/Workspace/ros-bridge/install/carla_ros_scenario_runner:/mnt/hdd/Workspace/ros-bridge/install/carla_common:/opt/ros/humble /usr/bin/cmake /home/a01004/Desktop/Calra-autoware_interface/bridge_ws/src/carla_autoware_type_bridge -Dautoware_auto_vehicle_msgs_DIR=/home/a01004/Desktop/Calra-autoware_interface/msg_ws/install/autoware_auto_vehicle_msgs/share/autoware_auto_vehicle_msgs/cmake -DCMAKE_INSTALL_PREFIX=/home/a01004/Desktop/Calra-autoware_interface/bridge_ws/install/carla_autoware_type_bridge
[6.258s] DEBUG:colcon.colcon_core.event_handler.log_command:Invoking command in '/home/a01004/Desktop/Calra-autoware_interface/bridge_ws/build/carla_autoware_type_bridge': CMAKE_PREFIX_PATH=${CMAKE_PREFIX_PATH}:/home/a01004/autoware/install/autoware_carla_interface:/home/a01004/autoware/install/ros2agnocast:/home/a01004/autoware/install/autoware_adapi_visualizers:/home/a01004/msg_ws/install/autoware_auto_msgs:/home/a01004/msg_ws/install/autoware_auto_vehicle_msgs:/home/a01004/msg_ws/install/autoware_auto_system_msgs:/home/a01004/msg_ws/install/autoware_auto_planning_msgs:/home/a01004/msg_ws/install/autoware_auto_perception_msgs:/home/a01004/msg_ws/install/autoware_auto_mapping_msgs:/home/a01004/msg_ws/install/autoware_auto_geometry_msgs:/home/a01004/msg_ws/install/autoware_auto_control_msgs:/mnt/hdd/Workspace/ros-bridge/install/rqt_carla_control:/mnt/hdd/Workspace/ros-bridge/install/carla_waypoint_publisher:/mnt/hdd/Workspace/ros-bridge/install/carla_ackermann_control:/mnt/hdd/Workspace/ros-bridge/install/carla_ros_bridge:/mnt/hdd/Workspace/ros-bridge/install/carla_spawn_objects:/mnt/hdd/Workspace/ros-bridge/install/carla_manual_control:/mnt/hdd/Workspace/ros-bridge/install/carla_ad_agent:/mnt/hdd/Workspace/ros-bridge/install/ros_compatibility:/mnt/hdd/Workspace/ros-bridge/install/carla_walker_agent:/mnt/hdd/Workspace/ros-bridge/install/carla_twist_to_control:/mnt/hdd/Workspace/ros-bridge/install/carla_ros_scenario_runner:/mnt/hdd/Workspace/ros-bridge/install/carla_common:/opt/ros/humble /usr/bin/cmake --build /home/a01004/Desktop/Calra-autoware_interface/bridge_ws/build/carla_autoware_type_bridge -- -j16 -l16
[22.864s] DEBUG:colcon.colcon_core.event_handler.log_command:Invoked command in '/home/a01004/Desktop/Calra-autoware_interface/bridge_ws/build/carla_autoware_type_bridge' returned '0': CMAKE_PREFIX_PATH=${CMAKE_PREFIX_PATH}:/home/a01004/autoware/install/autoware_carla_interface:/home/a01004/autoware/install/ros2agnocast:/home/a01004/autoware/install/autoware_adapi_visualizers:/home/a01004/msg_ws/install/autoware_auto_msgs:/home/a01004/msg_ws/install/autoware_auto_vehicle_msgs:/home/a01004/msg_ws/install/autoware_auto_system_msgs:/home/a01004/msg_ws/install/autoware_auto_planning_msgs:/home/a01004/msg_ws/install/autoware_auto_perception_msgs:/home/a01004/msg_ws/install/autoware_auto_mapping_msgs:/home/a01004/msg_ws/install/autoware_auto_geometry_msgs:/home/a01004/msg_ws/install/autoware_auto_control_msgs:/mnt/hdd/Workspace/ros-bridge/install/rqt_carla_control:/mnt/hdd/Workspace/ros-bridge/install/carla_waypoint_publisher:/mnt/hdd/Workspace/ros-bridge/install/carla_ackermann_control:/mnt/hdd/Workspace/ros-bridge/install/carla_ros_bridge:/mnt/hdd/Workspace/ros-bridge/install/carla_spawn_objects:/mnt/hdd/Workspace/ros-bridge/install/carla_manual_control:/mnt/hdd/Workspace/ros-bridge/install/carla_ad_agent:/mnt/hdd/Workspace/ros-bridge/install/ros_compatibility:/mnt/hdd/Workspace/ros-bridge/install/carla_walker_agent:/mnt/hdd/Workspace/ros-bridge/install/carla_twist_to_control:/mnt/hdd/Workspace/ros-bridge/install/carla_ros_scenario_runner:/mnt/hdd/Workspace/ros-bridge/install/carla_common:/opt/ros/humble /usr/bin/cmake --build /home/a01004/Desktop/Calra-autoware_interface/bridge_ws/build/carla_autoware_type_bridge -- -j16 -l16
[22.895s] DEBUG:colcon.colcon_core.event_handler.log_command:Invoking command in '/home/a01004/Desktop/Calra-autoware_interface/bridge_ws/build/carla_autoware_type_bridge': CMAKE_PREFIX_PATH=${CMAKE_PREFIX_PATH}:/home/a01004/autoware/install/autoware_carla_interface:/home/a01004/autoware/install/ros2agnocast:/home/a01004/autoware/install/autoware_adapi_visualizers:/home/a01004/msg_ws/install/autoware_auto_msgs:/home/a01004/msg_ws/install/autoware_auto_vehicle_msgs:/home/a01004/msg_ws/install/autoware_auto_system_msgs:/home/a01004/msg_ws/install/autoware_auto_planning_msgs:/home/a01004/msg_ws/install/autoware_auto_perception_msgs:/home/a01004/msg_ws/install/autoware_auto_mapping_msgs:/home/a01004/msg_ws/install/autoware_auto_geometry_msgs:/home/a01004/msg_ws/install/autoware_auto_control_msgs:/mnt/hdd/Workspace/ros-bridge/install/rqt_carla_control:/mnt/hdd/Workspace/ros-bridge/install/carla_waypoint_publisher:/mnt/hdd/Workspace/ros-bridge/install/carla_ackermann_control:/mnt/hdd/Workspace/ros-bridge/install/carla_ros_bridge:/mnt/hdd/Workspace/ros-bridge/install/carla_spawn_objects:/mnt/hdd/Workspace/ros-bridge/install/carla_manual_control:/mnt/hdd/Workspace/ros-bridge/install/carla_ad_agent:/mnt/hdd/Workspace/ros-bridge/install/ros_compatibility:/mnt/hdd/Workspace/ros-bridge/install/carla_walker_agent:/mnt/hdd/Workspace/ros-bridge/install/carla_twist_to_control:/mnt/hdd/Workspace/ros-bridge/install/carla_ros_scenario_runner:/mnt/hdd/Workspace/ros-bridge/install/carla_common:/opt/ros/humble /usr/bin/cmake --install /home/a01004/Desktop/Calra-autoware_interface/bridge_ws/build/carla_autoware_type_bridge
[22.935s] Level 1:colcon.colcon_core.environment:create_environment_scripts_only(carla_autoware_type_bridge)
[22.935s] Level 1:colcon.colcon_core.environment:checking '/home/a01004/Desktop/Calra-autoware_interface/bridge_ws/install/carla_autoware_type_bridge' for CMake module files
[22.935s] DEBUG:colcon.colcon_core.event_handler.log_command:Invoked command in '/home/a01004/Desktop/Calra-autoware_interface/bridge_ws/build/carla_autoware_type_bridge' returned '0': CMAKE_PREFIX_PATH=${CMAKE_PREFIX_PATH}:/home/a01004/autoware/install/autoware_carla_interface:/home/a01004/autoware/install/ros2agnocast:/home/a01004/autoware/install/autoware_adapi_visualizers:/home/a01004/msg_ws/install/autoware_auto_msgs:/home/a01004/msg_ws/install/autoware_auto_vehicle_msgs:/home/a01004/msg_ws/install/autoware_auto_system_msgs:/home/a01004/msg_ws/install/autoware_auto_planning_msgs:/home/a01004/msg_ws/install/autoware_auto_perception_msgs:/home/a01004/msg_ws/install/autoware_auto_mapping_msgs:/home/a01004/msg_ws/install/autoware_auto_geometry_msgs:/home/a01004/msg_ws/install/autoware_auto_control_msgs:/mnt/hdd/Workspace/ros-bridge/install/rqt_carla_control:/mnt/hdd/Workspace/ros-bridge/install/carla_waypoint_publisher:/mnt/hdd/Workspace/ros-bridge/install/carla_ackermann_control:/mnt/hdd/Workspace/ros-bridge/install/carla_ros_bridge:/mnt/hdd/Workspace/ros-bridge/install/carla_spawn_objects:/mnt/hdd/Workspace/ros-bridge/install/carla_manual_control:/mnt/hdd/Workspace/ros-bridge/install/carla_ad_agent:/mnt/hdd/Workspace/ros-bridge/install/ros_compatibility:/mnt/hdd/Workspace/ros-bridge/install/carla_walker_agent:/mnt/hdd/Workspace/ros-bridge/install/carla_twist_to_control:/mnt/hdd/Workspace/ros-bridge/install/carla_ros_scenario_runner:/mnt/hdd/Workspace/ros-bridge/install/carla_common:/opt/ros/humble /usr/bin/cmake --install /home/a01004/Desktop/Calra-autoware_interface/bridge_ws/build/carla_autoware_type_bridge
[22.936s] Level 1:colcon.colcon_core.environment:checking '/home/a01004/Desktop/Calra-autoware_interface/bridge_ws/install/carla_autoware_type_bridge' for CMake config files
[22.936s] Level 1:colcon.colcon_core.shell:create_environment_hook('carla_autoware_type_bridge', 'cmake_prefix_path')
[22.936s] INFO:colcon.colcon_core.shell:Creating environment hook '/home/a01004/Desktop/Calra-autoware_interface/bridge_ws/install/carla_autoware_type_bridge/share/carla_autoware_type_bridge/hook/cmake_prefix_path.ps1'
[22.937s] INFO:colcon.colcon_core.shell:Creating environment descriptor '/home/a01004/Desktop/Calra-autoware_interface/bridge_ws/install/carla_autoware_type_bridge/share/carla_autoware_type_bridge/hook/cmake_prefix_path.dsv'
[22.937s] INFO:colcon.colcon_core.shell:Creating environment hook '/home/a01004/Desktop/Calra-autoware_interface/bridge_ws/install/carla_autoware_type_bridge/share/carla_autoware_type_bridge/hook/cmake_prefix_path.sh'
[22.937s] Level 1:colcon.colcon_core.environment:checking '/home/a01004/Desktop/Calra-autoware_interface/bridge_ws/install/carla_autoware_type_bridge/lib'
[22.937s] Level 1:colcon.colcon_core.environment:checking '/home/a01004/Desktop/Calra-autoware_interface/bridge_ws/install/carla_autoware_type_bridge/bin'
[22.937s] Level 1:colcon.colcon_core.environment:checking '/home/a01004/Desktop/Calra-autoware_interface/bridge_ws/install/carla_autoware_type_bridge/lib/pkgconfig/carla_autoware_type_bridge.pc'
[22.938s] Level 1:colcon.colcon_core.environment:checking '/home/a01004/Desktop/Calra-autoware_interface/bridge_ws/install/carla_autoware_type_bridge/lib/python3.10/site-packages'
[22.938s] Level 1:colcon.colcon_core.environment:checking '/home/a01004/Desktop/Calra-autoware_interface/bridge_ws/install/carla_autoware_type_bridge/bin'
[22.938s] INFO:colcon.colcon_core.shell:Creating package script '/home/a01004/Desktop/Calra-autoware_interface/bridge_ws/install/carla_autoware_type_bridge/share/carla_autoware_type_bridge/package.ps1'
[22.938s] INFO:colcon.colcon_core.shell:Creating package descriptor '/home/a01004/Desktop/Calra-autoware_interface/bridge_ws/install/carla_autoware_type_bridge/share/carla_autoware_type_bridge/package.dsv'
[22.939s] INFO:colcon.colcon_core.shell:Creating package script '/home/a01004/Desktop/Calra-autoware_interface/bridge_ws/install/carla_autoware_type_bridge/share/carla_autoware_type_bridge/package.sh'
[22.939s] INFO:colcon.colcon_core.shell:Creating package script '/home/a01004/Desktop/Calra-autoware_interface/bridge_ws/install/carla_autoware_type_bridge/share/carla_autoware_type_bridge/package.bash'
[22.939s] INFO:colcon.colcon_core.shell:Creating package script '/home/a01004/Desktop/Calra-autoware_interface/bridge_ws/install/carla_autoware_type_bridge/share/carla_autoware_type_bridge/package.zsh'
[22.939s] Level 1:colcon.colcon_core.environment:create_file_with_runtime_dependencies(/home/a01004/Desktop/Calra-autoware_interface/bridge_ws/install/carla_autoware_type_bridge/share/colcon-core/packages/carla_autoware_type_bridge)
[22.940s] Level 1:colcon.colcon_core.environment:create_environment_scripts_only(carla_autoware_type_bridge)
[22.940s] Level 1:colcon.colcon_core.environment:checking '/home/a01004/Desktop/Calra-autoware_interface/bridge_ws/install/carla_autoware_type_bridge' for CMake module files
[22.940s] Level 1:colcon.colcon_core.environment:checking '/home/a01004/Desktop/Calra-autoware_interface/bridge_ws/install/carla_autoware_type_bridge' for CMake config files
[22.941s] Level 1:colcon.colcon_core.shell:create_environment_hook('carla_autoware_type_bridge', 'cmake_prefix_path')
[22.941s] INFO:colcon.colcon_core.shell:Creating environment hook '/home/a01004/Desktop/Calra-autoware_interface/bridge_ws/install/carla_autoware_type_bridge/share/carla_autoware_type_bridge/hook/cmake_prefix_path.ps1'
[22.941s] INFO:colcon.colcon_core.shell:Creating environment descriptor '/home/a01004/Desktop/Calra-autoware_interface/bridge_ws/install/carla_autoware_type_bridge/share/carla_autoware_type_bridge/hook/cmake_prefix_path.dsv'
[22.941s] INFO:colcon.colcon_core.shell:Creating environment hook '/home/a01004/Desktop/Calra-autoware_interface/bridge_ws/install/carla_autoware_type_bridge/share/carla_autoware_type_bridge/hook/cmake_prefix_path.sh'
[22.942s] Level 1:colcon.colcon_core.environment:checking '/home/a01004/Desktop/Calra-autoware_interface/bridge_ws/install/carla_autoware_type_bridge/lib'
[22.942s] Level 1:colcon.colcon_core.environment:checking '/home/a01004/Desktop/Calra-autoware_interface/bridge_ws/install/carla_autoware_type_bridge/bin'
[22.942s] Level 1:colcon.colcon_core.environment:checking '/home/a01004/Desktop/Calra-autoware_interface/bridge_ws/install/carla_autoware_type_bridge/lib/pkgconfig/carla_autoware_type_bridge.pc'
[22.942s] Level 1:colcon.colcon_core.environment:checking '/home/a01004/Desktop/Calra-autoware_interface/bridge_ws/install/carla_autoware_type_bridge/lib/python3.10/site-packages'
[22.942s] Level 1:colcon.colcon_core.environment:checking '/home/a01004/Desktop/Calra-autoware_interface/bridge_ws/install/carla_autoware_type_bridge/bin'
[22.942s] INFO:colcon.colcon_core.shell:Creating package script '/home/a01004/Desktop/Calra-autoware_interface/bridge_ws/install/carla_autoware_type_bridge/share/carla_autoware_type_bridge/package.ps1'
[22.943s] INFO:colcon.colcon_core.shell:Creating package descriptor '/home/a01004/Desktop/Calra-autoware_interface/bridge_ws/install/carla_autoware_type_bridge/share/carla_autoware_type_bridge/package.dsv'
[22.943s] INFO:colcon.colcon_core.shell:Creating package script '/home/a01004/Desktop/Calra-autoware_interface/bridge_ws/install/carla_autoware_type_bridge/share/carla_autoware_type_bridge/package.sh'
[22.944s] INFO:colcon.colcon_core.shell:Creating package script '/home/a01004/Desktop/Calra-autoware_interface/bridge_ws/install/carla_autoware_type_bridge/share/carla_autoware_type_bridge/package.bash'
[22.944s] INFO:colcon.colcon_core.shell:Creating package script '/home/a01004/Desktop/Calra-autoware_interface/bridge_ws/install/carla_autoware_type_bridge/share/carla_autoware_type_bridge/package.zsh'
[22.945s] Level 1:colcon.colcon_core.environment:create_file_with_runtime_dependencies(/home/a01004/Desktop/Calra-autoware_interface/bridge_ws/install/carla_autoware_type_bridge/share/colcon-core/packages/carla_autoware_type_bridge)
[22.945s] DEBUG:colcon.colcon_parallel_executor.executor.parallel:closing loop
[22.945s] DEBUG:colcon.colcon_parallel_executor.executor.parallel:loop closed
[22.945s] DEBUG:colcon.colcon_parallel_executor.executor.parallel:run_until_complete finished with '0'
[22.945s] DEBUG:colcon.colcon_core.event_reactor:joining thread
[22.955s] INFO:colcon.colcon_core.plugin_system:Skipping extension 'colcon_notification.desktop_notification.terminal_notifier': Not used on non-Darwin systems
[22.955s] INFO:colcon.colcon_core.plugin_system:Skipping extension 'colcon_notification.desktop_notification.win32': Not used on non-Windows systems
[22.955s] INFO:colcon.colcon_notification.desktop_notification:Sending desktop notification using 'notify2'
[22.964s] DEBUG:colcon.colcon_core.event_reactor:joined thread
[22.965s] INFO:colcon.colcon_core.shell:Creating prefix script '/home/a01004/Desktop/Calra-autoware_interface/bridge_ws/install/local_setup.ps1'
[22.966s] INFO:colcon.colcon_core.shell:Creating prefix util module '/home/a01004/Desktop/Calra-autoware_interface/bridge_ws/install/_local_setup_util_ps1.py'
[22.967s] INFO:colcon.colcon_core.shell:Creating prefix chain script '/home/a01004/Desktop/Calra-autoware_interface/bridge_ws/install/setup.ps1'
[22.981s] INFO:colcon.colcon_core.shell:Creating prefix script '/home/a01004/Desktop/Calra-autoware_interface/bridge_ws/install/local_setup.sh'
[22.982s] INFO:colcon.colcon_core.shell:Creating prefix util module '/home/a01004/Desktop/Calra-autoware_interface/bridge_ws/install/_local_setup_util_sh.py'
[22.982s] INFO:colcon.colcon_core.shell:Creating prefix chain script '/home/a01004/Desktop/Calra-autoware_interface/bridge_ws/install/setup.sh'
[22.997s] INFO:colcon.colcon_core.shell:Creating prefix script '/home/a01004/Desktop/Calra-autoware_interface/bridge_ws/install/local_setup.bash'
[22.997s] INFO:colcon.colcon_core.shell:Creating prefix chain script '/home/a01004/Desktop/Calra-autoware_interface/bridge_ws/install/setup.bash'
[23.012s] INFO:colcon.colcon_core.shell:Creating prefix script '/home/a01004/Desktop/Calra-autoware_interface/bridge_ws/install/local_setup.zsh'
[23.012s] INFO:colcon.colcon_core.shell:Creating prefix chain script '/home/a01004/Desktop/Calra-autoware_interface/bridge_ws/install/setup.zsh'
