[0.117s] DEBUG:colcon:Command line arguments: ['/usr/bin/colcon', 'build', '--packages-select', 'carla_autoware_type_bridge', '--cmake-clean-cache', '--cmake-args', '-Dautoware_auto_vehicle_msgs_DIR=~/msg_ws2/install/autoware_auto_vehicle_msgs/share/autoware_auto_vehicle_msgs/cmake']
[0.117s] DEBUG:colcon:Parsed command line arguments: Namespace(log_base=None, log_level=None, verb_name='build', build_base='build', install_base='install', merge_install=False, symlink_install=False, test_result_base=None, continue_on_error=False, executor='parallel', parallel_workers=16, event_handlers=None, ignore_user_meta=False, metas=['./colcon.meta'], base_paths=['.'], packages_ignore=None, packages_ignore_regex=None, paths=None, packages_up_to=None, packages_up_to_regex=None, packages_above=None, packages_above_and_dependencies=None, packages_above_depth=None, packages_select_by_dep=None, packages_skip_by_dep=None, packages_skip_up_to=None, packages_select_build_failed=False, packages_skip_build_finished=False, packages_select_test_failures=False, packages_skip_test_passed=False, packages_select=['carla_autoware_type_bridge'], packages_skip=None, packages_select_regex=None, packages_skip_regex=None, packages_start=None, packages_end=None, allow_overriding=[], cmake_args=['-Dautoware_auto_vehicle_msgs_DIR=~/msg_ws2/install/autoware_auto_vehicle_msgs/share/autoware_auto_vehicle_msgs/cmake'], cmake_target=None, cmake_target_skip_unavailable=False, cmake_clean_cache=True, cmake_clean_first=False, cmake_force_configure=False, ament_cmake_args=None, catkin_cmake_args=None, catkin_skip_building_tests=False, mixin_files=None, mixin=None, verb_parser=<colcon_mixin.mixin.mixin_argument.MixinArgumentDecorator object at 0x7fdc3da15ff0>, verb_extension=<colcon_core.verb.build.BuildVerb object at 0x7fdc3db13520>, main=<bound method BuildVerb.main of <colcon_core.verb.build.BuildVerb object at 0x7fdc3db13520>>, mixin_verb=('build',))
[0.326s] Level 1:colcon.colcon_core.package_discovery:discover_packages(colcon_meta) check parameters
[0.326s] Level 1:colcon.colcon_core.package_discovery:discover_packages(recursive) check parameters
[0.326s] Level 1:colcon.colcon_core.package_discovery:discover_packages(ignore) check parameters
[0.326s] Level 1:colcon.colcon_core.package_discovery:discover_packages(path) check parameters
[0.326s] Level 1:colcon.colcon_core.package_discovery:discover_packages(colcon_meta) discover
[0.326s] Level 1:colcon.colcon_core.package_discovery:discover_packages(recursive) discover
[0.326s] INFO:colcon.colcon_core.package_discovery:Crawling recursively for packages in '/home/a01004/bridge_ws2'
[0.326s] Level 1:colcon.colcon_core.package_identification:_identify(.) by extensions ['ignore', 'ignore_ament_install']
[0.326s] Level 1:colcon.colcon_core.package_identification:_identify(.) by extension 'ignore'
[0.326s] Level 1:colcon.colcon_core.package_identification:_identify(.) by extension 'ignore_ament_install'
[0.326s] Level 1:colcon.colcon_core.package_identification:_identify(.) by extensions ['colcon_pkg']
[0.326s] Level 1:colcon.colcon_core.package_identification:_identify(.) by extension 'colcon_pkg'
[0.326s] Level 1:colcon.colcon_core.package_identification:_identify(.) by extensions ['colcon_meta']
[0.326s] Level 1:colcon.colcon_core.package_identification:_identify(.) by extension 'colcon_meta'
[0.326s] Level 1:colcon.colcon_core.package_identification:_identify(.) by extensions ['ros']
[0.326s] Level 1:colcon.colcon_core.package_identification:_identify(.) by extension 'ros'
[0.334s] Level 1:colcon.colcon_core.package_identification:_identify(.) by extensions ['cmake', 'python']
[0.334s] Level 1:colcon.colcon_core.package_identification:_identify(.) by extension 'cmake'
[0.334s] Level 1:colcon.colcon_core.package_identification:_identify(.) by extension 'python'
[0.335s] Level 1:colcon.colcon_core.package_identification:_identify(.) by extensions ['python_setup_py']
[0.335s] Level 1:colcon.colcon_core.package_identification:_identify(.) by extension 'python_setup_py'
[0.335s] Level 1:colcon.colcon_core.package_identification:_identify(build) by extensions ['ignore', 'ignore_ament_install']
[0.335s] Level 1:colcon.colcon_core.package_identification:_identify(build) by extension 'ignore'
[0.335s] Level 1:colcon.colcon_core.package_identification:_identify(build) ignored
[0.335s] Level 1:colcon.colcon_core.package_identification:_identify(carla_autoware_type_bridge) by extensions ['ignore', 'ignore_ament_install']
[0.335s] Level 1:colcon.colcon_core.package_identification:_identify(carla_autoware_type_bridge) by extension 'ignore'
[0.335s] Level 1:colcon.colcon_core.package_identification:_identify(carla_autoware_type_bridge) by extension 'ignore_ament_install'
[0.335s] Level 1:colcon.colcon_core.package_identification:_identify(carla_autoware_type_bridge) by extensions ['colcon_pkg']
[0.335s] Level 1:colcon.colcon_core.package_identification:_identify(carla_autoware_type_bridge) by extension 'colcon_pkg'
[0.335s] Level 1:colcon.colcon_core.package_identification:_identify(carla_autoware_type_bridge) by extensions ['colcon_meta']
[0.335s] Level 1:colcon.colcon_core.package_identification:_identify(carla_autoware_type_bridge) by extension 'colcon_meta'
[0.335s] Level 1:colcon.colcon_core.package_identification:_identify(carla_autoware_type_bridge) by extensions ['ros']
[0.335s] Level 1:colcon.colcon_core.package_identification:_identify(carla_autoware_type_bridge) by extension 'ros'
[0.337s] DEBUG:colcon.colcon_core.package_identification:Package 'carla_autoware_type_bridge' with type 'ros.ament_cmake' and name 'carla_autoware_type_bridge'
[0.337s] Level 1:colcon.colcon_core.package_identification:_identify(install) by extensions ['ignore', 'ignore_ament_install']
[0.337s] Level 1:colcon.colcon_core.package_identification:_identify(install) by extension 'ignore'
[0.337s] Level 1:colcon.colcon_core.package_identification:_identify(install) ignored
[0.338s] Level 1:colcon.colcon_core.package_identification:_identify(log) by extensions ['ignore', 'ignore_ament_install']
[0.338s] Level 1:colcon.colcon_core.package_identification:_identify(log) by extension 'ignore'
[0.338s] Level 1:colcon.colcon_core.package_identification:_identify(log) ignored
[0.338s] Level 1:colcon.colcon_core.package_identification:_identify(src) by extensions ['ignore', 'ignore_ament_install']
[0.338s] Level 1:colcon.colcon_core.package_identification:_identify(src) by extension 'ignore'
[0.338s] Level 1:colcon.colcon_core.package_identification:_identify(src) by extension 'ignore_ament_install'
[0.338s] Level 1:colcon.colcon_core.package_identification:_identify(src) by extensions ['colcon_pkg']
[0.338s] Level 1:colcon.colcon_core.package_identification:_identify(src) by extension 'colcon_pkg'
[0.338s] Level 1:colcon.colcon_core.package_identification:_identify(src) by extensions ['colcon_meta']
[0.338s] Level 1:colcon.colcon_core.package_identification:_identify(src) by extension 'colcon_meta'
[0.338s] Level 1:colcon.colcon_core.package_identification:_identify(src) by extensions ['ros']
[0.338s] Level 1:colcon.colcon_core.package_identification:_identify(src) by extension 'ros'
[0.338s] Level 1:colcon.colcon_core.package_identification:_identify(src) by extensions ['cmake', 'python']
[0.338s] Level 1:colcon.colcon_core.package_identification:_identify(src) by extension 'cmake'
[0.338s] Level 1:colcon.colcon_core.package_identification:_identify(src) by extension 'python'
[0.338s] Level 1:colcon.colcon_core.package_identification:_identify(src) by extensions ['python_setup_py']
[0.338s] Level 1:colcon.colcon_core.package_identification:_identify(src) by extension 'python_setup_py'
[0.338s] Level 1:colcon.colcon_core.package_identification:_identify(src/carla_autonomy_bridge) by extensions ['ignore', 'ignore_ament_install']
[0.338s] Level 1:colcon.colcon_core.package_identification:_identify(src/carla_autonomy_bridge) by extension 'ignore'
[0.338s] Level 1:colcon.colcon_core.package_identification:_identify(src/carla_autonomy_bridge) by extension 'ignore_ament_install'
[0.338s] Level 1:colcon.colcon_core.package_identification:_identify(src/carla_autonomy_bridge) by extensions ['colcon_pkg']
[0.338s] Level 1:colcon.colcon_core.package_identification:_identify(src/carla_autonomy_bridge) by extension 'colcon_pkg'
[0.339s] Level 1:colcon.colcon_core.package_identification:_identify(src/carla_autonomy_bridge) by extensions ['colcon_meta']
[0.339s] Level 1:colcon.colcon_core.package_identification:_identify(src/carla_autonomy_bridge) by extension 'colcon_meta'
[0.339s] Level 1:colcon.colcon_core.package_identification:_identify(src/carla_autonomy_bridge) by extensions ['ros']
[0.339s] Level 1:colcon.colcon_core.package_identification:_identify(src/carla_autonomy_bridge) by extension 'ros'
[0.339s] DEBUG:colcon.colcon_core.package_identification:Failed to parse potential ROS package manifest in'src/carla_autonomy_bridge': Error(s) in package 'src/carla_autonomy_bridge/package.xml':
The manifest contains invalid XML:
not well-formed (invalid token): line 5, column 22
[0.339s] Level 1:colcon.colcon_core.package_identification:_identify(src/carla_autonomy_bridge) by extensions ['cmake', 'python']
[0.339s] Level 1:colcon.colcon_core.package_identification:_identify(src/carla_autonomy_bridge) by extension 'cmake'
[0.339s] Level 1:colcon.colcon_core.package_identification:_identify(src/carla_autonomy_bridge) by extension 'python'
[0.339s] DEBUG:colcon.colcon_core.package_identification:Python package in 'src/carla_autonomy_bridge' passes arguments to the setup() function which requires a different identification extension than 'python'
[0.339s] Level 1:colcon.colcon_core.package_identification:_identify(src/carla_autonomy_bridge) by extensions ['python_setup_py']
[0.339s] Level 1:colcon.colcon_core.package_identification:_identify(src/carla_autonomy_bridge) by extension 'python_setup_py'
[0.655s] DEBUG:colcon.colcon_core.package_identification:Package 'src/carla_autonomy_bridge' with type 'python' and name 'carla_autonomy_bridge'
[0.656s] Level 1:colcon.colcon_core.package_identification:_identify(src/carla_autoware_type_bridge) by extensions ['ignore', 'ignore_ament_install']
[0.656s] Level 1:colcon.colcon_core.package_identification:_identify(src/carla_autoware_type_bridge) by extension 'ignore'
[0.656s] Level 1:colcon.colcon_core.package_identification:_identify(src/carla_autoware_type_bridge) by extension 'ignore_ament_install'
[0.656s] Level 1:colcon.colcon_core.package_identification:_identify(src/carla_autoware_type_bridge) by extensions ['colcon_pkg']
[0.656s] Level 1:colcon.colcon_core.package_identification:_identify(src/carla_autoware_type_bridge) by extension 'colcon_pkg'
[0.656s] Level 1:colcon.colcon_core.package_identification:_identify(src/carla_autoware_type_bridge) by extensions ['colcon_meta']
[0.656s] Level 1:colcon.colcon_core.package_identification:_identify(src/carla_autoware_type_bridge) by extension 'colcon_meta'
[0.656s] Level 1:colcon.colcon_core.package_identification:_identify(src/carla_autoware_type_bridge) by extensions ['ros']
[0.656s] Level 1:colcon.colcon_core.package_identification:_identify(src/carla_autoware_type_bridge) by extension 'ros'
[0.657s] DEBUG:colcon.colcon_core.package_identification:Package 'src/carla_autoware_type_bridge' with type 'ros.ament_cmake' and name 'carla_autoware_type_bridge'
[0.657s] Level 1:colcon.colcon_core.package_discovery:discover_packages(recursive) using defaults
[0.657s] Level 1:colcon.colcon_core.package_discovery:discover_packages(ignore) discover
[0.657s] Level 1:colcon.colcon_core.package_discovery:discover_packages(ignore) using defaults
[0.657s] Level 1:colcon.colcon_core.package_discovery:discover_packages(path) discover
[0.657s] Level 1:colcon.colcon_core.package_discovery:discover_packages(path) using defaults
[0.679s] INFO:colcon.colcon_core.package_selection:Skipping not selected package 'carla_autonomy_bridge' in 'src/carla_autonomy_bridge'
[0.679s] Level 1:colcon.colcon_core.package_discovery:discover_packages(prefix_path) check parameters
[0.679s] Level 1:colcon.colcon_core.package_discovery:discover_packages(prefix_path) discover
[0.692s] DEBUG:colcon.colcon_installed_package_information.package_discovery:Found 8 installed packages in /home/a01004/msg_ws2/install
[0.701s] DEBUG:colcon.colcon_installed_package_information.package_discovery:Found 451 installed packages in /home/a01004/autoware/install
[0.703s] DEBUG:colcon.colcon_installed_package_information.package_discovery:Found 9 installed packages in /home/a01004/autoware_msgs_ws/install
[0.703s] DEBUG:colcon.colcon_installed_package_information.package_discovery:Found 8 installed packages in /home/a01004/msg_ws/install
[0.704s] DEBUG:colcon.colcon_installed_package_information.package_discovery:Found 19 installed packages in /mnt/hdd/Workspace/ros-bridge/install
[0.705s] DEBUG:colcon.colcon_installed_package_information.package_discovery:Found 361 installed packages in /opt/ros/humble
[0.706s] Level 1:colcon.colcon_core.package_discovery:discover_packages(prefix_path) using defaults
[0.769s] ERROR:colcon:colcon build: Duplicate package names not supported:
- carla_autoware_type_bridge:
  - carla_autoware_type_bridge
  - src/carla_autoware_type_bridge
