running egg_info
creating ../../build/carla_autonomy_bridge/carla_autonomy_bridge.egg-info
writing ../../build/carla_autonomy_bridge/carla_autonomy_bridge.egg-info/PKG-INFO
writing dependency_links to ../../build/carla_autonomy_bridge/carla_autonomy_bridge.egg-info/dependency_links.txt
writing entry points to ../../build/carla_autonomy_bridge/carla_autonomy_bridge.egg-info/entry_points.txt
writing requirements to ../../build/carla_autonomy_bridge/carla_autonomy_bridge.egg-info/requires.txt
writing top-level names to ../../build/carla_autonomy_bridge/carla_autonomy_bridge.egg-info/top_level.txt
writing manifest file '../../build/carla_autonomy_bridge/carla_autonomy_bridge.egg-info/SOURCES.txt'
reading manifest file '../../build/carla_autonomy_bridge/carla_autonomy_bridge.egg-info/SOURCES.txt'
writing manifest file '../../build/carla_autonomy_bridge/carla_autonomy_bridge.egg-info/SOURCES.txt'
running build
running build_py
creating /home/a01004/Desktop/Calra-autoware_interface/bridge_ws/build/carla_autonomy_bridge/build
creating /home/a01004/Desktop/Calra-autoware_interface/bridge_ws/build/carla_autonomy_bridge/build/lib
creating /home/a01004/Desktop/Calra-autoware_interface/bridge_ws/build/carla_autonomy_bridge/build/lib/carla_autonomy_bridge
copying carla_autonomy_bridge/imu_relay.py -> /home/a01004/Desktop/Calra-autoware_interface/bridge_ws/build/carla_autonomy_bridge/build/lib/carla_autonomy_bridge
copying carla_autonomy_bridge/__init__.py -> /home/a01004/Desktop/Calra-autoware_interface/bridge_ws/build/carla_autonomy_bridge/build/lib/carla_autonomy_bridge
copying carla_autonomy_bridge/pointcloud_relay.py -> /home/a01004/Desktop/Calra-autoware_interface/bridge_ws/build/carla_autonomy_bridge/build/lib/carla_autonomy_bridge
running install
running install_lib
creating /home/a01004/Desktop/Calra-autoware_interface/bridge_ws/install/carla_autonomy_bridge/lib/python3.10/site-packages/carla_autonomy_bridge
copying /home/a01004/Desktop/Calra-autoware_interface/bridge_ws/build/carla_autonomy_bridge/build/lib/carla_autonomy_bridge/imu_relay.py -> /home/a01004/Desktop/Calra-autoware_interface/bridge_ws/install/carla_autonomy_bridge/lib/python3.10/site-packages/carla_autonomy_bridge
copying /home/a01004/Desktop/Calra-autoware_interface/bridge_ws/build/carla_autonomy_bridge/build/lib/carla_autonomy_bridge/__init__.py -> /home/a01004/Desktop/Calra-autoware_interface/bridge_ws/install/carla_autonomy_bridge/lib/python3.10/site-packages/carla_autonomy_bridge
copying /home/a01004/Desktop/Calra-autoware_interface/bridge_ws/build/carla_autonomy_bridge/build/lib/carla_autonomy_bridge/pointcloud_relay.py -> /home/a01004/Desktop/Calra-autoware_interface/bridge_ws/install/carla_autonomy_bridge/lib/python3.10/site-packages/carla_autonomy_bridge
byte-compiling /home/a01004/Desktop/Calra-autoware_interface/bridge_ws/install/carla_autonomy_bridge/lib/python3.10/site-packages/carla_autonomy_bridge/imu_relay.py to imu_relay.cpython-310.pyc
byte-compiling /home/a01004/Desktop/Calra-autoware_interface/bridge_ws/install/carla_autonomy_bridge/lib/python3.10/site-packages/carla_autonomy_bridge/__init__.py to __init__.cpython-310.pyc
byte-compiling /home/a01004/Desktop/Calra-autoware_interface/bridge_ws/install/carla_autonomy_bridge/lib/python3.10/site-packages/carla_autonomy_bridge/pointcloud_relay.py to pointcloud_relay.cpython-310.pyc
running install_data
creating /home/a01004/Desktop/Calra-autoware_interface/bridge_ws/install/carla_autonomy_bridge/share
creating /home/a01004/Desktop/Calra-autoware_interface/bridge_ws/install/carla_autonomy_bridge/share/ament_index
creating /home/a01004/Desktop/Calra-autoware_interface/bridge_ws/install/carla_autonomy_bridge/share/ament_index/resource_index
creating /home/a01004/Desktop/Calra-autoware_interface/bridge_ws/install/carla_autonomy_bridge/share/ament_index/resource_index/packages
copying resource/carla_autonomy_bridge -> /home/a01004/Desktop/Calra-autoware_interface/bridge_ws/install/carla_autonomy_bridge/share/ament_index/resource_index/packages
creating /home/a01004/Desktop/Calra-autoware_interface/bridge_ws/install/carla_autonomy_bridge/share/carla_autonomy_bridge
copying package.xml -> /home/a01004/Desktop/Calra-autoware_interface/bridge_ws/install/carla_autonomy_bridge/share/carla_autonomy_bridge
creating /home/a01004/Desktop/Calra-autoware_interface/bridge_ws/install/carla_autonomy_bridge/share/carla_autonomy_bridge/launch
copying launch/relays.launch.py -> /home/a01004/Desktop/Calra-autoware_interface/bridge_ws/install/carla_autonomy_bridge/share/carla_autonomy_bridge/launch
copying launch/bridge_with_relays.launch.py -> /home/a01004/Desktop/Calra-autoware_interface/bridge_ws/install/carla_autonomy_bridge/share/carla_autonomy_bridge/launch
copying launch/carla_interface_with_preprocessor.launch.py -> /home/a01004/Desktop/Calra-autoware_interface/bridge_ws/install/carla_autonomy_bridge/share/carla_autonomy_bridge/launch
copying launch/carla_pointcloud_preprocessor.launch.py -> /home/a01004/Desktop/Calra-autoware_interface/bridge_ws/install/carla_autonomy_bridge/share/carla_autonomy_bridge/launch
running install_egg_info
Copying ../../build/carla_autonomy_bridge/carla_autonomy_bridge.egg-info to /home/a01004/Desktop/Calra-autoware_interface/bridge_ws/install/carla_autonomy_bridge/lib/python3.10/site-packages/carla_autonomy_bridge-0.1.0-py3.10.egg-info
running install_scripts
Installing imu_relay script to /home/a01004/Desktop/Calra-autoware_interface/bridge_ws/install/carla_autonomy_bridge/lib/carla_autonomy_bridge
Installing pointcloud_relay script to /home/a01004/Desktop/Calra-autoware_interface/bridge_ws/install/carla_autonomy_bridge/lib/carla_autonomy_bridge
writing list of installed files to '/home/a01004/Desktop/Calra-autoware_interface/bridge_ws/build/carla_autonomy_bridge/install.log'
