[0.074s] Invoking command in '/home/a01004/msg_ws2/build/autoware_auto_control_msgs': CMAKE_PREFIX_PATH=${CMAKE_PREFIX_PATH}:/home/a01004/autoware/install/autoware_carla_interface:/home/a01004/autoware/install/ros2agnocast:/home/a01004/autoware/install/autoware_adapi_visualizers:/mnt/hdd/Workspace/ros-bridge/install/rqt_carla_control:/mnt/hdd/Workspace/ros-bridge/install/carla_waypoint_publisher:/mnt/hdd/Workspace/ros-bridge/install/carla_ackermann_control:/mnt/hdd/Workspace/ros-bridge/install/carla_ros_bridge:/mnt/hdd/Workspace/ros-bridge/install/carla_spawn_objects:/mnt/hdd/Workspace/ros-bridge/install/carla_manual_control:/mnt/hdd/Workspace/ros-bridge/install/carla_ad_agent:/mnt/hdd/Workspace/ros-bridge/install/ros_compatibility:/mnt/hdd/Workspace/ros-bridge/install/carla_walker_agent:/mnt/hdd/Workspace/ros-bridge/install/carla_twist_to_control:/mnt/hdd/Workspace/ros-bridge/install/carla_ros_scenario_runner:/mnt/hdd/Workspace/ros-bridge/install/carla_common:/opt/ros/humble /usr/bin/cmake --build /home/a01004/msg_ws2/build/autoware_auto_control_msgs -- -j16 -l16
[0.145s] [0mCMake Error: The current CMakeCache.txt directory /home/a01004/msg_ws2/build/autoware_auto_control_msgs/CMakeCache.txt is different than the directory /home/a01004/msg_ws/build/autoware_auto_control_msgs where CMakeCache.txt was created. This may result in binaries being created in the wrong place. If you are not sure, reedit the CMakeCache.txt[0m
[0.226s] -- Found ament_cmake_auto: 1.3.12 (/opt/ros/humble/share/ament_cmake_auto/cmake)
[0.457s] -- Override CMake install command with custom implementation using symlinks instead of copying resources
[0.736s] -- Using all available rosidl_typesupport_c: rosidl_typesupport_fastrtps_c;rosidl_typesupport_introspection_c
[0.739s] -- Found rosidl_adapter: 3.1.8 (/opt/ros/humble/share/rosidl_adapter/cmake)
[0.825s] -- Using all available rosidl_typesupport_cpp: rosidl_typesupport_fastrtps_cpp;rosidl_typesupport_introspection_cpp
[1.043s] -- Found ament_cmake_cppcheck: 0.12.14 (/opt/ros/humble/share/ament_cmake_cppcheck/cmake)
[1.044s] -- Found ament_cmake_cpplint: 0.12.14 (/opt/ros/humble/share/ament_cmake_cpplint/cmake)
[1.045s] -- Found ament_cmake_uncrustify: 0.12.14 (/opt/ros/humble/share/ament_cmake_uncrustify/cmake)
[1.046s] -- Found ament_cmake_ros: 0.10.0 (/opt/ros/humble/share/ament_cmake_ros/cmake)
[1.471s] -- Using all available rosidl_typesupport_c: rosidl_typesupport_fastrtps_c;rosidl_typesupport_introspection_c
[2.019s] -- Using all available rosidl_typesupport_cpp: rosidl_typesupport_fastrtps_cpp;rosidl_typesupport_introspection_cpp
[2.075s] -- Found python_cmake_module: 0.10.0 (/opt/ros/humble/share/python_cmake_module/cmake)
[2.132s] -- Using PYTHON_EXECUTABLE: /usr/bin/python3
[2.132s] -- Using PYTHON_INCLUDE_DIRS: /usr/include/python3.10
[2.132s] -- Using PYTHON_LIBRARIES: /usr/lib/x86_64-linux-gnu/libpython3.10.so
[2.806s] -- Found ament_cmake_flake8: 0.12.14 (/opt/ros/humble/share/ament_cmake_flake8/cmake)
[2.807s] -- Found ament_cmake_pep257: 0.12.14 (/opt/ros/humble/share/ament_cmake_pep257/cmake)
[2.809s] -- Found ament_lint_auto: 0.12.14 (/opt/ros/humble/share/ament_lint_auto/cmake)
[2.825s] -- Added test 'copyright' to check source files copyright and LICENSE
[2.826s] -- Added test 'lint_cmake' to check CMake code style
[2.826s] -- Added test 'xmllint' to check XML markup files
[2.830s] -- Configuring done
[2.886s] -- Generating done
[2.894s] -- Build files have been written to: /home/a01004/msg_ws/build/autoware_auto_control_msgs
[2.969s] [  1%] [34m[1mGenerating C code for ROS interfaces[0m
[3.005s] [  3%] [34m[1mGenerating C++ code for ROS interfaces[0m
[3.031s] [  3%] Built target ament_cmake_python_symlink_autoware_auto_control_msgs
[3.719s] running egg_info
[3.719s] writing autoware_auto_control_msgs.egg-info/PKG-INFO
[3.720s] writing dependency_links to autoware_auto_control_msgs.egg-info/dependency_links.txt
[3.720s] writing top-level names to autoware_auto_control_msgs.egg-info/top_level.txt
[3.726s] reading manifest file 'autoware_auto_control_msgs.egg-info/SOURCES.txt'
[3.727s] writing manifest file 'autoware_auto_control_msgs.egg-info/SOURCES.txt'
[3.876s] [  3%] Built target autoware_auto_control_msgs__cpp
[3.910s] [  3%] Built target ament_cmake_python_build_autoware_auto_control_msgs_egg
[4.047s] [35m[1mConsolidate compiler generated dependencies of target autoware_auto_control_msgs__rosidl_generator_c[0m
[4.096s] [  5%] [34m[1mGenerating C++ introspection for ROS interfaces[0m
[4.102s] [  7%] [34m[1mGenerating C++ type support for eProsima Fast-RTPS[0m
[4.119s] [  9%] [34m[1mGenerating C++ type support dispatch for ROS interfaces[0m
[4.168s] [  9%] [34m[1mGenerating C code for ROS interfaces[0m
[5.426s] [35m[1mConsolidate compiler generated dependencies of target autoware_auto_control_msgs__rosidl_typesupport_fastrtps_cpp[0m
[5.564s] [  9%] [34m[1mGenerating C++ type support for eProsima Fast-RTPS[0m
[5.565s] [35m[1mConsolidate compiler generated dependencies of target autoware_auto_control_msgs__rosidl_typesupport_cpp[0m
[5.701s] [  9%] [34m[1mGenerating C++ type support dispatch for ROS interfaces[0m
[5.783s] [35m[1mConsolidate compiler generated dependencies of target autoware_auto_control_msgs__rosidl_typesupport_introspection_cpp[0m
[5.875s] [ 10%] [32mBuilding C object CMakeFiles/autoware_auto_control_msgs__rosidl_generator_c.dir/rosidl_generator_c/autoware_auto_control_msgs/msg/detail/ackermann_control_command__functions.c.o[0m
[5.893s] [ 12%] [32mBuilding C object CMakeFiles/autoware_auto_control_msgs__rosidl_generator_c.dir/rosidl_generator_c/autoware_auto_control_msgs/msg/detail/high_level_control_command__functions.c.o[0m
[5.896s] [ 14%] [32mBuilding C object CMakeFiles/autoware_auto_control_msgs__rosidl_generator_c.dir/rosidl_generator_c/autoware_auto_control_msgs/msg/detail/longitudinal_command__functions.c.o[0m
[5.905s] [ 14%] [34m[1mGenerating C++ introspection for ROS interfaces[0m
[5.906s] [ 16%] [32mBuilding C object CMakeFiles/autoware_auto_control_msgs__rosidl_generator_c.dir/rosidl_generator_c/autoware_auto_control_msgs/msg/detail/ackermann_lateral_command__functions.c.o[0m
[6.246s] [ 18%] [32m[1mLinking C shared library libautoware_auto_control_msgs__rosidl_generator_c.so[0m
[6.433s] [ 18%] Built target autoware_auto_control_msgs__rosidl_generator_c
[6.490s] [ 20%] [34m[1mGenerating C type support dispatch for ROS interfaces[0m
[6.498s] [ 21%] [34m[1mGenerating C introspection for ROS interfaces[0m
[6.503s] [ 23%] [34m[1mGenerating C type support for eProsima Fast-RTPS[0m
[6.603s] [ 32%] Built target autoware_auto_control_msgs__rosidl_typesupport_fastrtps_cpp
[6.666s] [ 34%] [32mBuilding CXX object CMakeFiles/autoware_auto_control_msgs__rosidl_typesupport_introspection_cpp.dir/rosidl_typesupport_introspection_cpp/autoware_auto_control_msgs/msg/detail/high_level_control_command__type_support.cpp.o[0m
[6.667s] [ 36%] [32mBuilding CXX object CMakeFiles/autoware_auto_control_msgs__rosidl_typesupport_introspection_cpp.dir/rosidl_typesupport_introspection_cpp/autoware_auto_control_msgs/msg/detail/ackermann_lateral_command__type_support.cpp.o[0m
[6.667s] [ 38%] [32mBuilding CXX object CMakeFiles/autoware_auto_control_msgs__rosidl_typesupport_introspection_cpp.dir/rosidl_typesupport_introspection_cpp/autoware_auto_control_msgs/msg/detail/ackermann_control_command__type_support.cpp.o[0m
[6.677s] [ 40%] [32mBuilding CXX object CMakeFiles/autoware_auto_control_msgs__rosidl_typesupport_introspection_cpp.dir/rosidl_typesupport_introspection_cpp/autoware_auto_control_msgs/msg/detail/longitudinal_command__type_support.cpp.o[0m
[6.726s] [ 49%] Built target autoware_auto_control_msgs__rosidl_typesupport_cpp
[7.220s] [35m[1mConsolidate compiler generated dependencies of target autoware_auto_control_msgs__rosidl_typesupport_c[0m
[7.320s] [ 49%] [34m[1mGenerating C type support dispatch for ROS interfaces[0m
[7.353s] [35m[1mConsolidate compiler generated dependencies of target autoware_auto_control_msgs__rosidl_typesupport_introspection_c[0m
[7.370s] [35m[1mConsolidate compiler generated dependencies of target autoware_auto_control_msgs__rosidl_typesupport_fastrtps_c[0m
[7.371s] [ 50%] [32m[1mLinking CXX shared library libautoware_auto_control_msgs__rosidl_typesupport_introspection_cpp.so[0m
[7.414s] [ 50%] [34m[1mGenerating C introspection for ROS interfaces[0m
[7.427s] [ 50%] [34m[1mGenerating C type support for eProsima Fast-RTPS[0m
[7.565s] [ 50%] Built target autoware_auto_control_msgs__rosidl_typesupport_introspection_cpp
[7.900s] [ 52%] [32m[1mLinking CXX shared library libautoware_auto_control_msgs__rosidl_typesupport_c.so[0m
[7.971s] [ 54%] [32mBuilding C object CMakeFiles/autoware_auto_control_msgs__rosidl_typesupport_introspection_c.dir/rosidl_typesupport_introspection_c/autoware_auto_control_msgs/msg/detail/ackermann_lateral_command__type_support.c.o[0m
[7.982s] [ 56%] [32mBuilding C object CMakeFiles/autoware_auto_control_msgs__rosidl_typesupport_introspection_c.dir/rosidl_typesupport_introspection_c/autoware_auto_control_msgs/msg/detail/ackermann_control_command__type_support.c.o[0m
[7.982s] [ 58%] [32mBuilding C object CMakeFiles/autoware_auto_control_msgs__rosidl_typesupport_introspection_c.dir/rosidl_typesupport_introspection_c/autoware_auto_control_msgs/msg/detail/high_level_control_command__type_support.c.o[0m
[7.995s] [ 60%] [32mBuilding C object CMakeFiles/autoware_auto_control_msgs__rosidl_typesupport_introspection_c.dir/rosidl_typesupport_introspection_c/autoware_auto_control_msgs/msg/detail/longitudinal_command__type_support.c.o[0m
[7.996s] [ 61%] [32mBuilding CXX object CMakeFiles/autoware_auto_control_msgs__rosidl_typesupport_fastrtps_c.dir/rosidl_typesupport_fastrtps_c/autoware_auto_control_msgs/msg/detail/ackermann_control_command__type_support_c.cpp.o[0m
[8.006s] [ 63%] [32mBuilding CXX object CMakeFiles/autoware_auto_control_msgs__rosidl_typesupport_fastrtps_c.dir/rosidl_typesupport_fastrtps_c/autoware_auto_control_msgs/msg/detail/high_level_control_command__type_support_c.cpp.o[0m
[8.015s] [ 65%] [32mBuilding CXX object CMakeFiles/autoware_auto_control_msgs__rosidl_typesupport_fastrtps_c.dir/rosidl_typesupport_fastrtps_c/autoware_auto_control_msgs/msg/detail/ackermann_lateral_command__type_support_c.cpp.o[0m
[8.022s] [ 67%] [32mBuilding CXX object CMakeFiles/autoware_auto_control_msgs__rosidl_typesupport_fastrtps_c.dir/rosidl_typesupport_fastrtps_c/autoware_auto_control_msgs/msg/detail/longitudinal_command__type_support_c.cpp.o[0m
[8.149s] [ 74%] Built target autoware_auto_control_msgs__rosidl_typesupport_c
[8.228s] [ 76%] [32m[1mLinking C shared library libautoware_auto_control_msgs__rosidl_typesupport_introspection_c.so[0m
[8.379s] [ 76%] Built target autoware_auto_control_msgs__rosidl_typesupport_introspection_c
[8.555s] [ 78%] [32m[1mLinking CXX shared library libautoware_auto_control_msgs__rosidl_typesupport_fastrtps_c.so[0m
[8.675s] [ 78%] Built target autoware_auto_control_msgs__rosidl_typesupport_fastrtps_c
[8.751s] [ 78%] Built target autoware_auto_control_msgs
[8.833s] [ 80%] [34m[1mGenerating Python code for ROS interfaces[0m
[9.502s] [ 80%] Built target autoware_auto_control_msgs__py
[9.541s] [35m[1mConsolidate compiler generated dependencies of target autoware_auto_control_msgs__rosidl_generator_py[0m
[9.580s] [ 87%] [32mBuilding C object CMakeFiles/autoware_auto_control_msgs__rosidl_generator_py.dir/rosidl_generator_py/autoware_auto_control_msgs/msg/_high_level_control_command_s.c.o[0m
[9.580s] [ 87%] [32mBuilding C object CMakeFiles/autoware_auto_control_msgs__rosidl_generator_py.dir/rosidl_generator_py/autoware_auto_control_msgs/msg/_ackermann_control_command_s.c.o[0m
[9.580s] [ 87%] [32mBuilding C object CMakeFiles/autoware_auto_control_msgs__rosidl_generator_py.dir/rosidl_generator_py/autoware_auto_control_msgs/msg/_longitudinal_command_s.c.o[0m
[9.580s] [ 87%] [32mBuilding C object CMakeFiles/autoware_auto_control_msgs__rosidl_generator_py.dir/rosidl_generator_py/autoware_auto_control_msgs/msg/_ackermann_lateral_command_s.c.o[0m
[9.758s] [ 89%] [32m[1mLinking C shared library rosidl_generator_py/autoware_auto_control_msgs/libautoware_auto_control_msgs__rosidl_generator_py.so[0m
[9.851s] [ 89%] Built target autoware_auto_control_msgs__rosidl_generator_py
[9.890s] [35m[1mConsolidate compiler generated dependencies of target autoware_auto_control_msgs__rosidl_typesupport_fastrtps_c__pyext[0m
[9.890s] [35m[1mConsolidate compiler generated dependencies of target autoware_auto_control_msgs__rosidl_typesupport_introspection_c__pyext[0m
[9.890s] [35m[1mConsolidate compiler generated dependencies of target autoware_auto_control_msgs__rosidl_typesupport_c__pyext[0m
[9.928s] [ 94%] [32mBuilding C object CMakeFiles/autoware_auto_control_msgs__rosidl_typesupport_introspection_c__pyext.dir/rosidl_generator_py/autoware_auto_control_msgs/_autoware_auto_control_msgs_s.ep.rosidl_typesupport_introspection_c.c.o[0m
[9.928s] [ 94%] [32mBuilding C object CMakeFiles/autoware_auto_control_msgs__rosidl_typesupport_fastrtps_c__pyext.dir/rosidl_generator_py/autoware_auto_control_msgs/_autoware_auto_control_msgs_s.ep.rosidl_typesupport_fastrtps_c.c.o[0m
[9.928s] [ 94%] [32mBuilding C object CMakeFiles/autoware_auto_control_msgs__rosidl_typesupport_c__pyext.dir/rosidl_generator_py/autoware_auto_control_msgs/_autoware_auto_control_msgs_s.ep.rosidl_typesupport_c.c.o[0m
[10.111s] [ 98%] [32m[1mLinking C shared library rosidl_generator_py/autoware_auto_control_msgs/autoware_auto_control_msgs_s__rosidl_typesupport_fastrtps_c.cpython-310-x86_64-linux-gnu.so[0m
[10.112s] [ 98%] [32m[1mLinking C shared library rosidl_generator_py/autoware_auto_control_msgs/autoware_auto_control_msgs_s__rosidl_typesupport_c.cpython-310-x86_64-linux-gnu.so[0m
[10.113s] [100%] [32m[1mLinking C shared library rosidl_generator_py/autoware_auto_control_msgs/autoware_auto_control_msgs_s__rosidl_typesupport_introspection_c.cpython-310-x86_64-linux-gnu.so[0m
[10.208s] [100%] Built target autoware_auto_control_msgs__rosidl_typesupport_c__pyext
[10.208s] [100%] Built target autoware_auto_control_msgs__rosidl_typesupport_fastrtps_c__pyext
[10.208s] [100%] Built target autoware_auto_control_msgs__rosidl_typesupport_introspection_c__pyext
[10.238s] Invoked command in '/home/a01004/msg_ws2/build/autoware_auto_control_msgs' returned '0': CMAKE_PREFIX_PATH=${CMAKE_PREFIX_PATH}:/home/a01004/autoware/install/autoware_carla_interface:/home/a01004/autoware/install/ros2agnocast:/home/a01004/autoware/install/autoware_adapi_visualizers:/mnt/hdd/Workspace/ros-bridge/install/rqt_carla_control:/mnt/hdd/Workspace/ros-bridge/install/carla_waypoint_publisher:/mnt/hdd/Workspace/ros-bridge/install/carla_ackermann_control:/mnt/hdd/Workspace/ros-bridge/install/carla_ros_bridge:/mnt/hdd/Workspace/ros-bridge/install/carla_spawn_objects:/mnt/hdd/Workspace/ros-bridge/install/carla_manual_control:/mnt/hdd/Workspace/ros-bridge/install/carla_ad_agent:/mnt/hdd/Workspace/ros-bridge/install/ros_compatibility:/mnt/hdd/Workspace/ros-bridge/install/carla_walker_agent:/mnt/hdd/Workspace/ros-bridge/install/carla_twist_to_control:/mnt/hdd/Workspace/ros-bridge/install/carla_ros_scenario_runner:/mnt/hdd/Workspace/ros-bridge/install/carla_common:/opt/ros/humble /usr/bin/cmake --build /home/a01004/msg_ws2/build/autoware_auto_control_msgs -- -j16 -l16
[10.240s] Invoking command in '/home/a01004/msg_ws2/build/autoware_auto_control_msgs': CMAKE_PREFIX_PATH=${CMAKE_PREFIX_PATH}:/home/a01004/autoware/install/autoware_carla_interface:/home/a01004/autoware/install/ros2agnocast:/home/a01004/autoware/install/autoware_adapi_visualizers:/mnt/hdd/Workspace/ros-bridge/install/rqt_carla_control:/mnt/hdd/Workspace/ros-bridge/install/carla_waypoint_publisher:/mnt/hdd/Workspace/ros-bridge/install/carla_ackermann_control:/mnt/hdd/Workspace/ros-bridge/install/carla_ros_bridge:/mnt/hdd/Workspace/ros-bridge/install/carla_spawn_objects:/mnt/hdd/Workspace/ros-bridge/install/carla_manual_control:/mnt/hdd/Workspace/ros-bridge/install/carla_ad_agent:/mnt/hdd/Workspace/ros-bridge/install/ros_compatibility:/mnt/hdd/Workspace/ros-bridge/install/carla_walker_agent:/mnt/hdd/Workspace/ros-bridge/install/carla_twist_to_control:/mnt/hdd/Workspace/ros-bridge/install/carla_ros_scenario_runner:/mnt/hdd/Workspace/ros-bridge/install/carla_common:/opt/ros/humble /usr/bin/cmake --install /home/a01004/msg_ws2/build/autoware_auto_control_msgs
[10.264s] -- Install configuration: ""
[10.265s] -- Execute custom install script
[10.265s] -- Up-to-date symlink: /home/a01004/msg_ws/install/autoware_auto_control_msgs/share/ament_index/resource_index/rosidl_interfaces/autoware_auto_control_msgs
[10.266s] -- Up-to-date symlink: /home/a01004/msg_ws/install/autoware_auto_control_msgs/include/autoware_auto_control_msgs/autoware_auto_control_msgs/msg/ackermann_control_command.h
[10.266s] -- Up-to-date symlink: /home/a01004/msg_ws/install/autoware_auto_control_msgs/include/autoware_auto_control_msgs/autoware_auto_control_msgs/msg/ackermann_lateral_command.h
[10.267s] -- Up-to-date symlink: /home/a01004/msg_ws/install/autoware_auto_control_msgs/include/autoware_auto_control_msgs/autoware_auto_control_msgs/msg/detail/ackermann_control_command__functions.h
[10.267s] -- Up-to-date symlink: /home/a01004/msg_ws/install/autoware_auto_control_msgs/include/autoware_auto_control_msgs/autoware_auto_control_msgs/msg/detail/ackermann_control_command__struct.h
[10.267s] -- Up-to-date symlink: /home/a01004/msg_ws/install/autoware_auto_control_msgs/include/autoware_auto_control_msgs/autoware_auto_control_msgs/msg/detail/ackermann_control_command__type_support.h
[10.268s] -- Up-to-date symlink: /home/a01004/msg_ws/install/autoware_auto_control_msgs/include/autoware_auto_control_msgs/autoware_auto_control_msgs/msg/detail/ackermann_lateral_command__functions.h
[10.268s] -- Up-to-date symlink: /home/a01004/msg_ws/install/autoware_auto_control_msgs/include/autoware_auto_control_msgs/autoware_auto_control_msgs/msg/detail/ackermann_lateral_command__struct.h
[10.268s] -- Up-to-date symlink: /home/a01004/msg_ws/install/autoware_auto_control_msgs/include/autoware_auto_control_msgs/autoware_auto_control_msgs/msg/detail/ackermann_lateral_command__type_support.h
[10.268s] -- Up-to-date symlink: /home/a01004/msg_ws/install/autoware_auto_control_msgs/include/autoware_auto_control_msgs/autoware_auto_control_msgs/msg/detail/high_level_control_command__functions.h
[10.269s] -- Up-to-date symlink: /home/a01004/msg_ws/install/autoware_auto_control_msgs/include/autoware_auto_control_msgs/autoware_auto_control_msgs/msg/detail/high_level_control_command__struct.h
[10.269s] -- Up-to-date symlink: /home/a01004/msg_ws/install/autoware_auto_control_msgs/include/autoware_auto_control_msgs/autoware_auto_control_msgs/msg/detail/high_level_control_command__type_support.h
[10.269s] -- Up-to-date symlink: /home/a01004/msg_ws/install/autoware_auto_control_msgs/include/autoware_auto_control_msgs/autoware_auto_control_msgs/msg/detail/longitudinal_command__functions.h
[10.269s] -- Up-to-date symlink: /home/a01004/msg_ws/install/autoware_auto_control_msgs/include/autoware_auto_control_msgs/autoware_auto_control_msgs/msg/detail/longitudinal_command__struct.h
[10.270s] -- Up-to-date symlink: /home/a01004/msg_ws/install/autoware_auto_control_msgs/include/autoware_auto_control_msgs/autoware_auto_control_msgs/msg/detail/longitudinal_command__type_support.h
[10.270s] -- Up-to-date symlink: /home/a01004/msg_ws/install/autoware_auto_control_msgs/include/autoware_auto_control_msgs/autoware_auto_control_msgs/msg/high_level_control_command.h
[10.270s] -- Up-to-date symlink: /home/a01004/msg_ws/install/autoware_auto_control_msgs/include/autoware_auto_control_msgs/autoware_auto_control_msgs/msg/longitudinal_command.h
[10.270s] -- Up-to-date symlink: /home/a01004/msg_ws/install/autoware_auto_control_msgs/include/autoware_auto_control_msgs/autoware_auto_control_msgs/msg/rosidl_generator_c__visibility_control.h
[10.271s] -- Up-to-date symlink: /home/a01004/msg_ws/install/autoware_auto_control_msgs/share/autoware_auto_control_msgs/environment/library_path.sh
[10.271s] -- Up-to-date symlink: /home/a01004/msg_ws/install/autoware_auto_control_msgs/share/autoware_auto_control_msgs/environment/library_path.dsv
[10.271s] -- Up-to-date symlink: /home/a01004/msg_ws/install/autoware_auto_control_msgs/include/autoware_auto_control_msgs/autoware_auto_control_msgs/msg/detail/ackermann_control_command__rosidl_typesupport_fastrtps_c.h
[10.271s] -- Up-to-date symlink: /home/a01004/msg_ws/install/autoware_auto_control_msgs/include/autoware_auto_control_msgs/autoware_auto_control_msgs/msg/detail/ackermann_lateral_command__rosidl_typesupport_fastrtps_c.h
[10.272s] -- Up-to-date symlink: /home/a01004/msg_ws/install/autoware_auto_control_msgs/include/autoware_auto_control_msgs/autoware_auto_control_msgs/msg/detail/high_level_control_command__rosidl_typesupport_fastrtps_c.h
[10.272s] -- Up-to-date symlink: /home/a01004/msg_ws/install/autoware_auto_control_msgs/include/autoware_auto_control_msgs/autoware_auto_control_msgs/msg/detail/longitudinal_command__rosidl_typesupport_fastrtps_c.h
[10.272s] -- Up-to-date symlink: /home/a01004/msg_ws/install/autoware_auto_control_msgs/include/autoware_auto_control_msgs/autoware_auto_control_msgs/msg/rosidl_typesupport_fastrtps_c__visibility_control.h
[10.273s] -- Up-to-date symlink: /home/a01004/msg_ws/install/autoware_auto_control_msgs/include/autoware_auto_control_msgs/autoware_auto_control_msgs/msg/detail/ackermann_control_command__rosidl_typesupport_introspection_c.h
[10.273s] -- Up-to-date symlink: /home/a01004/msg_ws/install/autoware_auto_control_msgs/include/autoware_auto_control_msgs/autoware_auto_control_msgs/msg/detail/ackermann_lateral_command__rosidl_typesupport_introspection_c.h
[10.273s] -- Up-to-date symlink: /home/a01004/msg_ws/install/autoware_auto_control_msgs/include/autoware_auto_control_msgs/autoware_auto_control_msgs/msg/detail/high_level_control_command__rosidl_typesupport_introspection_c.h
[10.273s] -- Up-to-date symlink: /home/a01004/msg_ws/install/autoware_auto_control_msgs/include/autoware_auto_control_msgs/autoware_auto_control_msgs/msg/detail/longitudinal_command__rosidl_typesupport_introspection_c.h
[10.273s] -- Up-to-date symlink: /home/a01004/msg_ws/install/autoware_auto_control_msgs/include/autoware_auto_control_msgs/autoware_auto_control_msgs/msg/rosidl_typesupport_introspection_c__visibility_control.h
[10.274s] -- Up-to-date symlink: /home/a01004/msg_ws/install/autoware_auto_control_msgs/include/autoware_auto_control_msgs/autoware_auto_control_msgs/msg/ackermann_control_command.hpp
[10.274s] -- Up-to-date symlink: /home/a01004/msg_ws/install/autoware_auto_control_msgs/include/autoware_auto_control_msgs/autoware_auto_control_msgs/msg/ackermann_lateral_command.hpp
[10.274s] -- Up-to-date symlink: /home/a01004/msg_ws/install/autoware_auto_control_msgs/include/autoware_auto_control_msgs/autoware_auto_control_msgs/msg/detail/ackermann_control_command__builder.hpp
[10.275s] -- Up-to-date symlink: /home/a01004/msg_ws/install/autoware_auto_control_msgs/include/autoware_auto_control_msgs/autoware_auto_control_msgs/msg/detail/ackermann_control_command__struct.hpp
[10.275s] -- Up-to-date symlink: /home/a01004/msg_ws/install/autoware_auto_control_msgs/include/autoware_auto_control_msgs/autoware_auto_control_msgs/msg/detail/ackermann_control_command__traits.hpp
[10.275s] -- Up-to-date symlink: /home/a01004/msg_ws/install/autoware_auto_control_msgs/include/autoware_auto_control_msgs/autoware_auto_control_msgs/msg/detail/ackermann_control_command__type_support.hpp
[10.275s] -- Up-to-date symlink: /home/a01004/msg_ws/install/autoware_auto_control_msgs/include/autoware_auto_control_msgs/autoware_auto_control_msgs/msg/detail/ackermann_lateral_command__builder.hpp
[10.275s] -- Up-to-date symlink: /home/a01004/msg_ws/install/autoware_auto_control_msgs/include/autoware_auto_control_msgs/autoware_auto_control_msgs/msg/detail/ackermann_lateral_command__struct.hpp
[10.276s] -- Up-to-date symlink: /home/a01004/msg_ws/install/autoware_auto_control_msgs/include/autoware_auto_control_msgs/autoware_auto_control_msgs/msg/detail/ackermann_lateral_command__traits.hpp
[10.276s] -- Up-to-date symlink: /home/a01004/msg_ws/install/autoware_auto_control_msgs/include/autoware_auto_control_msgs/autoware_auto_control_msgs/msg/detail/ackermann_lateral_command__type_support.hpp
[10.276s] -- Up-to-date symlink: /home/a01004/msg_ws/install/autoware_auto_control_msgs/include/autoware_auto_control_msgs/autoware_auto_control_msgs/msg/detail/high_level_control_command__builder.hpp
[10.276s] -- Up-to-date symlink: /home/a01004/msg_ws/install/autoware_auto_control_msgs/include/autoware_auto_control_msgs/autoware_auto_control_msgs/msg/detail/high_level_control_command__struct.hpp
[10.277s] -- Up-to-date symlink: /home/a01004/msg_ws/install/autoware_auto_control_msgs/include/autoware_auto_control_msgs/autoware_auto_control_msgs/msg/detail/high_level_control_command__traits.hpp
[10.277s] -- Up-to-date symlink: /home/a01004/msg_ws/install/autoware_auto_control_msgs/include/autoware_auto_control_msgs/autoware_auto_control_msgs/msg/detail/high_level_control_command__type_support.hpp
[10.277s] -- Up-to-date symlink: /home/a01004/msg_ws/install/autoware_auto_control_msgs/include/autoware_auto_control_msgs/autoware_auto_control_msgs/msg/detail/longitudinal_command__builder.hpp
[10.277s] -- Up-to-date symlink: /home/a01004/msg_ws/install/autoware_auto_control_msgs/include/autoware_auto_control_msgs/autoware_auto_control_msgs/msg/detail/longitudinal_command__struct.hpp
[10.277s] -- Up-to-date symlink: /home/a01004/msg_ws/install/autoware_auto_control_msgs/include/autoware_auto_control_msgs/autoware_auto_control_msgs/msg/detail/longitudinal_command__traits.hpp
[10.278s] -- Up-to-date symlink: /home/a01004/msg_ws/install/autoware_auto_control_msgs/include/autoware_auto_control_msgs/autoware_auto_control_msgs/msg/detail/longitudinal_command__type_support.hpp
[10.278s] -- Up-to-date symlink: /home/a01004/msg_ws/install/autoware_auto_control_msgs/include/autoware_auto_control_msgs/autoware_auto_control_msgs/msg/high_level_control_command.hpp
[10.278s] -- Up-to-date symlink: /home/a01004/msg_ws/install/autoware_auto_control_msgs/include/autoware_auto_control_msgs/autoware_auto_control_msgs/msg/longitudinal_command.hpp
[10.278s] -- Up-to-date symlink: /home/a01004/msg_ws/install/autoware_auto_control_msgs/include/autoware_auto_control_msgs/autoware_auto_control_msgs/msg/rosidl_generator_cpp__visibility_control.hpp
[10.279s] -- Up-to-date symlink: /home/a01004/msg_ws/install/autoware_auto_control_msgs/include/autoware_auto_control_msgs/autoware_auto_control_msgs/msg/detail/ackermann_control_command__rosidl_typesupport_fastrtps_cpp.hpp
[10.279s] -- Up-to-date symlink: /home/a01004/msg_ws/install/autoware_auto_control_msgs/include/autoware_auto_control_msgs/autoware_auto_control_msgs/msg/detail/ackermann_lateral_command__rosidl_typesupport_fastrtps_cpp.hpp
[10.279s] -- Up-to-date symlink: /home/a01004/msg_ws/install/autoware_auto_control_msgs/include/autoware_auto_control_msgs/autoware_auto_control_msgs/msg/detail/high_level_control_command__rosidl_typesupport_fastrtps_cpp.hpp
[10.280s] -- Up-to-date symlink: /home/a01004/msg_ws/install/autoware_auto_control_msgs/include/autoware_auto_control_msgs/autoware_auto_control_msgs/msg/detail/longitudinal_command__rosidl_typesupport_fastrtps_cpp.hpp
[10.280s] -- Up-to-date symlink: /home/a01004/msg_ws/install/autoware_auto_control_msgs/include/autoware_auto_control_msgs/autoware_auto_control_msgs/msg/rosidl_typesupport_fastrtps_cpp__visibility_control.h
[10.280s] -- Up-to-date symlink: /home/a01004/msg_ws/install/autoware_auto_control_msgs/include/autoware_auto_control_msgs/autoware_auto_control_msgs/msg/detail/ackermann_control_command__rosidl_typesupport_introspection_cpp.hpp
[10.281s] -- Up-to-date symlink: /home/a01004/msg_ws/install/autoware_auto_control_msgs/include/autoware_auto_control_msgs/autoware_auto_control_msgs/msg/detail/ackermann_lateral_command__rosidl_typesupport_introspection_cpp.hpp
[10.281s] -- Up-to-date symlink: /home/a01004/msg_ws/install/autoware_auto_control_msgs/include/autoware_auto_control_msgs/autoware_auto_control_msgs/msg/detail/high_level_control_command__rosidl_typesupport_introspection_cpp.hpp
[10.281s] -- Up-to-date symlink: /home/a01004/msg_ws/install/autoware_auto_control_msgs/include/autoware_auto_control_msgs/autoware_auto_control_msgs/msg/detail/longitudinal_command__rosidl_typesupport_introspection_cpp.hpp
[10.282s] -- Up-to-date symlink: /home/a01004/msg_ws/install/autoware_auto_control_msgs/share/autoware_auto_control_msgs/environment/pythonpath.sh
[10.282s] -- Up-to-date symlink: /home/a01004/msg_ws/install/autoware_auto_control_msgs/share/autoware_auto_control_msgs/environment/pythonpath.dsv
[10.282s] -- Up-to-date symlink: /home/a01004/msg_ws/install/autoware_auto_control_msgs/local/lib/python3.10/dist-packages/autoware_auto_control_msgs-1.0.0-py3.10.egg-info/PKG-INFO
[10.282s] -- Up-to-date symlink: /home/a01004/msg_ws/install/autoware_auto_control_msgs/local/lib/python3.10/dist-packages/autoware_auto_control_msgs-1.0.0-py3.10.egg-info/SOURCES.txt
[10.282s] -- Up-to-date symlink: /home/a01004/msg_ws/install/autoware_auto_control_msgs/local/lib/python3.10/dist-packages/autoware_auto_control_msgs-1.0.0-py3.10.egg-info/dependency_links.txt
[10.283s] -- Up-to-date symlink: /home/a01004/msg_ws/install/autoware_auto_control_msgs/local/lib/python3.10/dist-packages/autoware_auto_control_msgs-1.0.0-py3.10.egg-info/top_level.txt
[10.283s] -- Up-to-date symlink: /home/a01004/msg_ws/install/autoware_auto_control_msgs/local/lib/python3.10/dist-packages/autoware_auto_control_msgs/__init__.py
[10.283s] -- Up-to-date symlink: /home/a01004/msg_ws/install/autoware_auto_control_msgs/local/lib/python3.10/dist-packages/autoware_auto_control_msgs/_autoware_auto_control_msgs_s.ep.rosidl_typesupport_c.c
[10.284s] -- Up-to-date symlink: /home/a01004/msg_ws/install/autoware_auto_control_msgs/local/lib/python3.10/dist-packages/autoware_auto_control_msgs/_autoware_auto_control_msgs_s.ep.rosidl_typesupport_fastrtps_c.c
[10.284s] -- Up-to-date symlink: /home/a01004/msg_ws/install/autoware_auto_control_msgs/local/lib/python3.10/dist-packages/autoware_auto_control_msgs/_autoware_auto_control_msgs_s.ep.rosidl_typesupport_introspection_c.c
[10.284s] -- Up-to-date symlink: /home/a01004/msg_ws/install/autoware_auto_control_msgs/local/lib/python3.10/dist-packages/autoware_auto_control_msgs/autoware_auto_control_msgs_s__rosidl_typesupport_c.cpython-310-x86_64-linux-gnu.so
[10.284s] -- Up-to-date symlink: /home/a01004/msg_ws/install/autoware_auto_control_msgs/local/lib/python3.10/dist-packages/autoware_auto_control_msgs/autoware_auto_control_msgs_s__rosidl_typesupport_fastrtps_c.cpython-310-x86_64-linux-gnu.so
[10.285s] -- Up-to-date symlink: /home/a01004/msg_ws/install/autoware_auto_control_msgs/local/lib/python3.10/dist-packages/autoware_auto_control_msgs/autoware_auto_control_msgs_s__rosidl_typesupport_introspection_c.cpython-310-x86_64-linux-gnu.so
[10.285s] -- Up-to-date symlink: /home/a01004/msg_ws/install/autoware_auto_control_msgs/local/lib/python3.10/dist-packages/autoware_auto_control_msgs/libautoware_auto_control_msgs__rosidl_generator_py.so
[10.285s] -- Up-to-date symlink: /home/a01004/msg_ws/install/autoware_auto_control_msgs/local/lib/python3.10/dist-packages/autoware_auto_control_msgs/msg/__init__.py
[10.286s] -- Up-to-date symlink: /home/a01004/msg_ws/install/autoware_auto_control_msgs/local/lib/python3.10/dist-packages/autoware_auto_control_msgs/msg/_ackermann_control_command.py
[10.286s] -- Up-to-date symlink: /home/a01004/msg_ws/install/autoware_auto_control_msgs/local/lib/python3.10/dist-packages/autoware_auto_control_msgs/msg/_ackermann_control_command_s.c
[10.286s] -- Up-to-date symlink: /home/a01004/msg_ws/install/autoware_auto_control_msgs/local/lib/python3.10/dist-packages/autoware_auto_control_msgs/msg/_ackermann_lateral_command.py
[10.286s] -- Up-to-date symlink: /home/a01004/msg_ws/install/autoware_auto_control_msgs/local/lib/python3.10/dist-packages/autoware_auto_control_msgs/msg/_ackermann_lateral_command_s.c
[10.286s] -- Up-to-date symlink: /home/a01004/msg_ws/install/autoware_auto_control_msgs/local/lib/python3.10/dist-packages/autoware_auto_control_msgs/msg/_high_level_control_command.py
[10.287s] -- Up-to-date symlink: /home/a01004/msg_ws/install/autoware_auto_control_msgs/local/lib/python3.10/dist-packages/autoware_auto_control_msgs/msg/_high_level_control_command_s.c
[10.287s] -- Up-to-date symlink: /home/a01004/msg_ws/install/autoware_auto_control_msgs/local/lib/python3.10/dist-packages/autoware_auto_control_msgs/msg/_longitudinal_command.py
[10.287s] -- Up-to-date symlink: /home/a01004/msg_ws/install/autoware_auto_control_msgs/local/lib/python3.10/dist-packages/autoware_auto_control_msgs/msg/_longitudinal_command_s.c
[10.287s] -- Up-to-date symlink: /home/a01004/msg_ws/install/autoware_auto_control_msgs/local/lib/python3.10/dist-packages/autoware_auto_control_msgs/autoware_auto_control_msgs_s__rosidl_typesupport_fastrtps_c.cpython-310-x86_64-linux-gnu.so
[10.287s] -- Up-to-date symlink: /home/a01004/msg_ws/install/autoware_auto_control_msgs/local/lib/python3.10/dist-packages/autoware_auto_control_msgs/autoware_auto_control_msgs_s__rosidl_typesupport_introspection_c.cpython-310-x86_64-linux-gnu.so
[10.288s] -- Up-to-date symlink: /home/a01004/msg_ws/install/autoware_auto_control_msgs/local/lib/python3.10/dist-packages/autoware_auto_control_msgs/autoware_auto_control_msgs_s__rosidl_typesupport_c.cpython-310-x86_64-linux-gnu.so
[10.288s] -- Up-to-date symlink: /home/a01004/msg_ws/install/autoware_auto_control_msgs/share/autoware_auto_control_msgs/msg/AckermannControlCommand.idl
[10.288s] -- Up-to-date symlink: /home/a01004/msg_ws/install/autoware_auto_control_msgs/share/autoware_auto_control_msgs/msg/AckermannLateralCommand.idl
[10.288s] -- Up-to-date symlink: /home/a01004/msg_ws/install/autoware_auto_control_msgs/share/autoware_auto_control_msgs/msg/HighLevelControlCommand.idl
[10.289s] -- Up-to-date symlink: /home/a01004/msg_ws/install/autoware_auto_control_msgs/share/autoware_auto_control_msgs/msg/LongitudinalCommand.idl
[10.289s] -- Up-to-date symlink: /home/a01004/msg_ws/install/autoware_auto_control_msgs/share/ament_index/resource_index/package_run_dependencies/autoware_auto_control_msgs
[10.289s] -- Up-to-date symlink: /home/a01004/msg_ws/install/autoware_auto_control_msgs/share/ament_index/resource_index/parent_prefix_path/autoware_auto_control_msgs
[10.289s] -- Up-to-date symlink: /home/a01004/msg_ws/install/autoware_auto_control_msgs/share/autoware_auto_control_msgs/environment/ament_prefix_path.sh
[10.290s] -- Up-to-date symlink: /home/a01004/msg_ws/install/autoware_auto_control_msgs/share/autoware_auto_control_msgs/environment/ament_prefix_path.dsv
[10.290s] -- Up-to-date symlink: /home/a01004/msg_ws/install/autoware_auto_control_msgs/share/autoware_auto_control_msgs/environment/path.sh
[10.290s] -- Up-to-date symlink: /home/a01004/msg_ws/install/autoware_auto_control_msgs/share/autoware_auto_control_msgs/environment/path.dsv
[10.290s] -- Up-to-date symlink: /home/a01004/msg_ws/install/autoware_auto_control_msgs/share/autoware_auto_control_msgs/local_setup.bash
[10.291s] -- Up-to-date symlink: /home/a01004/msg_ws/install/autoware_auto_control_msgs/share/autoware_auto_control_msgs/local_setup.sh
[10.291s] -- Up-to-date symlink: /home/a01004/msg_ws/install/autoware_auto_control_msgs/share/autoware_auto_control_msgs/local_setup.zsh
[10.291s] -- Up-to-date symlink: /home/a01004/msg_ws/install/autoware_auto_control_msgs/share/autoware_auto_control_msgs/local_setup.dsv
[10.291s] -- Symlinking: /home/a01004/msg_ws/install/autoware_auto_control_msgs/share/autoware_auto_control_msgs/package.dsv
[10.318s] -- Up-to-date symlink: /home/a01004/msg_ws/install/autoware_auto_control_msgs/share/ament_index/resource_index/packages/autoware_auto_control_msgs
[10.321s] -- Up-to-date symlink: /home/a01004/msg_ws/install/autoware_auto_control_msgs/share/autoware_auto_control_msgs/cmake/rosidl_cmake-extras.cmake
[10.323s] -- Up-to-date symlink: /home/a01004/msg_ws/install/autoware_auto_control_msgs/share/autoware_auto_control_msgs/cmake/ament_cmake_export_dependencies-extras.cmake
[10.323s] -- Up-to-date symlink: /home/a01004/msg_ws/install/autoware_auto_control_msgs/share/autoware_auto_control_msgs/cmake/ament_cmake_export_include_directories-extras.cmake
[10.324s] -- Up-to-date symlink: /home/a01004/msg_ws/install/autoware_auto_control_msgs/share/autoware_auto_control_msgs/cmake/ament_cmake_export_libraries-extras.cmake
[10.325s] -- Up-to-date symlink: /home/a01004/msg_ws/install/autoware_auto_control_msgs/share/autoware_auto_control_msgs/cmake/ament_cmake_export_targets-extras.cmake
[10.326s] -- Up-to-date symlink: /home/a01004/msg_ws/install/autoware_auto_control_msgs/share/autoware_auto_control_msgs/cmake/rosidl_cmake_export_typesupport_targets-extras.cmake
[10.326s] -- Up-to-date symlink: /home/a01004/msg_ws/install/autoware_auto_control_msgs/share/autoware_auto_control_msgs/cmake/rosidl_cmake_export_typesupport_libraries-extras.cmake
[10.327s] -- Up-to-date symlink: /home/a01004/msg_ws/install/autoware_auto_control_msgs/share/autoware_auto_control_msgs/cmake/autoware_auto_control_msgsConfig.cmake
[10.328s] -- Up-to-date symlink: /home/a01004/msg_ws/install/autoware_auto_control_msgs/share/autoware_auto_control_msgs/cmake/autoware_auto_control_msgsConfig-version.cmake
[10.328s] -- Up-to-date symlink: /home/a01004/msg_ws/install/autoware_auto_control_msgs/share/autoware_auto_control_msgs/package.xml
[10.331s] -- Up-to-date: /home/a01004/msg_ws/install/autoware_auto_control_msgs/lib/libautoware_auto_control_msgs__rosidl_generator_c.so
[10.332s] -- Up-to-date: /home/a01004/msg_ws/install/autoware_auto_control_msgs/lib/libautoware_auto_control_msgs__rosidl_typesupport_fastrtps_c.so
[10.332s] -- Up-to-date: /home/a01004/msg_ws/install/autoware_auto_control_msgs/lib/libautoware_auto_control_msgs__rosidl_typesupport_introspection_c.so
[10.333s] -- Up-to-date: /home/a01004/msg_ws/install/autoware_auto_control_msgs/lib/libautoware_auto_control_msgs__rosidl_typesupport_c.so
[10.334s] -- Up-to-date: /home/a01004/msg_ws/install/autoware_auto_control_msgs/lib/libautoware_auto_control_msgs__rosidl_typesupport_fastrtps_cpp.so
[10.335s] -- Up-to-date: /home/a01004/msg_ws/install/autoware_auto_control_msgs/lib/libautoware_auto_control_msgs__rosidl_typesupport_introspection_cpp.so
[10.335s] -- Up-to-date: /home/a01004/msg_ws/install/autoware_auto_control_msgs/lib/libautoware_auto_control_msgs__rosidl_typesupport_cpp.so
[10.406s] Listing '/home/a01004/msg_ws/install/autoware_auto_control_msgs/local/lib/python3.10/dist-packages/autoware_auto_control_msgs'...
[10.406s] Compiling '/home/a01004/msg_ws/install/autoware_auto_control_msgs/local/lib/python3.10/dist-packages/autoware_auto_control_msgs/__init__.py'...
[10.406s] Listing '/home/a01004/msg_ws/install/autoware_auto_control_msgs/local/lib/python3.10/dist-packages/autoware_auto_control_msgs/msg'...
[10.406s] Compiling '/home/a01004/msg_ws/install/autoware_auto_control_msgs/local/lib/python3.10/dist-packages/autoware_auto_control_msgs/msg/__init__.py'...
[10.406s] Compiling '/home/a01004/msg_ws/install/autoware_auto_control_msgs/local/lib/python3.10/dist-packages/autoware_auto_control_msgs/msg/_ackermann_control_command.py'...
[10.406s] Compiling '/home/a01004/msg_ws/install/autoware_auto_control_msgs/local/lib/python3.10/dist-packages/autoware_auto_control_msgs/msg/_ackermann_lateral_command.py'...
[10.406s] Compiling '/home/a01004/msg_ws/install/autoware_auto_control_msgs/local/lib/python3.10/dist-packages/autoware_auto_control_msgs/msg/_high_level_control_command.py'...
[10.406s] Compiling '/home/a01004/msg_ws/install/autoware_auto_control_msgs/local/lib/python3.10/dist-packages/autoware_auto_control_msgs/msg/_longitudinal_command.py'...
[10.410s] -- Installing: /home/a01004/msg_ws/install/autoware_auto_control_msgs/lib/libautoware_auto_control_msgs__rosidl_generator_py.so
[10.411s] -- Set runtime path of "/home/a01004/msg_ws/install/autoware_auto_control_msgs/lib/libautoware_auto_control_msgs__rosidl_generator_py.so" to ""
[10.411s] -- Up-to-date: /home/a01004/msg_ws/install/autoware_auto_control_msgs/share/autoware_auto_control_msgs/cmake/export_autoware_auto_control_msgs__rosidl_generator_cExport.cmake
[10.411s] -- Up-to-date: /home/a01004/msg_ws/install/autoware_auto_control_msgs/share/autoware_auto_control_msgs/cmake/export_autoware_auto_control_msgs__rosidl_generator_cExport-noconfig.cmake
[10.412s] -- Up-to-date: /home/a01004/msg_ws/install/autoware_auto_control_msgs/share/autoware_auto_control_msgs/cmake/export_autoware_auto_control_msgs__rosidl_typesupport_fastrtps_cExport.cmake
[10.412s] -- Up-to-date: /home/a01004/msg_ws/install/autoware_auto_control_msgs/share/autoware_auto_control_msgs/cmake/export_autoware_auto_control_msgs__rosidl_typesupport_fastrtps_cExport-noconfig.cmake
[10.412s] -- Up-to-date: /home/a01004/msg_ws/install/autoware_auto_control_msgs/share/autoware_auto_control_msgs/cmake/autoware_auto_control_msgs__rosidl_typesupport_introspection_cExport.cmake
[10.412s] -- Up-to-date: /home/a01004/msg_ws/install/autoware_auto_control_msgs/share/autoware_auto_control_msgs/cmake/autoware_auto_control_msgs__rosidl_typesupport_introspection_cExport-noconfig.cmake
[10.412s] -- Up-to-date: /home/a01004/msg_ws/install/autoware_auto_control_msgs/share/autoware_auto_control_msgs/cmake/autoware_auto_control_msgs__rosidl_typesupport_cExport.cmake
[10.412s] -- Up-to-date: /home/a01004/msg_ws/install/autoware_auto_control_msgs/share/autoware_auto_control_msgs/cmake/autoware_auto_control_msgs__rosidl_typesupport_cExport-noconfig.cmake
[10.412s] -- Up-to-date: /home/a01004/msg_ws/install/autoware_auto_control_msgs/share/autoware_auto_control_msgs/cmake/export_autoware_auto_control_msgs__rosidl_generator_cppExport.cmake
[10.413s] -- Up-to-date: /home/a01004/msg_ws/install/autoware_auto_control_msgs/share/autoware_auto_control_msgs/cmake/export_autoware_auto_control_msgs__rosidl_typesupport_fastrtps_cppExport.cmake
[10.413s] -- Up-to-date: /home/a01004/msg_ws/install/autoware_auto_control_msgs/share/autoware_auto_control_msgs/cmake/export_autoware_auto_control_msgs__rosidl_typesupport_fastrtps_cppExport-noconfig.cmake
[10.413s] -- Up-to-date: /home/a01004/msg_ws/install/autoware_auto_control_msgs/share/autoware_auto_control_msgs/cmake/autoware_auto_control_msgs__rosidl_typesupport_introspection_cppExport.cmake
[10.413s] -- Up-to-date: /home/a01004/msg_ws/install/autoware_auto_control_msgs/share/autoware_auto_control_msgs/cmake/autoware_auto_control_msgs__rosidl_typesupport_introspection_cppExport-noconfig.cmake
[10.413s] -- Up-to-date: /home/a01004/msg_ws/install/autoware_auto_control_msgs/share/autoware_auto_control_msgs/cmake/autoware_auto_control_msgs__rosidl_typesupport_cppExport.cmake
[10.413s] -- Up-to-date: /home/a01004/msg_ws/install/autoware_auto_control_msgs/share/autoware_auto_control_msgs/cmake/autoware_auto_control_msgs__rosidl_typesupport_cppExport-noconfig.cmake
[10.413s] -- Up-to-date: /home/a01004/msg_ws/install/autoware_auto_control_msgs/share/autoware_auto_control_msgs/cmake/export_autoware_auto_control_msgs__rosidl_generator_pyExport.cmake
[10.413s] -- Up-to-date: /home/a01004/msg_ws/install/autoware_auto_control_msgs/share/autoware_auto_control_msgs/cmake/export_autoware_auto_control_msgs__rosidl_generator_pyExport-noconfig.cmake
[10.415s] Invoked command in '/home/a01004/msg_ws2/build/autoware_auto_control_msgs' returned '0': CMAKE_PREFIX_PATH=${CMAKE_PREFIX_PATH}:/home/a01004/autoware/install/autoware_carla_interface:/home/a01004/autoware/install/ros2agnocast:/home/a01004/autoware/install/autoware_adapi_visualizers:/mnt/hdd/Workspace/ros-bridge/install/rqt_carla_control:/mnt/hdd/Workspace/ros-bridge/install/carla_waypoint_publisher:/mnt/hdd/Workspace/ros-bridge/install/carla_ackermann_control:/mnt/hdd/Workspace/ros-bridge/install/carla_ros_bridge:/mnt/hdd/Workspace/ros-bridge/install/carla_spawn_objects:/mnt/hdd/Workspace/ros-bridge/install/carla_manual_control:/mnt/hdd/Workspace/ros-bridge/install/carla_ad_agent:/mnt/hdd/Workspace/ros-bridge/install/ros_compatibility:/mnt/hdd/Workspace/ros-bridge/install/carla_walker_agent:/mnt/hdd/Workspace/ros-bridge/install/carla_twist_to_control:/mnt/hdd/Workspace/ros-bridge/install/carla_ros_scenario_runner:/mnt/hdd/Workspace/ros-bridge/install/carla_common:/opt/ros/humble /usr/bin/cmake --install /home/a01004/msg_ws2/build/autoware_auto_control_msgs
