/home/a01004/Desktop/Calra-autoware_interface/bridge_ws/install/carla_autonomy_bridge/lib/python3.10/site-packages/carla_autonomy_bridge/imu_relay.py
/home/a01004/Desktop/Calra-autoware_interface/bridge_ws/install/carla_autonomy_bridge/lib/python3.10/site-packages/carla_autonomy_bridge/__init__.py
/home/a01004/Desktop/Calra-autoware_interface/bridge_ws/install/carla_autonomy_bridge/lib/python3.10/site-packages/carla_autonomy_bridge/pointcloud_relay.py
/home/a01004/Desktop/Calra-autoware_interface/bridge_ws/install/carla_autonomy_bridge/lib/python3.10/site-packages/carla_autonomy_bridge/__pycache__/imu_relay.cpython-310.pyc
/home/a01004/Desktop/Calra-autoware_interface/bridge_ws/install/carla_autonomy_bridge/lib/python3.10/site-packages/carla_autonomy_bridge/__pycache__/__init__.cpython-310.pyc
/home/a01004/Desktop/Calra-autoware_interface/bridge_ws/install/carla_autonomy_bridge/lib/python3.10/site-packages/carla_autonomy_bridge/__pycache__/pointcloud_relay.cpython-310.pyc
/home/a01004/Desktop/Calra-autoware_interface/bridge_ws/install/carla_autonomy_bridge/share/ament_index/resource_index/packages/carla_autonomy_bridge
/home/a01004/Desktop/Calra-autoware_interface/bridge_ws/install/carla_autonomy_bridge/share/carla_autonomy_bridge/package.xml
/home/a01004/Desktop/Calra-autoware_interface/bridge_ws/install/carla_autonomy_bridge/share/carla_autonomy_bridge/launch/relays.launch.py
/home/a01004/Desktop/Calra-autoware_interface/bridge_ws/install/carla_autonomy_bridge/share/carla_autonomy_bridge/launch/bridge_with_relays.launch.py
/home/a01004/Desktop/Calra-autoware_interface/bridge_ws/install/carla_autonomy_bridge/share/carla_autonomy_bridge/launch/carla_interface_with_preprocessor.launch.py
/home/a01004/Desktop/Calra-autoware_interface/bridge_ws/install/carla_autonomy_bridge/share/carla_autonomy_bridge/launch/carla_pointcloud_preprocessor.launch.py
/home/a01004/Desktop/Calra-autoware_interface/bridge_ws/install/carla_autonomy_bridge/lib/python3.10/site-packages/carla_autonomy_bridge-0.1.0-py3.10.egg-info/PKG-INFO
/home/a01004/Desktop/Calra-autoware_interface/bridge_ws/install/carla_autonomy_bridge/lib/python3.10/site-packages/carla_autonomy_bridge-0.1.0-py3.10.egg-info/SOURCES.txt
/home/a01004/Desktop/Calra-autoware_interface/bridge_ws/install/carla_autonomy_bridge/lib/python3.10/site-packages/carla_autonomy_bridge-0.1.0-py3.10.egg-info/dependency_links.txt
/home/a01004/Desktop/Calra-autoware_interface/bridge_ws/install/carla_autonomy_bridge/lib/python3.10/site-packages/carla_autonomy_bridge-0.1.0-py3.10.egg-info/requires.txt
/home/a01004/Desktop/Calra-autoware_interface/bridge_ws/install/carla_autonomy_bridge/lib/python3.10/site-packages/carla_autonomy_bridge-0.1.0-py3.10.egg-info/entry_points.txt
/home/a01004/Desktop/Calra-autoware_interface/bridge_ws/install/carla_autonomy_bridge/lib/python3.10/site-packages/carla_autonomy_bridge-0.1.0-py3.10.egg-info/top_level.txt
/home/a01004/Desktop/Calra-autoware_interface/bridge_ws/install/carla_autonomy_bridge/lib/python3.10/site-packages/carla_autonomy_bridge-0.1.0-py3.10.egg-info/zip-safe
/home/a01004/Desktop/Calra-autoware_interface/bridge_ws/install/carla_autonomy_bridge/lib/carla_autonomy_bridge/imu_relay
/home/a01004/Desktop/Calra-autoware_interface/bridge_ws/install/carla_autonomy_bridge/lib/carla_autonomy_bridge/pointcloud_relay
