running egg_info
writing ../../build/carla_autonomy_bridge/carla_autonomy_bridge.egg-info/PKG-INFO
writing dependency_links to ../../build/carla_autonomy_bridge/carla_autonomy_bridge.egg-info/dependency_links.txt
writing entry points to ../../build/carla_autonomy_bridge/carla_autonomy_bridge.egg-info/entry_points.txt
writing requirements to ../../build/carla_autonomy_bridge/carla_autonomy_bridge.egg-info/requires.txt
writing top-level names to ../../build/carla_autonomy_bridge/carla_autonomy_bridge.egg-info/top_level.txt
reading manifest file '../../build/carla_autonomy_bridge/carla_autonomy_bridge.egg-info/SOURCES.txt'
writing manifest file '../../build/carla_autonomy_bridge/carla_autonomy_bridge.egg-info/SOURCES.txt'
running build
running build_py
running install
running install_lib
running install_data
running install_egg_info
removing '/home/a01004/Desktop/Calra-autoware_interface/bridge_ws/install/carla_autonomy_bridge/lib/python3.10/site-packages/carla_autonomy_bridge-0.1.0-py3.10.egg-info' (and everything under it)
Copying ../../build/carla_autonomy_bridge/carla_autonomy_bridge.egg-info to /home/a01004/Desktop/Calra-autoware_interface/bridge_ws/install/carla_autonomy_bridge/lib/python3.10/site-packages/carla_autonomy_bridge-0.1.0-py3.10.egg-info
running install_scripts
Installing imu_relay script to /home/a01004/Desktop/Calra-autoware_interface/bridge_ws/install/carla_autonomy_bridge/lib/carla_autonomy_bridge
Installing pointcloud_relay script to /home/a01004/Desktop/Calra-autoware_interface/bridge_ws/install/carla_autonomy_bridge/lib/carla_autonomy_bridge
writing list of installed files to '/home/a01004/Desktop/Calra-autoware_interface/bridge_ws/build/carla_autonomy_bridge/install.log'
