[0.054s] Invoking command in '/home/a01004/bridge_ws/build/carla_autoware_type_bridge': CMAKE_PREFIX_PATH=${CMAKE_PREFIX_PATH}:/home/a01004/autoware/install/autoware_carla_interface:/home/a01004/autoware/install/ros2agnocast:/home/a01004/autoware/install/autoware_adapi_visualizers:/mnt/hdd/Workspace/ros-bridge/install/rqt_carla_control:/mnt/hdd/Workspace/ros-bridge/install/carla_waypoint_publisher:/mnt/hdd/Workspace/ros-bridge/install/carla_ackermann_control:/mnt/hdd/Workspace/ros-bridge/install/carla_ros_bridge:/mnt/hdd/Workspace/ros-bridge/install/carla_spawn_objects:/mnt/hdd/Workspace/ros-bridge/install/carla_manual_control:/mnt/hdd/Workspace/ros-bridge/install/carla_ad_agent:/mnt/hdd/Workspace/ros-bridge/install/ros_compatibility:/mnt/hdd/Workspace/ros-bridge/install/carla_walker_agent:/mnt/hdd/Workspace/ros-bridge/install/carla_twist_to_control:/mnt/hdd/Workspace/ros-bridge/install/carla_ros_scenario_runner:/mnt/hdd/Workspace/ros-bridge/install/carla_common:/opt/ros/humble /usr/bin/cmake /home/a01004/bridge_ws/carla_autoware_type_bridge -DCMAKE_INSTALL_PREFIX=/home/a01004/bridge_ws/install/carla_autoware_type_bridge
[0.219s] -- The C compiler identification is GNU 11.4.0
[0.330s] -- The CXX compiler identification is GNU 11.4.0
[0.357s] -- Detecting C compiler ABI info
[0.613s] -- Detecting C compiler ABI info - done
[0.623s] -- Check for working C compiler: /usr/lib/ccache/gcc - skipped
[0.623s] -- Detecting C compile features
[0.623s] -- Detecting C compile features - done
[0.627s] -- Detecting CXX compiler ABI info
[0.892s] -- Detecting CXX compiler ABI info - done
[0.898s] -- Check for working CXX compiler: /usr/lib/ccache/g++ - skipped
[0.899s] -- Detecting CXX compile features
[0.899s] -- Detecting CXX compile features - done
[0.933s] -- Found ament_cmake: 1.3.12 (/opt/ros/humble/share/ament_cmake/cmake)
[1.495s] -- Found Python3: /usr/bin/python3 (found version "3.10.12") found components: Interpreter 
[2.087s] -- Found rclcpp: 16.0.17 (/opt/ros/humble/share/rclcpp/cmake)
[2.477s] -- Found rosidl_generator_c: 3.1.8 (/opt/ros/humble/share/rosidl_generator_c/cmake)
[2.540s] -- Found rosidl_adapter: 3.1.8 (/opt/ros/humble/share/rosidl_adapter/cmake)
[2.609s] -- Found rosidl_generator_cpp: 3.1.8 (/opt/ros/humble/share/rosidl_generator_cpp/cmake)
[2.741s] -- Using all available rosidl_typesupport_c: rosidl_typesupport_fastrtps_c;rosidl_typesupport_introspection_c
[2.904s] -- Using all available rosidl_typesupport_cpp: rosidl_typesupport_fastrtps_cpp;rosidl_typesupport_introspection_cpp
[3.298s] -- Found rmw_implementation_cmake: 6.1.2 (/opt/ros/humble/share/rmw_implementation_cmake/cmake)
[3.398s] -- Found rmw_cyclonedds_cpp: 1.3.4 (/opt/ros/humble/share/rmw_cyclonedds_cpp/cmake)
[3.650s] -- Using RMW implementation 'rmw_cyclonedds_cpp' as default
[3.746s] -- Looking for pthread.h
[4.001s] -- Looking for pthread.h - found
[4.001s] -- Performing Test CMAKE_HAVE_LIBC_PTHREAD
[4.261s] -- Performing Test CMAKE_HAVE_LIBC_PTHREAD - Success
[4.262s] -- Found Threads: TRUE  
[4.469s] -- Found autoware_auto_control_msgs: 1.0.0 (/home/a01004/autoware_msgs_ws/install/autoware_auto_control_msgs/share/autoware_auto_control_msgs/cmake)
[4.512s] -- Found autoware_control_msgs: 1.11.0 (/home/a01004/autoware/install/autoware_control_msgs/share/autoware_control_msgs/cmake)
[4.547s] -- Found autoware_auto_vehicle_msgs: 1.0.0 (/home/a01004/autoware_msgs_ws/install/autoware_auto_vehicle_msgs/share/autoware_auto_vehicle_msgs/cmake)
[4.904s] -- Found autoware_vehicle_msgs: 1.11.0 (/home/a01004/autoware/install/autoware_vehicle_msgs/share/autoware_vehicle_msgs/cmake)
[5.416s] -- Configuring done
[5.436s] -- Generating done
[5.442s] -- Build files have been written to: /home/a01004/bridge_ws/build/carla_autoware_type_bridge
[5.450s] Invoked command in '/home/a01004/bridge_ws/build/carla_autoware_type_bridge' returned '0': CMAKE_PREFIX_PATH=${CMAKE_PREFIX_PATH}:/home/a01004/autoware/install/autoware_carla_interface:/home/a01004/autoware/install/ros2agnocast:/home/a01004/autoware/install/autoware_adapi_visualizers:/mnt/hdd/Workspace/ros-bridge/install/rqt_carla_control:/mnt/hdd/Workspace/ros-bridge/install/carla_waypoint_publisher:/mnt/hdd/Workspace/ros-bridge/install/carla_ackermann_control:/mnt/hdd/Workspace/ros-bridge/install/carla_ros_bridge:/mnt/hdd/Workspace/ros-bridge/install/carla_spawn_objects:/mnt/hdd/Workspace/ros-bridge/install/carla_manual_control:/mnt/hdd/Workspace/ros-bridge/install/carla_ad_agent:/mnt/hdd/Workspace/ros-bridge/install/ros_compatibility:/mnt/hdd/Workspace/ros-bridge/install/carla_walker_agent:/mnt/hdd/Workspace/ros-bridge/install/carla_twist_to_control:/mnt/hdd/Workspace/ros-bridge/install/carla_ros_scenario_runner:/mnt/hdd/Workspace/ros-bridge/install/carla_common:/opt/ros/humble /usr/bin/cmake /home/a01004/bridge_ws/carla_autoware_type_bridge -DCMAKE_INSTALL_PREFIX=/home/a01004/bridge_ws/install/carla_autoware_type_bridge
[5.452s] Invoking command in '/home/a01004/bridge_ws/build/carla_autoware_type_bridge': CMAKE_PREFIX_PATH=${CMAKE_PREFIX_PATH}:/home/a01004/autoware/install/autoware_carla_interface:/home/a01004/autoware/install/ros2agnocast:/home/a01004/autoware/install/autoware_adapi_visualizers:/mnt/hdd/Workspace/ros-bridge/install/rqt_carla_control:/mnt/hdd/Workspace/ros-bridge/install/carla_waypoint_publisher:/mnt/hdd/Workspace/ros-bridge/install/carla_ackermann_control:/mnt/hdd/Workspace/ros-bridge/install/carla_ros_bridge:/mnt/hdd/Workspace/ros-bridge/install/carla_spawn_objects:/mnt/hdd/Workspace/ros-bridge/install/carla_manual_control:/mnt/hdd/Workspace/ros-bridge/install/carla_ad_agent:/mnt/hdd/Workspace/ros-bridge/install/ros_compatibility:/mnt/hdd/Workspace/ros-bridge/install/carla_walker_agent:/mnt/hdd/Workspace/ros-bridge/install/carla_twist_to_control:/mnt/hdd/Workspace/ros-bridge/install/carla_ros_scenario_runner:/mnt/hdd/Workspace/ros-bridge/install/carla_common:/opt/ros/humble /usr/bin/cmake --build /home/a01004/bridge_ws/build/carla_autoware_type_bridge -- -j16 -l16
[5.662s] [ 25%] Building CXX object CMakeFiles/vehicle_status_bridge_node.dir/src/vehicle_status_bridge_node.cpp.o
[5.664s] [ 50%] Building CXX object CMakeFiles/control_cmd_bridge_node.dir/src/control_cmd_bridge_node.cpp.o
[6.085s] /home/a01004/bridge_ws/carla_autoware_type_bridge/src/vehicle_status_bridge_node.cpp:11:10: fatal error: autoware_auto_vehicle_msgs/msg/velocity_report.hpp: No such file or directory
[6.085s]    11 | #include "autoware_auto_vehicle_msgs/msg/velocity_report.hpp"
[6.085s]       |          ^~~~~~~~~~~~~~~~~~~~~~~~~~~~~~~~~~~~~~~~~~~~~~~~~~~~
[6.085s] compilation terminated.
[6.088s] gmake[2]: *** [CMakeFiles/vehicle_status_bridge_node.dir/build.make:76: CMakeFiles/vehicle_status_bridge_node.dir/src/vehicle_status_bridge_node.cpp.o] Error 1
[6.088s] gmake[1]: *** [CMakeFiles/Makefile2:139: CMakeFiles/vehicle_status_bridge_node.dir/all] Error 2
[6.088s] gmake[1]: *** Waiting for unfinished jobs....
[13.089s] [ 75%] Linking CXX executable control_cmd_bridge_node
[13.529s] [ 75%] Built target control_cmd_bridge_node
[13.530s] gmake: *** [Makefile:146: all] Error 2
[13.532s] Invoked command in '/home/a01004/bridge_ws/build/carla_autoware_type_bridge' returned '2': CMAKE_PREFIX_PATH=${CMAKE_PREFIX_PATH}:/home/a01004/autoware/install/autoware_carla_interface:/home/a01004/autoware/install/ros2agnocast:/home/a01004/autoware/install/autoware_adapi_visualizers:/mnt/hdd/Workspace/ros-bridge/install/rqt_carla_control:/mnt/hdd/Workspace/ros-bridge/install/carla_waypoint_publisher:/mnt/hdd/Workspace/ros-bridge/install/carla_ackermann_control:/mnt/hdd/Workspace/ros-bridge/install/carla_ros_bridge:/mnt/hdd/Workspace/ros-bridge/install/carla_spawn_objects:/mnt/hdd/Workspace/ros-bridge/install/carla_manual_control:/mnt/hdd/Workspace/ros-bridge/install/carla_ad_agent:/mnt/hdd/Workspace/ros-bridge/install/ros_compatibility:/mnt/hdd/Workspace/ros-bridge/install/carla_walker_agent:/mnt/hdd/Workspace/ros-bridge/install/carla_twist_to_control:/mnt/hdd/Workspace/ros-bridge/install/carla_ros_scenario_runner:/mnt/hdd/Workspace/ros-bridge/install/carla_common:/opt/ros/humble /usr/bin/cmake --build /home/a01004/bridge_ws/build/carla_autoware_type_bridge -- -j16 -l16
