[0mCMake Error: The current CMakeCache.txt directory /home/a01004/msg_ws2/build/autoware_auto_planning_msgs/CMakeCache.txt is different than the directory /home/a01004/msg_ws/build/autoware_auto_planning_msgs where CMakeCache.txt was created. This may result in binaries being created in the wrong place. If you are not sure, reedit the CMakeCache.txt[0m
-- Found ament_cmake_auto: 1.3.12 (/opt/ros/humble/share/ament_cmake_auto/cmake)
-- Override CMake install command with custom implementation using symlinks instead of copying resources
-- Using all available rosidl_typesupport_c: rosidl_typesupport_fastrtps_c;rosidl_typesupport_introspection_c
-- Found rosidl_adapter: 3.1.8 (/opt/ros/humble/share/rosidl_adapter/cmake)
-- Using all available rosidl_typesupport_cpp: rosidl_typesupport_fastrtps_cpp;rosidl_typesupport_introspection_cpp
-- Found ament_cmake_cppcheck: 0.12.14 (/opt/ros/humble/share/ament_cmake_cppcheck/cmake)
-- Found ament_cmake_cpplint: 0.12.14 (/opt/ros/humble/share/ament_cmake_cpplint/cmake)
-- Found ament_cmake_uncrustify: 0.12.14 (/opt/ros/humble/share/ament_cmake_uncrustify/cmake)
-- Found ament_cmake_ros: 0.10.0 (/opt/ros/humble/share/ament_cmake_ros/cmake)
-- Using all available rosidl_typesupport_c: rosidl_typesupport_fastrtps_c;rosidl_typesupport_introspection_c
-- Using all available rosidl_typesupport_cpp: rosidl_typesupport_fastrtps_cpp;rosidl_typesupport_introspection_cpp
-- Found python_cmake_module: 0.10.0 (/opt/ros/humble/share/python_cmake_module/cmake)
-- Using PYTHON_EXECUTABLE: /usr/bin/python3
-- Using PYTHON_INCLUDE_DIRS: /usr/include/python3.10
-- Using PYTHON_LIBRARIES: /usr/lib/x86_64-linux-gnu/libpython3.10.so
-- Found ament_cmake_flake8: 0.12.14 (/opt/ros/humble/share/ament_cmake_flake8/cmake)
-- Found ament_cmake_pep257: 0.12.14 (/opt/ros/humble/share/ament_cmake_pep257/cmake)
-- Found ament_lint_auto: 0.12.14 (/opt/ros/humble/share/ament_lint_auto/cmake)
-- Added test 'copyright' to check source files copyright and LICENSE
-- Added test 'lint_cmake' to check CMake code style
-- Added test 'xmllint' to check XML markup files
-- Configuring done
-- Generating done
-- Build files have been written to: /home/a01004/msg_ws/build/autoware_auto_planning_msgs
[  1%] [34m[1mGenerating C code for ROS interfaces[0m
[  1%] [34m[1mGenerating C++ code for ROS interfaces[0m
[  1%] Built target ament_cmake_python_symlink_autoware_auto_planning_msgs
running egg_info
writing autoware_auto_planning_msgs.egg-info/PKG-INFO
writing dependency_links to autoware_auto_planning_msgs.egg-info/dependency_links.txt
writing top-level names to autoware_auto_planning_msgs.egg-info/top_level.txt
reading manifest file 'autoware_auto_planning_msgs.egg-info/SOURCES.txt'
writing manifest file 'autoware_auto_planning_msgs.egg-info/SOURCES.txt'
[  1%] Built target ament_cmake_python_build_autoware_auto_planning_msgs_egg
[35m[1mConsolidate compiler generated dependencies of target autoware_auto_planning_msgs__rosidl_generator_c[0m
[  1%] Built target autoware_auto_planning_msgs__cpp
[  1%] [34m[1mGenerating C code for ROS interfaces[0m
[  2%] [34m[1mGenerating C++ type support dispatch for ROS interfaces[0m
[  2%] [34m[1mGenerating C++ introspection for ROS interfaces[0m
[  3%] [34m[1mGenerating C++ type support for eProsima Fast-RTPS[0m
[35m[1mConsolidate compiler generated dependencies of target autoware_auto_planning_msgs__rosidl_typesupport_cpp[0m
[  3%] [34m[1mGenerating C++ type support dispatch for ROS interfaces[0m
[35m[1mConsolidate compiler generated dependencies of target autoware_auto_planning_msgs__rosidl_typesupport_introspection_cpp[0m
[  3%] [34m[1mGenerating C++ introspection for ROS interfaces[0m
[35m[1mConsolidate compiler generated dependencies of target autoware_auto_planning_msgs__rosidl_typesupport_fastrtps_cpp[0m
[  3%] [34m[1mGenerating C++ type support for eProsima Fast-RTPS[0m
[  4%] [32mBuilding C object CMakeFiles/autoware_auto_planning_msgs__rosidl_generator_c.dir/rosidl_generator_c/autoware_auto_planning_msgs/action/detail/record_trajectory__functions.c.o[0m
[  4%] [32mBuilding C object CMakeFiles/autoware_auto_planning_msgs__rosidl_generator_c.dir/rosidl_generator_c/autoware_auto_planning_msgs/msg/detail/had_map_route__functions.c.o[0m
[  5%] [32mBuilding C object CMakeFiles/autoware_auto_planning_msgs__rosidl_generator_c.dir/rosidl_generator_c/autoware_auto_planning_msgs/msg/detail/trajectory__functions.c.o[0m
[  5%] [32mBuilding C object CMakeFiles/autoware_auto_planning_msgs__rosidl_generator_c.dir/rosidl_generator_c/autoware_auto_planning_msgs/action/detail/planner_costmap__functions.c.o[0m
[  6%] [32mBuilding C object CMakeFiles/autoware_auto_planning_msgs__rosidl_generator_c.dir/rosidl_generator_c/autoware_auto_planning_msgs/action/detail/replay_trajectory__functions.c.o[0m
[  7%] [32mBuilding C object CMakeFiles/autoware_auto_planning_msgs__rosidl_generator_c.dir/rosidl_generator_c/autoware_auto_planning_msgs/action/detail/plan_trajectory__functions.c.o[0m
[  8%] [32mBuilding C object CMakeFiles/autoware_auto_planning_msgs__rosidl_generator_c.dir/rosidl_generator_c/autoware_auto_planning_msgs/msg/detail/order_movement__functions.c.o[0m
[  9%] [32mBuilding C object CMakeFiles/autoware_auto_planning_msgs__rosidl_generator_c.dir/rosidl_generator_c/autoware_auto_planning_msgs/msg/detail/route__functions.c.o[0m
[  9%] [32mBuilding C object CMakeFiles/autoware_auto_planning_msgs__rosidl_generator_c.dir/rosidl_generator_c/autoware_auto_planning_msgs/msg/detail/trajectory_point__functions.c.o[0m
[ 10%] [32mBuilding C object CMakeFiles/autoware_auto_planning_msgs__rosidl_generator_c.dir/rosidl_generator_c/autoware_auto_planning_msgs/msg/detail/path_point__functions.c.o[0m
[ 11%] [32mBuilding C object CMakeFiles/autoware_auto_planning_msgs__rosidl_generator_c.dir/rosidl_generator_c/autoware_auto_planning_msgs/msg/detail/path__functions.c.o[0m
[ 11%] [32mBuilding C object CMakeFiles/autoware_auto_planning_msgs__rosidl_generator_c.dir/rosidl_generator_c/autoware_auto_planning_msgs/msg/detail/path_point_with_lane_id__functions.c.o[0m
[ 12%] [32mBuilding C object CMakeFiles/autoware_auto_planning_msgs__rosidl_generator_c.dir/rosidl_generator_c/autoware_auto_planning_msgs/msg/detail/path_with_lane_id__functions.c.o[0m
[ 13%] [32mBuilding C object CMakeFiles/autoware_auto_planning_msgs__rosidl_generator_c.dir/rosidl_generator_c/autoware_auto_planning_msgs/srv/detail/modify_trajectory__functions.c.o[0m
[ 14%] [32m[1mLinking C shared library libautoware_auto_planning_msgs__rosidl_generator_c.so[0m
[ 25%] Built target autoware_auto_planning_msgs__rosidl_typesupport_cpp
[ 25%] Built target autoware_auto_planning_msgs__rosidl_generator_c
[ 26%] [34m[1mGenerating C introspection for ROS interfaces[0m
[ 27%] [34m[1mGenerating C type support for eProsima Fast-RTPS[0m
[ 28%] [34m[1mGenerating C type support dispatch for ROS interfaces[0m
[ 29%] [32mBuilding CXX object CMakeFiles/autoware_auto_planning_msgs__rosidl_typesupport_introspection_cpp.dir/rosidl_typesupport_introspection_cpp/autoware_auto_planning_msgs/action/detail/planner_costmap__type_support.cpp.o[0m
[ 29%] [32mBuilding CXX object CMakeFiles/autoware_auto_planning_msgs__rosidl_typesupport_introspection_cpp.dir/rosidl_typesupport_introspection_cpp/autoware_auto_planning_msgs/action/detail/replay_trajectory__type_support.cpp.o[0m
[ 30%] [32mBuilding CXX object CMakeFiles/autoware_auto_planning_msgs__rosidl_typesupport_introspection_cpp.dir/rosidl_typesupport_introspection_cpp/autoware_auto_planning_msgs/action/detail/plan_trajectory__type_support.cpp.o[0m
[ 32%] [32mBuilding CXX object CMakeFiles/autoware_auto_planning_msgs__rosidl_typesupport_introspection_cpp.dir/rosidl_typesupport_introspection_cpp/autoware_auto_planning_msgs/msg/detail/route__type_support.cpp.o[0m
[ 32%] [32mBuilding CXX object CMakeFiles/autoware_auto_planning_msgs__rosidl_typesupport_introspection_cpp.dir/rosidl_typesupport_introspection_cpp/autoware_auto_planning_msgs/action/detail/record_trajectory__type_support.cpp.o[0m
[ 33%] [32mBuilding CXX object CMakeFiles/autoware_auto_planning_msgs__rosidl_typesupport_introspection_cpp.dir/rosidl_typesupport_introspection_cpp/autoware_auto_planning_msgs/msg/detail/order_movement__type_support.cpp.o[0m
[ 34%] [32mBuilding CXX object CMakeFiles/autoware_auto_planning_msgs__rosidl_typesupport_introspection_cpp.dir/rosidl_typesupport_introspection_cpp/autoware_auto_planning_msgs/msg/detail/had_map_route__type_support.cpp.o[0m
[ 35%] [32mBuilding CXX object CMakeFiles/autoware_auto_planning_msgs__rosidl_typesupport_introspection_cpp.dir/rosidl_typesupport_introspection_cpp/autoware_auto_planning_msgs/msg/detail/path_point__type_support.cpp.o[0m
[ 35%] [32mBuilding CXX object CMakeFiles/autoware_auto_planning_msgs__rosidl_typesupport_introspection_cpp.dir/rosidl_typesupport_introspection_cpp/autoware_auto_planning_msgs/msg/detail/trajectory__type_support.cpp.o[0m
[ 36%] [32mBuilding CXX object CMakeFiles/autoware_auto_planning_msgs__rosidl_typesupport_introspection_cpp.dir/rosidl_typesupport_introspection_cpp/autoware_auto_planning_msgs/msg/detail/trajectory_point__type_support.cpp.o[0m
[ 37%] [32mBuilding CXX object CMakeFiles/autoware_auto_planning_msgs__rosidl_typesupport_introspection_cpp.dir/rosidl_typesupport_introspection_cpp/autoware_auto_planning_msgs/msg/detail/path__type_support.cpp.o[0m
[ 37%] [32mBuilding CXX object CMakeFiles/autoware_auto_planning_msgs__rosidl_typesupport_introspection_cpp.dir/rosidl_typesupport_introspection_cpp/autoware_auto_planning_msgs/msg/detail/path_with_lane_id__type_support.cpp.o[0m
[ 48%] Built target autoware_auto_planning_msgs__rosidl_typesupport_fastrtps_cpp
[ 49%] [32mBuilding CXX object CMakeFiles/autoware_auto_planning_msgs__rosidl_typesupport_introspection_cpp.dir/rosidl_typesupport_introspection_cpp/autoware_auto_planning_msgs/msg/detail/path_point_with_lane_id__type_support.cpp.o[0m
[ 50%] [32mBuilding CXX object CMakeFiles/autoware_auto_planning_msgs__rosidl_typesupport_introspection_cpp.dir/rosidl_typesupport_introspection_cpp/autoware_auto_planning_msgs/srv/detail/modify_trajectory__type_support.cpp.o[0m
[35m[1mConsolidate compiler generated dependencies of target autoware_auto_planning_msgs__rosidl_typesupport_c[0m
[ 50%] [34m[1mGenerating C type support dispatch for ROS interfaces[0m
[ 51%] [32m[1mLinking CXX shared library libautoware_auto_planning_msgs__rosidl_typesupport_introspection_cpp.so[0m
[35m[1mConsolidate compiler generated dependencies of target autoware_auto_planning_msgs__rosidl_typesupport_introspection_c[0m
[ 51%] [34m[1mGenerating C introspection for ROS interfaces[0m
[ 51%] Built target autoware_auto_planning_msgs__rosidl_typesupport_introspection_cpp
[35m[1mConsolidate compiler generated dependencies of target autoware_auto_planning_msgs__rosidl_typesupport_fastrtps_c[0m
[ 51%] [34m[1mGenerating C type support for eProsima Fast-RTPS[0m
[ 52%] [32m[1mLinking CXX shared library libautoware_auto_planning_msgs__rosidl_typesupport_c.so[0m
[ 62%] Built target autoware_auto_planning_msgs__rosidl_typesupport_c
[ 63%] [32mBuilding C object CMakeFiles/autoware_auto_planning_msgs__rosidl_typesupport_introspection_c.dir/rosidl_typesupport_introspection_c/autoware_auto_planning_msgs/action/detail/plan_trajectory__type_support.c.o[0m
[ 64%] [32mBuilding C object CMakeFiles/autoware_auto_planning_msgs__rosidl_typesupport_introspection_c.dir/rosidl_typesupport_introspection_c/autoware_auto_planning_msgs/msg/detail/path__type_support.c.o[0m
[ 64%] [32mBuilding C object CMakeFiles/autoware_auto_planning_msgs__rosidl_typesupport_introspection_c.dir/rosidl_typesupport_introspection_c/autoware_auto_planning_msgs/action/detail/replay_trajectory__type_support.c.o[0m
[ 65%] [32mBuilding C object CMakeFiles/autoware_auto_planning_msgs__rosidl_typesupport_introspection_c.dir/rosidl_typesupport_introspection_c/autoware_auto_planning_msgs/msg/detail/path_point__type_support.c.o[0m
[ 66%] [32mBuilding C object CMakeFiles/autoware_auto_planning_msgs__rosidl_typesupport_introspection_c.dir/rosidl_typesupport_introspection_c/autoware_auto_planning_msgs/msg/detail/order_movement__type_support.c.o[0m
[ 67%] [32mBuilding C object CMakeFiles/autoware_auto_planning_msgs__rosidl_typesupport_introspection_c.dir/rosidl_typesupport_introspection_c/autoware_auto_planning_msgs/msg/detail/had_map_route__type_support.c.o[0m
[ 68%] [32mBuilding C object CMakeFiles/autoware_auto_planning_msgs__rosidl_typesupport_introspection_c.dir/rosidl_typesupport_introspection_c/autoware_auto_planning_msgs/msg/detail/trajectory_point__type_support.c.o[0m
[ 68%] [32mBuilding C object CMakeFiles/autoware_auto_planning_msgs__rosidl_typesupport_introspection_c.dir/rosidl_typesupport_introspection_c/autoware_auto_planning_msgs/msg/detail/route__type_support.c.o[0m
[ 69%] [32mBuilding C object CMakeFiles/autoware_auto_planning_msgs__rosidl_typesupport_introspection_c.dir/rosidl_typesupport_introspection_c/autoware_auto_planning_msgs/action/detail/planner_costmap__type_support.c.o[0m
[ 69%] [32mBuilding C object CMakeFiles/autoware_auto_planning_msgs__rosidl_typesupport_introspection_c.dir/rosidl_typesupport_introspection_c/autoware_auto_planning_msgs/action/detail/record_trajectory__type_support.c.o[0m
[ 70%] [32mBuilding C object CMakeFiles/autoware_auto_planning_msgs__rosidl_typesupport_introspection_c.dir/rosidl_typesupport_introspection_c/autoware_auto_planning_msgs/msg/detail/trajectory__type_support.c.o[0m
[ 71%] [32mBuilding C object CMakeFiles/autoware_auto_planning_msgs__rosidl_typesupport_introspection_c.dir/rosidl_typesupport_introspection_c/autoware_auto_planning_msgs/msg/detail/path_with_lane_id__type_support.c.o[0m
[ 72%] [32mBuilding C object CMakeFiles/autoware_auto_planning_msgs__rosidl_typesupport_introspection_c.dir/rosidl_typesupport_introspection_c/autoware_auto_planning_msgs/msg/detail/path_point_with_lane_id__type_support.c.o[0m
[ 72%] [32mBuilding C object CMakeFiles/autoware_auto_planning_msgs__rosidl_typesupport_introspection_c.dir/rosidl_typesupport_introspection_c/autoware_auto_planning_msgs/srv/detail/modify_trajectory__type_support.c.o[0m
[ 73%] [32m[1mLinking C shared library libautoware_auto_planning_msgs__rosidl_typesupport_introspection_c.so[0m
[ 74%] [32mBuilding CXX object CMakeFiles/autoware_auto_planning_msgs__rosidl_typesupport_fastrtps_c.dir/rosidl_typesupport_fastrtps_c/autoware_auto_planning_msgs/msg/detail/trajectory__type_support_c.cpp.o[0m
[ 75%] [32mBuilding CXX object CMakeFiles/autoware_auto_planning_msgs__rosidl_typesupport_fastrtps_c.dir/rosidl_typesupport_fastrtps_c/autoware_auto_planning_msgs/action/detail/planner_costmap__type_support_c.cpp.o[0m
[ 75%] [32mBuilding CXX object CMakeFiles/autoware_auto_planning_msgs__rosidl_typesupport_fastrtps_c.dir/rosidl_typesupport_fastrtps_c/autoware_auto_planning_msgs/action/detail/plan_trajectory__type_support_c.cpp.o[0m
[ 76%] [32mBuilding CXX object CMakeFiles/autoware_auto_planning_msgs__rosidl_typesupport_fastrtps_c.dir/rosidl_typesupport_fastrtps_c/autoware_auto_planning_msgs/msg/detail/trajectory_point__type_support_c.cpp.o[0m
[ 77%] [32mBuilding CXX object CMakeFiles/autoware_auto_planning_msgs__rosidl_typesupport_fastrtps_c.dir/rosidl_typesupport_fastrtps_c/autoware_auto_planning_msgs/msg/detail/path_point__type_support_c.cpp.o[0m
[ 78%] [32mBuilding CXX object CMakeFiles/autoware_auto_planning_msgs__rosidl_typesupport_fastrtps_c.dir/rosidl_typesupport_fastrtps_c/autoware_auto_planning_msgs/msg/detail/path_with_lane_id__type_support_c.cpp.o[0m
[ 79%] [32mBuilding CXX object CMakeFiles/autoware_auto_planning_msgs__rosidl_typesupport_fastrtps_c.dir/rosidl_typesupport_fastrtps_c/autoware_auto_planning_msgs/action/detail/record_trajectory__type_support_c.cpp.o[0m
[ 79%] [32mBuilding CXX object CMakeFiles/autoware_auto_planning_msgs__rosidl_typesupport_fastrtps_c.dir/rosidl_typesupport_fastrtps_c/autoware_auto_planning_msgs/msg/detail/order_movement__type_support_c.cpp.o[0m
[ 80%] [32mBuilding CXX object CMakeFiles/autoware_auto_planning_msgs__rosidl_typesupport_fastrtps_c.dir/rosidl_typesupport_fastrtps_c/autoware_auto_planning_msgs/msg/detail/had_map_route__type_support_c.cpp.o[0m
[ 80%] [32mBuilding CXX object CMakeFiles/autoware_auto_planning_msgs__rosidl_typesupport_fastrtps_c.dir/rosidl_typesupport_fastrtps_c/autoware_auto_planning_msgs/msg/detail/path__type_support_c.cpp.o[0m
[ 81%] [32mBuilding CXX object CMakeFiles/autoware_auto_planning_msgs__rosidl_typesupport_fastrtps_c.dir/rosidl_typesupport_fastrtps_c/autoware_auto_planning_msgs/msg/detail/route__type_support_c.cpp.o[0m
[ 82%] [32mBuilding CXX object CMakeFiles/autoware_auto_planning_msgs__rosidl_typesupport_fastrtps_c.dir/rosidl_typesupport_fastrtps_c/autoware_auto_planning_msgs/msg/detail/path_point_with_lane_id__type_support_c.cpp.o[0m
[ 83%] [32mBuilding CXX object CMakeFiles/autoware_auto_planning_msgs__rosidl_typesupport_fastrtps_c.dir/rosidl_typesupport_fastrtps_c/autoware_auto_planning_msgs/action/detail/replay_trajectory__type_support_c.cpp.o[0m
[ 83%] [32mBuilding CXX object CMakeFiles/autoware_auto_planning_msgs__rosidl_typesupport_fastrtps_c.dir/rosidl_typesupport_fastrtps_c/autoware_auto_planning_msgs/srv/detail/modify_trajectory__type_support_c.cpp.o[0m
[ 83%] Built target autoware_auto_planning_msgs__rosidl_typesupport_introspection_c
[ 84%] [32m[1mLinking CXX shared library libautoware_auto_planning_msgs__rosidl_typesupport_fastrtps_c.so[0m
[ 84%] Built target autoware_auto_planning_msgs__rosidl_typesupport_fastrtps_c
[ 84%] Built target autoware_auto_planning_msgs
[ 85%] [34m[1mGenerating Python code for ROS interfaces[0m
[ 85%] Built target autoware_auto_planning_msgs__py
[35m[1mConsolidate compiler generated dependencies of target autoware_auto_planning_msgs__rosidl_generator_py[0m
[ 87%] [32mBuilding C object CMakeFiles/autoware_auto_planning_msgs__rosidl_generator_py.dir/rosidl_generator_py/autoware_auto_planning_msgs/action/_plan_trajectory_s.c.o[0m
[ 90%] [32mBuilding C object CMakeFiles/autoware_auto_planning_msgs__rosidl_generator_py.dir/rosidl_generator_py/autoware_auto_planning_msgs/action/_planner_costmap_s.c.o[0m
[ 90%] [32mBuilding C object CMakeFiles/autoware_auto_planning_msgs__rosidl_generator_py.dir/rosidl_generator_py/autoware_auto_planning_msgs/msg/_had_map_route_s.c.o[0m
[ 90%] [32mBuilding C object CMakeFiles/autoware_auto_planning_msgs__rosidl_generator_py.dir/rosidl_generator_py/autoware_auto_planning_msgs/msg/_order_movement_s.c.o[0m
[ 90%] [32mBuilding C object CMakeFiles/autoware_auto_planning_msgs__rosidl_generator_py.dir/rosidl_generator_py/autoware_auto_planning_msgs/action/_replay_trajectory_s.c.o[0m
[ 90%] [32mBuilding C object CMakeFiles/autoware_auto_planning_msgs__rosidl_generator_py.dir/rosidl_generator_py/autoware_auto_planning_msgs/action/_record_trajectory_s.c.o[0m
[ 90%] [32mBuilding C object CMakeFiles/autoware_auto_planning_msgs__rosidl_generator_py.dir/rosidl_generator_py/autoware_auto_planning_msgs/msg/_route_s.c.o[0m
[ 92%] [32mBuilding C object CMakeFiles/autoware_auto_planning_msgs__rosidl_generator_py.dir/rosidl_generator_py/autoware_auto_planning_msgs/msg/_trajectory_point_s.c.o[0m
[ 92%] [32mBuilding C object CMakeFiles/autoware_auto_planning_msgs__rosidl_generator_py.dir/rosidl_generator_py/autoware_auto_planning_msgs/msg/_path_point_s.c.o[0m
[ 93%] [32mBuilding C object CMakeFiles/autoware_auto_planning_msgs__rosidl_generator_py.dir/rosidl_generator_py/autoware_auto_planning_msgs/msg/_trajectory_s.c.o[0m
[ 94%] [32mBuilding C object CMakeFiles/autoware_auto_planning_msgs__rosidl_generator_py.dir/rosidl_generator_py/autoware_auto_planning_msgs/msg/_path_with_lane_id_s.c.o[0m
[ 94%] [32mBuilding C object CMakeFiles/autoware_auto_planning_msgs__rosidl_generator_py.dir/rosidl_generator_py/autoware_auto_planning_msgs/msg/_path_point_with_lane_id_s.c.o[0m
[ 95%] [32mBuilding C object CMakeFiles/autoware_auto_planning_msgs__rosidl_generator_py.dir/rosidl_generator_py/autoware_auto_planning_msgs/srv/_modify_trajectory_s.c.o[0m
[ 95%] [32mBuilding C object CMakeFiles/autoware_auto_planning_msgs__rosidl_generator_py.dir/rosidl_generator_py/autoware_auto_planning_msgs/msg/_path_s.c.o[0m
[ 96%] [32m[1mLinking C shared library rosidl_generator_py/autoware_auto_planning_msgs/libautoware_auto_planning_msgs__rosidl_generator_py.so[0m
[ 96%] Built target autoware_auto_planning_msgs__rosidl_generator_py
[35m[1mConsolidate compiler generated dependencies of target autoware_auto_planning_msgs__rosidl_typesupport_fastrtps_c__pyext[0m
[35m[1mConsolidate compiler generated dependencies of target autoware_auto_planning_msgs__rosidl_typesupport_c__pyext[0m
[35m[1mConsolidate compiler generated dependencies of target autoware_auto_planning_msgs__rosidl_typesupport_introspection_c__pyext[0m
[ 99%] [32mBuilding C object CMakeFiles/autoware_auto_planning_msgs__rosidl_typesupport_introspection_c__pyext.dir/rosidl_generator_py/autoware_auto_planning_msgs/_autoware_auto_planning_msgs_s.ep.rosidl_typesupport_introspection_c.c.o[0m
[ 99%] [32mBuilding C object CMakeFiles/autoware_auto_planning_msgs__rosidl_typesupport_c__pyext.dir/rosidl_generator_py/autoware_auto_planning_msgs/_autoware_auto_planning_msgs_s.ep.rosidl_typesupport_c.c.o[0m
[ 99%] [32mBuilding C object CMakeFiles/autoware_auto_planning_msgs__rosidl_typesupport_fastrtps_c__pyext.dir/rosidl_generator_py/autoware_auto_planning_msgs/_autoware_auto_planning_msgs_s.ep.rosidl_typesupport_fastrtps_c.c.o[0m
[100%] [32m[1mLinking C shared library rosidl_generator_py/autoware_auto_planning_msgs/autoware_auto_planning_msgs_s__rosidl_typesupport_introspection_c.cpython-310-x86_64-linux-gnu.so[0m
[100%] [32m[1mLinking C shared library rosidl_generator_py/autoware_auto_planning_msgs/autoware_auto_planning_msgs_s__rosidl_typesupport_c.cpython-310-x86_64-linux-gnu.so[0m
[100%] [32m[1mLinking C shared library rosidl_generator_py/autoware_auto_planning_msgs/autoware_auto_planning_msgs_s__rosidl_typesupport_fastrtps_c.cpython-310-x86_64-linux-gnu.so[0m
[100%] Built target autoware_auto_planning_msgs__rosidl_typesupport_c__pyext
[100%] Built target autoware_auto_planning_msgs__rosidl_typesupport_introspection_c__pyext
[100%] Built target autoware_auto_planning_msgs__rosidl_typesupport_fastrtps_c__pyext
-- Install configuration: ""
-- Execute custom install script
-- Up-to-date symlink: /home/a01004/msg_ws/install/autoware_auto_planning_msgs/share/ament_index/resource_index/rosidl_interfaces/autoware_auto_planning_msgs
-- Up-to-date symlink: /home/a01004/msg_ws/install/autoware_auto_planning_msgs/include/autoware_auto_planning_msgs/autoware_auto_planning_msgs/action/detail/plan_trajectory__functions.h
-- Up-to-date symlink: /home/a01004/msg_ws/install/autoware_auto_planning_msgs/include/autoware_auto_planning_msgs/autoware_auto_planning_msgs/action/detail/plan_trajectory__struct.h
-- Up-to-date symlink: /home/a01004/msg_ws/install/autoware_auto_planning_msgs/include/autoware_auto_planning_msgs/autoware_auto_planning_msgs/action/detail/plan_trajectory__type_support.h
-- Up-to-date symlink: /home/a01004/msg_ws/install/autoware_auto_planning_msgs/include/autoware_auto_planning_msgs/autoware_auto_planning_msgs/action/detail/planner_costmap__functions.h
-- Up-to-date symlink: /home/a01004/msg_ws/install/autoware_auto_planning_msgs/include/autoware_auto_planning_msgs/autoware_auto_planning_msgs/action/detail/planner_costmap__struct.h
-- Up-to-date symlink: /home/a01004/msg_ws/install/autoware_auto_planning_msgs/include/autoware_auto_planning_msgs/autoware_auto_planning_msgs/action/detail/planner_costmap__type_support.h
-- Up-to-date symlink: /home/a01004/msg_ws/install/autoware_auto_planning_msgs/include/autoware_auto_planning_msgs/autoware_auto_planning_msgs/action/detail/record_trajectory__functions.h
-- Up-to-date symlink: /home/a01004/msg_ws/install/autoware_auto_planning_msgs/include/autoware_auto_planning_msgs/autoware_auto_planning_msgs/action/detail/record_trajectory__struct.h
-- Up-to-date symlink: /home/a01004/msg_ws/install/autoware_auto_planning_msgs/include/autoware_auto_planning_msgs/autoware_auto_planning_msgs/action/detail/record_trajectory__type_support.h
-- Up-to-date symlink: /home/a01004/msg_ws/install/autoware_auto_planning_msgs/include/autoware_auto_planning_msgs/autoware_auto_planning_msgs/action/detail/replay_trajectory__functions.h
-- Up-to-date symlink: /home/a01004/msg_ws/install/autoware_auto_planning_msgs/include/autoware_auto_planning_msgs/autoware_auto_planning_msgs/action/detail/replay_trajectory__struct.h
-- Up-to-date symlink: /home/a01004/msg_ws/install/autoware_auto_planning_msgs/include/autoware_auto_planning_msgs/autoware_auto_planning_msgs/action/detail/replay_trajectory__type_support.h
-- Up-to-date symlink: /home/a01004/msg_ws/install/autoware_auto_planning_msgs/include/autoware_auto_planning_msgs/autoware_auto_planning_msgs/action/plan_trajectory.h
-- Up-to-date symlink: /home/a01004/msg_ws/install/autoware_auto_planning_msgs/include/autoware_auto_planning_msgs/autoware_auto_planning_msgs/action/planner_costmap.h
-- Up-to-date symlink: /home/a01004/msg_ws/install/autoware_auto_planning_msgs/include/autoware_auto_planning_msgs/autoware_auto_planning_msgs/action/record_trajectory.h
-- Up-to-date symlink: /home/a01004/msg_ws/install/autoware_auto_planning_msgs/include/autoware_auto_planning_msgs/autoware_auto_planning_msgs/action/replay_trajectory.h
-- Up-to-date symlink: /home/a01004/msg_ws/install/autoware_auto_planning_msgs/include/autoware_auto_planning_msgs/autoware_auto_planning_msgs/msg/detail/had_map_route__functions.h
-- Up-to-date symlink: /home/a01004/msg_ws/install/autoware_auto_planning_msgs/include/autoware_auto_planning_msgs/autoware_auto_planning_msgs/msg/detail/had_map_route__struct.h
-- Up-to-date symlink: /home/a01004/msg_ws/install/autoware_auto_planning_msgs/include/autoware_auto_planning_msgs/autoware_auto_planning_msgs/msg/detail/had_map_route__type_support.h
-- Up-to-date symlink: /home/a01004/msg_ws/install/autoware_auto_planning_msgs/include/autoware_auto_planning_msgs/autoware_auto_planning_msgs/msg/detail/order_movement__functions.h
-- Up-to-date symlink: /home/a01004/msg_ws/install/autoware_auto_planning_msgs/include/autoware_auto_planning_msgs/autoware_auto_planning_msgs/msg/detail/order_movement__struct.h
-- Up-to-date symlink: /home/a01004/msg_ws/install/autoware_auto_planning_msgs/include/autoware_auto_planning_msgs/autoware_auto_planning_msgs/msg/detail/order_movement__type_support.h
-- Up-to-date symlink: /home/a01004/msg_ws/install/autoware_auto_planning_msgs/include/autoware_auto_planning_msgs/autoware_auto_planning_msgs/msg/detail/path__functions.h
-- Up-to-date symlink: /home/a01004/msg_ws/install/autoware_auto_planning_msgs/include/autoware_auto_planning_msgs/autoware_auto_planning_msgs/msg/detail/path__struct.h
-- Up-to-date symlink: /home/a01004/msg_ws/install/autoware_auto_planning_msgs/include/autoware_auto_planning_msgs/autoware_auto_planning_msgs/msg/detail/path__type_support.h
-- Up-to-date symlink: /home/a01004/msg_ws/install/autoware_auto_planning_msgs/include/autoware_auto_planning_msgs/autoware_auto_planning_msgs/msg/detail/path_point__functions.h
-- Up-to-date symlink: /home/a01004/msg_ws/install/autoware_auto_planning_msgs/include/autoware_auto_planning_msgs/autoware_auto_planning_msgs/msg/detail/path_point__struct.h
-- Up-to-date symlink: /home/a01004/msg_ws/install/autoware_auto_planning_msgs/include/autoware_auto_planning_msgs/autoware_auto_planning_msgs/msg/detail/path_point__type_support.h
-- Up-to-date symlink: /home/a01004/msg_ws/install/autoware_auto_planning_msgs/include/autoware_auto_planning_msgs/autoware_auto_planning_msgs/msg/detail/path_point_with_lane_id__functions.h
-- Up-to-date symlink: /home/a01004/msg_ws/install/autoware_auto_planning_msgs/include/autoware_auto_planning_msgs/autoware_auto_planning_msgs/msg/detail/path_point_with_lane_id__struct.h
-- Up-to-date symlink: /home/a01004/msg_ws/install/autoware_auto_planning_msgs/include/autoware_auto_planning_msgs/autoware_auto_planning_msgs/msg/detail/path_point_with_lane_id__type_support.h
-- Up-to-date symlink: /home/a01004/msg_ws/install/autoware_auto_planning_msgs/include/autoware_auto_planning_msgs/autoware_auto_planning_msgs/msg/detail/path_with_lane_id__functions.h
-- Up-to-date symlink: /home/a01004/msg_ws/install/autoware_auto_planning_msgs/include/autoware_auto_planning_msgs/autoware_auto_planning_msgs/msg/detail/path_with_lane_id__struct.h
-- Up-to-date symlink: /home/a01004/msg_ws/install/autoware_auto_planning_msgs/include/autoware_auto_planning_msgs/autoware_auto_planning_msgs/msg/detail/path_with_lane_id__type_support.h
-- Up-to-date symlink: /home/a01004/msg_ws/install/autoware_auto_planning_msgs/include/autoware_auto_planning_msgs/autoware_auto_planning_msgs/msg/detail/route__functions.h
-- Up-to-date symlink: /home/a01004/msg_ws/install/autoware_auto_planning_msgs/include/autoware_auto_planning_msgs/autoware_auto_planning_msgs/msg/detail/route__struct.h
-- Up-to-date symlink: /home/a01004/msg_ws/install/autoware_auto_planning_msgs/include/autoware_auto_planning_msgs/autoware_auto_planning_msgs/msg/detail/route__type_support.h
-- Up-to-date symlink: /home/a01004/msg_ws/install/autoware_auto_planning_msgs/include/autoware_auto_planning_msgs/autoware_auto_planning_msgs/msg/detail/trajectory__functions.h
-- Up-to-date symlink: /home/a01004/msg_ws/install/autoware_auto_planning_msgs/include/autoware_auto_planning_msgs/autoware_auto_planning_msgs/msg/detail/trajectory__struct.h
-- Up-to-date symlink: /home/a01004/msg_ws/install/autoware_auto_planning_msgs/include/autoware_auto_planning_msgs/autoware_auto_planning_msgs/msg/detail/trajectory__type_support.h
-- Up-to-date symlink: /home/a01004/msg_ws/install/autoware_auto_planning_msgs/include/autoware_auto_planning_msgs/autoware_auto_planning_msgs/msg/detail/trajectory_point__functions.h
-- Up-to-date symlink: /home/a01004/msg_ws/install/autoware_auto_planning_msgs/include/autoware_auto_planning_msgs/autoware_auto_planning_msgs/msg/detail/trajectory_point__struct.h
-- Up-to-date symlink: /home/a01004/msg_ws/install/autoware_auto_planning_msgs/include/autoware_auto_planning_msgs/autoware_auto_planning_msgs/msg/detail/trajectory_point__type_support.h
-- Up-to-date symlink: /home/a01004/msg_ws/install/autoware_auto_planning_msgs/include/autoware_auto_planning_msgs/autoware_auto_planning_msgs/msg/had_map_route.h
-- Up-to-date symlink: /home/a01004/msg_ws/install/autoware_auto_planning_msgs/include/autoware_auto_planning_msgs/autoware_auto_planning_msgs/msg/order_movement.h
-- Up-to-date symlink: /home/a01004/msg_ws/install/autoware_auto_planning_msgs/include/autoware_auto_planning_msgs/autoware_auto_planning_msgs/msg/path.h
-- Up-to-date symlink: /home/a01004/msg_ws/install/autoware_auto_planning_msgs/include/autoware_auto_planning_msgs/autoware_auto_planning_msgs/msg/path_point.h
-- Up-to-date symlink: /home/a01004/msg_ws/install/autoware_auto_planning_msgs/include/autoware_auto_planning_msgs/autoware_auto_planning_msgs/msg/path_point_with_lane_id.h
-- Up-to-date symlink: /home/a01004/msg_ws/install/autoware_auto_planning_msgs/include/autoware_auto_planning_msgs/autoware_auto_planning_msgs/msg/path_with_lane_id.h
-- Up-to-date symlink: /home/a01004/msg_ws/install/autoware_auto_planning_msgs/include/autoware_auto_planning_msgs/autoware_auto_planning_msgs/msg/rosidl_generator_c__visibility_control.h
-- Up-to-date symlink: /home/a01004/msg_ws/install/autoware_auto_planning_msgs/include/autoware_auto_planning_msgs/autoware_auto_planning_msgs/msg/route.h
-- Up-to-date symlink: /home/a01004/msg_ws/install/autoware_auto_planning_msgs/include/autoware_auto_planning_msgs/autoware_auto_planning_msgs/msg/trajectory.h
-- Up-to-date symlink: /home/a01004/msg_ws/install/autoware_auto_planning_msgs/include/autoware_auto_planning_msgs/autoware_auto_planning_msgs/msg/trajectory_point.h
-- Up-to-date symlink: /home/a01004/msg_ws/install/autoware_auto_planning_msgs/include/autoware_auto_planning_msgs/autoware_auto_planning_msgs/srv/detail/modify_trajectory__functions.h
-- Up-to-date symlink: /home/a01004/msg_ws/install/autoware_auto_planning_msgs/include/autoware_auto_planning_msgs/autoware_auto_planning_msgs/srv/detail/modify_trajectory__struct.h
-- Up-to-date symlink: /home/a01004/msg_ws/install/autoware_auto_planning_msgs/include/autoware_auto_planning_msgs/autoware_auto_planning_msgs/srv/detail/modify_trajectory__type_support.h
-- Up-to-date symlink: /home/a01004/msg_ws/install/autoware_auto_planning_msgs/include/autoware_auto_planning_msgs/autoware_auto_planning_msgs/srv/modify_trajectory.h
-- Up-to-date symlink: /home/a01004/msg_ws/install/autoware_auto_planning_msgs/share/autoware_auto_planning_msgs/environment/library_path.sh
-- Up-to-date symlink: /home/a01004/msg_ws/install/autoware_auto_planning_msgs/share/autoware_auto_planning_msgs/environment/library_path.dsv
-- Up-to-date symlink: /home/a01004/msg_ws/install/autoware_auto_planning_msgs/include/autoware_auto_planning_msgs/autoware_auto_planning_msgs/action/detail/plan_trajectory__rosidl_typesupport_fastrtps_c.h
-- Up-to-date symlink: /home/a01004/msg_ws/install/autoware_auto_planning_msgs/include/autoware_auto_planning_msgs/autoware_auto_planning_msgs/action/detail/planner_costmap__rosidl_typesupport_fastrtps_c.h
-- Up-to-date symlink: /home/a01004/msg_ws/install/autoware_auto_planning_msgs/include/autoware_auto_planning_msgs/autoware_auto_planning_msgs/action/detail/record_trajectory__rosidl_typesupport_fastrtps_c.h
-- Up-to-date symlink: /home/a01004/msg_ws/install/autoware_auto_planning_msgs/include/autoware_auto_planning_msgs/autoware_auto_planning_msgs/action/detail/replay_trajectory__rosidl_typesupport_fastrtps_c.h
-- Up-to-date symlink: /home/a01004/msg_ws/install/autoware_auto_planning_msgs/include/autoware_auto_planning_msgs/autoware_auto_planning_msgs/msg/detail/had_map_route__rosidl_typesupport_fastrtps_c.h
-- Up-to-date symlink: /home/a01004/msg_ws/install/autoware_auto_planning_msgs/include/autoware_auto_planning_msgs/autoware_auto_planning_msgs/msg/detail/order_movement__rosidl_typesupport_fastrtps_c.h
-- Up-to-date symlink: /home/a01004/msg_ws/install/autoware_auto_planning_msgs/include/autoware_auto_planning_msgs/autoware_auto_planning_msgs/msg/detail/path__rosidl_typesupport_fastrtps_c.h
-- Up-to-date symlink: /home/a01004/msg_ws/install/autoware_auto_planning_msgs/include/autoware_auto_planning_msgs/autoware_auto_planning_msgs/msg/detail/path_point__rosidl_typesupport_fastrtps_c.h
-- Up-to-date symlink: /home/a01004/msg_ws/install/autoware_auto_planning_msgs/include/autoware_auto_planning_msgs/autoware_auto_planning_msgs/msg/detail/path_point_with_lane_id__rosidl_typesupport_fastrtps_c.h
-- Up-to-date symlink: /home/a01004/msg_ws/install/autoware_auto_planning_msgs/include/autoware_auto_planning_msgs/autoware_auto_planning_msgs/msg/detail/path_with_lane_id__rosidl_typesupport_fastrtps_c.h
-- Up-to-date symlink: /home/a01004/msg_ws/install/autoware_auto_planning_msgs/include/autoware_auto_planning_msgs/autoware_auto_planning_msgs/msg/detail/route__rosidl_typesupport_fastrtps_c.h
-- Up-to-date symlink: /home/a01004/msg_ws/install/autoware_auto_planning_msgs/include/autoware_auto_planning_msgs/autoware_auto_planning_msgs/msg/detail/trajectory__rosidl_typesupport_fastrtps_c.h
-- Up-to-date symlink: /home/a01004/msg_ws/install/autoware_auto_planning_msgs/include/autoware_auto_planning_msgs/autoware_auto_planning_msgs/msg/detail/trajectory_point__rosidl_typesupport_fastrtps_c.h
-- Up-to-date symlink: /home/a01004/msg_ws/install/autoware_auto_planning_msgs/include/autoware_auto_planning_msgs/autoware_auto_planning_msgs/msg/rosidl_typesupport_fastrtps_c__visibility_control.h
-- Up-to-date symlink: /home/a01004/msg_ws/install/autoware_auto_planning_msgs/include/autoware_auto_planning_msgs/autoware_auto_planning_msgs/srv/detail/modify_trajectory__rosidl_typesupport_fastrtps_c.h
-- Up-to-date symlink: /home/a01004/msg_ws/install/autoware_auto_planning_msgs/include/autoware_auto_planning_msgs/autoware_auto_planning_msgs/action/detail/plan_trajectory__rosidl_typesupport_introspection_c.h
-- Up-to-date symlink: /home/a01004/msg_ws/install/autoware_auto_planning_msgs/include/autoware_auto_planning_msgs/autoware_auto_planning_msgs/action/detail/planner_costmap__rosidl_typesupport_introspection_c.h
-- Up-to-date symlink: /home/a01004/msg_ws/install/autoware_auto_planning_msgs/include/autoware_auto_planning_msgs/autoware_auto_planning_msgs/action/detail/record_trajectory__rosidl_typesupport_introspection_c.h
-- Up-to-date symlink: /home/a01004/msg_ws/install/autoware_auto_planning_msgs/include/autoware_auto_planning_msgs/autoware_auto_planning_msgs/action/detail/replay_trajectory__rosidl_typesupport_introspection_c.h
-- Up-to-date symlink: /home/a01004/msg_ws/install/autoware_auto_planning_msgs/include/autoware_auto_planning_msgs/autoware_auto_planning_msgs/msg/detail/had_map_route__rosidl_typesupport_introspection_c.h
-- Up-to-date symlink: /home/a01004/msg_ws/install/autoware_auto_planning_msgs/include/autoware_auto_planning_msgs/autoware_auto_planning_msgs/msg/detail/order_movement__rosidl_typesupport_introspection_c.h
-- Up-to-date symlink: /home/a01004/msg_ws/install/autoware_auto_planning_msgs/include/autoware_auto_planning_msgs/autoware_auto_planning_msgs/msg/detail/path__rosidl_typesupport_introspection_c.h
-- Up-to-date symlink: /home/a01004/msg_ws/install/autoware_auto_planning_msgs/include/autoware_auto_planning_msgs/autoware_auto_planning_msgs/msg/detail/path_point__rosidl_typesupport_introspection_c.h
-- Up-to-date symlink: /home/a01004/msg_ws/install/autoware_auto_planning_msgs/include/autoware_auto_planning_msgs/autoware_auto_planning_msgs/msg/detail/path_point_with_lane_id__rosidl_typesupport_introspection_c.h
-- Up-to-date symlink: /home/a01004/msg_ws/install/autoware_auto_planning_msgs/include/autoware_auto_planning_msgs/autoware_auto_planning_msgs/msg/detail/path_with_lane_id__rosidl_typesupport_introspection_c.h
-- Up-to-date symlink: /home/a01004/msg_ws/install/autoware_auto_planning_msgs/include/autoware_auto_planning_msgs/autoware_auto_planning_msgs/msg/detail/route__rosidl_typesupport_introspection_c.h
-- Up-to-date symlink: /home/a01004/msg_ws/install/autoware_auto_planning_msgs/include/autoware_auto_planning_msgs/autoware_auto_planning_msgs/msg/detail/trajectory__rosidl_typesupport_introspection_c.h
-- Up-to-date symlink: /home/a01004/msg_ws/install/autoware_auto_planning_msgs/include/autoware_auto_planning_msgs/autoware_auto_planning_msgs/msg/detail/trajectory_point__rosidl_typesupport_introspection_c.h
-- Up-to-date symlink: /home/a01004/msg_ws/install/autoware_auto_planning_msgs/include/autoware_auto_planning_msgs/autoware_auto_planning_msgs/msg/rosidl_typesupport_introspection_c__visibility_control.h
-- Up-to-date symlink: /home/a01004/msg_ws/install/autoware_auto_planning_msgs/include/autoware_auto_planning_msgs/autoware_auto_planning_msgs/srv/detail/modify_trajectory__rosidl_typesupport_introspection_c.h
-- Up-to-date symlink: /home/a01004/msg_ws/install/autoware_auto_planning_msgs/include/autoware_auto_planning_msgs/autoware_auto_planning_msgs/action/detail/plan_trajectory__builder.hpp
-- Up-to-date symlink: /home/a01004/msg_ws/install/autoware_auto_planning_msgs/include/autoware_auto_planning_msgs/autoware_auto_planning_msgs/action/detail/plan_trajectory__struct.hpp
-- Up-to-date symlink: /home/a01004/msg_ws/install/autoware_auto_planning_msgs/include/autoware_auto_planning_msgs/autoware_auto_planning_msgs/action/detail/plan_trajectory__traits.hpp
-- Up-to-date symlink: /home/a01004/msg_ws/install/autoware_auto_planning_msgs/include/autoware_auto_planning_msgs/autoware_auto_planning_msgs/action/detail/plan_trajectory__type_support.hpp
-- Up-to-date symlink: /home/a01004/msg_ws/install/autoware_auto_planning_msgs/include/autoware_auto_planning_msgs/autoware_auto_planning_msgs/action/detail/planner_costmap__builder.hpp
-- Up-to-date symlink: /home/a01004/msg_ws/install/autoware_auto_planning_msgs/include/autoware_auto_planning_msgs/autoware_auto_planning_msgs/action/detail/planner_costmap__struct.hpp
-- Up-to-date symlink: /home/a01004/msg_ws/install/autoware_auto_planning_msgs/include/autoware_auto_planning_msgs/autoware_auto_planning_msgs/action/detail/planner_costmap__traits.hpp
-- Up-to-date symlink: /home/a01004/msg_ws/install/autoware_auto_planning_msgs/include/autoware_auto_planning_msgs/autoware_auto_planning_msgs/action/detail/planner_costmap__type_support.hpp
-- Up-to-date symlink: /home/a01004/msg_ws/install/autoware_auto_planning_msgs/include/autoware_auto_planning_msgs/autoware_auto_planning_msgs/action/detail/record_trajectory__builder.hpp
-- Up-to-date symlink: /home/a01004/msg_ws/install/autoware_auto_planning_msgs/include/autoware_auto_planning_msgs/autoware_auto_planning_msgs/action/detail/record_trajectory__struct.hpp
-- Up-to-date symlink: /home/a01004/msg_ws/install/autoware_auto_planning_msgs/include/autoware_auto_planning_msgs/autoware_auto_planning_msgs/action/detail/record_trajectory__traits.hpp
-- Up-to-date symlink: /home/a01004/msg_ws/install/autoware_auto_planning_msgs/include/autoware_auto_planning_msgs/autoware_auto_planning_msgs/action/detail/record_trajectory__type_support.hpp
-- Up-to-date symlink: /home/a01004/msg_ws/install/autoware_auto_planning_msgs/include/autoware_auto_planning_msgs/autoware_auto_planning_msgs/action/detail/replay_trajectory__builder.hpp
-- Up-to-date symlink: /home/a01004/msg_ws/install/autoware_auto_planning_msgs/include/autoware_auto_planning_msgs/autoware_auto_planning_msgs/action/detail/replay_trajectory__struct.hpp
-- Up-to-date symlink: /home/a01004/msg_ws/install/autoware_auto_planning_msgs/include/autoware_auto_planning_msgs/autoware_auto_planning_msgs/action/detail/replay_trajectory__traits.hpp
-- Up-to-date symlink: /home/a01004/msg_ws/install/autoware_auto_planning_msgs/include/autoware_auto_planning_msgs/autoware_auto_planning_msgs/action/detail/replay_trajectory__type_support.hpp
-- Up-to-date symlink: /home/a01004/msg_ws/install/autoware_auto_planning_msgs/include/autoware_auto_planning_msgs/autoware_auto_planning_msgs/action/plan_trajectory.hpp
-- Up-to-date symlink: /home/a01004/msg_ws/install/autoware_auto_planning_msgs/include/autoware_auto_planning_msgs/autoware_auto_planning_msgs/action/planner_costmap.hpp
-- Up-to-date symlink: /home/a01004/msg_ws/install/autoware_auto_planning_msgs/include/autoware_auto_planning_msgs/autoware_auto_planning_msgs/action/record_trajectory.hpp
-- Up-to-date symlink: /home/a01004/msg_ws/install/autoware_auto_planning_msgs/include/autoware_auto_planning_msgs/autoware_auto_planning_msgs/action/replay_trajectory.hpp
-- Up-to-date symlink: /home/a01004/msg_ws/install/autoware_auto_planning_msgs/include/autoware_auto_planning_msgs/autoware_auto_planning_msgs/msg/detail/had_map_route__builder.hpp
-- Up-to-date symlink: /home/a01004/msg_ws/install/autoware_auto_planning_msgs/include/autoware_auto_planning_msgs/autoware_auto_planning_msgs/msg/detail/had_map_route__struct.hpp
-- Up-to-date symlink: /home/a01004/msg_ws/install/autoware_auto_planning_msgs/include/autoware_auto_planning_msgs/autoware_auto_planning_msgs/msg/detail/had_map_route__traits.hpp
-- Up-to-date symlink: /home/a01004/msg_ws/install/autoware_auto_planning_msgs/include/autoware_auto_planning_msgs/autoware_auto_planning_msgs/msg/detail/had_map_route__type_support.hpp
-- Up-to-date symlink: /home/a01004/msg_ws/install/autoware_auto_planning_msgs/include/autoware_auto_planning_msgs/autoware_auto_planning_msgs/msg/detail/order_movement__builder.hpp
-- Up-to-date symlink: /home/a01004/msg_ws/install/autoware_auto_planning_msgs/include/autoware_auto_planning_msgs/autoware_auto_planning_msgs/msg/detail/order_movement__struct.hpp
-- Up-to-date symlink: /home/a01004/msg_ws/install/autoware_auto_planning_msgs/include/autoware_auto_planning_msgs/autoware_auto_planning_msgs/msg/detail/order_movement__traits.hpp
-- Up-to-date symlink: /home/a01004/msg_ws/install/autoware_auto_planning_msgs/include/autoware_auto_planning_msgs/autoware_auto_planning_msgs/msg/detail/order_movement__type_support.hpp
-- Up-to-date symlink: /home/a01004/msg_ws/install/autoware_auto_planning_msgs/include/autoware_auto_planning_msgs/autoware_auto_planning_msgs/msg/detail/path__builder.hpp
-- Up-to-date symlink: /home/a01004/msg_ws/install/autoware_auto_planning_msgs/include/autoware_auto_planning_msgs/autoware_auto_planning_msgs/msg/detail/path__struct.hpp
-- Up-to-date symlink: /home/a01004/msg_ws/install/autoware_auto_planning_msgs/include/autoware_auto_planning_msgs/autoware_auto_planning_msgs/msg/detail/path__traits.hpp
-- Up-to-date symlink: /home/a01004/msg_ws/install/autoware_auto_planning_msgs/include/autoware_auto_planning_msgs/autoware_auto_planning_msgs/msg/detail/path__type_support.hpp
-- Up-to-date symlink: /home/a01004/msg_ws/install/autoware_auto_planning_msgs/include/autoware_auto_planning_msgs/autoware_auto_planning_msgs/msg/detail/path_point__builder.hpp
-- Up-to-date symlink: /home/a01004/msg_ws/install/autoware_auto_planning_msgs/include/autoware_auto_planning_msgs/autoware_auto_planning_msgs/msg/detail/path_point__struct.hpp
-- Up-to-date symlink: /home/a01004/msg_ws/install/autoware_auto_planning_msgs/include/autoware_auto_planning_msgs/autoware_auto_planning_msgs/msg/detail/path_point__traits.hpp
-- Up-to-date symlink: /home/a01004/msg_ws/install/autoware_auto_planning_msgs/include/autoware_auto_planning_msgs/autoware_auto_planning_msgs/msg/detail/path_point__type_support.hpp
-- Up-to-date symlink: /home/a01004/msg_ws/install/autoware_auto_planning_msgs/include/autoware_auto_planning_msgs/autoware_auto_planning_msgs/msg/detail/path_point_with_lane_id__builder.hpp
-- Up-to-date symlink: /home/a01004/msg_ws/install/autoware_auto_planning_msgs/include/autoware_auto_planning_msgs/autoware_auto_planning_msgs/msg/detail/path_point_with_lane_id__struct.hpp
-- Up-to-date symlink: /home/a01004/msg_ws/install/autoware_auto_planning_msgs/include/autoware_auto_planning_msgs/autoware_auto_planning_msgs/msg/detail/path_point_with_lane_id__traits.hpp
-- Up-to-date symlink: /home/a01004/msg_ws/install/autoware_auto_planning_msgs/include/autoware_auto_planning_msgs/autoware_auto_planning_msgs/msg/detail/path_point_with_lane_id__type_support.hpp
-- Up-to-date symlink: /home/a01004/msg_ws/install/autoware_auto_planning_msgs/include/autoware_auto_planning_msgs/autoware_auto_planning_msgs/msg/detail/path_with_lane_id__builder.hpp
-- Up-to-date symlink: /home/a01004/msg_ws/install/autoware_auto_planning_msgs/include/autoware_auto_planning_msgs/autoware_auto_planning_msgs/msg/detail/path_with_lane_id__struct.hpp
-- Up-to-date symlink: /home/a01004/msg_ws/install/autoware_auto_planning_msgs/include/autoware_auto_planning_msgs/autoware_auto_planning_msgs/msg/detail/path_with_lane_id__traits.hpp
-- Up-to-date symlink: /home/a01004/msg_ws/install/autoware_auto_planning_msgs/include/autoware_auto_planning_msgs/autoware_auto_planning_msgs/msg/detail/path_with_lane_id__type_support.hpp
-- Up-to-date symlink: /home/a01004/msg_ws/install/autoware_auto_planning_msgs/include/autoware_auto_planning_msgs/autoware_auto_planning_msgs/msg/detail/route__builder.hpp
-- Up-to-date symlink: /home/a01004/msg_ws/install/autoware_auto_planning_msgs/include/autoware_auto_planning_msgs/autoware_auto_planning_msgs/msg/detail/route__struct.hpp
-- Up-to-date symlink: /home/a01004/msg_ws/install/autoware_auto_planning_msgs/include/autoware_auto_planning_msgs/autoware_auto_planning_msgs/msg/detail/route__traits.hpp
-- Up-to-date symlink: /home/a01004/msg_ws/install/autoware_auto_planning_msgs/include/autoware_auto_planning_msgs/autoware_auto_planning_msgs/msg/detail/route__type_support.hpp
-- Up-to-date symlink: /home/a01004/msg_ws/install/autoware_auto_planning_msgs/include/autoware_auto_planning_msgs/autoware_auto_planning_msgs/msg/detail/trajectory__builder.hpp
-- Up-to-date symlink: /home/a01004/msg_ws/install/autoware_auto_planning_msgs/include/autoware_auto_planning_msgs/autoware_auto_planning_msgs/msg/detail/trajectory__struct.hpp
-- Up-to-date symlink: /home/a01004/msg_ws/install/autoware_auto_planning_msgs/include/autoware_auto_planning_msgs/autoware_auto_planning_msgs/msg/detail/trajectory__traits.hpp
-- Up-to-date symlink: /home/a01004/msg_ws/install/autoware_auto_planning_msgs/include/autoware_auto_planning_msgs/autoware_auto_planning_msgs/msg/detail/trajectory__type_support.hpp
-- Up-to-date symlink: /home/a01004/msg_ws/install/autoware_auto_planning_msgs/include/autoware_auto_planning_msgs/autoware_auto_planning_msgs/msg/detail/trajectory_point__builder.hpp
-- Up-to-date symlink: /home/a01004/msg_ws/install/autoware_auto_planning_msgs/include/autoware_auto_planning_msgs/autoware_auto_planning_msgs/msg/detail/trajectory_point__struct.hpp
-- Up-to-date symlink: /home/a01004/msg_ws/install/autoware_auto_planning_msgs/include/autoware_auto_planning_msgs/autoware_auto_planning_msgs/msg/detail/trajectory_point__traits.hpp
-- Up-to-date symlink: /home/a01004/msg_ws/install/autoware_auto_planning_msgs/include/autoware_auto_planning_msgs/autoware_auto_planning_msgs/msg/detail/trajectory_point__type_support.hpp
-- Up-to-date symlink: /home/a01004/msg_ws/install/autoware_auto_planning_msgs/include/autoware_auto_planning_msgs/autoware_auto_planning_msgs/msg/had_map_route.hpp
-- Up-to-date symlink: /home/a01004/msg_ws/install/autoware_auto_planning_msgs/include/autoware_auto_planning_msgs/autoware_auto_planning_msgs/msg/order_movement.hpp
-- Up-to-date symlink: /home/a01004/msg_ws/install/autoware_auto_planning_msgs/include/autoware_auto_planning_msgs/autoware_auto_planning_msgs/msg/path.hpp
-- Up-to-date symlink: /home/a01004/msg_ws/install/autoware_auto_planning_msgs/include/autoware_auto_planning_msgs/autoware_auto_planning_msgs/msg/path_point.hpp
-- Up-to-date symlink: /home/a01004/msg_ws/install/autoware_auto_planning_msgs/include/autoware_auto_planning_msgs/autoware_auto_planning_msgs/msg/path_point_with_lane_id.hpp
-- Up-to-date symlink: /home/a01004/msg_ws/install/autoware_auto_planning_msgs/include/autoware_auto_planning_msgs/autoware_auto_planning_msgs/msg/path_with_lane_id.hpp
-- Up-to-date symlink: /home/a01004/msg_ws/install/autoware_auto_planning_msgs/include/autoware_auto_planning_msgs/autoware_auto_planning_msgs/msg/rosidl_generator_cpp__visibility_control.hpp
-- Up-to-date symlink: /home/a01004/msg_ws/install/autoware_auto_planning_msgs/include/autoware_auto_planning_msgs/autoware_auto_planning_msgs/msg/route.hpp
-- Up-to-date symlink: /home/a01004/msg_ws/install/autoware_auto_planning_msgs/include/autoware_auto_planning_msgs/autoware_auto_planning_msgs/msg/trajectory.hpp
-- Up-to-date symlink: /home/a01004/msg_ws/install/autoware_auto_planning_msgs/include/autoware_auto_planning_msgs/autoware_auto_planning_msgs/msg/trajectory_point.hpp
-- Up-to-date symlink: /home/a01004/msg_ws/install/autoware_auto_planning_msgs/include/autoware_auto_planning_msgs/autoware_auto_planning_msgs/srv/detail/modify_trajectory__builder.hpp
-- Up-to-date symlink: /home/a01004/msg_ws/install/autoware_auto_planning_msgs/include/autoware_auto_planning_msgs/autoware_auto_planning_msgs/srv/detail/modify_trajectory__struct.hpp
-- Up-to-date symlink: /home/a01004/msg_ws/install/autoware_auto_planning_msgs/include/autoware_auto_planning_msgs/autoware_auto_planning_msgs/srv/detail/modify_trajectory__traits.hpp
-- Up-to-date symlink: /home/a01004/msg_ws/install/autoware_auto_planning_msgs/include/autoware_auto_planning_msgs/autoware_auto_planning_msgs/srv/detail/modify_trajectory__type_support.hpp
-- Up-to-date symlink: /home/a01004/msg_ws/install/autoware_auto_planning_msgs/include/autoware_auto_planning_msgs/autoware_auto_planning_msgs/srv/modify_trajectory.hpp
-- Up-to-date symlink: /home/a01004/msg_ws/install/autoware_auto_planning_msgs/include/autoware_auto_planning_msgs/autoware_auto_planning_msgs/action/detail/plan_trajectory__rosidl_typesupport_fastrtps_cpp.hpp
-- Up-to-date symlink: /home/a01004/msg_ws/install/autoware_auto_planning_msgs/include/autoware_auto_planning_msgs/autoware_auto_planning_msgs/action/detail/planner_costmap__rosidl_typesupport_fastrtps_cpp.hpp
-- Up-to-date symlink: /home/a01004/msg_ws/install/autoware_auto_planning_msgs/include/autoware_auto_planning_msgs/autoware_auto_planning_msgs/action/detail/record_trajectory__rosidl_typesupport_fastrtps_cpp.hpp
-- Up-to-date symlink: /home/a01004/msg_ws/install/autoware_auto_planning_msgs/include/autoware_auto_planning_msgs/autoware_auto_planning_msgs/action/detail/replay_trajectory__rosidl_typesupport_fastrtps_cpp.hpp
-- Up-to-date symlink: /home/a01004/msg_ws/install/autoware_auto_planning_msgs/include/autoware_auto_planning_msgs/autoware_auto_planning_msgs/msg/detail/had_map_route__rosidl_typesupport_fastrtps_cpp.hpp
-- Up-to-date symlink: /home/a01004/msg_ws/install/autoware_auto_planning_msgs/include/autoware_auto_planning_msgs/autoware_auto_planning_msgs/msg/detail/order_movement__rosidl_typesupport_fastrtps_cpp.hpp
-- Up-to-date symlink: /home/a01004/msg_ws/install/autoware_auto_planning_msgs/include/autoware_auto_planning_msgs/autoware_auto_planning_msgs/msg/detail/path__rosidl_typesupport_fastrtps_cpp.hpp
-- Up-to-date symlink: /home/a01004/msg_ws/install/autoware_auto_planning_msgs/include/autoware_auto_planning_msgs/autoware_auto_planning_msgs/msg/detail/path_point__rosidl_typesupport_fastrtps_cpp.hpp
-- Up-to-date symlink: /home/a01004/msg_ws/install/autoware_auto_planning_msgs/include/autoware_auto_planning_msgs/autoware_auto_planning_msgs/msg/detail/path_point_with_lane_id__rosidl_typesupport_fastrtps_cpp.hpp
-- Up-to-date symlink: /home/a01004/msg_ws/install/autoware_auto_planning_msgs/include/autoware_auto_planning_msgs/autoware_auto_planning_msgs/msg/detail/path_with_lane_id__rosidl_typesupport_fastrtps_cpp.hpp
-- Up-to-date symlink: /home/a01004/msg_ws/install/autoware_auto_planning_msgs/include/autoware_auto_planning_msgs/autoware_auto_planning_msgs/msg/detail/route__rosidl_typesupport_fastrtps_cpp.hpp
-- Up-to-date symlink: /home/a01004/msg_ws/install/autoware_auto_planning_msgs/include/autoware_auto_planning_msgs/autoware_auto_planning_msgs/msg/detail/trajectory__rosidl_typesupport_fastrtps_cpp.hpp
-- Up-to-date symlink: /home/a01004/msg_ws/install/autoware_auto_planning_msgs/include/autoware_auto_planning_msgs/autoware_auto_planning_msgs/msg/detail/trajectory_point__rosidl_typesupport_fastrtps_cpp.hpp
-- Up-to-date symlink: /home/a01004/msg_ws/install/autoware_auto_planning_msgs/include/autoware_auto_planning_msgs/autoware_auto_planning_msgs/msg/rosidl_typesupport_fastrtps_cpp__visibility_control.h
-- Up-to-date symlink: /home/a01004/msg_ws/install/autoware_auto_planning_msgs/include/autoware_auto_planning_msgs/autoware_auto_planning_msgs/srv/detail/modify_trajectory__rosidl_typesupport_fastrtps_cpp.hpp
-- Up-to-date symlink: /home/a01004/msg_ws/install/autoware_auto_planning_msgs/include/autoware_auto_planning_msgs/autoware_auto_planning_msgs/action/detail/plan_trajectory__rosidl_typesupport_introspection_cpp.hpp
-- Up-to-date symlink: /home/a01004/msg_ws/install/autoware_auto_planning_msgs/include/autoware_auto_planning_msgs/autoware_auto_planning_msgs/action/detail/planner_costmap__rosidl_typesupport_introspection_cpp.hpp
-- Up-to-date symlink: /home/a01004/msg_ws/install/autoware_auto_planning_msgs/include/autoware_auto_planning_msgs/autoware_auto_planning_msgs/action/detail/record_trajectory__rosidl_typesupport_introspection_cpp.hpp
-- Up-to-date symlink: /home/a01004/msg_ws/install/autoware_auto_planning_msgs/include/autoware_auto_planning_msgs/autoware_auto_planning_msgs/action/detail/replay_trajectory__rosidl_typesupport_introspection_cpp.hpp
-- Up-to-date symlink: /home/a01004/msg_ws/install/autoware_auto_planning_msgs/include/autoware_auto_planning_msgs/autoware_auto_planning_msgs/msg/detail/had_map_route__rosidl_typesupport_introspection_cpp.hpp
-- Up-to-date symlink: /home/a01004/msg_ws/install/autoware_auto_planning_msgs/include/autoware_auto_planning_msgs/autoware_auto_planning_msgs/msg/detail/order_movement__rosidl_typesupport_introspection_cpp.hpp
-- Up-to-date symlink: /home/a01004/msg_ws/install/autoware_auto_planning_msgs/include/autoware_auto_planning_msgs/autoware_auto_planning_msgs/msg/detail/path__rosidl_typesupport_introspection_cpp.hpp
-- Up-to-date symlink: /home/a01004/msg_ws/install/autoware_auto_planning_msgs/include/autoware_auto_planning_msgs/autoware_auto_planning_msgs/msg/detail/path_point__rosidl_typesupport_introspection_cpp.hpp
-- Up-to-date symlink: /home/a01004/msg_ws/install/autoware_auto_planning_msgs/include/autoware_auto_planning_msgs/autoware_auto_planning_msgs/msg/detail/path_point_with_lane_id__rosidl_typesupport_introspection_cpp.hpp
-- Up-to-date symlink: /home/a01004/msg_ws/install/autoware_auto_planning_msgs/include/autoware_auto_planning_msgs/autoware_auto_planning_msgs/msg/detail/path_with_lane_id__rosidl_typesupport_introspection_cpp.hpp
-- Up-to-date symlink: /home/a01004/msg_ws/install/autoware_auto_planning_msgs/include/autoware_auto_planning_msgs/autoware_auto_planning_msgs/msg/detail/route__rosidl_typesupport_introspection_cpp.hpp
-- Up-to-date symlink: /home/a01004/msg_ws/install/autoware_auto_planning_msgs/include/autoware_auto_planning_msgs/autoware_auto_planning_msgs/msg/detail/trajectory__rosidl_typesupport_introspection_cpp.hpp
-- Up-to-date symlink: /home/a01004/msg_ws/install/autoware_auto_planning_msgs/include/autoware_auto_planning_msgs/autoware_auto_planning_msgs/msg/detail/trajectory_point__rosidl_typesupport_introspection_cpp.hpp
-- Up-to-date symlink: /home/a01004/msg_ws/install/autoware_auto_planning_msgs/include/autoware_auto_planning_msgs/autoware_auto_planning_msgs/srv/detail/modify_trajectory__rosidl_typesupport_introspection_cpp.hpp
-- Up-to-date symlink: /home/a01004/msg_ws/install/autoware_auto_planning_msgs/share/autoware_auto_planning_msgs/environment/pythonpath.sh
-- Up-to-date symlink: /home/a01004/msg_ws/install/autoware_auto_planning_msgs/share/autoware_auto_planning_msgs/environment/pythonpath.dsv
-- Up-to-date symlink: /home/a01004/msg_ws/install/autoware_auto_planning_msgs/local/lib/python3.10/dist-packages/autoware_auto_planning_msgs-1.0.0-py3.10.egg-info/PKG-INFO
-- Up-to-date symlink: /home/a01004/msg_ws/install/autoware_auto_planning_msgs/local/lib/python3.10/dist-packages/autoware_auto_planning_msgs-1.0.0-py3.10.egg-info/SOURCES.txt
-- Up-to-date symlink: /home/a01004/msg_ws/install/autoware_auto_planning_msgs/local/lib/python3.10/dist-packages/autoware_auto_planning_msgs-1.0.0-py3.10.egg-info/dependency_links.txt
-- Up-to-date symlink: /home/a01004/msg_ws/install/autoware_auto_planning_msgs/local/lib/python3.10/dist-packages/autoware_auto_planning_msgs-1.0.0-py3.10.egg-info/top_level.txt
-- Up-to-date symlink: /home/a01004/msg_ws/install/autoware_auto_planning_msgs/local/lib/python3.10/dist-packages/autoware_auto_planning_msgs/__init__.py
-- Up-to-date symlink: /home/a01004/msg_ws/install/autoware_auto_planning_msgs/local/lib/python3.10/dist-packages/autoware_auto_planning_msgs/_autoware_auto_planning_msgs_s.ep.rosidl_typesupport_c.c
-- Up-to-date symlink: /home/a01004/msg_ws/install/autoware_auto_planning_msgs/local/lib/python3.10/dist-packages/autoware_auto_planning_msgs/_autoware_auto_planning_msgs_s.ep.rosidl_typesupport_fastrtps_c.c
-- Up-to-date symlink: /home/a01004/msg_ws/install/autoware_auto_planning_msgs/local/lib/python3.10/dist-packages/autoware_auto_planning_msgs/_autoware_auto_planning_msgs_s.ep.rosidl_typesupport_introspection_c.c
-- Up-to-date symlink: /home/a01004/msg_ws/install/autoware_auto_planning_msgs/local/lib/python3.10/dist-packages/autoware_auto_planning_msgs/action/__init__.py
-- Up-to-date symlink: /home/a01004/msg_ws/install/autoware_auto_planning_msgs/local/lib/python3.10/dist-packages/autoware_auto_planning_msgs/action/_plan_trajectory.py
-- Up-to-date symlink: /home/a01004/msg_ws/install/autoware_auto_planning_msgs/local/lib/python3.10/dist-packages/autoware_auto_planning_msgs/action/_plan_trajectory_s.c
-- Up-to-date symlink: /home/a01004/msg_ws/install/autoware_auto_planning_msgs/local/lib/python3.10/dist-packages/autoware_auto_planning_msgs/action/_planner_costmap.py
-- Up-to-date symlink: /home/a01004/msg_ws/install/autoware_auto_planning_msgs/local/lib/python3.10/dist-packages/autoware_auto_planning_msgs/action/_planner_costmap_s.c
-- Up-to-date symlink: /home/a01004/msg_ws/install/autoware_auto_planning_msgs/local/lib/python3.10/dist-packages/autoware_auto_planning_msgs/action/_record_trajectory.py
-- Up-to-date symlink: /home/a01004/msg_ws/install/autoware_auto_planning_msgs/local/lib/python3.10/dist-packages/autoware_auto_planning_msgs/action/_record_trajectory_s.c
-- Up-to-date symlink: /home/a01004/msg_ws/install/autoware_auto_planning_msgs/local/lib/python3.10/dist-packages/autoware_auto_planning_msgs/action/_replay_trajectory.py
-- Up-to-date symlink: /home/a01004/msg_ws/install/autoware_auto_planning_msgs/local/lib/python3.10/dist-packages/autoware_auto_planning_msgs/action/_replay_trajectory_s.c
-- Up-to-date symlink: /home/a01004/msg_ws/install/autoware_auto_planning_msgs/local/lib/python3.10/dist-packages/autoware_auto_planning_msgs/autoware_auto_planning_msgs_s__rosidl_typesupport_c.cpython-310-x86_64-linux-gnu.so
-- Up-to-date symlink: /home/a01004/msg_ws/install/autoware_auto_planning_msgs/local/lib/python3.10/dist-packages/autoware_auto_planning_msgs/autoware_auto_planning_msgs_s__rosidl_typesupport_fastrtps_c.cpython-310-x86_64-linux-gnu.so
-- Up-to-date symlink: /home/a01004/msg_ws/install/autoware_auto_planning_msgs/local/lib/python3.10/dist-packages/autoware_auto_planning_msgs/autoware_auto_planning_msgs_s__rosidl_typesupport_introspection_c.cpython-310-x86_64-linux-gnu.so
-- Up-to-date symlink: /home/a01004/msg_ws/install/autoware_auto_planning_msgs/local/lib/python3.10/dist-packages/autoware_auto_planning_msgs/libautoware_auto_planning_msgs__rosidl_generator_py.so
-- Up-to-date symlink: /home/a01004/msg_ws/install/autoware_auto_planning_msgs/local/lib/python3.10/dist-packages/autoware_auto_planning_msgs/msg/__init__.py
-- Up-to-date symlink: /home/a01004/msg_ws/install/autoware_auto_planning_msgs/local/lib/python3.10/dist-packages/autoware_auto_planning_msgs/msg/_had_map_route.py
-- Up-to-date symlink: /home/a01004/msg_ws/install/autoware_auto_planning_msgs/local/lib/python3.10/dist-packages/autoware_auto_planning_msgs/msg/_had_map_route_s.c
-- Up-to-date symlink: /home/a01004/msg_ws/install/autoware_auto_planning_msgs/local/lib/python3.10/dist-packages/autoware_auto_planning_msgs/msg/_order_movement.py
-- Up-to-date symlink: /home/a01004/msg_ws/install/autoware_auto_planning_msgs/local/lib/python3.10/dist-packages/autoware_auto_planning_msgs/msg/_order_movement_s.c
-- Up-to-date symlink: /home/a01004/msg_ws/install/autoware_auto_planning_msgs/local/lib/python3.10/dist-packages/autoware_auto_planning_msgs/msg/_path.py
-- Up-to-date symlink: /home/a01004/msg_ws/install/autoware_auto_planning_msgs/local/lib/python3.10/dist-packages/autoware_auto_planning_msgs/msg/_path_point.py
-- Up-to-date symlink: /home/a01004/msg_ws/install/autoware_auto_planning_msgs/local/lib/python3.10/dist-packages/autoware_auto_planning_msgs/msg/_path_point_s.c
-- Up-to-date symlink: /home/a01004/msg_ws/install/autoware_auto_planning_msgs/local/lib/python3.10/dist-packages/autoware_auto_planning_msgs/msg/_path_point_with_lane_id.py
-- Up-to-date symlink: /home/a01004/msg_ws/install/autoware_auto_planning_msgs/local/lib/python3.10/dist-packages/autoware_auto_planning_msgs/msg/_path_point_with_lane_id_s.c
-- Up-to-date symlink: /home/a01004/msg_ws/install/autoware_auto_planning_msgs/local/lib/python3.10/dist-packages/autoware_auto_planning_msgs/msg/_path_s.c
-- Up-to-date symlink: /home/a01004/msg_ws/install/autoware_auto_planning_msgs/local/lib/python3.10/dist-packages/autoware_auto_planning_msgs/msg/_path_with_lane_id.py
-- Up-to-date symlink: /home/a01004/msg_ws/install/autoware_auto_planning_msgs/local/lib/python3.10/dist-packages/autoware_auto_planning_msgs/msg/_path_with_lane_id_s.c
-- Up-to-date symlink: /home/a01004/msg_ws/install/autoware_auto_planning_msgs/local/lib/python3.10/dist-packages/autoware_auto_planning_msgs/msg/_route.py
-- Up-to-date symlink: /home/a01004/msg_ws/install/autoware_auto_planning_msgs/local/lib/python3.10/dist-packages/autoware_auto_planning_msgs/msg/_route_s.c
-- Up-to-date symlink: /home/a01004/msg_ws/install/autoware_auto_planning_msgs/local/lib/python3.10/dist-packages/autoware_auto_planning_msgs/msg/_trajectory.py
-- Up-to-date symlink: /home/a01004/msg_ws/install/autoware_auto_planning_msgs/local/lib/python3.10/dist-packages/autoware_auto_planning_msgs/msg/_trajectory_point.py
-- Up-to-date symlink: /home/a01004/msg_ws/install/autoware_auto_planning_msgs/local/lib/python3.10/dist-packages/autoware_auto_planning_msgs/msg/_trajectory_point_s.c
-- Up-to-date symlink: /home/a01004/msg_ws/install/autoware_auto_planning_msgs/local/lib/python3.10/dist-packages/autoware_auto_planning_msgs/msg/_trajectory_s.c
-- Up-to-date symlink: /home/a01004/msg_ws/install/autoware_auto_planning_msgs/local/lib/python3.10/dist-packages/autoware_auto_planning_msgs/srv/__init__.py
-- Up-to-date symlink: /home/a01004/msg_ws/install/autoware_auto_planning_msgs/local/lib/python3.10/dist-packages/autoware_auto_planning_msgs/srv/_modify_trajectory.py
-- Up-to-date symlink: /home/a01004/msg_ws/install/autoware_auto_planning_msgs/local/lib/python3.10/dist-packages/autoware_auto_planning_msgs/srv/_modify_trajectory_s.c
-- Up-to-date symlink: /home/a01004/msg_ws/install/autoware_auto_planning_msgs/local/lib/python3.10/dist-packages/autoware_auto_planning_msgs/autoware_auto_planning_msgs_s__rosidl_typesupport_fastrtps_c.cpython-310-x86_64-linux-gnu.so
-- Up-to-date symlink: /home/a01004/msg_ws/install/autoware_auto_planning_msgs/local/lib/python3.10/dist-packages/autoware_auto_planning_msgs/autoware_auto_planning_msgs_s__rosidl_typesupport_introspection_c.cpython-310-x86_64-linux-gnu.so
-- Up-to-date symlink: /home/a01004/msg_ws/install/autoware_auto_planning_msgs/local/lib/python3.10/dist-packages/autoware_auto_planning_msgs/autoware_auto_planning_msgs_s__rosidl_typesupport_c.cpython-310-x86_64-linux-gnu.so
-- Up-to-date symlink: /home/a01004/msg_ws/install/autoware_auto_planning_msgs/share/autoware_auto_planning_msgs/action/PlannerCostmap.idl
-- Up-to-date symlink: /home/a01004/msg_ws/install/autoware_auto_planning_msgs/share/autoware_auto_planning_msgs/action/PlanTrajectory.idl
-- Up-to-date symlink: /home/a01004/msg_ws/install/autoware_auto_planning_msgs/share/autoware_auto_planning_msgs/action/RecordTrajectory.idl
-- Up-to-date symlink: /home/a01004/msg_ws/install/autoware_auto_planning_msgs/share/autoware_auto_planning_msgs/action/ReplayTrajectory.idl
-- Up-to-date symlink: /home/a01004/msg_ws/install/autoware_auto_planning_msgs/share/autoware_auto_planning_msgs/msg/HADMapRoute.idl
-- Up-to-date symlink: /home/a01004/msg_ws/install/autoware_auto_planning_msgs/share/autoware_auto_planning_msgs/msg/OrderMovement.idl
-- Up-to-date symlink: /home/a01004/msg_ws/install/autoware_auto_planning_msgs/share/autoware_auto_planning_msgs/msg/Route.idl
-- Up-to-date symlink: /home/a01004/msg_ws/install/autoware_auto_planning_msgs/share/autoware_auto_planning_msgs/msg/Trajectory.idl
-- Up-to-date symlink: /home/a01004/msg_ws/install/autoware_auto_planning_msgs/share/autoware_auto_planning_msgs/msg/TrajectoryPoint.idl
-- Up-to-date symlink: /home/a01004/msg_ws/install/autoware_auto_planning_msgs/share/autoware_auto_planning_msgs/msg/Path.idl
-- Up-to-date symlink: /home/a01004/msg_ws/install/autoware_auto_planning_msgs/share/autoware_auto_planning_msgs/msg/PathPoint.idl
-- Up-to-date symlink: /home/a01004/msg_ws/install/autoware_auto_planning_msgs/share/autoware_auto_planning_msgs/msg/PathWithLaneId.idl
-- Up-to-date symlink: /home/a01004/msg_ws/install/autoware_auto_planning_msgs/share/autoware_auto_planning_msgs/msg/PathPointWithLaneId.idl
-- Up-to-date symlink: /home/a01004/msg_ws/install/autoware_auto_planning_msgs/share/autoware_auto_planning_msgs/srv/ModifyTrajectory.idl
-- Up-to-date symlink: /home/a01004/msg_ws/install/autoware_auto_planning_msgs/share/ament_index/resource_index/package_run_dependencies/autoware_auto_planning_msgs
-- Up-to-date symlink: /home/a01004/msg_ws/install/autoware_auto_planning_msgs/share/ament_index/resource_index/parent_prefix_path/autoware_auto_planning_msgs
-- Up-to-date symlink: /home/a01004/msg_ws/install/autoware_auto_planning_msgs/share/autoware_auto_planning_msgs/environment/ament_prefix_path.sh
-- Up-to-date symlink: /home/a01004/msg_ws/install/autoware_auto_planning_msgs/share/autoware_auto_planning_msgs/environment/ament_prefix_path.dsv
-- Up-to-date symlink: /home/a01004/msg_ws/install/autoware_auto_planning_msgs/share/autoware_auto_planning_msgs/environment/path.sh
-- Up-to-date symlink: /home/a01004/msg_ws/install/autoware_auto_planning_msgs/share/autoware_auto_planning_msgs/environment/path.dsv
-- Up-to-date symlink: /home/a01004/msg_ws/install/autoware_auto_planning_msgs/share/autoware_auto_planning_msgs/local_setup.bash
-- Up-to-date symlink: /home/a01004/msg_ws/install/autoware_auto_planning_msgs/share/autoware_auto_planning_msgs/local_setup.sh
-- Up-to-date symlink: /home/a01004/msg_ws/install/autoware_auto_planning_msgs/share/autoware_auto_planning_msgs/local_setup.zsh
-- Up-to-date symlink: /home/a01004/msg_ws/install/autoware_auto_planning_msgs/share/autoware_auto_planning_msgs/local_setup.dsv
-- Symlinking: /home/a01004/msg_ws/install/autoware_auto_planning_msgs/share/autoware_auto_planning_msgs/package.dsv
-- Up-to-date symlink: /home/a01004/msg_ws/install/autoware_auto_planning_msgs/share/ament_index/resource_index/packages/autoware_auto_planning_msgs
-- Up-to-date symlink: /home/a01004/msg_ws/install/autoware_auto_planning_msgs/share/autoware_auto_planning_msgs/cmake/rosidl_cmake-extras.cmake
-- Up-to-date symlink: /home/a01004/msg_ws/install/autoware_auto_planning_msgs/share/autoware_auto_planning_msgs/cmake/ament_cmake_export_dependencies-extras.cmake
-- Up-to-date symlink: /home/a01004/msg_ws/install/autoware_auto_planning_msgs/share/autoware_auto_planning_msgs/cmake/ament_cmake_export_include_directories-extras.cmake
-- Up-to-date symlink: /home/a01004/msg_ws/install/autoware_auto_planning_msgs/share/autoware_auto_planning_msgs/cmake/ament_cmake_export_libraries-extras.cmake
-- Up-to-date symlink: /home/a01004/msg_ws/install/autoware_auto_planning_msgs/share/autoware_auto_planning_msgs/cmake/ament_cmake_export_targets-extras.cmake
-- Up-to-date symlink: /home/a01004/msg_ws/install/autoware_auto_planning_msgs/share/autoware_auto_planning_msgs/cmake/rosidl_cmake_export_typesupport_targets-extras.cmake
-- Up-to-date symlink: /home/a01004/msg_ws/install/autoware_auto_planning_msgs/share/autoware_auto_planning_msgs/cmake/rosidl_cmake_export_typesupport_libraries-extras.cmake
-- Up-to-date symlink: /home/a01004/msg_ws/install/autoware_auto_planning_msgs/share/autoware_auto_planning_msgs/cmake/autoware_auto_planning_msgsConfig.cmake
-- Up-to-date symlink: /home/a01004/msg_ws/install/autoware_auto_planning_msgs/share/autoware_auto_planning_msgs/cmake/autoware_auto_planning_msgsConfig-version.cmake
-- Up-to-date symlink: /home/a01004/msg_ws/install/autoware_auto_planning_msgs/share/autoware_auto_planning_msgs/package.xml
-- Up-to-date: /home/a01004/msg_ws/install/autoware_auto_planning_msgs/lib/libautoware_auto_planning_msgs__rosidl_generator_c.so
-- Up-to-date: /home/a01004/msg_ws/install/autoware_auto_planning_msgs/lib/libautoware_auto_planning_msgs__rosidl_typesupport_fastrtps_c.so
-- Up-to-date: /home/a01004/msg_ws/install/autoware_auto_planning_msgs/lib/libautoware_auto_planning_msgs__rosidl_typesupport_introspection_c.so
-- Up-to-date: /home/a01004/msg_ws/install/autoware_auto_planning_msgs/lib/libautoware_auto_planning_msgs__rosidl_typesupport_c.so
-- Up-to-date: /home/a01004/msg_ws/install/autoware_auto_planning_msgs/lib/libautoware_auto_planning_msgs__rosidl_typesupport_fastrtps_cpp.so
-- Up-to-date: /home/a01004/msg_ws/install/autoware_auto_planning_msgs/lib/libautoware_auto_planning_msgs__rosidl_typesupport_introspection_cpp.so
-- Up-to-date: /home/a01004/msg_ws/install/autoware_auto_planning_msgs/lib/libautoware_auto_planning_msgs__rosidl_typesupport_cpp.so
Listing '/home/a01004/msg_ws/install/autoware_auto_planning_msgs/local/lib/python3.10/dist-packages/autoware_auto_planning_msgs'...
Compiling '/home/a01004/msg_ws/install/autoware_auto_planning_msgs/local/lib/python3.10/dist-packages/autoware_auto_planning_msgs/__init__.py'...
Listing '/home/a01004/msg_ws/install/autoware_auto_planning_msgs/local/lib/python3.10/dist-packages/autoware_auto_planning_msgs/action'...
Compiling '/home/a01004/msg_ws/install/autoware_auto_planning_msgs/local/lib/python3.10/dist-packages/autoware_auto_planning_msgs/action/__init__.py'...
Compiling '/home/a01004/msg_ws/install/autoware_auto_planning_msgs/local/lib/python3.10/dist-packages/autoware_auto_planning_msgs/action/_plan_trajectory.py'...
Compiling '/home/a01004/msg_ws/install/autoware_auto_planning_msgs/local/lib/python3.10/dist-packages/autoware_auto_planning_msgs/action/_planner_costmap.py'...
Compiling '/home/a01004/msg_ws/install/autoware_auto_planning_msgs/local/lib/python3.10/dist-packages/autoware_auto_planning_msgs/action/_record_trajectory.py'...
Compiling '/home/a01004/msg_ws/install/autoware_auto_planning_msgs/local/lib/python3.10/dist-packages/autoware_auto_planning_msgs/action/_replay_trajectory.py'...
Listing '/home/a01004/msg_ws/install/autoware_auto_planning_msgs/local/lib/python3.10/dist-packages/autoware_auto_planning_msgs/msg'...
Compiling '/home/a01004/msg_ws/install/autoware_auto_planning_msgs/local/lib/python3.10/dist-packages/autoware_auto_planning_msgs/msg/__init__.py'...
Compiling '/home/a01004/msg_ws/install/autoware_auto_planning_msgs/local/lib/python3.10/dist-packages/autoware_auto_planning_msgs/msg/_had_map_route.py'...
Compiling '/home/a01004/msg_ws/install/autoware_auto_planning_msgs/local/lib/python3.10/dist-packages/autoware_auto_planning_msgs/msg/_order_movement.py'...
Compiling '/home/a01004/msg_ws/install/autoware_auto_planning_msgs/local/lib/python3.10/dist-packages/autoware_auto_planning_msgs/msg/_path.py'...
Compiling '/home/a01004/msg_ws/install/autoware_auto_planning_msgs/local/lib/python3.10/dist-packages/autoware_auto_planning_msgs/msg/_path_point.py'...
Compiling '/home/a01004/msg_ws/install/autoware_auto_planning_msgs/local/lib/python3.10/dist-packages/autoware_auto_planning_msgs/msg/_path_point_with_lane_id.py'...
Compiling '/home/a01004/msg_ws/install/autoware_auto_planning_msgs/local/lib/python3.10/dist-packages/autoware_auto_planning_msgs/msg/_path_with_lane_id.py'...
Compiling '/home/a01004/msg_ws/install/autoware_auto_planning_msgs/local/lib/python3.10/dist-packages/autoware_auto_planning_msgs/msg/_route.py'...
Compiling '/home/a01004/msg_ws/install/autoware_auto_planning_msgs/local/lib/python3.10/dist-packages/autoware_auto_planning_msgs/msg/_trajectory.py'...
Compiling '/home/a01004/msg_ws/install/autoware_auto_planning_msgs/local/lib/python3.10/dist-packages/autoware_auto_planning_msgs/msg/_trajectory_point.py'...
Listing '/home/a01004/msg_ws/install/autoware_auto_planning_msgs/local/lib/python3.10/dist-packages/autoware_auto_planning_msgs/srv'...
Compiling '/home/a01004/msg_ws/install/autoware_auto_planning_msgs/local/lib/python3.10/dist-packages/autoware_auto_planning_msgs/srv/__init__.py'...
Compiling '/home/a01004/msg_ws/install/autoware_auto_planning_msgs/local/lib/python3.10/dist-packages/autoware_auto_planning_msgs/srv/_modify_trajectory.py'...
-- Installing: /home/a01004/msg_ws/install/autoware_auto_planning_msgs/lib/libautoware_auto_planning_msgs__rosidl_generator_py.so
-- Set runtime path of "/home/a01004/msg_ws/install/autoware_auto_planning_msgs/lib/libautoware_auto_planning_msgs__rosidl_generator_py.so" to ""
-- Up-to-date: /home/a01004/msg_ws/install/autoware_auto_planning_msgs/share/autoware_auto_planning_msgs/cmake/export_autoware_auto_planning_msgs__rosidl_generator_cExport.cmake
-- Up-to-date: /home/a01004/msg_ws/install/autoware_auto_planning_msgs/share/autoware_auto_planning_msgs/cmake/export_autoware_auto_planning_msgs__rosidl_generator_cExport-noconfig.cmake
-- Up-to-date: /home/a01004/msg_ws/install/autoware_auto_planning_msgs/share/autoware_auto_planning_msgs/cmake/export_autoware_auto_planning_msgs__rosidl_typesupport_fastrtps_cExport.cmake
-- Up-to-date: /home/a01004/msg_ws/install/autoware_auto_planning_msgs/share/autoware_auto_planning_msgs/cmake/export_autoware_auto_planning_msgs__rosidl_typesupport_fastrtps_cExport-noconfig.cmake
-- Up-to-date: /home/a01004/msg_ws/install/autoware_auto_planning_msgs/share/autoware_auto_planning_msgs/cmake/autoware_auto_planning_msgs__rosidl_typesupport_introspection_cExport.cmake
-- Up-to-date: /home/a01004/msg_ws/install/autoware_auto_planning_msgs/share/autoware_auto_planning_msgs/cmake/autoware_auto_planning_msgs__rosidl_typesupport_introspection_cExport-noconfig.cmake
-- Up-to-date: /home/a01004/msg_ws/install/autoware_auto_planning_msgs/share/autoware_auto_planning_msgs/cmake/autoware_auto_planning_msgs__rosidl_typesupport_cExport.cmake
-- Up-to-date: /home/a01004/msg_ws/install/autoware_auto_planning_msgs/share/autoware_auto_planning_msgs/cmake/autoware_auto_planning_msgs__rosidl_typesupport_cExport-noconfig.cmake
-- Up-to-date: /home/a01004/msg_ws/install/autoware_auto_planning_msgs/share/autoware_auto_planning_msgs/cmake/export_autoware_auto_planning_msgs__rosidl_generator_cppExport.cmake
-- Up-to-date: /home/a01004/msg_ws/install/autoware_auto_planning_msgs/share/autoware_auto_planning_msgs/cmake/export_autoware_auto_planning_msgs__rosidl_typesupport_fastrtps_cppExport.cmake
-- Up-to-date: /home/a01004/msg_ws/install/autoware_auto_planning_msgs/share/autoware_auto_planning_msgs/cmake/export_autoware_auto_planning_msgs__rosidl_typesupport_fastrtps_cppExport-noconfig.cmake
-- Up-to-date: /home/a01004/msg_ws/install/autoware_auto_planning_msgs/share/autoware_auto_planning_msgs/cmake/autoware_auto_planning_msgs__rosidl_typesupport_introspection_cppExport.cmake
-- Up-to-date: /home/a01004/msg_ws/install/autoware_auto_planning_msgs/share/autoware_auto_planning_msgs/cmake/autoware_auto_planning_msgs__rosidl_typesupport_introspection_cppExport-noconfig.cmake
-- Up-to-date: /home/a01004/msg_ws/install/autoware_auto_planning_msgs/share/autoware_auto_planning_msgs/cmake/autoware_auto_planning_msgs__rosidl_typesupport_cppExport.cmake
-- Up-to-date: /home/a01004/msg_ws/install/autoware_auto_planning_msgs/share/autoware_auto_planning_msgs/cmake/autoware_auto_planning_msgs__rosidl_typesupport_cppExport-noconfig.cmake
-- Up-to-date: /home/a01004/msg_ws/install/autoware_auto_planning_msgs/share/autoware_auto_planning_msgs/cmake/export_autoware_auto_planning_msgs__rosidl_generator_pyExport.cmake
-- Up-to-date: /home/a01004/msg_ws/install/autoware_auto_planning_msgs/share/autoware_auto_planning_msgs/cmake/export_autoware_auto_planning_msgs__rosidl_generator_pyExport-noconfig.cmake
