-- The C compiler identification is GNU 11.4.0
-- The CXX compiler identification is GNU 11.4.0
-- Detecting C compiler ABI info
-- Detecting C compiler ABI info - done
-- Check for working C compiler: /usr/lib/ccache/gcc - skipped
-- Detecting C compile features
-- Detecting C compile features - done
-- Detecting CXX compiler ABI info
-- Detecting CXX compiler ABI info - done
-- Check for working CXX compiler: /usr/lib/ccache/g++ - skipped
-- Detecting CXX compile features
-- Detecting CXX compile features - done
-- Found ament_cmake: 1.3.12 (/opt/ros/humble/share/ament_cmake/cmake)
-- Found Python3: /usr/bin/python3 (found version "3.10.12") found components: Interpreter 
-- Found rclcpp: 16.0.17 (/opt/ros/humble/share/rclcpp/cmake)
-- Found rosidl_generator_c: 3.1.8 (/opt/ros/humble/share/rosidl_generator_c/cmake)
-- Found rosidl_adapter: 3.1.8 (/opt/ros/humble/share/rosidl_adapter/cmake)
-- Found rosidl_generator_cpp: 3.1.8 (/opt/ros/humble/share/rosidl_generator_cpp/cmake)
-- Using all available rosidl_typesupport_c: rosidl_typesupport_fastrtps_c;rosidl_typesupport_introspection_c
-- Using all available rosidl_typesupport_cpp: rosidl_typesupport_fastrtps_cpp;rosidl_typesupport_introspection_cpp
-- Found rmw_implementation_cmake: 6.1.2 (/opt/ros/humble/share/rmw_implementation_cmake/cmake)
-- Found rmw_cyclonedds_cpp: 1.3.4 (/opt/ros/humble/share/rmw_cyclonedds_cpp/cmake)
-- Using RMW implementation 'rmw_cyclonedds_cpp' as default
-- Looking for pthread.h
-- Looking for pthread.h - found
-- Performing Test CMAKE_HAVE_LIBC_PTHREAD
-- Performing Test CMAKE_HAVE_LIBC_PTHREAD - Success
-- Found Threads: TRUE  
-- Found autoware_auto_control_msgs: 1.0.0 (/home/a01004/Desktop/Calra-autoware_interface/msg_ws/install/autoware_auto_control_msgs/share/autoware_auto_control_msgs/cmake)
-- Found autoware_control_msgs: 1.11.0 (/home/a01004/autoware/install/autoware_control_msgs/share/autoware_control_msgs/cmake)
-- Found autoware_auto_vehicle_msgs: 1.0.0 (/home/a01004/Desktop/Calra-autoware_interface/msg_ws/install/autoware_auto_vehicle_msgs/share/autoware_auto_vehicle_msgs/cmake)
-- Found autoware_vehicle_msgs: 1.11.0 (/home/a01004/autoware/install/autoware_vehicle_msgs/share/autoware_vehicle_msgs/cmake)
-- Configuring done
-- Generating done
-- Build files have been written to: /home/a01004/Desktop/Calra-autoware_interface/bridge_ws/build/carla_autoware_type_bridge
[35m[1mConsolidate compiler generated dependencies of target control_cmd_bridge_node[0m
[35m[1mConsolidate compiler generated dependencies of target vehicle_status_bridge_node[0m
[ 25%] [32mBuilding CXX object CMakeFiles/control_cmd_bridge_node.dir/src/control_cmd_bridge_node.cpp.o[0m
[ 50%] [32mBuilding CXX object CMakeFiles/vehicle_status_bridge_node.dir/src/vehicle_status_bridge_node.cpp.o[0m
[ 75%] [32m[1mLinking CXX executable control_cmd_bridge_node[0m
[ 75%] Built target control_cmd_bridge_node
[100%] [32m[1mLinking CXX executable vehicle_status_bridge_node[0m
[100%] Built target vehicle_status_bridge_node
-- Install configuration: ""
-- Installing: /home/a01004/Desktop/Calra-autoware_interface/bridge_ws/install/carla_autoware_type_bridge/lib/carla_autoware_type_bridge/vehicle_status_bridge_node
-- Set runtime path of "/home/a01004/Desktop/Calra-autoware_interface/bridge_ws/install/carla_autoware_type_bridge/lib/carla_autoware_type_bridge/vehicle_status_bridge_node" to ""
-- Installing: /home/a01004/Desktop/Calra-autoware_interface/bridge_ws/install/carla_autoware_type_bridge/lib/carla_autoware_type_bridge/control_cmd_bridge_node
-- Set runtime path of "/home/a01004/Desktop/Calra-autoware_interface/bridge_ws/install/carla_autoware_type_bridge/lib/carla_autoware_type_bridge/control_cmd_bridge_node" to ""
-- Up-to-date: /home/a01004/Desktop/Calra-autoware_interface/bridge_ws/install/carla_autoware_type_bridge/share/carla_autoware_type_bridge/launch
-- Up-to-date: /home/a01004/Desktop/Calra-autoware_interface/bridge_ws/install/carla_autoware_type_bridge/share/carla_autoware_type_bridge/launch/bridges.launch.py
-- Up-to-date: /home/a01004/Desktop/Calra-autoware_interface/bridge_ws/install/carla_autoware_type_bridge/share/ament_index/resource_index/package_run_dependencies/carla_autoware_type_bridge
-- Installing: /home/a01004/Desktop/Calra-autoware_interface/bridge_ws/install/carla_autoware_type_bridge/share/ament_index/resource_index/parent_prefix_path/carla_autoware_type_bridge
-- Installing: /home/a01004/Desktop/Calra-autoware_interface/bridge_ws/install/carla_autoware_type_bridge/share/carla_autoware_type_bridge/environment/ament_prefix_path.sh
-- Installing: /home/a01004/Desktop/Calra-autoware_interface/bridge_ws/install/carla_autoware_type_bridge/share/carla_autoware_type_bridge/environment/ament_prefix_path.dsv
-- Installing: /home/a01004/Desktop/Calra-autoware_interface/bridge_ws/install/carla_autoware_type_bridge/share/carla_autoware_type_bridge/environment/path.sh
-- Installing: /home/a01004/Desktop/Calra-autoware_interface/bridge_ws/install/carla_autoware_type_bridge/share/carla_autoware_type_bridge/environment/path.dsv
-- Up-to-date: /home/a01004/Desktop/Calra-autoware_interface/bridge_ws/install/carla_autoware_type_bridge/share/carla_autoware_type_bridge/local_setup.bash
-- Installing: /home/a01004/Desktop/Calra-autoware_interface/bridge_ws/install/carla_autoware_type_bridge/share/carla_autoware_type_bridge/local_setup.sh
-- Up-to-date: /home/a01004/Desktop/Calra-autoware_interface/bridge_ws/install/carla_autoware_type_bridge/share/carla_autoware_type_bridge/local_setup.zsh
-- Installing: /home/a01004/Desktop/Calra-autoware_interface/bridge_ws/install/carla_autoware_type_bridge/share/carla_autoware_type_bridge/local_setup.dsv
-- Installing: /home/a01004/Desktop/Calra-autoware_interface/bridge_ws/install/carla_autoware_type_bridge/share/carla_autoware_type_bridge/package.dsv
-- Up-to-date: /home/a01004/Desktop/Calra-autoware_interface/bridge_ws/install/carla_autoware_type_bridge/share/ament_index/resource_index/packages/carla_autoware_type_bridge
-- Up-to-date: /home/a01004/Desktop/Calra-autoware_interface/bridge_ws/install/carla_autoware_type_bridge/share/carla_autoware_type_bridge/cmake/carla_autoware_type_bridgeConfig.cmake
-- Up-to-date: /home/a01004/Desktop/Calra-autoware_interface/bridge_ws/install/carla_autoware_type_bridge/share/carla_autoware_type_bridge/cmake/carla_autoware_type_bridgeConfig-version.cmake
-- Up-to-date: /home/a01004/Desktop/Calra-autoware_interface/bridge_ws/install/carla_autoware_type_bridge/share/carla_autoware_type_bridge/package.xml
