[0.465s] Invoking command in '/home/a01004/Desktop/Calra-autoware_interface/bridge_ws/build/carla_autoware_type_bridge': CMAKE_PREFIX_PATH=${CMAKE_PREFIX_PATH}:/home/a01004/autoware/install/autoware_carla_interface:/home/a01004/autoware/install/ros2agnocast:/home/a01004/autoware/install/autoware_adapi_visualizers:/home/a01004/msg_ws/install/autoware_auto_msgs:/home/a01004/msg_ws/install/autoware_auto_vehicle_msgs:/home/a01004/msg_ws/install/autoware_auto_system_msgs:/home/a01004/msg_ws/install/autoware_auto_planning_msgs:/home/a01004/msg_ws/install/autoware_auto_perception_msgs:/home/a01004/msg_ws/install/autoware_auto_mapping_msgs:/home/a01004/msg_ws/install/autoware_auto_geometry_msgs:/home/a01004/msg_ws/install/autoware_auto_control_msgs:/mnt/hdd/Workspace/ros-bridge/install/rqt_carla_control:/mnt/hdd/Workspace/ros-bridge/install/carla_waypoint_publisher:/mnt/hdd/Workspace/ros-bridge/install/carla_ackermann_control:/mnt/hdd/Workspace/ros-bridge/install/carla_ros_bridge:/mnt/hdd/Workspace/ros-bridge/install/carla_spawn_objects:/mnt/hdd/Workspace/ros-bridge/install/carla_manual_control:/mnt/hdd/Workspace/ros-bridge/install/carla_ad_agent:/mnt/hdd/Workspace/ros-bridge/install/ros_compatibility:/mnt/hdd/Workspace/ros-bridge/install/carla_walker_agent:/mnt/hdd/Workspace/ros-bridge/install/carla_twist_to_control:/mnt/hdd/Workspace/ros-bridge/install/carla_ros_scenario_runner:/mnt/hdd/Workspace/ros-bridge/install/carla_common:/opt/ros/humble /usr/bin/cmake /home/a01004/Desktop/Calra-autoware_interface/bridge_ws/src/carla_autoware_type_bridge -Dautoware_auto_vehicle_msgs_DIR=/home/a01004/Desktop/Calra-autoware_interface/msg_ws/install/autoware_auto_vehicle_msgs/share/autoware_auto_vehicle_msgs/cmake -DCMAKE_INSTALL_PREFIX=/home/a01004/Desktop/Calra-autoware_interface/bridge_ws/install/carla_autoware_type_bridge
[0.636s] -- The C compiler identification is GNU 11.4.0
[0.741s] -- The CXX compiler identification is GNU 11.4.0
[0.767s] -- Detecting C compiler ABI info
[0.947s] -- Detecting C compiler ABI info - done
[0.953s] -- Check for working C compiler: /usr/lib/ccache/gcc - skipped
[0.953s] -- Detecting C compile features
[0.954s] -- Detecting C compile features - done
[0.957s] -- Detecting CXX compiler ABI info
[1.145s] -- Detecting CXX compiler ABI info - done
[1.151s] -- Check for working CXX compiler: /usr/lib/ccache/g++ - skipped
[1.151s] -- Detecting CXX compile features
[1.151s] -- Detecting CXX compile features - done
[1.292s] -- Found ament_cmake: 1.3.12 (/opt/ros/humble/share/ament_cmake/cmake)
[1.782s] -- Found Python3: /usr/bin/python3 (found version "3.10.12") found components: Interpreter 
[2.315s] -- Found rclcpp: 16.0.17 (/opt/ros/humble/share/rclcpp/cmake)
[2.667s] -- Found rosidl_generator_c: 3.1.8 (/opt/ros/humble/share/rosidl_generator_c/cmake)
[2.725s] -- Found rosidl_adapter: 3.1.8 (/opt/ros/humble/share/rosidl_adapter/cmake)
[2.789s] -- Found rosidl_generator_cpp: 3.1.8 (/opt/ros/humble/share/rosidl_generator_cpp/cmake)
[2.905s] -- Using all available rosidl_typesupport_c: rosidl_typesupport_fastrtps_c;rosidl_typesupport_introspection_c
[3.050s] -- Using all available rosidl_typesupport_cpp: rosidl_typesupport_fastrtps_cpp;rosidl_typesupport_introspection_cpp
[3.427s] -- Found rmw_implementation_cmake: 6.1.2 (/opt/ros/humble/share/rmw_implementation_cmake/cmake)
[3.569s] -- Found rmw_cyclonedds_cpp: 1.3.4 (/opt/ros/humble/share/rmw_cyclonedds_cpp/cmake)
[3.821s] -- Using RMW implementation 'rmw_cyclonedds_cpp' as default
[3.930s] -- Looking for pthread.h
[4.168s] -- Looking for pthread.h - found
[4.168s] -- Performing Test CMAKE_HAVE_LIBC_PTHREAD
[4.402s] -- Performing Test CMAKE_HAVE_LIBC_PTHREAD - Success
[4.403s] -- Found Threads: TRUE  
[4.584s] -- Found autoware_auto_control_msgs: 1.0.0 (/home/a01004/Desktop/Calra-autoware_interface/msg_ws/install/autoware_auto_control_msgs/share/autoware_auto_control_msgs/cmake)
[4.622s] -- Found autoware_control_msgs: 1.11.0 (/home/a01004/autoware/install/autoware_control_msgs/share/autoware_control_msgs/cmake)
[4.639s] -- Found autoware_auto_vehicle_msgs: 1.0.0 (/home/a01004/Desktop/Calra-autoware_interface/msg_ws/install/autoware_auto_vehicle_msgs/share/autoware_auto_vehicle_msgs/cmake)
[4.917s] -- Found autoware_vehicle_msgs: 1.11.0 (/home/a01004/autoware/install/autoware_vehicle_msgs/share/autoware_vehicle_msgs/cmake)
[5.301s] -- Configuring done
[5.322s] -- Generating done
[5.326s] -- Build files have been written to: /home/a01004/Desktop/Calra-autoware_interface/bridge_ws/build/carla_autoware_type_bridge
[5.336s] Invoked command in '/home/a01004/Desktop/Calra-autoware_interface/bridge_ws/build/carla_autoware_type_bridge' returned '0': CMAKE_PREFIX_PATH=${CMAKE_PREFIX_PATH}:/home/a01004/autoware/install/autoware_carla_interface:/home/a01004/autoware/install/ros2agnocast:/home/a01004/autoware/install/autoware_adapi_visualizers:/home/a01004/msg_ws/install/autoware_auto_msgs:/home/a01004/msg_ws/install/autoware_auto_vehicle_msgs:/home/a01004/msg_ws/install/autoware_auto_system_msgs:/home/a01004/msg_ws/install/autoware_auto_planning_msgs:/home/a01004/msg_ws/install/autoware_auto_perception_msgs:/home/a01004/msg_ws/install/autoware_auto_mapping_msgs:/home/a01004/msg_ws/install/autoware_auto_geometry_msgs:/home/a01004/msg_ws/install/autoware_auto_control_msgs:/mnt/hdd/Workspace/ros-bridge/install/rqt_carla_control:/mnt/hdd/Workspace/ros-bridge/install/carla_waypoint_publisher:/mnt/hdd/Workspace/ros-bridge/install/carla_ackermann_control:/mnt/hdd/Workspace/ros-bridge/install/carla_ros_bridge:/mnt/hdd/Workspace/ros-bridge/install/carla_spawn_objects:/mnt/hdd/Workspace/ros-bridge/install/carla_manual_control:/mnt/hdd/Workspace/ros-bridge/install/carla_ad_agent:/mnt/hdd/Workspace/ros-bridge/install/ros_compatibility:/mnt/hdd/Workspace/ros-bridge/install/carla_walker_agent:/mnt/hdd/Workspace/ros-bridge/install/carla_twist_to_control:/mnt/hdd/Workspace/ros-bridge/install/carla_ros_scenario_runner:/mnt/hdd/Workspace/ros-bridge/install/carla_common:/opt/ros/humble /usr/bin/cmake /home/a01004/Desktop/Calra-autoware_interface/bridge_ws/src/carla_autoware_type_bridge -Dautoware_auto_vehicle_msgs_DIR=/home/a01004/Desktop/Calra-autoware_interface/msg_ws/install/autoware_auto_vehicle_msgs/share/autoware_auto_vehicle_msgs/cmake -DCMAKE_INSTALL_PREFIX=/home/a01004/Desktop/Calra-autoware_interface/bridge_ws/install/carla_autoware_type_bridge
[5.338s] Invoking command in '/home/a01004/Desktop/Calra-autoware_interface/bridge_ws/build/carla_autoware_type_bridge': CMAKE_PREFIX_PATH=${CMAKE_PREFIX_PATH}:/home/a01004/autoware/install/autoware_carla_interface:/home/a01004/autoware/install/ros2agnocast:/home/a01004/autoware/install/autoware_adapi_visualizers:/home/a01004/msg_ws/install/autoware_auto_msgs:/home/a01004/msg_ws/install/autoware_auto_vehicle_msgs:/home/a01004/msg_ws/install/autoware_auto_system_msgs:/home/a01004/msg_ws/install/autoware_auto_planning_msgs:/home/a01004/msg_ws/install/autoware_auto_perception_msgs:/home/a01004/msg_ws/install/autoware_auto_mapping_msgs:/home/a01004/msg_ws/install/autoware_auto_geometry_msgs:/home/a01004/msg_ws/install/autoware_auto_control_msgs:/mnt/hdd/Workspace/ros-bridge/install/rqt_carla_control:/mnt/hdd/Workspace/ros-bridge/install/carla_waypoint_publisher:/mnt/hdd/Workspace/ros-bridge/install/carla_ackermann_control:/mnt/hdd/Workspace/ros-bridge/install/carla_ros_bridge:/mnt/hdd/Workspace/ros-bridge/install/carla_spawn_objects:/mnt/hdd/Workspace/ros-bridge/install/carla_manual_control:/mnt/hdd/Workspace/ros-bridge/install/carla_ad_agent:/mnt/hdd/Workspace/ros-bridge/install/ros_compatibility:/mnt/hdd/Workspace/ros-bridge/install/carla_walker_agent:/mnt/hdd/Workspace/ros-bridge/install/carla_twist_to_control:/mnt/hdd/Workspace/ros-bridge/install/carla_ros_scenario_runner:/mnt/hdd/Workspace/ros-bridge/install/carla_common:/opt/ros/humble /usr/bin/cmake --build /home/a01004/Desktop/Calra-autoware_interface/bridge_ws/build/carla_autoware_type_bridge -- -j16 -l16
[5.489s] [35m[1mConsolidate compiler generated dependencies of target control_cmd_bridge_node[0m
[5.489s] [35m[1mConsolidate compiler generated dependencies of target vehicle_status_bridge_node[0m
[5.543s] [ 25%] [32mBuilding CXX object CMakeFiles/control_cmd_bridge_node.dir/src/control_cmd_bridge_node.cpp.o[0m
[5.555s] [ 50%] [32mBuilding CXX object CMakeFiles/vehicle_status_bridge_node.dir/src/vehicle_status_bridge_node.cpp.o[0m
[13.013s] [ 75%] [32m[1mLinking CXX executable control_cmd_bridge_node[0m
[13.425s] [ 75%] Built target control_cmd_bridge_node
[20.787s] [100%] [32m[1mLinking CXX executable vehicle_status_bridge_node[0m
[21.911s] [100%] Built target vehicle_status_bridge_node
[21.945s] Invoked command in '/home/a01004/Desktop/Calra-autoware_interface/bridge_ws/build/carla_autoware_type_bridge' returned '0': CMAKE_PREFIX_PATH=${CMAKE_PREFIX_PATH}:/home/a01004/autoware/install/autoware_carla_interface:/home/a01004/autoware/install/ros2agnocast:/home/a01004/autoware/install/autoware_adapi_visualizers:/home/a01004/msg_ws/install/autoware_auto_msgs:/home/a01004/msg_ws/install/autoware_auto_vehicle_msgs:/home/a01004/msg_ws/install/autoware_auto_system_msgs:/home/a01004/msg_ws/install/autoware_auto_planning_msgs:/home/a01004/msg_ws/install/autoware_auto_perception_msgs:/home/a01004/msg_ws/install/autoware_auto_mapping_msgs:/home/a01004/msg_ws/install/autoware_auto_geometry_msgs:/home/a01004/msg_ws/install/autoware_auto_control_msgs:/mnt/hdd/Workspace/ros-bridge/install/rqt_carla_control:/mnt/hdd/Workspace/ros-bridge/install/carla_waypoint_publisher:/mnt/hdd/Workspace/ros-bridge/install/carla_ackermann_control:/mnt/hdd/Workspace/ros-bridge/install/carla_ros_bridge:/mnt/hdd/Workspace/ros-bridge/install/carla_spawn_objects:/mnt/hdd/Workspace/ros-bridge/install/carla_manual_control:/mnt/hdd/Workspace/ros-bridge/install/carla_ad_agent:/mnt/hdd/Workspace/ros-bridge/install/ros_compatibility:/mnt/hdd/Workspace/ros-bridge/install/carla_walker_agent:/mnt/hdd/Workspace/ros-bridge/install/carla_twist_to_control:/mnt/hdd/Workspace/ros-bridge/install/carla_ros_scenario_runner:/mnt/hdd/Workspace/ros-bridge/install/carla_common:/opt/ros/humble /usr/bin/cmake --build /home/a01004/Desktop/Calra-autoware_interface/bridge_ws/build/carla_autoware_type_bridge -- -j16 -l16
[21.975s] Invoking command in '/home/a01004/Desktop/Calra-autoware_interface/bridge_ws/build/carla_autoware_type_bridge': CMAKE_PREFIX_PATH=${CMAKE_PREFIX_PATH}:/home/a01004/autoware/install/autoware_carla_interface:/home/a01004/autoware/install/ros2agnocast:/home/a01004/autoware/install/autoware_adapi_visualizers:/home/a01004/msg_ws/install/autoware_auto_msgs:/home/a01004/msg_ws/install/autoware_auto_vehicle_msgs:/home/a01004/msg_ws/install/autoware_auto_system_msgs:/home/a01004/msg_ws/install/autoware_auto_planning_msgs:/home/a01004/msg_ws/install/autoware_auto_perception_msgs:/home/a01004/msg_ws/install/autoware_auto_mapping_msgs:/home/a01004/msg_ws/install/autoware_auto_geometry_msgs:/home/a01004/msg_ws/install/autoware_auto_control_msgs:/mnt/hdd/Workspace/ros-bridge/install/rqt_carla_control:/mnt/hdd/Workspace/ros-bridge/install/carla_waypoint_publisher:/mnt/hdd/Workspace/ros-bridge/install/carla_ackermann_control:/mnt/hdd/Workspace/ros-bridge/install/carla_ros_bridge:/mnt/hdd/Workspace/ros-bridge/install/carla_spawn_objects:/mnt/hdd/Workspace/ros-bridge/install/carla_manual_control:/mnt/hdd/Workspace/ros-bridge/install/carla_ad_agent:/mnt/hdd/Workspace/ros-bridge/install/ros_compatibility:/mnt/hdd/Workspace/ros-bridge/install/carla_walker_agent:/mnt/hdd/Workspace/ros-bridge/install/carla_twist_to_control:/mnt/hdd/Workspace/ros-bridge/install/carla_ros_scenario_runner:/mnt/hdd/Workspace/ros-bridge/install/carla_common:/opt/ros/humble /usr/bin/cmake --install /home/a01004/Desktop/Calra-autoware_interface/bridge_ws/build/carla_autoware_type_bridge
[22.003s] -- Install configuration: ""
[22.004s] -- Installing: /home/a01004/Desktop/Calra-autoware_interface/bridge_ws/install/carla_autoware_type_bridge/lib/carla_autoware_type_bridge/vehicle_status_bridge_node
[22.010s] -- Set runtime path of "/home/a01004/Desktop/Calra-autoware_interface/bridge_ws/install/carla_autoware_type_bridge/lib/carla_autoware_type_bridge/vehicle_status_bridge_node" to ""
[22.010s] -- Installing: /home/a01004/Desktop/Calra-autoware_interface/bridge_ws/install/carla_autoware_type_bridge/lib/carla_autoware_type_bridge/control_cmd_bridge_node
[22.013s] -- Set runtime path of "/home/a01004/Desktop/Calra-autoware_interface/bridge_ws/install/carla_autoware_type_bridge/lib/carla_autoware_type_bridge/control_cmd_bridge_node" to ""
[22.013s] -- Up-to-date: /home/a01004/Desktop/Calra-autoware_interface/bridge_ws/install/carla_autoware_type_bridge/share/carla_autoware_type_bridge/launch
[22.013s] -- Up-to-date: /home/a01004/Desktop/Calra-autoware_interface/bridge_ws/install/carla_autoware_type_bridge/share/carla_autoware_type_bridge/launch/bridges.launch.py
[22.013s] -- Up-to-date: /home/a01004/Desktop/Calra-autoware_interface/bridge_ws/install/carla_autoware_type_bridge/share/ament_index/resource_index/package_run_dependencies/carla_autoware_type_bridge
[22.013s] -- Installing: /home/a01004/Desktop/Calra-autoware_interface/bridge_ws/install/carla_autoware_type_bridge/share/ament_index/resource_index/parent_prefix_path/carla_autoware_type_bridge
[22.013s] -- Installing: /home/a01004/Desktop/Calra-autoware_interface/bridge_ws/install/carla_autoware_type_bridge/share/carla_autoware_type_bridge/environment/ament_prefix_path.sh
[22.013s] -- Installing: /home/a01004/Desktop/Calra-autoware_interface/bridge_ws/install/carla_autoware_type_bridge/share/carla_autoware_type_bridge/environment/ament_prefix_path.dsv
[22.013s] -- Installing: /home/a01004/Desktop/Calra-autoware_interface/bridge_ws/install/carla_autoware_type_bridge/share/carla_autoware_type_bridge/environment/path.sh
[22.013s] -- Installing: /home/a01004/Desktop/Calra-autoware_interface/bridge_ws/install/carla_autoware_type_bridge/share/carla_autoware_type_bridge/environment/path.dsv
[22.014s] -- Up-to-date: /home/a01004/Desktop/Calra-autoware_interface/bridge_ws/install/carla_autoware_type_bridge/share/carla_autoware_type_bridge/local_setup.bash
[22.014s] -- Installing: /home/a01004/Desktop/Calra-autoware_interface/bridge_ws/install/carla_autoware_type_bridge/share/carla_autoware_type_bridge/local_setup.sh
[22.014s] -- Up-to-date: /home/a01004/Desktop/Calra-autoware_interface/bridge_ws/install/carla_autoware_type_bridge/share/carla_autoware_type_bridge/local_setup.zsh
[22.014s] -- Installing: /home/a01004/Desktop/Calra-autoware_interface/bridge_ws/install/carla_autoware_type_bridge/share/carla_autoware_type_bridge/local_setup.dsv
[22.014s] -- Installing: /home/a01004/Desktop/Calra-autoware_interface/bridge_ws/install/carla_autoware_type_bridge/share/carla_autoware_type_bridge/package.dsv
[22.014s] -- Up-to-date: /home/a01004/Desktop/Calra-autoware_interface/bridge_ws/install/carla_autoware_type_bridge/share/ament_index/resource_index/packages/carla_autoware_type_bridge
[22.014s] -- Up-to-date: /home/a01004/Desktop/Calra-autoware_interface/bridge_ws/install/carla_autoware_type_bridge/share/carla_autoware_type_bridge/cmake/carla_autoware_type_bridgeConfig.cmake
[22.014s] -- Up-to-date: /home/a01004/Desktop/Calra-autoware_interface/bridge_ws/install/carla_autoware_type_bridge/share/carla_autoware_type_bridge/cmake/carla_autoware_type_bridgeConfig-version.cmake
[22.014s] -- Up-to-date: /home/a01004/Desktop/Calra-autoware_interface/bridge_ws/install/carla_autoware_type_bridge/share/carla_autoware_type_bridge/package.xml
[22.016s] Invoked command in '/home/a01004/Desktop/Calra-autoware_interface/bridge_ws/build/carla_autoware_type_bridge' returned '0': CMAKE_PREFIX_PATH=${CMAKE_PREFIX_PATH}:/home/a01004/autoware/install/autoware_carla_interface:/home/a01004/autoware/install/ros2agnocast:/home/a01004/autoware/install/autoware_adapi_visualizers:/home/a01004/msg_ws/install/autoware_auto_msgs:/home/a01004/msg_ws/install/autoware_auto_vehicle_msgs:/home/a01004/msg_ws/install/autoware_auto_system_msgs:/home/a01004/msg_ws/install/autoware_auto_planning_msgs:/home/a01004/msg_ws/install/autoware_auto_perception_msgs:/home/a01004/msg_ws/install/autoware_auto_mapping_msgs:/home/a01004/msg_ws/install/autoware_auto_geometry_msgs:/home/a01004/msg_ws/install/autoware_auto_control_msgs:/mnt/hdd/Workspace/ros-bridge/install/rqt_carla_control:/mnt/hdd/Workspace/ros-bridge/install/carla_waypoint_publisher:/mnt/hdd/Workspace/ros-bridge/install/carla_ackermann_control:/mnt/hdd/Workspace/ros-bridge/install/carla_ros_bridge:/mnt/hdd/Workspace/ros-bridge/install/carla_spawn_objects:/mnt/hdd/Workspace/ros-bridge/install/carla_manual_control:/mnt/hdd/Workspace/ros-bridge/install/carla_ad_agent:/mnt/hdd/Workspace/ros-bridge/install/ros_compatibility:/mnt/hdd/Workspace/ros-bridge/install/carla_walker_agent:/mnt/hdd/Workspace/ros-bridge/install/carla_twist_to_control:/mnt/hdd/Workspace/ros-bridge/install/carla_ros_scenario_runner:/mnt/hdd/Workspace/ros-bridge/install/carla_common:/opt/ros/humble /usr/bin/cmake --install /home/a01004/Desktop/Calra-autoware_interface/bridge_ws/build/carla_autoware_type_bridge
